*------------------------------------------------------------*
* Report Log
Date:                April 20, 2017
Time:                00:10:34
*------------------------------------------------------------*
11444  *------------------------------------------------------------*;
11445  * Part: Computing statistics for class target variables;
11446  *------------------------------------------------------------*;
11447  ods listing close;
11448  ods output onewayfreqs=WORK.TEMPFREQ;
11449  proc freq data = EMWS3.Ids2_DATA order=formatted addnames;
11450  table TargetBuy / missing;
11451  run;

NOTE: View EMWS3.IDS2_DATA.VIEW used (Total process time):
      real time           0.06 seconds
      cpu time            0.06 seconds
      
NOTE: There were 22223 observations read from the data set BIA.ORGANICS.
NOTE: The data set WORK.TEMPFREQ has 2 observations and 8 variables.
NOTE: There were 22223 observations read from the data set EMWS3.IDS2_DATA.
NOTE: PROCEDURE FREQ used (Total process time):
      real time           0.06 seconds
      cpu time            0.06 seconds
      

11452  quit;
11453  ods listing;
11454  data WORK.Part_BAR(keep=_VARIABLE_ TYPE COUNT PERCENT _X_ _XLABEL_);
11455  label _VARIABLE_ = "%sysfunc(sasmsg(sashelp.dmine, rpt_variable_vlabel, NOQUOTE))" Type = "%sysfunc(sasmsg(sashelp.dmine, rpt_type_vlabel,         NOQUOTE))" _X_ = "%sysfunc(sasmsg(sashelp.dmine, rpt_numValue_vlabel, NOQUOTE))" _XLABEL_ =
11456     "%sysfunc(sasmsg(sashelp.dmine, rpt_fmtValue_vlabel ,    NOQUOTE))" COUNT = "%sysfunc(sasmsg(sashelp.dmine, rpt_count_vlabel,        NOQUOTE))" PERCENT = "%sysfunc(sasmsg(sashelp.dmine, rpt_percent_vlabel,      NOQUOTE))";
11457  dsid = open("WORK.TEMPFREQ");
11458  varnum = varnum(dsid, 'VARIABLE');
11459  freqnum = varnum(dsid, 'FREQUENCY');
11460  pvarnum = varnum(dsid, 'PERCENT');
11461  typenum = varnum(dsid, '_TYPE_');
11462  length _VARIABLE_ $32 TYPE $1 _XLABEL_ $32;
11463  do while(^fetch(dsid));
11464  _VARIABLE_ = strip(getvarc(dsid, varnum));
11465  count = getvarn(dsid, freqnum);
11466  percent= getvarn(dsid, pvarnum);
11467  vvarnum = varnum(dsid, _VARIABLE_);
11468  type = vartype(dsid, vvarnum);
11469  fvarnum = varnum(dsid, 'F_'!!substr(_VARIABLE_, 1, 30));
11470  _XLABEL_ = left(getvarc(dsid, fvarnum));
11471  _X_ = .;
11472  if TYPE eq 'N' then _X_ = getvarn(dsid, vvarnum);
11473  output;
11474  end;
11475  dsid = close(dsid);
11476  run;

NOTE: The data set WORK.PART_BAR has 2 observations and 6 variables.
NOTE: DATA statement used (Total process time):
      real time           0.01 seconds
      cpu time            0.01 seconds
      

11477  proc sort data=WORK.Part_BAR NOTHREADS;
11478  by _VARIABLE_;
11479  run;

NOTE: There were 2 observations read from the data set WORK.PART_BAR.
NOTE: The data set WORK.PART_BAR has 2 observations and 6 variables.
NOTE: PROCEDURE SORT used (Total process time):
      real time           0.01 seconds
      cpu time            0.00 seconds
      

11480  proc sort data=WORK.M0QEWFM4;
11481  by Name;
11482  run;

NOTE: There were 1 observations read from the data set WORK.M0QEWFM4.
NOTE: The data set WORK.M0QEWFM4 has 1 observations and 21 variables.
NOTE: PROCEDURE SORT used (Total process time):
      real time           0.00 seconds
      cpu time            0.00 seconds
      

11483  data WORK.Part_BAR;
11484  merge WORK.Part_BAR(in=_a) WORK.M0QEWFM4(keep=Name Label Role rename=(Name=_Variable_ Label=_Label_));
11485  by _Variable_;
11486  label Role = "%sysfunc(sasmsg(sashelp.dmine, meta_role_vlabel ,  NOQUOTE))";
11487  label Label = "%sysfunc(sasmsg(sashelp.dmine, meta_label_vlabel , NOQUOTE))";
11488  if _a then output;
11489  run;

NOTE: Variable Label is uninitialized.
WARNING: Multiple lengths were specified for the BY variable _VARIABLE_ by input data sets. This might cause unexpected results.
NOTE: There were 2 observations read from the data set WORK.PART_BAR.
NOTE: There were 1 observations read from the data set WORK.M0QEWFM4.
NOTE: The data set WORK.PART_BAR has 2 observations and 8 variables.
NOTE: DATA statement used (Total process time):
      real time           0.00 seconds
      cpu time            0.00 seconds
      

11490  data EMWS3.Part_CLASS;
11491  length DATA $8;
11492  set WORK.Part_BAR;
11493  DATA = "DATA";
11494  run;

NOTE: There were 2 observations read from the data set WORK.PART_BAR.
NOTE: The data set EMWS3.PART_CLASS has 2 observations and 9 variables.
NOTE: DATA statement used (Total process time):
      real time           0.07 seconds
      cpu time            0.01 seconds
      

11495  *------------------------------------------------------------*;
11496  * Part: Computing statistics for interval target variables;
11497  *------------------------------------------------------------*;
11498  *------------------------------------------------------------*;
11499  * Part: Computing statistics for class target variables;
11500  *------------------------------------------------------------*;
11501  ods listing close;
11502  ods output onewayfreqs=WORK.TEMPFREQ;
11503  proc freq data = EMWS3.Part_TRAIN order=formatted addnames;
11504  table TargetBuy / missing;
11505  run;

NOTE: The data set WORK.TEMPFREQ has 2 observations and 8 variables.
NOTE: There were 11112 observations read from the data set EMWS3.PART_TRAIN.
NOTE: PROCEDURE FREQ used (Total process time):
      real time           0.09 seconds
      cpu time            0.00 seconds
      

11506  quit;
11507  ods listing;
11508  data WORK.Part_BAR(keep=_VARIABLE_ TYPE COUNT PERCENT _X_ _XLABEL_);
11509  label _VARIABLE_ = "%sysfunc(sasmsg(sashelp.dmine, rpt_variable_vlabel, NOQUOTE))" Type = "%sysfunc(sasmsg(sashelp.dmine, rpt_type_vlabel,         NOQUOTE))" _X_ = "%sysfunc(sasmsg(sashelp.dmine, rpt_numValue_vlabel, NOQUOTE))" _XLABEL_ =
11510     "%sysfunc(sasmsg(sashelp.dmine, rpt_fmtValue_vlabel ,    NOQUOTE))" COUNT = "%sysfunc(sasmsg(sashelp.dmine, rpt_count_vlabel,        NOQUOTE))" PERCENT = "%sysfunc(sasmsg(sashelp.dmine, rpt_percent_vlabel,      NOQUOTE))";
11511  dsid = open("WORK.TEMPFREQ");
11512  varnum = varnum(dsid, 'VARIABLE');
11513  freqnum = varnum(dsid, 'FREQUENCY');
11514  pvarnum = varnum(dsid, 'PERCENT');
11515  typenum = varnum(dsid, '_TYPE_');
11516  length _VARIABLE_ $32 TYPE $1 _XLABEL_ $32;
11517  do while(^fetch(dsid));
11518  _VARIABLE_ = strip(getvarc(dsid, varnum));
11519  count = getvarn(dsid, freqnum);
11520  percent= getvarn(dsid, pvarnum);
11521  vvarnum = varnum(dsid, _VARIABLE_);
11522  type = vartype(dsid, vvarnum);
11523  fvarnum = varnum(dsid, 'F_'!!substr(_VARIABLE_, 1, 30));
11524  _XLABEL_ = left(getvarc(dsid, fvarnum));
11525  _X_ = .;
11526  if TYPE eq 'N' then _X_ = getvarn(dsid, vvarnum);
11527  output;
11528  end;
11529  dsid = close(dsid);
11530  run;

NOTE: The data set WORK.PART_BAR has 2 observations and 6 variables.
NOTE: DATA statement used (Total process time):
      real time           0.01 seconds
      cpu time            0.01 seconds
      

11531  proc sort data=WORK.Part_BAR NOTHREADS;
11532  by _VARIABLE_;
11533  run;

NOTE: There were 2 observations read from the data set WORK.PART_BAR.
NOTE: The data set WORK.PART_BAR has 2 observations and 6 variables.
NOTE: PROCEDURE SORT used (Total process time):
      real time           0.00 seconds
      cpu time            0.00 seconds
      

11534  proc sort data=WORK.M0QEWFM4;
11535  by Name;
11536  run;

NOTE: Input data set is already sorted, no sorting done.
NOTE: PROCEDURE SORT used (Total process time):
      real time           0.00 seconds
      cpu time            0.00 seconds
      

11537  data WORK.Part_BAR;
11538  merge WORK.Part_BAR(in=_a) WORK.M0QEWFM4(keep=Name Label Role rename=(Name=_Variable_ Label=_Label_));
11539  by _Variable_;
11540  label Role = "%sysfunc(sasmsg(sashelp.dmine, meta_role_vlabel ,  NOQUOTE))";
11541  label Label = "%sysfunc(sasmsg(sashelp.dmine, meta_label_vlabel , NOQUOTE))";
11542  if _a then output;
11543  run;

NOTE: Variable Label is uninitialized.
WARNING: Multiple lengths were specified for the BY variable _VARIABLE_ by input data sets. This might cause unexpected results.
NOTE: There were 2 observations read from the data set WORK.PART_BAR.
NOTE: There were 1 observations read from the data set WORK.M0QEWFM4.
NOTE: The data set WORK.PART_BAR has 2 observations and 8 variables.
NOTE: DATA statement used (Total process time):
      real time           0.01 seconds
      cpu time            0.01 seconds
      

11544  data WORK.Part_BAR;
11545  length DATA $8;
11546  set WORK.Part_BAR;
11547  DATA = "TRAIN";
11548  run;

NOTE: There were 2 observations read from the data set WORK.PART_BAR.
NOTE: The data set WORK.PART_BAR has 2 observations and 9 variables.
NOTE: DATA statement used (Total process time):
      real time           0.00 seconds
      cpu time            0.00 seconds
      

11549  data EMWS3.Part_CLASS;
11550  set EMWS3.Part_CLASS WORK.Part_BAR;
11551  run;

NOTE: There were 2 observations read from the data set EMWS3.PART_CLASS.
NOTE: There were 2 observations read from the data set WORK.PART_BAR.
NOTE: The data set EMWS3.PART_CLASS has 4 observations and 9 variables.
NOTE: DATA statement used (Total process time):
      real time           0.09 seconds
      cpu time            0.00 seconds
      

11552  *------------------------------------------------------------*;
11553  * Part: Computing statistics for interval target variables;
11554  *------------------------------------------------------------*;
11555  *------------------------------------------------------------*;
11556  * Part: Computing statistics for class target variables;
11557  *------------------------------------------------------------*;
11558  ods listing close;
11559  ods output onewayfreqs=WORK.TEMPFREQ;
11560  proc freq data = EMWS3.Part_VALIDATE order=formatted addnames;
11561  table TargetBuy / missing;
11562  run;

NOTE: The data set WORK.TEMPFREQ has 2 observations and 8 variables.
NOTE: There were 11111 observations read from the data set EMWS3.PART_VALIDATE.
NOTE: PROCEDURE FREQ used (Total process time):
      real time           0.09 seconds
      cpu time            0.00 seconds
      

11563  quit;
11564  ods listing;
11565  data WORK.Part_BAR(keep=_VARIABLE_ TYPE COUNT PERCENT _X_ _XLABEL_);
11566  label _VARIABLE_ = "%sysfunc(sasmsg(sashelp.dmine, rpt_variable_vlabel, NOQUOTE))" Type = "%sysfunc(sasmsg(sashelp.dmine, rpt_type_vlabel,         NOQUOTE))" _X_ = "%sysfunc(sasmsg(sashelp.dmine, rpt_numValue_vlabel, NOQUOTE))" _XLABEL_ =
11567     "%sysfunc(sasmsg(sashelp.dmine, rpt_fmtValue_vlabel ,    NOQUOTE))" COUNT = "%sysfunc(sasmsg(sashelp.dmine, rpt_count_vlabel,        NOQUOTE))" PERCENT = "%sysfunc(sasmsg(sashelp.dmine, rpt_percent_vlabel,      NOQUOTE))";
11568  dsid = open("WORK.TEMPFREQ");
11569  varnum = varnum(dsid, 'VARIABLE');
11570  freqnum = varnum(dsid, 'FREQUENCY');
11571  pvarnum = varnum(dsid, 'PERCENT');
11572  typenum = varnum(dsid, '_TYPE_');
11573  length _VARIABLE_ $32 TYPE $1 _XLABEL_ $32;
11574  do while(^fetch(dsid));
11575  _VARIABLE_ = strip(getvarc(dsid, varnum));
11576  count = getvarn(dsid, freqnum);
11577  percent= getvarn(dsid, pvarnum);
11578  vvarnum = varnum(dsid, _VARIABLE_);
11579  type = vartype(dsid, vvarnum);
11580  fvarnum = varnum(dsid, 'F_'!!substr(_VARIABLE_, 1, 30));
11581  _XLABEL_ = left(getvarc(dsid, fvarnum));
11582  _X_ = .;
11583  if TYPE eq 'N' then _X_ = getvarn(dsid, vvarnum);
11584  output;
11585  end;
11586  dsid = close(dsid);
11587  run;

NOTE: The data set WORK.PART_BAR has 2 observations and 6 variables.
NOTE: DATA statement used (Total process time):
      real time           0.01 seconds
      cpu time            0.01 seconds
      

11588  proc sort data=WORK.Part_BAR NOTHREADS;
11589  by _VARIABLE_;
11590  run;

NOTE: There were 2 observations read from the data set WORK.PART_BAR.
NOTE: The data set WORK.PART_BAR has 2 observations and 6 variables.
NOTE: PROCEDURE SORT used (Total process time):
      real time           0.00 seconds
      cpu time            0.00 seconds
      

11591  proc sort data=WORK.M0QEWFM4;
11592  by Name;
11593  run;

NOTE: Input data set is already sorted, no sorting done.
NOTE: PROCEDURE SORT used (Total process time):
      real time           0.00 seconds
      cpu time            0.00 seconds
      

11594  data WORK.Part_BAR;
11595  merge WORK.Part_BAR(in=_a) WORK.M0QEWFM4(keep=Name Label Role rename=(Name=_Variable_ Label=_Label_));
11596  by _Variable_;
11597  label Role = "%sysfunc(sasmsg(sashelp.dmine, meta_role_vlabel ,  NOQUOTE))";
11598  label Label = "%sysfunc(sasmsg(sashelp.dmine, meta_label_vlabel , NOQUOTE))";
11599  if _a then output;
11600  run;

NOTE: Variable Label is uninitialized.
WARNING: Multiple lengths were specified for the BY variable _VARIABLE_ by input data sets. This might cause unexpected results.
NOTE: There were 2 observations read from the data set WORK.PART_BAR.
NOTE: There were 1 observations read from the data set WORK.M0QEWFM4.
NOTE: The data set WORK.PART_BAR has 2 observations and 8 variables.
NOTE: DATA statement used (Total process time):
      real time           0.01 seconds
      cpu time            0.00 seconds
      

11601  data WORK.Part_BAR;
11602  length DATA $8;
11603  set WORK.Part_BAR;
11604  DATA = "VALIDATE";
11605  run;

NOTE: There were 2 observations read from the data set WORK.PART_BAR.
NOTE: The data set WORK.PART_BAR has 2 observations and 9 variables.
NOTE: DATA statement used (Total process time):
      real time           0.01 seconds
      cpu time            0.01 seconds
      

11606  data EMWS3.Part_CLASS;
11607  set EMWS3.Part_CLASS WORK.Part_BAR;
11608  run;

NOTE: There were 4 observations read from the data set EMWS3.PART_CLASS.
NOTE: There were 2 observations read from the data set WORK.PART_BAR.
NOTE: The data set EMWS3.PART_CLASS has 6 observations and 9 variables.
NOTE: DATA statement used (Total process time):
      real time           0.07 seconds
      cpu time            0.00 seconds
      

11609  *------------------------------------------------------------*;
11610  * Part: Computing statistics for interval target variables;
11611  *------------------------------------------------------------*;
11612  data EMWS3.Part_CLASS(rename=(_VARIABLE_=VARIABLE _X_=VALUE _XLABEL_=FORMATTEDVALUE));
11613  label DATA = "%sysfunc(sasmsg(sashelp.dmine, rpt_data_vlabel ,   NOQUOTE))";
11614  set EMWS3.Part_CLASS;
11615  drop type role;
11616  run;

NOTE: There were 6 observations read from the data set EMWS3.PART_CLASS.
NOTE: The data set EMWS3.PART_CLASS has 6 observations and 7 variables.
NOTE: DATA statement used (Total process time):
      real time           0.09 seconds
      cpu time            0.00 seconds
      

11617  proc sort data=EMWS3.Part_CLASS NOTHREADS;
11618  by DATA;
11619  run;

NOTE: There were 6 observations read from the data set EMWS3.PART_CLASS.
NOTE: The data set EMWS3.PART_CLASS has 6 observations and 7 variables.
NOTE: PROCEDURE SORT used (Total process time):
      real time           0.07 seconds
      cpu time            0.00 seconds
      

11620  %let _cn = %sysfunc(getoption(CENTER));
11621  %let _nb = %sysfunc(getoption(NUMBER));
11622  options nonumber nocenter;
11623  proc print data=EMWS3.Part_CLASS noobs label;
11624  by DATA;
11625  title9 ' ';
11626  title10 "%sysfunc(sasmsg(sashelp.dmine, rpt_classTargetStats_title, NOQUOTE))";
11627  run;

NOTE: There were 6 observations read from the data set EMWS3.PART_CLASS.
NOTE: The PROCEDURE PRINT printed page 3.
NOTE: PROCEDURE PRINT used (Total process time):
      real time           0.03 seconds
      cpu time            0.01 seconds
      

11628  title10;
11629  options &_cn &_nb;

