*------------------------------------------------------------*
* Training Log
Date:                April 20, 2017
Time:                00:10:32
*------------------------------------------------------------*
10867  proc freq data=EMWS3.Part_VariableSet noprint;
10868  table ROLE*LEVEL/out=WORK.PartMETA;
10869  run;

NOTE: There were 13 observations read from the data set EMWS3.PART_VARIABLESET.
NOTE: The data set WORK.PARTMETA has 6 observations and 4 variables.
NOTE: PROCEDURE FREQ used (Total process time):
      real time           0.01 seconds
      cpu time            0.01 seconds
      

10870  proc print data=WORK.PartMETA label noobs;
10871  var ROLE LEVEL COUNT;
10872  label ROLE = "%sysfunc(sasmsg(sashelp.dmine, meta_role_vlabel, NOQUOTE))" LEVEL = "%sysfunc(sasmsg(sashelp.dmine, meta_level_vlabel, NOQUOTE))" COUNT = "%sysfunc(sasmsg(sashelp.dmine, rpt_count_vlabel, NOQUOTE))";
10873  title9 ' ';
10874  title10 "%sysfunc(sasmsg(sashelp.dmine, rpt_varSummary_title  , NOQUOTE))";
10875  run;

NOTE: There were 6 observations read from the data set WORK.PARTMETA.
NOTE: The PROCEDURE PRINT printed page 1.
NOTE: PROCEDURE PRINT used (Total process time):
      real time           0.01 seconds
      cpu time            0.01 seconds
      

10876  title10;

trainPct=50 validatePct=50 testPct=0 
NOTE: View EMWS3.IDS2_DATA.VIEW used (Total process time):
      real time           0.03 seconds
      cpu time            0.03 seconds
      
10884  *------------------------------------------------------------*;
10885  * Part: Retrieving stratification variable(s) levels;
10886  *------------------------------------------------------------*;
10887  proc freq data=EMWS3.Ids2_DATA noprint;
10888  table
10889  TargetBuy
10890  /out=WORK.Part_FREQ(drop=percent);
10891  run;

NOTE: View EMWS3.IDS2_DATA.VIEW used (Total process time):
      real time           0.04 seconds
      cpu time            0.04 seconds
      
NOTE: There were 22223 observations read from the data set BIA.ORGANICS.
NOTE: There were 22223 observations read from the data set EMWS3.IDS2_DATA.
NOTE: The data set WORK.PART_FREQ has 2 observations and 2 variables.
NOTE: PROCEDURE FREQ used (Total process time):
      real time           0.04 seconds
      cpu time            0.04 seconds
      

10892  proc sort data=WORK.Part_FREQ;
10893  by descending count;
10894  run;

NOTE: There were 2 observations read from the data set WORK.PART_FREQ.
NOTE: The data set WORK.PART_FREQ has 2 observations and 2 variables.
NOTE: PROCEDURE SORT used (Total process time):
      real time           0.00 seconds
      cpu time            0.00 seconds
      

10895  * Part: Retrieving levels that meet minimum requirement;
10896  data WORK.Part_FREQ2(keep = count);
10897  set WORK.Part_FREQ;
10898  where (.01 * 50 * count) >= 3;
10899  run;

NOTE: There were 2 observations read from the data set WORK.PART_FREQ.
      WHERE (0.5*count)>=3;
NOTE: The data set WORK.PART_FREQ2 has 2 observations and 1 variables.
NOTE: DATA statement used (Total process time):
      real time           0.00 seconds
      cpu time            0.00 seconds
      

10900  *------------------------------------------------------------*;
10901  * Part: Create stratified partitioning;
10902  *------------------------------------------------------------*;
10903  data
10904  EMWS3.Part_TRAIN(label="")
10905  EMWS3.Part_VALIDATE(label="")
10906  ;
10907  retain _seed_ 12345;
10908  drop _seed_ _genvalue_;
10909  call ranuni(_seed_, _genvalue_);
10910  label _dataobs_ = "%sysfunc(sasmsg(sashelp.dmine, sample_dataobs_vlabel, NOQUOTE))";
10911  _dataobs_ = _N_;
10912  drop _c00:;
10913  set EMWS3.Ids2_DATA;
10914  if
10915  TargetBuy = 0
10916  then do;
10917  if (16718+1-_C000003)*_genvalue_ <= (8359 - _C000001) then do;
10918  _C000001 + 1;
10919  output EMWS3.Part_TRAIN;
10920  end;
10921  else do;
10922  _C000002 + 1;
10923  output EMWS3.Part_VALIDATE;
10924  end;
10925  _C000003+1;
10926  end;
10927  else if
10928  TargetBuy = 1
10929  then do;
10930  if (5505+1-_C000006)*_genvalue_ <= (2753 - _C000004) then do;
10931  _C000004 + 1;
10932  output EMWS3.Part_TRAIN;
10933  end;
10934  else do;
10935  _C000005 + 1;
10936  output EMWS3.Part_VALIDATE;
10937  end;
10938  _C000006+1;
10939  end;
10940  run;

NOTE: View EMWS3.IDS2_DATA.VIEW used (Total process time):
      real time           0.06 seconds
      cpu time            0.03 seconds
      
NOTE: There were 22223 observations read from the data set BIA.ORGANICS.
NOTE: There were 22223 observations read from the data set EMWS3.IDS2_DATA.
NOTE: The data set EMWS3.PART_TRAIN has 11112 observations and 14 variables.
NOTE: The data set EMWS3.PART_VALIDATE has 11111 observations and 14 variables.
NOTE: DATA statement used (Total process time):
      real time           0.62 seconds
      cpu time            0.03 seconds
      

10941  data _tempNobs;
10942  length Type $8 Table $32 Nobs 8;
10943  label type= "%sysfunc(sasmsg(sashelp.dmine, meta_type_vlabel,    NOQUOTE))" table = "%sysfunc(sasmsg(sashelp.dmine, meta_dataset_vlabel, NOQUOTE))" nobs = "%sysfunc(sasmsg(sashelp.dmine,  rpt_numObs_vlabel,   NOQUOTE))";
10944  type='DATA';
10945  table="EMWS3.Ids2_DATA";
10946  Nobs=22223;
10947  output;
10948  type='TRAIN';
10949  table="EMWS3.Part_TRAIN";
10950  Nobs=11112;
10951  output;
10952  type='VALIDATE';
10953  table="EMWS3.Part_VALIDATE";
10954  Nobs=11111;
10955  output;
10956  run;

NOTE: The data set WORK._TEMPNOBS has 3 observations and 3 variables.
NOTE: DATA statement used (Total process time):
      real time           0.01 seconds
      cpu time            0.01 seconds
      

10957  %let _cn = %sysfunc(getoption(CENTER));
10958  %let _nb = %sysfunc(getoption(NUMBER));
10959  options nonumber nocenter;
10960  proc print data=_tempNobs noobs label;
10961  title9 ' ';
10962  title10 "%sysfunc(sasmsg(sashelp.dmine, rpt_partitionSummary_title, NOQUOTE))";
10963  run;

NOTE: There were 3 observations read from the data set WORK._TEMPNOBS.
NOTE: The PROCEDURE PRINT printed page 2.
NOTE: PROCEDURE PRINT used (Total process time):
      real time           0.00 seconds
      cpu time            0.00 seconds
      

10964  title10;
10965  options &_cn &_nb;
10966  run;

