*------------------------------------------------------------*
* Score Log
Date:                May 07, 2017
Time:                21:53:56
*------------------------------------------------------------*
15222  %let syscc = 0;
15223  *------------------------------------------------------------*;
15224  * EMCODE2: Scoring DATA data;
15225  *------------------------------------------------------------*;
15226  data EMWS1.EMCODE2_TRAIN
15227  / view=EMWS1.EMCODE2_TRAIN
15228  ;
15229  set EMWS1.Ids4_DATA
15230  ;
15231  run;

NOTE: DATA STEP view saved on file EMWS1.EMCODE2_TRAIN.
NOTE: A stored DATA STEP view cannot run under a different operating system.
NOTE: View EMWS1.IDS4_DATA.VIEW used (Total process time):
      real time           0.04 seconds
      cpu time            0.04 seconds
      
NOTE: DATA statement used (Total process time):
      real time           0.04 seconds
      cpu time            0.04 seconds
      

15232  quit;

15234  *------------------------------------------------------------*;
15235  * EMCODE2: Computing metadata for TRAIN data;
15236  *------------------------------------------------------------*;

NOTE: View EMWS1.EMCODE2_TRAIN.VIEW used (Total process time):
      real time           0.04 seconds
      cpu time            0.04 seconds
      
NOTE: View EMWS1.EMCODE2_TRAIN.VIEW used (Total process time):
      real time           0.04 seconds
      cpu time            0.04 seconds
      
