*------------------------------------------------------------*
* Training Log
Date:                May 07, 2017
Time:                21:53:55
*------------------------------------------------------------*
14715  proc freq data=EMWS1.EMCODE2_VariableSet noprint;
14716  table ROLE*LEVEL/out=WORK.EMCODE2META;
14717  run;

NOTE: There were 98 observations read from the data set EMWS1.EMCODE2_VARIABLESET.
NOTE: The data set WORK.EMCODE2META has 8 observations and 4 variables.
NOTE: PROCEDURE FREQ used (Total process time):
      real time           0.01 seconds
      cpu time            0.01 seconds
      

14718  proc print data=WORK.EMCODE2META label noobs;
14719  var ROLE LEVEL COUNT;
14720  label ROLE = "%sysfunc(sasmsg(sashelp.dmine, meta_role_vlabel, NOQUOTE))" LEVEL = "%sysfunc(sasmsg(sashelp.dmine, meta_level_vlabel, NOQUOTE))" COUNT = "%sysfunc(sasmsg(sashelp.dmine, rpt_count_vlabel, NOQUOTE))";
14721  title9 ' ';
14722  title10 "%sysfunc(sasmsg(sashelp.dmine, rpt_varSummary_title  , NOQUOTE))";
14723  run;

NOTE: There were 8 observations read from the data set WORK.EMCODE2META.
NOTE: The PROCEDURE PRINT printed page 1.
NOTE: PROCEDURE PRINT used (Total process time):
      real time           0.00 seconds
      cpu time            0.00 seconds
      

14724  title10;

14725  %let EMEXCEPTIONSTRING=;
14726  %let syscc = 0;
PERFORMANCE  DETAILS
15091  *------------------------------------------------------------*;
15092  * EMCODE2: Generation of macros and macro variables;
15093  * To see the code generated, set the EM_DEBUG macro variable to SOURCE or _ALL_;
15094  *------------------------------------------------------------*;

15095  %let syscc = 0;
15096  %inc "\\filer.uncc.edu\home\pkumari1\Bia_Priya\Project_PredictiveAnalysis\Workspaces\EMWS1\EMCODE2\EMTRAINCODE.sas";
NOTE: %INCLUDE (level 1) file \\filer.uncc.edu\home\pkumari1\Bia_Priya\Project_PredictiveAnalysis\Workspaces\EMWS1\EMCODE2\EMTRAINCODE.sas is file 
      \\filer.uncc.edu\home\pkumari1\Bia_Priya\Project_PredictiveAnalysis\Workspaces\EMWS1\EMCODE2\EMTRAINCODE.sas.
15097 +ods graphics on;
15098 +proc corr data=&em_import_data;
15099 +var monlast tenure unitsidd unitslap untlanpo freqprch dolindet dolnetdt dolindea dolnetda doll24;
15100 +run;

NOTE: View EMWS1.IDS4_DATA.VIEW used (Total process time):
      real time           0.39 seconds
      cpu time            0.21 seconds
      
NOTE: There were 48356 observations read from the data set BIA.CATALOG2010.
NOTE: The PROCEDURE CORR printed page 2.
NOTE: PROCEDURE CORR used (Total process time):
      real time           0.39 seconds
      cpu time            0.21 seconds
      

15101 +ods graphics off;
NOTE: %INCLUDE (level 1) ending.
15102  *------------------------------------------------------------*;
15103  * Close any missing semi colons;
15104  *------------------------------------------------------------*;
15105  ;
15106  ;
15107  ;
15108  ;
15109  quit;
15110  *------------------------------------------------------------*;
15111  * Close any unbalanced quotes;
15112  *------------------------------------------------------------*;
15113  /*; *"; *'; */
15114  ;
15115  run;
15116  quit;
15117  /* Reset EM Options */
15118  options formchar="|----|+|---+=|-/\<>*";
15119  options nocenter ls=256 ps=10000;
15120  goptions reset=all device=GIF NODISPLAY;

