*------------------------------------------------------------*
* Score Log
Date:                April 17, 2017
Time:                01:27:59
*------------------------------------------------------------*
11098  proc FCMP NOEXECUTE IMPUTEDDEPS OUTDEPS=WORK._CODEINPUT1;
11099  GiftDolAll = GiftAvgAll*GiftCntAll;
11100  run;

NOTE: Dependency structure written to data set WORK._CODEINPUT1.
NOTE: PROCEDURE FCMP used (Total process time):
      real time           0.01 seconds
      cpu time            0.01 seconds
      

11101  quit;

11102  data WORK._CODEINPUT1;
11103  length ROLE $32 LEVEL $8 REPORT $1;
11104  retain _FormulaNum 1 ROLE "INPUT" REPORT "N" LEVEL "INTERVAL";
11105  set WORK._CODEINPUT1(keep=RHS rename=(RHS=INPUTNAME));
11106  run;

NOTE: There were 2 observations read from the data set WORK._CODEINPUT1.
NOTE: The data set WORK._CODEINPUT1 has 2 observations and 5 variables.
NOTE: DATA statement used (Total process time):
      real time           0.00 seconds
      cpu time            0.00 seconds
      

11107  proc sort data=WORK._CODEINPUT1 NODUPKEY;
11108  by INPUTNAME;
11109  run;

NOTE: There were 2 observations read from the data set WORK._CODEINPUT1.
NOTE: 0 observations with duplicate key values were deleted.
NOTE: The data set WORK._CODEINPUT1 has 2 observations and 5 variables.
NOTE: PROCEDURE SORT used (Total process time):
      real time           0.00 seconds
      cpu time            0.00 seconds
      

11110  proc append base=WORK.TRANS_FORMULAVARS data=WORK._CODEINPUT1;
11111  run;

NOTE: Appending WORK._CODEINPUT1 to WORK.TRANS_FORMULAVARS.
NOTE: BASE data set does not exist. DATA file is being copied to BASE file.
NOTE: There were 2 observations read from the data set WORK._CODEINPUT1.
NOTE: The data set WORK.TRANS_FORMULAVARS has 2 observations and 5 variables.
NOTE: PROCEDURE APPEND used (Total process time):
      real time           0.01 seconds
      cpu time            0.01 seconds
      

11112  data WORK.TRANS_FORMULAVARS;
11113  length UNAME $32;
11114  set WORK.TRANS_FORMULAVARS;
11115  UNAME = upcase(INPUTNAME);
11116  run;

NOTE: There were 2 observations read from the data set WORK.TRANS_FORMULAVARS.
NOTE: The data set WORK.TRANS_FORMULAVARS has 2 observations and 6 variables.
NOTE: DATA statement used (Total process time):
      real time           0.00 seconds
      cpu time            0.00 seconds
      

11117  proc sort data=WORK.TRANS_FORMULAVARS;
11118  by UNAME;
11119  run;

NOTE: There were 2 observations read from the data set WORK.TRANS_FORMULAVARS.
NOTE: The data set WORK.TRANS_FORMULAVARS has 2 observations and 6 variables.
NOTE: PROCEDURE SORT used (Total process time):
      real time           0.00 seconds
      cpu time            0.00 seconds
      

11120  data _temp;
11121  set EMWS1.Trans5_VariableSet(keep=NAME LEVEL ROLE TYPE REPORT rename=(NAME=INPUTNAME LEVEL=INPUTLEVEL ROLE=INPUTROLE TYPE=INPUTTYPE REPORT=INPUTREPORT));
11122  length UNAME $32;
11123  UNAME = upcase(INPUTNAME);
11124  run;

NOTE: There were 27 observations read from the data set EMWS1.TRANS5_VARIABLESET.
NOTE: The data set WORK._TEMP has 27 observations and 6 variables.
NOTE: DATA statement used (Total process time):
      real time           0.01 seconds
      cpu time            0.01 seconds
      

11125  proc sort data=_temp;
11126  by UNAME;
11127  run;

NOTE: There were 27 observations read from the data set WORK._TEMP.
NOTE: The data set WORK._TEMP has 27 observations and 6 variables.
NOTE: PROCEDURE SORT used (Total process time):
      real time           0.00 seconds
      cpu time            0.00 seconds
      

11128  data WORK.TRANS_FORMULAVARS;
11129  merge WORK.TRANS_FORMULAVARS(in=_a) _temp(in=_b);
11130  by UNAME;
11131  if _a and _b then output;
11132  run;

NOTE: There were 2 observations read from the data set WORK.TRANS_FORMULAVARS.
NOTE: There were 27 observations read from the data set WORK._TEMP.
NOTE: The data set WORK.TRANS_FORMULAVARS has 2 observations and 10 variables.
NOTE: DATA statement used (Total process time):
      real time           0.00 seconds
      cpu time            0.00 seconds
      

11133  proc sort data=WORK.TRANS_FORMULAVARS;
11134  by _FormulaNum UNAME;
11135  run;

NOTE: There were 2 observations read from the data set WORK.TRANS_FORMULAVARS.
NOTE: The data set WORK.TRANS_FORMULAVARS has 2 observations and 10 variables.
NOTE: PROCEDURE SORT used (Total process time):
      real time           0.00 seconds
      cpu time            0.00 seconds
      

11136  data WORK.TRANS_FORMULAVARS _target(keep=_FormulaNum);
11137  length ROLE $32 REPORT $1;
11138  set WORK.TRANS_FORMULAVARS;
11139  by _FormulaNum;
11140  if INPUTROLE = 'TARGET' then output _target;
11141  if first._FormulaNum then do;
11142  if ^last._FormulaNum then do;
11143  INPUTNAME='';
11144  INPUTROLE='';
11145  INPUTTYPE='';
11146  INPUTREPORT='';
11147  end;
11148  output WORK.TRANS_FORMULAVARS;
11149  end;
11150  run;

NOTE: There were 2 observations read from the data set WORK.TRANS_FORMULAVARS.
NOTE: The data set WORK.TRANS_FORMULAVARS has 1 observations and 10 variables.
NOTE: The data set WORK._TARGET has 0 observations and 1 variables.
NOTE: DATA statement used (Total process time):
      real time           0.00 seconds
      cpu time            0.00 seconds
      

11151  data _temp;
11152  set EMWS1.Trans5_FORMULA;
11153  _FormulaNum = _N_;
11154  run;

NOTE: There were 1 observations read from the data set EMWS1.TRANS5_FORMULA.
NOTE: The data set WORK._TEMP has 1 observations and 18 variables.
NOTE: DATA statement used (Total process time):
      real time           0.01 seconds
      cpu time            0.01 seconds
      

11155  data WORK.TRANS_CODEFORMULA;
11156  length Name $32 Formula $300 Role $32 Level $10 REPORT $1;
11157  label NAME = "%sysfunc(sasmsg(sashelp.dmine, meta_name_vlabel,  NOQUOTE))" FORMULA = "%sysfunc(sasmsg(sashelp.dmine, rpt_formula_vlabel,  NOQUOTE))" ROLE = "%sysfunc(sasmsg(sashelp.dmine, meta_role_vlabel,  NOQUOTE))" LEVEL =
11158     "%sysfunc(sasmsg(sashelp.dmine, meta_level_vlabel,  NOQUOTE))" REPORT = "%sysfunc(sasmsg(sashelp.dmine, meta_report_vlabel,  NOQUOTE))" _targetFlag = "%sysfunc(sasmsg(sashelp.dmine, rpt_targetbased_vlabel,  NOQUOTE))" INPUTNAME =
11159     "%sysfunc(sasmsg(sashelp.dmine, rpt_inputname_vlabel,  NOQUOTE))" INPUTLEVEL = "%sysfunc(sasmsg(sashelp.dmine, rpt_inputlevel_vlabel,  NOQUOTE))" INPUTROLE = "%sysfunc(sasmsg(sashelp.dmine, rpt_inputrole_vlabel,  NOQUOTE))" INPUTTYPE =
11160     "%sysfunc(sasmsg(sashelp.dmine, rpt_inputtype_vlabel,  NOQUOTE))";
11161  drop _FormulaNum UNAME;
11162  _targetFlag = 0;
11163  merge _temp(in=_a) WORK.TRANS_FORMULAVARS(in=_b) _target(in=_c);
11164  by _FormulaNum;
11165  _targetFlag = 0;
11166  if _c then _targetFlag=1;
11167  if INPUT ne '' then if _a and ^_b then delete;
11168  if ROLE = '' then do;
11169  if INPUTROLE = '' then ROLE='INPUT';
11170  else ROLE = INPUTROLE;
11171  end;
11172  if REPORT = '' then do;
11173  if INPUTREPORT = '' then REPORT='N';
11174  else REPORT = INPUTREPORT;
11175  end;
11176  run;

NOTE: Variable INPUT is uninitialized.
NOTE: There were 1 observations read from the data set WORK._TEMP.
NOTE: There were 1 observations read from the data set WORK.TRANS_FORMULAVARS.
NOTE: There were 0 observations read from the data set WORK._TARGET.
NOTE: The data set WORK.TRANS_CODEFORMULA has 1 observations and 24 variables.
NOTE: DATA statement used (Total process time):
      real time           0.01 seconds
      cpu time            0.01 seconds
      

11177  filename _code "H:\Bia_Priya\Project_PredictiveAnalysis\Workspaces\EMWS1\Trans5\FORMULAFLOWCODE.sas";
11178  data _null_;
11179  set WORK.TRANS_CODEFORMULA;
11180  file _code;
11181  if type eq 'C' and length > 0 then do;
11182  put 'length ' name ' $' length ';';
11183  end;
11184  if format ne '' then do;
11185  put 'format ' name format ';';
11186  end;
11187  length deqLabel $202;
11188  if label ne '' then do;
11189  deqlabel = tranwrd(label, '"', '""');
11190  put 'label ' name '="' deqlabel '";';
11191  end;
11192  if name ne '' and formula ne '' then do;
11193  put name '=' formula ';';
11194  end;
11195  run;

NOTE: The file _CODE is:
      Filename=H:\Bia_Priya\Project_PredictiveAnalysis\Workspaces\EMWS1\Trans5\FORMULAFLOWCODE.sas,
      RECFM=V,LRECL=32767,File Size (bytes)=0,
      Last Modified=17Apr2017:01:27:59,
      Create Time=17Apr2017:01:27:59

NOTE: 1 record was written to the file _CODE.
      The minimum record length was 35.
      The maximum record length was 35.
NOTE: There were 1 observations read from the data set WORK.TRANS_CODEFORMULA.
NOTE: DATA statement used (Total process time):
      real time           0.01 seconds
      cpu time            0.00 seconds
      

11196  filename _code;
NOTE: Fileref _CODE has been deassigned.

11197  filename _code "H:\Bia_Priya\Project_PredictiveAnalysis\Workspaces\EMWS1\Trans5\FORMULAPUBLISHCODE.sas";
11198  data _null_;
11199  set WORK.TRANS_CODEFORMULA;
11200  file _code;
11201  if _targetFlag eq 0 then do;
11202  if type eq 'C' and length > 0 then do;
11203  put 'length ' name ' $' length ';';
11204  end;
11205  if format ne '' then do;
11206  put 'format ' name format ';';
11207  end;
11208  length deqLabel $202;
11209  if label ne '' then do;
11210  deqlabel = tranwrd(label, '"', '""');
11211  put 'label ' name '="' deqlabel '";';
11212  end;
11213  if name ne '' and formula ne '' then do;
11214  put name '=' formula ';';
11215  end;
11216  end;
11217  run;

NOTE: The file _CODE is:
      Filename=H:\Bia_Priya\Project_PredictiveAnalysis\Workspaces\EMWS1\Trans5\FORMULAPUBLISHCODE.sas,
      RECFM=V,LRECL=32767,File Size (bytes)=0,
      Last Modified=17Apr2017:01:27:59,
      Create Time=17Apr2017:01:27:59

NOTE: 1 record was written to the file _CODE.
      The minimum record length was 35.
      The maximum record length was 35.
NOTE: There were 1 observations read from the data set WORK.TRANS_CODEFORMULA.
NOTE: DATA statement used (Total process time):
      real time           0.01 seconds
      cpu time            0.00 seconds
      

11218  filename _code;
NOTE: Fileref _CODE has been deassigned.

11219  filename _code "H:\Bia_Priya\Project_PredictiveAnalysis\Workspaces\EMWS1\Trans5\FORMULADELTACODE.sas";
11220  data _null_;
11221  set WORK.TRANS_CODEFORMULA;
11222  file _code;
11223  length String $200;
11224  if ROLE eq '' then ROLE = 'REJECTED';
11225  if REPORT eq '' then REPORT = 'N';
11226  String = 'if NAME="'!!strip(name)!!'" then do;';
11227  put / string;
11228  String = '   ROLE ="'!!strip(role)!!'";';
11229  put string;
11230  String = '   REPORT ="'!!strip(report)!!'";';
11231  put string;
11232  if LEVEL ne '' then do;
11233  String = '   LEVEL ="'!!strip(level)!!'";';
11234  put string;
11235  end;
11236  put 'end;';
11237  if INPUTNAME ne '' then do;
11238  String = 'if NAME="'!!strip(INPUTNAME)!!'" then delete;';
11239  put String;
11240  end;
11241  run;

NOTE: The file _CODE is:
      Filename=H:\Bia_Priya\Project_PredictiveAnalysis\Workspaces\EMWS1\Trans5\FORMULADELTACODE.sas,
      RECFM=V,LRECL=32767,File Size (bytes)=0,
      Last Modified=17Apr2017:01:27:59,
      Create Time=17Apr2017:01:27:59

NOTE: 6 records were written to the file _CODE.
      The minimum record length was 0.
      The maximum record length was 29.
NOTE: There were 1 observations read from the data set WORK.TRANS_CODEFORMULA.
NOTE: DATA statement used (Total process time):
      real time           0.03 seconds
      cpu time            0.01 seconds
      

11242  filename _code;
NOTE: Fileref _CODE has been deassigned.

NOTE: This SAS session is using a registry in WORK.  All changes will be lost at the end of this session.
11243  proc print data = EMWS1.Trans5_FORMULA(obs=500) noobs label;
11244  title9 "%sysfunc(sasmsg(sashelp.dmine, rpt_formulatransformations_title, NOQUOTE))";
11245  title10 "%sysfunc(sasmsg(sashelp.dmine, rpt_maxObsPrinted_title, NOQUOTE))";
11246  var Name ROLE LEVEL FORMULA;
11247  run;

NOTE: There were 1 observations read from the data set EMWS1.TRANS5_FORMULA.
NOTE: The PROCEDURE PRINT printed page 2.
NOTE: PROCEDURE PRINT used (Total process time):
      real time           0.00 seconds
      cpu time            0.00 seconds
      

11248  title9;
11249  title10;

11250  filename emflow "H:\Bia_Priya\Project_PredictiveAnalysis\Workspaces\EMWS1\Trans5\EMFLOWSCORE.sas";
11251  *------------------------------------------------------------*;
11252  * Trans5: Scoring DATA data;
11253  *------------------------------------------------------------*;
11254  data EMWS1.Trans5_TRAIN
11255  / view=EMWS1.Trans5_TRAIN
11256  ;
11257  set EMWS1.Trans4_TRAIN
11258  ;
11259  %inc emflow;
11264  run;

NOTE: DATA STEP view saved on file EMWS1.TRANS5_TRAIN.
NOTE: A stored DATA STEP view cannot run under a different operating system.
NOTE: View EMWS1.TRANS4_TRAIN.VIEW used (Total process time):
      real time           0.09 seconds
      cpu time            0.09 seconds
      
NOTE: DATA statement used (Total process time):
      real time           0.10 seconds
      cpu time            0.10 seconds
      

11265  quit;
11266  filename emflow;
NOTE: Fileref EMFLOW has been deassigned.

11267  *------------------------------------------------------------*;
11268  * Trans5: Computing metadata for TRAIN data;
11269  *------------------------------------------------------------*;

NOTE: View EMWS1.TRANS5_TRAIN.VIEW used (Total process time):
      real time           0.09 seconds
      cpu time            0.09 seconds
      
NOTE: View EMWS1.TRANS5_TRAIN.VIEW used (Total process time):
      real time           0.09 seconds
      cpu time            0.09 seconds
      
