NOTE: PROCEDURE PRINTTO used (Total process time):
      real time           0.00 seconds
      cpu time            0.00 seconds
      

Traverser: Traverser invoked.  MPCONNECT command is !sascmdv -nosyntaxcheck -noasynchio -noobjectserver. 
Traverser: Beginning flow traversal 
16067      data _null_;
MPRINT(EM_DIAGRAM):    data _null_;
16068      file emwipmsg;
MPRINT(EM_DIAGRAM):   file emwipmsg;
16069      put '<Node Id="Ids" Event="Update" Pid="" Gridid=""/>';
MPRINT(EM_DIAGRAM):   put '<Node Id="Ids" Event="Update" Pid="" Gridid=""/>';
16070      run;
MPRINT(EM_DIAGRAM):   run;

NOTE: The file EMWIPMSG is:
      Local Host Name=upitsctxsh014,
      Local Host IP addr=fe80::7c6c:e767:77c9:eaf1%12,
      Peer Hostname Name=upitsctxsh014.its.uncc.edu,
      Peer IP addr=127.0.0.1,Peer Name=N/A,
      Peer Portno=53577,Lrecl=32767,Recfm=Variable

NOTE: 1 record was written to the file EMWIPMSG.
      The minimum record length was 48.
      The maximum record length was 48.
NOTE: DATA statement used (Total process time):
      real time           0.00 seconds
      cpu time            0.00 seconds
      

16071      %let emloopmode =;
*------------------------------------------------------------* 
* 
* Ids : Beginning update before running 
* datetime : 21APR2017:02:45:21 
* 
*------------------------------------------------------------* 
MPRINT(EM_DIAGRAM):     filename _emtool_ 'H:\Bia_Priya\Project_PredictiveAnalysis\Workspaces\EMWS3\Ids\PROPERTIES.xml' encoding="UTF-8" NOBOM;
16073      %let _HPDMGRIDHOST=;
16074      %let _HPDMGRIDINSTALLLOC=;
16075      %let _HPDMGRIDDATASERVER=;
16076      %hpdm_gridSetOPtions;
MPRINT(EM_DIAGRAM):   
MPRINT(HPDM_GRIDSETOPTIONS):   data _null_;
MPRINT(HPDM_GRIDSETOPTIONS):   length optionString string $2000;
MPRINT(HPDM_GRIDSETOPTIONS):   optionString = reverse(getoption('SET'));
MPRINT(HPDM_GRIDSETOPTIONS):   index = index(optionString, reverse('GRIDHOST'));
MPRINT(HPDM_GRIDSETOPTIONS):   if index then do;
MPRINT(HPDM_GRIDSETOPTIONS):   string = reverse(substr(optionString, 1, index-4));
MPRINT(HPDM_GRIDSETOPTIONS):   host = '"'!!strip(tranwrd(scan(string, 1, ']'), '"', ''))!!'"';
MPRINT(HPDM_GRIDSETOPTIONS):   call symput('_HPDMGRIDHOST', strip(host));
MPRINT(HPDM_GRIDSETOPTIONS):   end;
MPRINT(HPDM_GRIDSETOPTIONS):   index = index(optionString, reverse('GRIDINSTALLLOC'));
MPRINT(HPDM_GRIDSETOPTIONS):   if index then do;
MPRINT(HPDM_GRIDSETOPTIONS):   string = reverse(substr(optionString, 1, index-4));
MPRINT(HPDM_GRIDSETOPTIONS):   install = '"'!!strip(tranwrd(scan(string, 1, ']'), '"', ''))!!'"';
MPRINT(HPDM_GRIDSETOPTIONS):   call symput('_HPDMGRIDINSTALLLOC', strip(install));
MPRINT(HPDM_GRIDSETOPTIONS):   end;
MPRINT(HPDM_GRIDSETOPTIONS):   index = index(optionString, reverse('GRIDDATASERVER'));
MPRINT(HPDM_GRIDSETOPTIONS):   if index then do;
MPRINT(HPDM_GRIDSETOPTIONS):   string = reverse(substr(optionString, 1, index-4));
MPRINT(HPDM_GRIDSETOPTIONS):   server = '"'!!strip(tranwrd(scan(string, 1, ']'), '"', ''))!!'"';
MPRINT(HPDM_GRIDSETOPTIONS):   call symput('_HPDMGRIDDATASERVER', strip(server));
MPRINT(HPDM_GRIDSETOPTIONS):   end;
MPRINT(HPDM_GRIDSETOPTIONS):   run;

NOTE: DATA statement used (Total process time):
      real time           0.00 seconds
      cpu time            0.00 seconds
      

MPRINT(EM_DIAGRAM):  ;

*------------------------------------------------------------* 
* 
* Ids : End update 
* datetime : 21APR2017:02:45:21 
* 
*------------------------------------------------------------* 
16077      %let _emdsep = \;
16078      %em_getactionstatus(emlib =EMWS3, nodeid=Ids);
MPRINT(EM_DIAGRAM):   
MPRINT(EM_GETACTIONSTATUS):   proc display c=sashelp.emutil.getactionstatus.scl;
MPRINT(EM_GETACTIONSTATUS):   run;

16079      %let em_Train = N;
16080      %let em_Score = N;
16081      %let em_Report = N;
16082      %let em_Run = N;
NOTE: PROCEDURE DISPLAY used (Total process time):
      real time           0.03 seconds
      cpu time            0.01 seconds
      

MPRINT(EM_GETACTIONSTATUS):   
MPRINT(EM_DIAGRAM):  ;

16083      data _null_;
MPRINT(EM_DIAGRAM):    data _null_;
16084      file emwipmsg;
MPRINT(EM_DIAGRAM):   file emwipmsg;
16085      put '<Node Id="Ids" Event="Complete" Pid="" Gridid=""/>';
MPRINT(EM_DIAGRAM):   put '<Node Id="Ids" Event="Complete" Pid="" Gridid=""/>';
16086      run;
MPRINT(EM_DIAGRAM):   run;

NOTE: The file EMWIPMSG is:
      Local Host Name=upitsctxsh014,
      Local Host IP addr=fe80::7c6c:e767:77c9:eaf1%12,
      Peer Hostname Name=upitsctxsh014.its.uncc.edu,
      Peer IP addr=127.0.0.1,Peer Name=N/A,
      Peer Portno=53577,Lrecl=32767,Recfm=Variable

NOTE: 1 record was written to the file EMWIPMSG.
      The minimum record length was 50.
      The maximum record length was 50.
NOTE: DATA statement used (Total process time):
      real time           0.00 seconds
      cpu time            0.00 seconds
      

16087      data _null_;
MPRINT(EM_DIAGRAM):    data _null_;
16088      run;
MPRINT(EM_DIAGRAM):   run;

NOTE: DATA statement used (Total process time):
      real time           0.00 seconds
      cpu time            0.00 seconds
      

Node "Ids" is up to date and doesn't need to run. 
traverser_readyNode_note 
16089      data _null_;
MPRINT(EM_DIAGRAM):    data _null_;
16090      file emwipmsg;
MPRINT(EM_DIAGRAM):   file emwipmsg;
16091      put '<Node Id="EMCODE" Event="Update" Pid="" Gridid=""/>';
MPRINT(EM_DIAGRAM):   put '<Node Id="EMCODE" Event="Update" Pid="" Gridid=""/>';
16092      run;
MPRINT(EM_DIAGRAM):   run;

NOTE: The file EMWIPMSG is:
      Local Host Name=upitsctxsh014,
      Local Host IP addr=fe80::7c6c:e767:77c9:eaf1%12,
      Peer Hostname Name=upitsctxsh014.its.uncc.edu,
      Peer IP addr=127.0.0.1,Peer Name=N/A,
      Peer Portno=53577,Lrecl=32767,Recfm=Variable

NOTE: 1 record was written to the file EMWIPMSG.
      The minimum record length was 51.
      The maximum record length was 51.
NOTE: DATA statement used (Total process time):
      real time           0.00 seconds
      cpu time            0.00 seconds
      

16093      %let emloopmode =;
*------------------------------------------------------------* 
* 
* EMCODE : Beginning update before running 
* datetime : 21APR2017:02:45:22 
* 
*------------------------------------------------------------* 
MPRINT(EM_DIAGRAM):     data WORK.EMCODE_FILTERSET;
MPRINT(EM_DIAGRAM):   length PORT $32 USE $1;
MPRINT(EM_DIAGRAM):   DROP DELTACODE APPLYDELTA APPLYSCORE IMPORTPORT;
MPRINT(EM_DIAGRAM):   set EMWS3.Ids_exportSet ;
MPRINT(EM_DIAGRAM):   PORT = '';
MPRINT(EM_DIAGRAM):   USE = '';
MPRINT(EM_DIAGRAM):   where role in( "RAW" "TRAIN" "VALIDATE" "TEST" "SCORE" "TRANSACTION" "DOCUMENT" "RULES" "REPORTFIT" "RANK" "SCOREDIST" "ESTIMATE" "TREE" "CLUSSTAT" "CLUSMEAN" "VARMAP" ) and EXPORT = 'Y' ;
MPRINT(EM_DIAGRAM):   run;
MPRINT(EM_DIAGRAM):    filename _emtool_ 'H:\Bia_Priya\Project_PredictiveAnalysis\Workspaces\EMWS3\EMCODE\PROPERTIES.xml' encoding="UTF-8" NOBOM;
16125      %let _HPDMGRIDHOST=;
16126      %let _HPDMGRIDINSTALLLOC=;
16127      %let _HPDMGRIDDATASERVER=;
16128      %hpdm_gridSetOPtions;
MPRINT(EM_DIAGRAM):   
MPRINT(HPDM_GRIDSETOPTIONS):   data _null_;
MPRINT(HPDM_GRIDSETOPTIONS):   length optionString string $2000;
MPRINT(HPDM_GRIDSETOPTIONS):   optionString = reverse(getoption('SET'));
MPRINT(HPDM_GRIDSETOPTIONS):   index = index(optionString, reverse('GRIDHOST'));
MPRINT(HPDM_GRIDSETOPTIONS):   if index then do;
MPRINT(HPDM_GRIDSETOPTIONS):   string = reverse(substr(optionString, 1, index-4));
MPRINT(HPDM_GRIDSETOPTIONS):   host = '"'!!strip(tranwrd(scan(string, 1, ']'), '"', ''))!!'"';
MPRINT(HPDM_GRIDSETOPTIONS):   call symput('_HPDMGRIDHOST', strip(host));
MPRINT(HPDM_GRIDSETOPTIONS):   end;
MPRINT(HPDM_GRIDSETOPTIONS):   index = index(optionString, reverse('GRIDINSTALLLOC'));
MPRINT(HPDM_GRIDSETOPTIONS):   if index then do;
MPRINT(HPDM_GRIDSETOPTIONS):   string = reverse(substr(optionString, 1, index-4));
MPRINT(HPDM_GRIDSETOPTIONS):   install = '"'!!strip(tranwrd(scan(string, 1, ']'), '"', ''))!!'"';
MPRINT(HPDM_GRIDSETOPTIONS):   call symput('_HPDMGRIDINSTALLLOC', strip(install));
MPRINT(HPDM_GRIDSETOPTIONS):   end;
MPRINT(HPDM_GRIDSETOPTIONS):   index = index(optionString, reverse('GRIDDATASERVER'));
MPRINT(HPDM_GRIDSETOPTIONS):   if index then do;
MPRINT(HPDM_GRIDSETOPTIONS):   string = reverse(substr(optionString, 1, index-4));
MPRINT(HPDM_GRIDSETOPTIONS):   server = '"'!!strip(tranwrd(scan(string, 1, ']'), '"', ''))!!'"';
MPRINT(HPDM_GRIDSETOPTIONS):   call symput('_HPDMGRIDDATASERVER', strip(server));
MPRINT(HPDM_GRIDSETOPTIONS):   end;
MPRINT(HPDM_GRIDSETOPTIONS):   run;

NOTE: DATA statement used (Total process time):
      real time           0.00 seconds
      cpu time            0.00 seconds
      

MPRINT(EM_DIAGRAM):  ;

*------------------------------------------------------------* 
* 
* EMCODE : End update 
* datetime : 21APR2017:02:45:22 
* 
*------------------------------------------------------------* 
16129      %let _emdsep = \;
16130      %em_getactionstatus(emlib =EMWS3, nodeid=EMCODE);
MPRINT(EM_DIAGRAM):   
MPRINT(EM_GETACTIONSTATUS):   proc display c=sashelp.emutil.getactionstatus.scl;
MPRINT(EM_GETACTIONSTATUS):   run;

16131      proc compare base=EMWS3.EMCODE_emtrainvariable compare=EMWS3.EMCODE_variableSet out=diffDS noprint outnoequal outbase outcomp outdiff;
MPRINT(EM_GETACTIONSTATUS):   proc compare base=EMWS3.EMCODE_emtrainvariable compare=EMWS3.EMCODE_variableSet out=diffDS noprint outnoequal outbase outcomp outdiff;
16132      run;
MPRINT(EM_GETACTIONSTATUS):   run;

NOTE: There were 13 observations read from the data set EMWS3.EMCODE_EMTRAINVARIABLE.
NOTE: There were 13 observations read from the data set EMWS3.EMCODE_VARIABLESET.
NOTE: The data set WORK.DIFFDS has 0 observations and 9 variables.
NOTE: PROCEDURE COMPARE used (Total process time):
      real time           0.00 seconds
      cpu time            0.00 seconds
      

16133      %let diffVar = N;
16134      data _null_;
MPRINT(EM_GETACTIONSTATUS):   data _null_;
16135      set diffDs end=eof;
MPRINT(EM_GETACTIONSTATUS):   set diffDs end=eof;
16136      if eof and _N_>0 then call symput('diffVar', 'Y');
MPRINT(EM_GETACTIONSTATUS):   if eof and _N_>0 then call symput('diffVar', 'Y');
16137      run;
MPRINT(EM_GETACTIONSTATUS):   run;

NOTE: There were 0 observations read from the data set WORK.DIFFDS.
NOTE: DATA statement used (Total process time):
      real time           0.00 seconds
      cpu time            0.00 seconds
      

16138      %let em_filemodtime=;
16139      data _null_;
MPRINT(EM_GETACTIONSTATUS):    data _null_;
16140      format modate best.;
MPRINT(EM_GETACTIONSTATUS):   format modate best.;
16141      set sashelp.Vextfl;
MPRINT(EM_GETACTIONSTATUS):   set sashelp.Vextfl;
16142      where fileref eq "#LN00153";
MPRINT(EM_GETACTIONSTATUS):   where fileref eq "#LN00153";
16143      call symput('EM_FILEMODTIME', put(modate, best.));
MPRINT(EM_GETACTIONSTATUS):   call symput('EM_FILEMODTIME', put(modate, best.));
16144      run;
MPRINT(EM_GETACTIONSTATUS):   run;

NOTE: There were 1 observations read from the data set SASHELP.VEXTFL.
      WHERE fileref='#LN00153';
NOTE: DATA statement used (Total process time):
      real time           0.01 seconds
      cpu time            0.00 seconds
      

16145      %symdel em_filemodtime;
WARNING: Attempt to delete macro variable EM_FILEMODTIME failed. Variable not found.
16146      %let em_filemodtime=;
16147      data _null_;
MPRINT(EM_GETACTIONSTATUS):     data _null_;
16148      format modate best.;
MPRINT(EM_GETACTIONSTATUS):   format modate best.;
16149      set sashelp.Vextfl;
MPRINT(EM_GETACTIONSTATUS):   set sashelp.Vextfl;
16150      where fileref eq "#LN00154";
MPRINT(EM_GETACTIONSTATUS):   where fileref eq "#LN00154";
16151      call symput('EM_FILEMODTIME', put(modate, best.));
MPRINT(EM_GETACTIONSTATUS):   call symput('EM_FILEMODTIME', put(modate, best.));
16152      run;
MPRINT(EM_GETACTIONSTATUS):   run;

NOTE: There were 1 observations read from the data set SASHELP.VEXTFL.
      WHERE fileref='#LN00154';
NOTE: DATA statement used (Total process time):
      real time           0.00 seconds
      cpu time            0.00 seconds
      

16153      %symdel em_filemodtime;
WARNING: Attempt to delete macro variable EM_FILEMODTIME failed. Variable not found.
16154      %let em_filemodtime=;
16155      data _null_;
MPRINT(EM_GETACTIONSTATUS):     data _null_;
16156      format modate best.;
MPRINT(EM_GETACTIONSTATUS):   format modate best.;
16157      set sashelp.Vextfl;
MPRINT(EM_GETACTIONSTATUS):   set sashelp.Vextfl;
16158      where fileref eq "#LN00155";
MPRINT(EM_GETACTIONSTATUS):   where fileref eq "#LN00155";
16159      call symput('EM_FILEMODTIME', put(modate, best.));
MPRINT(EM_GETACTIONSTATUS):   call symput('EM_FILEMODTIME', put(modate, best.));
16160      run;
MPRINT(EM_GETACTIONSTATUS):   run;

NOTE: There were 1 observations read from the data set SASHELP.VEXTFL.
      WHERE fileref='#LN00155';
NOTE: DATA statement used (Total process time):
      real time           0.00 seconds
      cpu time            0.00 seconds
      

16161      %symdel em_filemodtime;
WARNING: Attempt to delete macro variable EM_FILEMODTIME failed. Variable not found.
16162      %let em_Train = Y;
16163      %let em_Score = N;
16164      %let em_Report = N;
16165      %let em_Run = Y;
NOTE: PROCEDURE DISPLAY used (Total process time):
      real time           0.09 seconds
      cpu time            0.03 seconds
      

MPRINT(EM_GETACTIONSTATUS):     
MPRINT(EM_DIAGRAM):  ;

16166      data _null_;
MPRINT(EM_DIAGRAM):    data _null_;
16167      file emwipmsg;
MPRINT(EM_DIAGRAM):   file emwipmsg;
16168      put '<Node Id="EMCODE" Event="Run" Pid="" Gridid=""/>';
MPRINT(EM_DIAGRAM):   put '<Node Id="EMCODE" Event="Run" Pid="" Gridid=""/>';
16169      run;
MPRINT(EM_DIAGRAM):   run;

NOTE: The file EMWIPMSG is:
      Local Host Name=upitsctxsh014,
      Local Host IP addr=fe80::7c6c:e767:77c9:eaf1%12,
      Peer Hostname Name=upitsctxsh014.its.uncc.edu,
      Peer IP addr=127.0.0.1,Peer Name=N/A,
      Peer Portno=53577,Lrecl=32767,Recfm=Variable

NOTE: 1 record was written to the file EMWIPMSG.
      The minimum record length was 48.
      The maximum record length was 48.
NOTE: DATA statement used (Total process time):
      real time           0.01 seconds
      cpu time            0.01 seconds
      

16170      options sascmd="!sascmdv -nosyntaxcheck -noasynchio -noobjectserver";
MPRINT(EM_DIAGRAM):    options sascmd="!sascmdv -nosyntaxcheck -noasynchio -noobjectserver";
16171      %let SYSCC=0;
16172      signon C2IKQAWW macvar=C2IKQAWW;
MPRINT(EM_DIAGRAM):   signon macvar=C2IKQAWW;
WARNING: TCP Access method tracing is enabled.
NOTE: Default SASCMD value being used is: "C:\Program Files\SASHome\SASFoundation\9.4\SAS.EXE" -nologo -noterminal -noxcmd -objectserver -objectserverparms "protocol=bridge dnsname=127.0.0.1 jcbp=53578" -sspi -secpackage NTLM  -xcmd.
NOTE: Remote signon to C2IKQAWW commencing (SAS Release 9.04.01M3P062415).
NOTE: Unable to open SASUSER.PROFILE. WORK.PROFILE will be opened instead.
NOTE: All profile changes will be lost at the end of the session.
NOTE: Copyright (c) 2002-2012 by SAS Institute Inc., Cary, NC, USA. 
NOTE: SAS (r) Proprietary Software 9.4 (TS1M3) 
      Licensed to UNIVERSITY OF NORTH CAROLINA CHARLOTTE - SFA T&R, Site 70117250.
NOTE: This session is executing on the X64_DSRV12  platform.



NOTE: Updated analytical products:
      
      SAS/STAT 14.1
      SAS/ETS 14.1
      SAS/OR 14.1
      SAS/IML 14.1
      SAS/QC 14.1

NOTE: Additional host information:

 X64_DSRV12 WIN 6.2.9200  Server

NOTE: SAS initialization used:
      real time           0.17 seconds
      cpu time            0.10 seconds
      
NOTE: Remote signon to C2IKQAWW complete.
16173      rsubmit C2IKQAWW wait=N persist=N  ;
MPRINT(EM_DIAGRAM):    rsubmit wait=N persist=N ;
The SAS System

NOTE: Background remote submit to C2IKQAWW in progress.
NOTE: Remote submit to C2IKQAWW commencing.
MPRINT(EM_DIAGRAM):   %global emexceptionstring emloopmode emloopnumber;
MPRINT(EM_DIAGRAM):   %let EMUSERID = %bquote(pkumari1);
MPRINT(EM_DIAGRAM):   %let EMLDSPATH = %nrstr(H:\Bia_Priya\Project_PredictiveAnalysis\DataSources);
MPRINT(EM_DIAGRAM):   %let EMFLOWMODE = Y;
MPRINT(EM_DIAGRAM):   %let EMONODE = %bquote(EMCODE);
MPRINT(EM_DIAGRAM):   %let EMPATH = %nrstr(H:\Bia_Priya\Project_PredictiveAnalysis\Workspaces\EMWS3);
MPRINT(EM_DIAGRAM):   %let EMWS = EMWS3;
MPRINT(EM_DIAGRAM):   %let EMNODECLASS = SASHELP.EMCORE.EMCODETOOL.CLASS;
MPRINT(EM_DIAGRAM):   %let EMSTATUSDIR = %nrstr(H:\Bia_Priya\Project_PredictiveAnalysis\Workspaces\EMWS3\System);
MPRINT(EM_DIAGRAM):   %let EM_DEBUG =;
MPRINT(EM_DIAGRAM):   %let EMPROJECTCODE = %nrstr(H:\Bia_Priya\Project_PredictiveAnalysis\System\STARTUP.sas);
MPRINT(EM_DIAGRAM):   %let EMSERVERCODE = %nrstr();
MPRINT(EM_DIAGRAM):   %let EM_USERID = %bquote(pkumari1);
MPRINT(EM_DIAGRAM):   %let EM_METAHOST =;
MPRINT(EM_DIAGRAM):   %let EM_METAPORT =;
MPRINT(EM_DIAGRAM):   %let EM_JAVAPACKAGE = %bquote();
MPRINT(EM_DIAGRAM):   %let EMPROJECTPATH = %nrstr(H:\Bia_Priya\Project_PredictiveAnalysis);
MPRINT(EM_DIAGRAM):   %let EMPROJNAME = %nrstr(Project_PredictiveAnalysis);
MPRINT(EM_DIAGRAM):   %let EMPROJPATH = %nrstr(H:\Bia_Priya);
MPRINT(EM_DIAGRAM):   %let em_Train = Y;
MPRINT(EM_DIAGRAM):   %let em_Score = N;
MPRINT(EM_DIAGRAM):   %let em_Report = N;
MPRINT(EM_DIAGRAM):   %let emloopmode =;
MPRINT(EM_DIAGRAM):   %let emloopnumber =0;
MPRINT(EM_DIAGRAM):   %let emloopId =EMCODE;
MPRINT(EM_DIAGRAM):   %let emexceptionstring=;
MPRINT(EM_DIAGRAM):   options VBUFSIZE= 64M;
MPRINT(EM_DIAGRAM):   %em5run();
MPRINT(EM_DIAGRAM):   %put &&emexceptionstring;
MPRINT(EM_DIAGRAM):   %sysrput emerror_EMCODE = &&emexceptionstring;
MPRINT(EM_DIAGRAM):   %put &&emloopmode;
MPRINT(EM_DIAGRAM):   %sysrput emloopmode_EMCODE = &&emloopmode;
MPRINT(EM_DIAGRAM):   endrsubmit;
16174      data _null_;
MPRINT(EM_DIAGRAM):    data _null_;
16175      file emwipmsg;
MPRINT(EM_DIAGRAM):   file emwipmsg;
16176      put '<Node Id="EMCODE" Event="Run" Pid=" " Gridid=""/>';
MPRINT(EM_DIAGRAM):   put '<Node Id="EMCODE" Event="Run" Pid=" " Gridid=""/>';
16177      run;
MPRINT(EM_DIAGRAM):   run;

NOTE: The file EMWIPMSG is:
      Local Host Name=upitsctxsh014,
      Local Host IP addr=fe80::7c6c:e767:77c9:eaf1%12,
      Peer Hostname Name=upitsctxsh014.its.uncc.edu,
      Peer IP addr=127.0.0.1,Peer Name=N/A,
      Peer Portno=53577,Lrecl=32767,Recfm=Variable

NOTE: 1 record was written to the file EMWIPMSG.
      The minimum record length was 49.
      The maximum record length was 49.
NOTE: DATA statement used (Total process time):
      real time           0.00 seconds
      cpu time            0.00 seconds
      

16178      data _null_;
MPRINT(EM_DIAGRAM):    data _null_;
16179      run;
MPRINT(EM_DIAGRAM):   run;

NOTE: DATA statement used (Total process time):
      real time           0.00 seconds
      cpu time            0.00 seconds
      

traverser_runingNode_note 
16180      data _null_;
MPRINT(EM_DIAGRAM):    data _null_;
16181      run;
MPRINT(EM_DIAGRAM):   run;

NOTE: DATA statement used (Total process time):
      real time           0.00 seconds
      cpu time            0.00 seconds
      

traverser_runingNode_note 
16182      data _null_;
MPRINT(EM_DIAGRAM):    data _null_;
16183      run;
MPRINT(EM_DIAGRAM):   run;

NOTE: DATA statement used (Total process time):
      real time           0.00 seconds
      cpu time            0.00 seconds
      

traverser_runingNode_note 
16184      data _null_;
MPRINT(EM_DIAGRAM):    data _null_;
16185      run;
MPRINT(EM_DIAGRAM):   run;

NOTE: DATA statement used (Total process time):
      real time           0.01 seconds
      cpu time            0.01 seconds
      

traverser_runingNode_note 
16186      data _null_;
MPRINT(EM_DIAGRAM):    data _null_;
16187      run;
MPRINT(EM_DIAGRAM):   run;

NOTE: DATA statement used (Total process time):
      real time           0.00 seconds
      cpu time            0.00 seconds
      

traverser_runingNode_note 
16188      data _null_;
MPRINT(EM_DIAGRAM):    data _null_;
16189      run;
MPRINT(EM_DIAGRAM):   run;

NOTE: DATA statement used (Total process time):
      real time           0.00 seconds
      cpu time            0.00 seconds
      

1     %global emexceptionstring emloopmode emloopnumber;
2     %let EMUSERID = %bquote(pkumari1);
3     %let EMLDSPATH = %nrstr(H:\Bia_Priya\Project_PredictiveAnalysis\DataSources);
4     %let EMFLOWMODE = Y;
5     %let EMONODE = %bquote(EMCODE);
6     %let EMPATH = %nrstr(H:\Bia_Priya\Project_PredictiveAnalysis\Workspaces\EMWS3);
7     %let EMWS = EMWS3;
8     %let EMNODECLASS = SASHELP.EMCORE.EMCODETOOL.CLASS;
9     %let EMSTATUSDIR = %nrstr(H:\Bia_Priya\Project_PredictiveAnalysis\Workspaces\EMWS3\System);
10    %let EM_DEBUG =;
11    %let EMPROJECTCODE = %nrstr(H:\Bia_Priya\Project_PredictiveAnalysis\System\STARTUP.sas);
12    %let EMSERVERCODE = %nrstr();
13    %let EM_USERID = %bquote(pkumari1);
14    %let EM_METAHOST =;
15    %let EM_METAPORT =;
16    %let EM_JAVAPACKAGE = %bquote();
17    %let EMPROJECTPATH = %nrstr(H:\Bia_Priya\Project_PredictiveAnalysis);
18    %let EMPROJNAME = %nrstr(Project_PredictiveAnalysis);
19    %let EMPROJPATH = %nrstr(H:\Bia_Priya);
20    %let em_Train = Y;
21    %let em_Score = N;
22    %let em_Report = N;
23    %let emloopmode =;
24    %let emloopnumber =0;
25    %let emloopId =EMCODE;
26    %let emexceptionstring=;
27    options VBUFSIZE= 64M;
28    %em5run();

6005   %let EM_MACROS=Y;
6006   filename temp catalog 'sashelp.emutil.em_loadrunmacros.source';
6007   %include temp;
NOTE: ALT_TOOLS Macros loaded
NOTE: Test usage by running the EM_TEST macro
NOTE: Fileref _TMPHPDM has been deassigned.
NOTE: Fileref _TMPHPDM has been deassigned.
9853   filename temp;
NOTE: Fileref TEMP has been deassigned.

*------------------------------------------------------------* 
* 
* EMCODE : Running 
* datetime : 21APR2017:02:45:23 
* 
*------------------------------------------------------------* 
9854   %let SYSCC =0;
9855   %let EMGROUPMODE =;
9856   %let EMGROUPID =;
15831  data EMWS3.EMCODE_EMTRAINVARIABLE;
15832  length NAME $64;
15833  set EMWS3.EMCODE_VariableSet;
15834  label NAME = "%sysfunc(sasmsg(sashelp.dmine, meta_name_vlabel, NOQUOTE))" ROLE = "%sysfunc(sasmsg(sashelp.dmine, meta_role_vlabel, NOQUOTE))" LEVEL = "%sysfunc(sasmsg(sashelp.dmine, meta_level_vlabel, NOQUOTE))" ORDER =
15835     "%sysfunc(sasmsg(sashelp.dmine, meta_order_vlabel, NOQUOTE))" LABEL = "%sysfunc(sasmsg(sashelp.dmine, meta_label_vlabel, NOQUOTE))";
15836  label USE = "%sysfunc(sasmsg(sashelp.dmine, META_USE_VLABEL, NOQUOTE))";
15837  label REPORT = "%sysfunc(sasmsg(sashelp.dmine, META_REPORT_VLABEL, NOQUOTE))";
15838  drop lowerlimit upperlimit creator--type format--length;
15839  run;

NOTE: There were 13 observations read from the data set EMWS3.EMCODE_VARIABLESET.
NOTE: The data set EMWS3.EMCODE_EMTRAINVARIABLE has 13 observations and 7 variables.
NOTE: DATA statement used (Total process time):
      real time           0.03 seconds
      cpu time            0.01 seconds
      

15840  %let emexceptionstring =;
*------------------------------------------------------------* 
* 
* EMCODE : End run 
* datetime : 21APR2017:02:45:26 
* 
*------------------------------------------------------------* 
NOTE: The PROCEDURE DISPLAY printed pages 1-2.
NOTE: PROCEDURE DISPLAY used (Total process time):
      real time           2.98 seconds
      cpu time            2.04 seconds
      

15843   %put &&emexceptionstring;
 
15844   %sysrput emerror_EMCODE = &&emexceptionstring;
15845   %put &&emloopmode;
 
15846   %sysrput emloopmode_EMCODE = &&emloopmode;
NOTE: Remote submit to C2IKQAWW complete.
NOTE: Remote signoff from C2IKQAWW commencing.
NOTE: SAS Institute Inc., SAS Campus Drive, Cary, NC USA 27513-2414
NOTE: The SAS System used:
      real time           3.21 seconds
      cpu time            2.18 seconds
      
NOTE: Remote signoff from C2IKQAWW complete.
traverser_runingNode_note 
16190      data _null_;
MPRINT(EM_DIAGRAM):    data _null_;
16191      run;
MPRINT(EM_DIAGRAM):   run;

NOTE: DATA statement used (Total process time):
      real time           0.00 seconds
      cpu time            0.00 seconds
      

Node "EMCODE" ran. 
MPRINT(EM_DIAGRAM):    filename _emtool_ 'H:\Bia_Priya\Project_PredictiveAnalysis\Workspaces\EMWS3\EMCODE\TRAINPROPERTIES.xml' encoding="UTF-8" NOBOM;
Node "EMCODE" succeeded. 
16193      data _null_;
MPRINT(EM_DIAGRAM):    data _null_;
16194      file emwipmsg;
MPRINT(EM_DIAGRAM):   file emwipmsg;
16195      put '<Node Id="EMCODE" Event="Complete" Pid="6900" Gridid=""/>';
MPRINT(EM_DIAGRAM):   put '<Node Id="EMCODE" Event="Complete" Pid="6900" Gridid=""/>';
16196      run;
MPRINT(EM_DIAGRAM):   run;

NOTE: The file EMWIPMSG is:
      Local Host Name=upitsctxsh014,
      Local Host IP addr=fe80::7c6c:e767:77c9:eaf1%12,
      Peer Hostname Name=upitsctxsh014.its.uncc.edu,
      Peer IP addr=127.0.0.1,Peer Name=N/A,
      Peer Portno=53577,Lrecl=32767,Recfm=Variable

NOTE: 1 record was written to the file EMWIPMSG.
      The minimum record length was 57.
      The maximum record length was 57.
NOTE: DATA statement used (Total process time):
      real time           0.01 seconds
      cpu time            0.01 seconds
      

Traverser: Run Completed 
NOTE: There are no active tasks/transactions.
16197      waitfor _all_ C2IKQAWW;
MPRINT(EM_DIAGRAM):    waitfor _all_ C2IKQAWW;
16198      signoff C2IKQAWW;
MPRINT(EM_DIAGRAM):   signoff;
NOTE: A link to C2IKQAWW does not exist.  SIGNOFF is not necessary.
16199      proc printto;
MPRINT(EM_DIAGRAM):   proc printto;
16200      run;
MPRINT(EM_DIAGRAM):   run;

