*------------------------------------------------------------*
* Report Log
Date:                April 18, 2017
Time:                15:25:52
*------------------------------------------------------------*
11450  *------------------------------------------------------------*;
11451  * Part: Computing statistics for class target variables;
11452  *------------------------------------------------------------*;
11453  ods listing close;
11454  ods output onewayfreqs=WORK.TEMPFREQ;
11455  proc freq data = EMWS2.Ids_DATA order=formatted addnames;
11456  table RESPOND / missing;
11457  run;

NOTE: View EMWS2.IDS_DATA.VIEW used (Total process time):
      real time           0.06 seconds
      cpu time            0.06 seconds
      
NOTE: There were 48356 observations read from the data set BIA.CATALOG2010.
NOTE: The data set WORK.TEMPFREQ has 2 observations and 8 variables.
NOTE: There were 48356 observations read from the data set EMWS2.IDS_DATA.
NOTE: PROCEDURE FREQ used (Total process time):
      real time           0.09 seconds
      cpu time            0.09 seconds
      

11458  quit;
11459  ods listing;
11460  data WORK.Part_BAR(keep=_VARIABLE_ TYPE COUNT PERCENT _X_ _XLABEL_);
11461  label _VARIABLE_ = "%sysfunc(sasmsg(sashelp.dmine, rpt_variable_vlabel, NOQUOTE))" Type = "%sysfunc(sasmsg(sashelp.dmine, rpt_type_vlabel,         NOQUOTE))" _X_ = "%sysfunc(sasmsg(sashelp.dmine, rpt_numValue_vlabel, NOQUOTE))" _XLABEL_ =
11462     "%sysfunc(sasmsg(sashelp.dmine, rpt_fmtValue_vlabel ,    NOQUOTE))" COUNT = "%sysfunc(sasmsg(sashelp.dmine, rpt_count_vlabel,        NOQUOTE))" PERCENT = "%sysfunc(sasmsg(sashelp.dmine, rpt_percent_vlabel,      NOQUOTE))";
11463  dsid = open("WORK.TEMPFREQ");
11464  varnum = varnum(dsid, 'VARIABLE');
11465  freqnum = varnum(dsid, 'FREQUENCY');
11466  pvarnum = varnum(dsid, 'PERCENT');
11467  typenum = varnum(dsid, '_TYPE_');
11468  length _VARIABLE_ $32 TYPE $1 _XLABEL_ $32;
11469  do while(^fetch(dsid));
11470  _VARIABLE_ = strip(getvarc(dsid, varnum));
11471  count = getvarn(dsid, freqnum);
11472  percent= getvarn(dsid, pvarnum);
11473  vvarnum = varnum(dsid, _VARIABLE_);
11474  type = vartype(dsid, vvarnum);
11475  fvarnum = varnum(dsid, 'F_'!!substr(_VARIABLE_, 1, 30));
11476  _XLABEL_ = left(getvarc(dsid, fvarnum));
11477  _X_ = .;
11478  if TYPE eq 'N' then _X_ = getvarn(dsid, vvarnum);
11479  output;
11480  end;
11481  dsid = close(dsid);
11482  run;

NOTE: The data set WORK.PART_BAR has 2 observations and 6 variables.
NOTE: DATA statement used (Total process time):
      real time           0.00 seconds
      cpu time            0.00 seconds
      

11483  proc sort data=WORK.Part_BAR NOTHREADS;
11484  by _VARIABLE_;
11485  run;

NOTE: There were 2 observations read from the data set WORK.PART_BAR.
NOTE: The data set WORK.PART_BAR has 2 observations and 6 variables.
NOTE: PROCEDURE SORT used (Total process time):
      real time           0.01 seconds
      cpu time            0.01 seconds
      

11486  proc sort data=WORK.M0JTNBZM;
11487  by Name;
11488  run;

NOTE: There were 1 observations read from the data set WORK.M0JTNBZM.
NOTE: The data set WORK.M0JTNBZM has 1 observations and 21 variables.
NOTE: PROCEDURE SORT used (Total process time):
      real time           0.00 seconds
      cpu time            0.00 seconds
      

11489  data WORK.Part_BAR;
11490  merge WORK.Part_BAR(in=_a) WORK.M0JTNBZM(keep=Name Label Role rename=(Name=_Variable_ Label=_Label_));
11491  by _Variable_;
11492  label Role = "%sysfunc(sasmsg(sashelp.dmine, meta_role_vlabel ,  NOQUOTE))";
11493  label Label = "%sysfunc(sasmsg(sashelp.dmine, meta_label_vlabel , NOQUOTE))";
11494  if _a then output;
11495  run;

NOTE: Variable Label is uninitialized.
WARNING: Multiple lengths were specified for the BY variable _VARIABLE_ by input data sets. This might cause unexpected results.
NOTE: There were 2 observations read from the data set WORK.PART_BAR.
NOTE: There were 1 observations read from the data set WORK.M0JTNBZM.
NOTE: The data set WORK.PART_BAR has 2 observations and 8 variables.
NOTE: DATA statement used (Total process time):
      real time           0.01 seconds
      cpu time            0.01 seconds
      

11496  data EMWS2.Part_CLASS;
11497  length DATA $8;
11498  set WORK.Part_BAR;
11499  DATA = "DATA";
11500  run;

NOTE: There were 2 observations read from the data set WORK.PART_BAR.
NOTE: The data set EMWS2.PART_CLASS has 2 observations and 9 variables.
NOTE: DATA statement used (Total process time):
      real time           0.01 seconds
      cpu time            0.00 seconds
      

11501  *------------------------------------------------------------*;
11502  * Part: Computing statistics for interval target variables;
11503  *------------------------------------------------------------*;
11504  *------------------------------------------------------------*;
11505  * Part: Computing statistics for class target variables;
11506  *------------------------------------------------------------*;
11507  ods listing close;
11508  ods output onewayfreqs=WORK.TEMPFREQ;
11509  proc freq data = EMWS2.Part_TRAIN order=formatted addnames;
11510  table RESPOND / missing;
11511  run;

NOTE: The data set WORK.TEMPFREQ has 2 observations and 8 variables.
NOTE: There were 32235 observations read from the data set EMWS2.PART_TRAIN.
NOTE: PROCEDURE FREQ used (Total process time):
      real time           0.12 seconds
      cpu time            0.01 seconds
      

11512  quit;
11513  ods listing;
11514  data WORK.Part_BAR(keep=_VARIABLE_ TYPE COUNT PERCENT _X_ _XLABEL_);
11515  label _VARIABLE_ = "%sysfunc(sasmsg(sashelp.dmine, rpt_variable_vlabel, NOQUOTE))" Type = "%sysfunc(sasmsg(sashelp.dmine, rpt_type_vlabel,         NOQUOTE))" _X_ = "%sysfunc(sasmsg(sashelp.dmine, rpt_numValue_vlabel, NOQUOTE))" _XLABEL_ =
11516     "%sysfunc(sasmsg(sashelp.dmine, rpt_fmtValue_vlabel ,    NOQUOTE))" COUNT = "%sysfunc(sasmsg(sashelp.dmine, rpt_count_vlabel,        NOQUOTE))" PERCENT = "%sysfunc(sasmsg(sashelp.dmine, rpt_percent_vlabel,      NOQUOTE))";
11517  dsid = open("WORK.TEMPFREQ");
11518  varnum = varnum(dsid, 'VARIABLE');
11519  freqnum = varnum(dsid, 'FREQUENCY');
11520  pvarnum = varnum(dsid, 'PERCENT');
11521  typenum = varnum(dsid, '_TYPE_');
11522  length _VARIABLE_ $32 TYPE $1 _XLABEL_ $32;
11523  do while(^fetch(dsid));
11524  _VARIABLE_ = strip(getvarc(dsid, varnum));
11525  count = getvarn(dsid, freqnum);
11526  percent= getvarn(dsid, pvarnum);
11527  vvarnum = varnum(dsid, _VARIABLE_);
11528  type = vartype(dsid, vvarnum);
11529  fvarnum = varnum(dsid, 'F_'!!substr(_VARIABLE_, 1, 30));
11530  _XLABEL_ = left(getvarc(dsid, fvarnum));
11531  _X_ = .;
11532  if TYPE eq 'N' then _X_ = getvarn(dsid, vvarnum);
11533  output;
11534  end;
11535  dsid = close(dsid);
11536  run;

NOTE: The data set WORK.PART_BAR has 2 observations and 6 variables.
NOTE: DATA statement used (Total process time):
      real time           0.01 seconds
      cpu time            0.01 seconds
      

11537  proc sort data=WORK.Part_BAR NOTHREADS;
11538  by _VARIABLE_;
11539  run;

NOTE: There were 2 observations read from the data set WORK.PART_BAR.
NOTE: The data set WORK.PART_BAR has 2 observations and 6 variables.
NOTE: PROCEDURE SORT used (Total process time):
      real time           0.00 seconds
      cpu time            0.00 seconds
      

11540  proc sort data=WORK.M0JTNBZM;
11541  by Name;
11542  run;

NOTE: Input data set is already sorted, no sorting done.
NOTE: PROCEDURE SORT used (Total process time):
      real time           0.00 seconds
      cpu time            0.00 seconds
      

11543  data WORK.Part_BAR;
11544  merge WORK.Part_BAR(in=_a) WORK.M0JTNBZM(keep=Name Label Role rename=(Name=_Variable_ Label=_Label_));
11545  by _Variable_;
11546  label Role = "%sysfunc(sasmsg(sashelp.dmine, meta_role_vlabel ,  NOQUOTE))";
11547  label Label = "%sysfunc(sasmsg(sashelp.dmine, meta_label_vlabel , NOQUOTE))";
11548  if _a then output;
11549  run;

NOTE: Variable Label is uninitialized.
WARNING: Multiple lengths were specified for the BY variable _VARIABLE_ by input data sets. This might cause unexpected results.
NOTE: There were 2 observations read from the data set WORK.PART_BAR.
NOTE: There were 1 observations read from the data set WORK.M0JTNBZM.
NOTE: The data set WORK.PART_BAR has 2 observations and 8 variables.
NOTE: DATA statement used (Total process time):
      real time           0.00 seconds
      cpu time            0.00 seconds
      

11550  data WORK.Part_BAR;
11551  length DATA $8;
11552  set WORK.Part_BAR;
11553  DATA = "TRAIN";
11554  run;

NOTE: There were 2 observations read from the data set WORK.PART_BAR.
NOTE: The data set WORK.PART_BAR has 2 observations and 9 variables.
NOTE: DATA statement used (Total process time):
      real time           0.00 seconds
      cpu time            0.00 seconds
      

11555  data EMWS2.Part_CLASS;
11556  set EMWS2.Part_CLASS WORK.Part_BAR;
11557  run;

NOTE: There were 2 observations read from the data set EMWS2.PART_CLASS.
NOTE: There were 2 observations read from the data set WORK.PART_BAR.
NOTE: The data set EMWS2.PART_CLASS has 4 observations and 9 variables.
NOTE: DATA statement used (Total process time):
      real time           0.09 seconds
      cpu time            0.00 seconds
      

11558  *------------------------------------------------------------*;
11559  * Part: Computing statistics for interval target variables;
11560  *------------------------------------------------------------*;
11561  *------------------------------------------------------------*;
11562  * Part: Computing statistics for class target variables;
11563  *------------------------------------------------------------*;
11564  ods listing close;
11565  ods output onewayfreqs=WORK.TEMPFREQ;
11566  proc freq data = EMWS2.Part_VALIDATE order=formatted addnames;
11567  table RESPOND / missing;
11568  run;

NOTE: The data set WORK.TEMPFREQ has 2 observations and 8 variables.
NOTE: There were 16121 observations read from the data set EMWS2.PART_VALIDATE.
NOTE: PROCEDURE FREQ used (Total process time):
      real time           0.04 seconds
      cpu time            0.01 seconds
      

11569  quit;
11570  ods listing;
11571  data WORK.Part_BAR(keep=_VARIABLE_ TYPE COUNT PERCENT _X_ _XLABEL_);
11572  label _VARIABLE_ = "%sysfunc(sasmsg(sashelp.dmine, rpt_variable_vlabel, NOQUOTE))" Type = "%sysfunc(sasmsg(sashelp.dmine, rpt_type_vlabel,         NOQUOTE))" _X_ = "%sysfunc(sasmsg(sashelp.dmine, rpt_numValue_vlabel, NOQUOTE))" _XLABEL_ =
11573     "%sysfunc(sasmsg(sashelp.dmine, rpt_fmtValue_vlabel ,    NOQUOTE))" COUNT = "%sysfunc(sasmsg(sashelp.dmine, rpt_count_vlabel,        NOQUOTE))" PERCENT = "%sysfunc(sasmsg(sashelp.dmine, rpt_percent_vlabel,      NOQUOTE))";
11574  dsid = open("WORK.TEMPFREQ");
11575  varnum = varnum(dsid, 'VARIABLE');
11576  freqnum = varnum(dsid, 'FREQUENCY');
11577  pvarnum = varnum(dsid, 'PERCENT');
11578  typenum = varnum(dsid, '_TYPE_');
11579  length _VARIABLE_ $32 TYPE $1 _XLABEL_ $32;
11580  do while(^fetch(dsid));
11581  _VARIABLE_ = strip(getvarc(dsid, varnum));
11582  count = getvarn(dsid, freqnum);
11583  percent= getvarn(dsid, pvarnum);
11584  vvarnum = varnum(dsid, _VARIABLE_);
11585  type = vartype(dsid, vvarnum);
11586  fvarnum = varnum(dsid, 'F_'!!substr(_VARIABLE_, 1, 30));
11587  _XLABEL_ = left(getvarc(dsid, fvarnum));
11588  _X_ = .;
11589  if TYPE eq 'N' then _X_ = getvarn(dsid, vvarnum);
11590  output;
11591  end;
11592  dsid = close(dsid);
11593  run;

NOTE: The data set WORK.PART_BAR has 2 observations and 6 variables.
NOTE: DATA statement used (Total process time):
      real time           0.01 seconds
      cpu time            0.01 seconds
      

11594  proc sort data=WORK.Part_BAR NOTHREADS;
11595  by _VARIABLE_;
11596  run;

NOTE: There were 2 observations read from the data set WORK.PART_BAR.
NOTE: The data set WORK.PART_BAR has 2 observations and 6 variables.
NOTE: PROCEDURE SORT used (Total process time):
      real time           0.00 seconds
      cpu time            0.00 seconds
      

11597  proc sort data=WORK.M0JTNBZM;
11598  by Name;
11599  run;

NOTE: Input data set is already sorted, no sorting done.
NOTE: PROCEDURE SORT used (Total process time):
      real time           0.00 seconds
      cpu time            0.00 seconds
      

11600  data WORK.Part_BAR;
11601  merge WORK.Part_BAR(in=_a) WORK.M0JTNBZM(keep=Name Label Role rename=(Name=_Variable_ Label=_Label_));
11602  by _Variable_;
11603  label Role = "%sysfunc(sasmsg(sashelp.dmine, meta_role_vlabel ,  NOQUOTE))";
11604  label Label = "%sysfunc(sasmsg(sashelp.dmine, meta_label_vlabel , NOQUOTE))";
11605  if _a then output;
11606  run;

NOTE: Variable Label is uninitialized.
WARNING: Multiple lengths were specified for the BY variable _VARIABLE_ by input data sets. This might cause unexpected results.
NOTE: There were 2 observations read from the data set WORK.PART_BAR.
NOTE: There were 1 observations read from the data set WORK.M0JTNBZM.
NOTE: The data set WORK.PART_BAR has 2 observations and 8 variables.
NOTE: DATA statement used (Total process time):
      real time           0.00 seconds
      cpu time            0.00 seconds
      

11607  data WORK.Part_BAR;
11608  length DATA $8;
11609  set WORK.Part_BAR;
11610  DATA = "VALIDATE";
11611  run;

NOTE: There were 2 observations read from the data set WORK.PART_BAR.
NOTE: The data set WORK.PART_BAR has 2 observations and 9 variables.
NOTE: DATA statement used (Total process time):
      real time           0.00 seconds
      cpu time            0.00 seconds
      

11612  data EMWS2.Part_CLASS;
11613  set EMWS2.Part_CLASS WORK.Part_BAR;
11614  run;

NOTE: There were 4 observations read from the data set EMWS2.PART_CLASS.
NOTE: There were 2 observations read from the data set WORK.PART_BAR.
NOTE: The data set EMWS2.PART_CLASS has 6 observations and 9 variables.
NOTE: DATA statement used (Total process time):
      real time           0.09 seconds
      cpu time            0.00 seconds
      

11615  *------------------------------------------------------------*;
11616  * Part: Computing statistics for interval target variables;
11617  *------------------------------------------------------------*;
11618  data EMWS2.Part_CLASS(rename=(_VARIABLE_=VARIABLE _X_=VALUE _XLABEL_=FORMATTEDVALUE));
11619  label DATA = "%sysfunc(sasmsg(sashelp.dmine, rpt_data_vlabel ,   NOQUOTE))";
11620  set EMWS2.Part_CLASS;
11621  drop type role;
11622  run;

NOTE: There were 6 observations read from the data set EMWS2.PART_CLASS.
NOTE: The data set EMWS2.PART_CLASS has 6 observations and 7 variables.
NOTE: DATA statement used (Total process time):
      real time           0.09 seconds
      cpu time            0.00 seconds
      

11623  proc sort data=EMWS2.Part_CLASS NOTHREADS;
11624  by DATA;
11625  run;

NOTE: There were 6 observations read from the data set EMWS2.PART_CLASS.
NOTE: The data set EMWS2.PART_CLASS has 6 observations and 7 variables.
NOTE: PROCEDURE SORT used (Total process time):
      real time           0.07 seconds
      cpu time            0.00 seconds
      

11626  %let _cn = %sysfunc(getoption(CENTER));
11627  %let _nb = %sysfunc(getoption(NUMBER));
11628  options nonumber nocenter;
11629  proc print data=EMWS2.Part_CLASS noobs label;
11630  by DATA;
11631  title9 ' ';
11632  title10 "%sysfunc(sasmsg(sashelp.dmine, rpt_classTargetStats_title, NOQUOTE))";
11633  run;

NOTE: There were 6 observations read from the data set EMWS2.PART_CLASS.
NOTE: The PROCEDURE PRINT printed page 3.
NOTE: PROCEDURE PRINT used (Total process time):
      real time           0.01 seconds
      cpu time            0.00 seconds
      

11634  title10;
11635  options &_cn &_nb;

