*------------------------------------------------------------*
* Training Log
Date:                April 20, 2017
Time:                02:57:01
*------------------------------------------------------------*
10867  proc freq data=EMWS2.Reg_VariableSet noprint;
10868  table ROLE*LEVEL/out=WORK.RegMETA;
10869  run;

NOTE: There were 36 observations read from the data set EMWS2.REG_VARIABLESET.
NOTE: The data set WORK.REGMETA has 2 observations and 4 variables.
NOTE: PROCEDURE FREQ used (Total process time):
      real time           0.01 seconds
      cpu time            0.01 seconds
      

10870  proc print data=WORK.RegMETA label noobs;
10871  var ROLE LEVEL COUNT;
10872  label ROLE = "%sysfunc(sasmsg(sashelp.dmine, meta_role_vlabel, NOQUOTE))" LEVEL = "%sysfunc(sasmsg(sashelp.dmine, meta_level_vlabel, NOQUOTE))" COUNT = "%sysfunc(sasmsg(sashelp.dmine, rpt_count_vlabel, NOQUOTE))";
10873  title9 ' ';
10874  title10 "%sysfunc(sasmsg(sashelp.dmine, rpt_varSummary_title  , NOQUOTE))";
10875  run;

NOTE: There were 2 observations read from the data set WORK.REGMETA.
NOTE: The PROCEDURE PRINT printed page 1.
NOTE: PROCEDURE PRINT used (Total process time):
      real time           0.01 seconds
      cpu time            0.01 seconds
      

10876  title10;

10877  %let EMNORLEN = %DMNORLEN;
EMWS2.VarClus_TRAIN EMWS2.VarClus_TRAIN 
EMWS2.VarClus_TRAIN EMWS2.VarClus_TRAIN EMWS2 VarClus_TRAIN 
EMWS2.VarClus_TRAIN EMWS2.VarClus_TRAIN 
EMWS2.VarClus_TRAIN EMWS2.VarClus_TRAIN EMWS2 VarClus_TRAIN 
Executing  SASHELP.EMCORE.EMINFOITERATOR.SCL _INIT >> 
Executing  SASHELP.EMCORE.EMINFOITERATOR.SCL setMetaData >> 
Executing  SASHELP.EMCORE.EMINFOITERATOR.SCL next >> 
Executing  SASHELP.EMCORE.EMINFOITERATOR.SCL next >> 
Executing  SASHELP.EMCORE.EMINFOITERATOR.SCL setMetaData >> 
Executing  SASHELP.EMCORE.EMINFOITERATOR.SCL next >> 
Executing  SASHELP.EMCORE.EMINFOITERATOR.SCL next >> 
Executing  SASHELP.EMCORE.EMINFOITERATOR.SCL _term >> 
10906  data WORK.Reg_EVENT(KEEP=VARIABLE LABEL LEVEL EVENT NUMLEVELS ORDER);
10907  length ORDER $20;
10908  label VARIABLE = "%sysfunc(sasmsg(sashelp.dmine, rpt_target_vlabel,  NOQUOTE))" EVENT = "%sysfunc(sasmsg(sashelp.dmine, assmt_event_vlabel, NOQUOTE))" NUMLEVELS = "%sysfunc(sasmsg(sashelp.dmine, rpt_numcat_vlabel, NOQUOTE))" LEVEL =
10909     "%sysfunc(sasmsg(sashelp.dmine, meta_level_vlabel, NOQUOTE))" ORDER = "%sysfunc(sasmsg(sashelp.dmine, meta_order_vlabel, NOQUOTE))" LABEL = "%sysfunc(sasmsg(sashelp.dmine, meta_label_vlabel, NOQUOTE))";
10910  set EMWS2.IDS_RESPOND_DM( where=(_TYPE_="TARGET"));
10911  NumLevels=2;
10912  select(upcase(ORDER));
10913  when('DESC') ORDER = 'Descending';
10914  when('ASC') ORDER = 'Ascending';
10915  when('FMTDESC') ORDER = 'Formatted Descending';
10916  when('FMTASC') ORDER = 'Formatted Ascending';
10917  otherwise ORDER = 'Descending';
10918  end;
10919  output;
10920  run;

NOTE: There were 1 observations read from the data set EMWS2.IDS_RESPOND_DM.
      WHERE _TYPE_='TARGET';
NOTE: The data set WORK.REG_EVENT has 1 observations and 6 variables.
NOTE: DATA statement used (Total process time):
      real time           0.01 seconds
      cpu time            0.01 seconds
      

10921  title9 ' ';
10922  proc print data=WORK.Reg_EVENT noobs label;
10923  var VARIABLE EVENT LEVEL NUMLEVELS ORDER LABEL;
10924  title9 ' ';
10925  title10 "%sysfunc(sasmsg(sashelp.dmine, rpt_modelEvent_title  , NOQUOTE))";
10926  run;

NOTE: There were 1 observations read from the data set WORK.REG_EVENT.
NOTE: The PROCEDURE PRINT printed page 2.
NOTE: PROCEDURE PRINT used (Total process time):
      real time           0.00 seconds
      cpu time            0.00 seconds
      

10927  title10;

"No decisions defined for target "RESPOND"." 
10928  proc print data = EMWS2.Ids_RESPOND_DM noobs label;
10929  var _type_ variable label;
10930  where _type_ ^in('MATRIX', 'DECISION', 'TRAINPRIOR', 'DATAPRIOR', 'DECPRIOR');
10931  label _TYPE_ = "%sysfunc(sasmsg(sashelp.dmine, rpt_type_vlabel,     NOQUOTE))" VARIABLE = "%sysfunc(sasmsg(sashelp.dmine, rpt_variable_vlabel, NOQUOTE))" LABEL = "%sysfunc(sasmsg(sashelp.dmine, meta_label_vlabel, NOQUOTE))";
10932  title9 ' ';
10933  title10 "%sysfunc(sasmsg(sashelp.dmine, rpt_predDecVars_title  , NOQUOTE))";
10934  run;

NOTE: There were 7 observations read from the data set EMWS2.IDS_RESPOND_DM.
      WHERE _type_ not in ('DATAPRIOR', 'DECISION', 'DECPRIOR', 'MATRIX', 'TRAINPRIOR');
NOTE: The PROCEDURE PRINT printed page 3.
NOTE: PROCEDURE PRINT used (Total process time):
      real time           0.00 seconds
      cpu time            0.00 seconds
      

10935  title10;

10945  data WORK.M0BZF95O;
10946  set WORK.M0BZF95O end=eof;
10947  output;
10948  if eof then do;
10949  NAME="";
10950  ROLE="COST";
10951  LEVEL="INTERVAL";
10952  TYPE="N";
10953  output;
10954  end;
10955  run;

NOTE: There were 36 observations read from the data set WORK.M0BZF95O.
NOTE: The data set WORK.M0BZF95O has 37 observations and 21 variables.
NOTE: DATA statement used (Total process time):
      real time           0.01 seconds
      cpu time            0.01 seconds
      

NOTE: There were 2 observations read from the data set EMWS2.IDS_RESPOND_DD.
NOTE: The data set WORK.RESPOND has 2 observations and 7 variables.
NOTE: There were 2 observations read from the data set EMWS2.IDS_RESPOND_DD.
NOTE: The data set WORK.RESPOND has 2 observations and 7 variables.
10956  *------------------------------------------------------------*;
10957  * Reg: Create decision matrix;
10958  *------------------------------------------------------------*;
10959  data WORK.RESPOND;
10960    length   RESPOND                          $  32
10961             COUNT                                8
10962             DATAPRIOR                            8
10963             TRAINPRIOR                           8
10964             DECPRIOR                             8
10965             DECISION1                            8
10966             DECISION2                            8
10967             ;
10968  
10969    label    COUNT="Level Counts"
10970             DATAPRIOR="Data Proportions"
10971             TRAINPRIOR="Training Proportions"
10972             DECPRIOR="Decision Priors"
10973             DECISION1="1"
10974             DECISION2="0"
10975             ;
10976    format   COUNT 10.
10977             ;
10978  RESPOND="1"; COUNT=2739; DATAPRIOR=0.0566424021838; TRAINPRIOR=0.0566424021838; DECPRIOR=.; DECISION1=1; DECISION2=0;
10979  output;
10980  RESPOND="0"; COUNT=45617; DATAPRIOR=0.94335759781619; TRAINPRIOR=0.94335759781619; DECPRIOR=.; DECISION1=0; DECISION2=1;
10981  output;
10982  ;
10983  run;

NOTE: The data set WORK.RESPOND has 2 observations and 7 variables.
NOTE: DATA statement used (Total process time):
      real time           0.00 seconds
      cpu time            0.00 seconds
      

10984  proc datasets lib=work nolist;
10985  modify RESPOND(type=PROFIT label=RESPOND);
10986  label DECISION1= '1';
10987  label DECISION2= '0';
10988  run;

NOTE: MODIFY was successful for WORK.RESPOND.DATA.
10989  quit;

NOTE: PROCEDURE DATASETS used (Total process time):
      real time           0.01 seconds
      cpu time            0.01 seconds
      

10990  data EM_DMREG / view=EM_DMREG;
10991  set EMWS2.VarClus_TRAIN(keep=
10992  BOTHPAYM0 CATALOGCNT CCPAYM0 DEPT03 DEPT12 DEPT19 DEPT21 DOLINDEA DOLINDET
10993  DOLLARQ02 DOLLARQ03 DOLLARQ04 DOLLARQ08 DOLLARQ09 DOLLARQ10 DOLLARQ16 DOLLARQ17
10994  METHPAYMCK MONLAST RESPOND TENURE TOTORDQ01 TOTORDQ05 TOTORDQ06 TOTORDQ07
10995  TOTORDQ11 TOTORDQ12 TOTORDQ13 TOTORDQ14 TOTORDQ15 TOTORDQ18 TOTORDQ19 TOTORDQ20
10996  TOTORDQ21 TOTORDQ22 UNTLANPO );
10997  run;

NOTE: DATA STEP view saved on file WORK.EM_DMREG.
NOTE: A stored DATA STEP view cannot run under a different operating system.
NOTE: View EMWS2.VARCLUS_TRAIN.VIEW used (Total process time):
      real time           0.03 seconds
      cpu time            0.03 seconds
      
NOTE: DATA statement used (Total process time):
      real time           0.04 seconds
      cpu time            0.04 seconds
      

10998  *------------------------------------------------------------* ;
10999  * Reg: DMDBClass Macro ;
11000  *------------------------------------------------------------* ;
11001  %macro DMDBClass;
11002      RESPOND(DESC)
11003  %mend DMDBClass;
11004  *------------------------------------------------------------* ;
11005  * Reg: DMDBVar Macro ;
11006  *------------------------------------------------------------* ;
11007  %macro DMDBVar;
11008      BOTHPAYM0 CATALOGCNT CCPAYM0 DEPT03 DEPT12 DEPT19 DEPT21 DOLINDEA DOLINDET
11009     DOLLARQ02 DOLLARQ03 DOLLARQ04 DOLLARQ08 DOLLARQ09 DOLLARQ10 DOLLARQ16 DOLLARQ17
11010     METHPAYMCK MONLAST TENURE TOTORDQ01 TOTORDQ05 TOTORDQ06 TOTORDQ07 TOTORDQ11
11011     TOTORDQ12 TOTORDQ13 TOTORDQ14 TOTORDQ15 TOTORDQ18 TOTORDQ19 TOTORDQ20 TOTORDQ21
11012     TOTORDQ22 UNTLANPO
11013  %mend DMDBVar;
11014  *------------------------------------------------------------*;
11015  * Reg: Create DMDB;
11016  *------------------------------------------------------------*;
11017  proc dmdb batch data=WORK.EM_DMREG
11018  dmdbcat=WORK.Reg_DMDB
11019  maxlevel = 513
11020  ;
11021  class %DMDBClass;
11022  var %DMDBVar;
11023  target
11024  RESPOND
11025  ;
11026  run;

NOTE: Records processed = 32235   Memory used = 511K.
NOTE: There were 32235 observations read from the data set EMWS2.PART_TRAIN.
NOTE: View WORK.EM_DMREG.VIEW used (Total process time):
      real time           0.13 seconds
      cpu time            0.14 seconds
      
NOTE: There were 32235 observations read from the data set EMWS2.VARCLUS_TRAIN.
NOTE: There were 32235 observations read from the data set WORK.EM_DMREG.
NOTE: PROCEDURE DMDB used (Total process time):
      real time           0.15 seconds
      cpu time            0.15 seconds
      

11027  quit;
11028  *--- end code ---*;

11029  *------------------------------------------------------------*;
11030  * Reg: Run DMREG procedure;
11031  *------------------------------------------------------------*;
11032  proc dmreg data=EM_DMREG dmdbcat=WORK.Reg_DMDB
11033  validata = EMWS2.VarClus_VALIDATE
11034  outest = EMWS2.Reg_EMESTIMATE
11035  outterms = EMWS2.Reg_OUTTERMS
11036  outmap= EMWS2.Reg_MAPDS namelen=200
11037  ;
11038  class
11039  RESPOND
11040  ;
11041  model RESPOND =
11042  BOTHPAYM0
11043  CATALOGCNT
11044  CCPAYM0
11045  DEPT03
11046  DEPT12
11047  DEPT19
11048  DEPT21
11049  DOLINDEA
11050  DOLINDET
11051  DOLLARQ02
11052  DOLLARQ03
11053  DOLLARQ04
11054  DOLLARQ08
11055  DOLLARQ09
11056  DOLLARQ10
11057  DOLLARQ16
11058  DOLLARQ17
11059  METHPAYMCK
11060  MONLAST
11061  TENURE
11062  TOTORDQ01
11063  TOTORDQ05
11064  TOTORDQ06
11065  TOTORDQ07
11066  TOTORDQ11
11067  TOTORDQ12
11068  TOTORDQ13
11069  TOTORDQ14
11070  TOTORDQ15
11071  TOTORDQ18
11072  TOTORDQ19
11073  TOTORDQ20
11074  TOTORDQ21
11075  TOTORDQ22
11076  UNTLANPO
11077  /error=binomial link=LOGIT
11078  coding=DEVIATION
11079  nodesignprint
11080  selection=FORWARD choose=VERROR
11081  Hierarchy=CLASS
11082  Rule=NONE
11083  ;
11084  ;
11085  code file="H:\Bia_Priya\Project_PredictiveAnalysis\Workspaces\EMWS2\Reg\EMPUBLISHSCORE.sas"
11086  group=Reg
11087  ;
11088  code file="H:\Bia_Priya\Project_PredictiveAnalysis\Workspaces\EMWS2\Reg\EMFLOWSCORE.sas"
11089  group=Reg
11090  residual
11091  ;
11092  run;


NOTE: PROC DMREG is modeling the probability that RESPOND='1'.
NOTE: Convergence criterion (ABSGCONV=0.00001) satisfied.
NOTE: Convergence criterion (GCONV=1E-6) satisfied.
NOTE: Convergence criterion (GCONV=1E-6) satisfied.
NOTE: Convergence criterion (GCONV=1E-6) satisfied.
NOTE: Convergence criterion (GCONV=1E-6) satisfied.
NOTE: Convergence criterion (GCONV=1E-6) satisfied.
NOTE: Convergence criterion (GCONV=1E-6) satisfied.
NOTE: Convergence criterion (GCONV=1E-6) satisfied.
NOTE: Convergence criterion (GCONV=1E-6) satisfied.
NOTE: Convergence criterion (GCONV=1E-6) satisfied.
NOTE: Convergence criterion (GCONV=1E-6) satisfied.
NOTE: At least one element of the gradient is greater than 1e-3.
NOTE: Convergence criterion (GCONV=1E-6) satisfied.
NOTE: At least one element of the gradient is greater than 1e-3.
NOTE: Convergence criterion (GCONV=1E-6) satisfied.
NOTE: At least one element of the gradient is greater than 1e-3.
NOTE: Convergence criterion (GCONV=1E-6) satisfied.
NOTE: At least one element of the gradient is greater than 1e-3.
NOTE: External file H:\Bia_Priya\Project_PredictiveAnalysis\Workspaces\EMWS2\Reg\EMPUBLISHSCORE.sas opened.
NOTE: External file H:\Bia_Priya\Project_PredictiveAnalysis\Workspaces\EMWS2\Reg\EMFLOWSCORE.sas opened.
NOTE: View EMWS2.VARCLUS_VALIDATE.VIEW used (Total process time):
      real time           4.51 seconds
      cpu time            4.29 seconds
      
NOTE: There were 16121 observations read from the data set EMWS2.PART_VALIDATE.
NOTE: There were 32235 observations read from the data set EMWS2.PART_TRAIN.
NOTE: View WORK.EM_DMREG.VIEW used (Total process time):
      real time           4.60 seconds
      cpu time            4.35 seconds
      
NOTE: There were 32235 observations read from the data set EMWS2.VARCLUS_TRAIN.
NOTE: There were 32235 observations read from the data set WORK.EM_DMREG.
NOTE: There were 16121 observations read from the data set EMWS2.VARCLUS_VALIDATE.
NOTE: The data set EMWS2.REG_EMESTIMATE has 45 observations and 72 variables.
NOTE: The data set EMWS2.REG_OUTTERMS has 9 observations and 5 variables.
NOTE: The data set EMWS2.REG_MAPDS has 2 observations and 37 variables.
NOTE: The PROCEDURE DMREG printed pages 4-18.
NOTE: PROCEDURE DMREG used (Total process time):
      real time           4.70 seconds
      cpu time            4.39 seconds
      

11093  quit;

11094  proc datasets lib=WORK nolist;
11095  delete Reg_DMDB;
11096  run;

NOTE: The file WORK.REG_DMDB (memtype=DATA) was not found, but appears on a DELETE statement.
11097  quit;

NOTE: PROCEDURE DATASETS used (Total process time):
      real time           0.00 seconds
      cpu time            0.00 seconds
      

11098  proc datasets lib=WORK nolist;
11099  delete Reg_DMDB / memtype=catalog;
11100  run;

NOTE: Deleting WORK.REG_DMDB (memtype=CATALOG).
11101  quit;

NOTE: PROCEDURE DATASETS used (Total process time):
      real time           0.01 seconds
      cpu time            0.01 seconds
      

11102  data WORK.ESTIMATE;
11103  length _NAME_ $32;
11104  set EMWS2.Reg_EMESTIMATE;
11105  drop _AIC_--_VMISC_
11106  ;
11107  where _CHOSEN_ ne '' and _TYPE_ in('PARMS', 'T', 'P');
11108  drop _STEP_ _CHOSEN_;
11109  select(_TYPE_);
11110  when('PARMS') _NAME_='Coefficient';
11111  when('T') _NAME_='tValue';
11112  when('P') _NAME_='PValue';
11113  otherwise;
11114  end;
11115  run;

NOTE: There were 3 observations read from the data set EMWS2.REG_EMESTIMATE.
      WHERE (_CHOSEN_ not = ' ') and _TYPE_ in ('P', 'PARMS', 'T');
NOTE: The data set WORK.ESTIMATE has 3 observations and 38 variables.
NOTE: DATA statement used (Total process time):
      real time           0.00 seconds
      cpu time            0.00 seconds
      

11116  proc transpose data=WORK.ESTIMATE out=WORK.ESTIMATE(rename=(_NAME_=Effect));
11117  run;

NOTE: There were 3 observations read from the data set WORK.ESTIMATE.
NOTE: The data set WORK.ESTIMATE has 36 observations and 5 variables.
NOTE: PROCEDURE TRANSPOSE used (Total process time):
      real time           0.00 seconds
      cpu time            0.00 seconds
      

11118  proc transpose data=EMWS2.Reg_MAPDS out=WORK.MAP(rename=(_NAME_=Effect INPUT=Variable
11119  ));
11120  var 'BOTHPAYM0'n--'UNTLANPO'n;
11121  run;

NOTE: There were 2 observations read from the data set EMWS2.REG_MAPDS.
NOTE: The data set WORK.MAP has 35 observations and 4 variables.
NOTE: PROCEDURE TRANSPOSE used (Total process time):
      real time           0.01 seconds
      cpu time            0.01 seconds
      

11122  proc sort data=WORK.MAP;
11123  by Effect;
11124  run;

NOTE: There were 35 observations read from the data set WORK.MAP.
NOTE: The data set WORK.MAP has 35 observations and 4 variables.
NOTE: PROCEDURE SORT used (Total process time):
      real time           0.00 seconds
      cpu time            0.00 seconds
      

11125  proc sort data=WORK.ESTIMATE;
11126  by Effect;
11127  run;

NOTE: There were 36 observations read from the data set WORK.ESTIMATE.
NOTE: The data set WORK.ESTIMATE has 36 observations and 5 variables.
NOTE: PROCEDURE SORT used (Total process time):
      real time           0.00 seconds
      cpu time            0.00 seconds
      

11128  data EMWS2.Reg_EFFECTS(rename=(_LABEL_=EffectLabel));
11129  length Variable ClassLevel $32;
11130  merge WORK.ESTIMATE WORK.MAP;
11131  by Effect;
11132  label Effect = "%sysfunc(sasmsg(sashelp.dmine, rpt_effect_vlabel, NOQUOTE))" Variable = "%sysfunc(sasmsg(sashelp.dmine, rpt_variable_vlabel, NOQUOTE))" Sign = "%sysfunc(sasmsg(sashelp.dmine, rpt_sign_vlabel, NOQUOTE))" ClassLevel =
11133     "%sysfunc(sasmsg(sashelp.dmine, rpt_level_vlabel, NOQUOTE))" Abscoefficient = "%sysfunc(sasmsg(sashelp.dmine, rpt_abscoefficient_vlabel, NOQUOTE))" Coefficient = "%sysfunc(sasmsg(sashelp.dmine, rpt_coefficient_vlabel, NOQUOTE))" _LABEL_ =
11134     "%sysfunc(sasmsg(sashelp.dmine, rpt_effectLabel_vlabel, NOQUOTE))" CODE = "%sysfunc(sasmsg(sashelp.dmine, rpt_scorecodevar_vlabel, NOQUOTE))";
11135  label tvalue = "%sysfunc(sasmsg(sashelp.dmine, rpt_tvalue_vlabel,         NOQUOTE))" abstvalue = "%sysfunc(sasmsg(sashelp.dmine, rpt_absoluteTvalue_vlabel, NOQUOTE))" PValue = "%sysfunc(sasmsg(sashelp.dmine, rpt_pvalue_vlabel,         NOQUOTE))";
11136  abstvalue = abs(tValue);
11137  if index(Effect, 'Intercept') then do;
11138  variable = 'Intercept';
11139  classLevel = scan(_LABEL_, 2, '=');
11140  end;
11141  if ^indexc(variable, '*') then do;
11142  if length(effect)>length(variable) then classlevel = substr(Effect, length(variable)+1);
11143  end;
11144  if Effect eq '' then Effect = Variable;
11145  if coefficient < 0 then sign = '-';
11146  else sign = '+';
11147  abscoefficient = abs(coefficient);
11148  if _LABEL_ = '' then _LABEL_ = Effect;
11149  if coefficient ne . then output;
11150  run;

NOTE: Missing values were generated as a result of performing an operation on missing values.
      Each place is given by: (Number of times) at (Line):(Column).
      27 at 11136:13   27 at 11147:18   
NOTE: There were 36 observations read from the data set WORK.ESTIMATE.
NOTE: There were 35 observations read from the data set WORK.MAP.
NOTE: The data set EMWS2.REG_EFFECTS has 9 observations and 11 variables.
NOTE: DATA statement used (Total process time):
      real time           0.04 seconds
      cpu time            0.01 seconds
      

11151  proc sort data =EMWS2.Reg_EFFECTS;
11152  by
11153  descending abstvalue;
11154  run;

NOTE: There were 9 observations read from the data set EMWS2.REG_EFFECTS.
NOTE: The data set EMWS2.REG_EFFECTS has 9 observations and 11 variables.
NOTE: PROCEDURE SORT used (Total process time):
      real time           0.03 seconds
      cpu time            0.00 seconds
      

11155  data EMWS2.Reg_EFFECTS;
11156  set EMWS2.Reg_EFFECTS;
11157  format TEffectNum 3.;
11158  label TEffectNum = "%sysfunc(sasmsg(sashelp.dmine, rpt_teffectnum_vlabel, NOQUOTE))";
11159  retain TEffectNum;
11160  TEffectNum = _N_;
11161  run;

NOTE: There were 9 observations read from the data set EMWS2.REG_EFFECTS.
NOTE: The data set EMWS2.REG_EFFECTS has 9 observations and 12 variables.
NOTE: DATA statement used (Total process time):
      real time           0.03 seconds
      cpu time            0.00 seconds
      

11162  proc sort data =EMWS2.Reg_EFFECTS;
11163  by
11164  descending absCoefficient;
11165  run;

NOTE: There were 9 observations read from the data set EMWS2.REG_EFFECTS.
NOTE: The data set EMWS2.REG_EFFECTS has 9 observations and 12 variables.
NOTE: PROCEDURE SORT used (Total process time):
      real time           0.03 seconds
      cpu time            0.01 seconds
      

11166  data EMWS2.Reg_EFFECTS;
11167  set EMWS2.Reg_EFFECTS;
11168  format EffectNum 3.;
11169  label EffectNum = "%sysfunc(sasmsg(sashelp.dmine, rpt_effectnum_vlabel, NOQUOTE))";
11170  retain EffectNum;
11171  EffectNum = _N_;
11172  run;

NOTE: There were 9 observations read from the data set EMWS2.REG_EFFECTS.
NOTE: The data set EMWS2.REG_EFFECTS has 9 observations and 13 variables.
NOTE: DATA statement used (Total process time):
      real time           0.04 seconds
      cpu time            0.03 seconds
      

11173  proc transpose data=EMWS2.Reg_EMESTIMATE out=EMWS2.Reg_ESTIMATEGRID(rename=(PARMS=Coefficient T=TValue _NAME_=Effect _LABEL_=EffectLabel));
11174  where _CHOSEN_ eq '' and _TYPE_ in('PARMS', 'T', 'P');
11175  var 'BOTHPAYM0'n--'UNTLANPO'n;
11176  by _STEP_;
11177  id _TYPE_;
11178  run;

NOTE: There were 42 observations read from the data set EMWS2.REG_EMESTIMATE.
      WHERE (_CHOSEN_=' ') and _TYPE_ in ('P', 'PARMS', 'T');
NOTE: The data set EMWS2.REG_ESTIMATEGRID has 490 observations and 6 variables.
NOTE: PROCEDURE TRANSPOSE used (Total process time):
      real time           0.03 seconds
      cpu time            0.01 seconds
      

11179  data EMWS2.Reg_ESTIMATEGRID;
11180  set EMWS2.Reg_ESTIMATEGRID;
11181  if EffectLabel eq '' then EffectLabel = Effect;
11182  label EffectLabel = "%sysfunc(sasmsg(sashelp.dmine, rpt_effectLabel_vlabel, NOQUOTE))" Effect = "%sysfunc(sasmsg(sashelp.dmine, rpt_effect_vlabel, NOQUOTE))" Abscoefficient = "%sysfunc(sasmsg(sashelp.dmine, rpt_abscoefficient_vlabel, NOQUOTE))"
11183     Coefficient = "%sysfunc(sasmsg(sashelp.dmine, rpt_coefficient_vlabel, NOQUOTE))" tvalue = "%sysfunc(sasmsg(sashelp.dmine, rpt_tvalue_vlabel,         NOQUOTE))" abstvalue = "%sysfunc(sasmsg(sashelp.dmine, rpt_absoluteTvalue_vlabel, NOQUOTE))"
11183! PValue =
11184     "%sysfunc(sasmsg(sashelp.dmine, rpt_pvalue_vlabel,         NOQUOTE))";
11185  AbsCoefficient = abs(Coefficient);
11186  AbsTValue = abs(TValue);
11187  where coefficient ne .;
11188  run;

NOTE: Variable PValue is uninitialized.
NOTE: There were 91 observations read from the data set EMWS2.REG_ESTIMATEGRID.
      WHERE coefficient not = .;
NOTE: The data set EMWS2.REG_ESTIMATEGRID has 91 observations and 8 variables.
NOTE: DATA statement used (Total process time):
      real time           0.04 seconds
      cpu time            0.01 seconds
      

