 
                                                                                                                                                                                                                                                                
 
 
Variable Summary

          Measurement    Frequency
 Role        Level         Count

INPUT      INTERVAL          35   
TARGET     BINARY             1   
 
                                                                                                                                                                                                                                                                
 
 
Model Events

                                   Number
                    Measurement      of
Target     Event       Level       Levels      Order            Label

RESPOND      1        BINARY          2      Descending    response target
 
                                                                                                                                                                                                                                                                
 
 
Predicted and decision variables

Type          Variable     Label

TARGET       RESPOND       response target     
PREDICTED    P_RESPOND1    Predicted: RESPOND=1
RESIDUAL     R_RESPOND1    Residual: RESPOND=1 
PREDICTED    P_RESPOND0    Predicted: RESPOND=0
RESIDUAL     R_RESPOND0    Residual: RESPOND=0 
FROM         F_RESPOND     From: RESPOND       
INTO         I_RESPOND     Into: RESPOND       
 
                                                                                                                                                                                                                                                                
 
 

The DMREG Procedure

                   Model Information

Training Data Set              WORK.EM_DMREG.VIEW       
DMDB Catalog                   WORK.REG_DMDB            
Target Variable                RESPOND (response target)
Target Measurement Level       Ordinal                  
Number of Target Categories    2                        
Error                          MBernoulli               
Link Function                  Logit                    
Number of Model Parameters     36                       
Number of Observations         32235                    


          Target Profile
 
 Ordered                     Total
   Value     RESPOND     Frequency

       1     1                1825
       2     0               30410




Forward Selection Procedure


Step 0: Intercept entered.
 
                                                                                                                                                                                                                                                                
 
 

The DMREG Procedure

Newton-Raphson Ridge Optimization

Without Parameter Scaling

Parameter Estimates               1

                                             Optimization Start

Active Constraints                                  0  Objective Function                       7012.7727701
Max Abs Gradient Element                  4.28564E-11                                                       

                                            Optimization Results

Iterations                                          0  Function Calls                                      3
Hessian Calls                                       1  Active Constraints                                  0
Objective Function                       7012.7727701  Max Abs Gradient Element                  4.28564E-11
Ridge                                               0  Actual Over Pred Change                             0

Convergence criterion (ABSGCONV=0.00001) satisfied.                                               


     Likelihood Ratio Test for Global Null Hypothesis: BETA=0
 
     -2 Log Likelihood          Likelihood
  Intercept     Intercept &          Ratio
       Only      Covariates     Chi-Square       DF     Pr > ChiSq

  14025.546       14025.546         0.0000        0          .    


                            Analysis of Maximum Likelihood Estimates
 
                                Standard          Wald                  Standardized
Parameter     DF    Estimate       Error    Chi-Square    Pr > ChiSq        Estimate    Exp(Est)

Intercept      1     -2.8132      0.0241      13625.43        <.0001                       0.060




Step 1: Effect DOLINDET entered.
 
                                                                                                                                                                                                                                                                
 
 

The DMREG Procedure

Newton-Raphson Ridge Optimization

Without Parameter Scaling

Parameter Estimates               2

                                             Optimization Start

Active Constraints                                  0  Objective Function                       7012.7727701
Max Abs Gradient Element                 71.867859078                                                       


                                                                                                        Ratio
                                                                                                      Between
                                                                                                       Actual
                                                                 Objective     Max Abs                    and
                     Function         Active        Objective     Function    Gradient              Predicted
Iter     Restarts       Calls    Constraints         Function       Change     Element     Ridge       Change

   1            0           2              0             7006       7.1239       212.2         0       0.0341
   2            0           3              0             6886        120.1     30.0906         0        0.959
   3            0           4              0             6885       0.6817      0.4119         0        1.005
   4            0           5              0             6885     0.000057    0.000049         0        1.000

                                            Optimization Results

Iterations                                          4  Function Calls                                      7
Hessian Calls                                       5  Active Constraints                                  0
Objective Function                       6884.8691311  Max Abs Gradient Element                 0.0000494343
Ridge                                               0  Actual Over Pred Change                  1.0000796003

Convergence criterion (GCONV=1E-6) satisfied.                                                     


     Likelihood Ratio Test for Global Null Hypothesis: BETA=0
 
     -2 Log Likelihood          Likelihood
  Intercept     Intercept &          Ratio
       Only      Covariates     Chi-Square       DF     Pr > ChiSq

  14025.546       13769.738       255.8073        1         <.0001


                            Analysis of Maximum Likelihood Estimates
 
                                Standard          Wald                  Standardized
Parameter     DF    Estimate       Error    Chi-Square    Pr > ChiSq        Estimate    Exp(Est)

Intercept      1     -3.0183      0.0282      11492.72        <.0001                       0.049
DOLINDET       1    0.000840    0.000049        292.00        <.0001          0.1455       1.001


   Odds Ratio Estimates
             
                      Point
Effect             Estimate

DOLINDET              1.001


Step 2: Effect TOTORDQ20 entered.
 
                                                                                                                                                                                                                                                                
 
 

The DMREG Procedure

Newton-Raphson Ridge Optimization

Without Parameter Scaling

Parameter Estimates               3

                                             Optimization Start

Active Constraints                                  0  Objective Function                       7012.7727701
Max Abs Gradient Element                 71.867859078                                                       


                                                                                                        Ratio
                                                                                                      Between
                                                                                                       Actual
                                                                 Objective     Max Abs                    and
                     Function         Active        Objective     Function    Gradient              Predicted
Iter     Restarts       Calls    Constraints         Function       Change     Element     Ridge       Change

   1            0           2              0             6959      53.9285       314.0         0        0.166
   2            0           3              0             6808        151.1     40.3391         0        0.982
   3            0           4              0             6807       0.8194      0.5819         0        1.007
   4            0           5              0             6807     0.000115    0.000098         0        1.000

                                            Optimization Results

Iterations                                          4  Function Calls                                      7
Hessian Calls                                       5  Active Constraints                                  0
Objective Function                       6806.9221975  Max Abs Gradient Element                 0.0000984447
Ridge                                               0  Actual Over Pred Change                  1.0001124579

Convergence criterion (GCONV=1E-6) satisfied.                                                     


     Likelihood Ratio Test for Global Null Hypothesis: BETA=0
 
     -2 Log Likelihood          Likelihood
  Intercept     Intercept &          Ratio
       Only      Covariates     Chi-Square       DF     Pr > ChiSq

  14025.546       13613.844       411.7011        2         <.0001


                            Analysis of Maximum Likelihood Estimates
 
                                Standard          Wald                  Standardized
Parameter     DF    Estimate       Error    Chi-Square    Pr > ChiSq        Estimate    Exp(Est)

Intercept      1     -3.0997      0.0296      10992.80        <.0001                       0.045
DOLINDET       1    0.000686    0.000051        178.55        <.0001          0.1188       1.001
TOTORDQ20      1      0.5336      0.0412        168.11        <.0001          0.1358       1.705


   Odds Ratio Estimates
             
                      Point
Effect             Estimate

DOLINDET              1.001
TOTORDQ20             1.705


Step 3: Effect MONLAST entered.
 
                                                                                                                                                                                                                                                                
 
 

The DMREG Procedure

Newton-Raphson Ridge Optimization

Without Parameter Scaling

Parameter Estimates               4

                                             Optimization Start

Active Constraints                                  0  Objective Function                       7012.7727701
Max Abs Gradient Element                 197.96403583                                                       


                                                                                                        Ratio
                                                                                                      Between
                                                                                                       Actual
                                                                 Objective     Max Abs                    and
                     Function         Active        Objective     Function    Gradient              Predicted
Iter     Restarts       Calls    Constraints         Function       Change     Element     Ridge       Change

   1            0           2              0             6896        116.5       347.4         0        0.325
   2            0           3              0             6740        156.0     46.9840         0        0.973
   3            0           4              0             6739       1.2873      0.8840         0        1.007
   4            0           5              0             6739     0.000256    0.000229         0        1.000

                                            Optimization Results

Iterations                                          4  Function Calls                                      7
Hessian Calls                                       5  Active Constraints                                  0
Objective Function                       6739.0496787  Max Abs Gradient Element                 0.0002287389
Ridge                                               0  Actual Over Pred Change                   1.000190758

Convergence criterion (GCONV=1E-6) satisfied.                                                     


     Likelihood Ratio Test for Global Null Hypothesis: BETA=0
 
     -2 Log Likelihood          Likelihood
  Intercept     Intercept &          Ratio
       Only      Covariates     Chi-Square       DF     Pr > ChiSq

  14025.546       13478.099       547.4462        3         <.0001


                            Analysis of Maximum Likelihood Estimates
 
                                Standard          Wald                  Standardized
Parameter     DF    Estimate       Error    Chi-Square    Pr > ChiSq        Estimate    Exp(Est)

Intercept      1     -2.7452      0.0416       4354.42        <.0001                       0.064
DOLINDET       1    0.000594    0.000051        136.93        <.0001          0.1030       1.001
MONLAST        1    -0.00960    0.000912        110.81        <.0001         -0.2132       0.990
TOTORDQ20      1      0.3805      0.0425         80.30        <.0001          0.0968       1.463


   Odds Ratio Estimates
             
                      Point
Effect             Estimate

DOLINDET              1.001
MONLAST               0.990
TOTORDQ20             1.463


Step 4: Effect TOTORDQ22 entered.
 
                                                                                                                                                                                                                                                                
 
 

The DMREG Procedure

Newton-Raphson Ridge Optimization

Without Parameter Scaling

Parameter Estimates               5

                                             Optimization Start

Active Constraints                                  0  Objective Function                       7012.7727701
Max Abs Gradient Element                 197.96403583                                                       


                                                                                                        Ratio
                                                                                                      Between
                                                                                                       Actual
                                                                 Objective     Max Abs                    and
                     Function         Active        Objective     Function    Gradient              Predicted
Iter     Restarts       Calls    Constraints         Function       Change     Element     Ridge       Change

   1            0           2              0             6901        112.0       397.1         0        0.276
   2            0           3              0             6719        181.7     50.4045         0        0.975
   3            0           4              0             6718       1.4420      0.9937         0        1.006
   4            0           5              0             6718     0.000308    0.000268         0        1.000

                                            Optimization Results

Iterations                                          4  Function Calls                                      7
Hessian Calls                                       5  Active Constraints                                  0
Objective Function                       6717.6625111  Max Abs Gradient Element                 0.0002678726
Ridge                                               0  Actual Over Pred Change                   1.000183566

Convergence criterion (GCONV=1E-6) satisfied.                                                     


     Likelihood Ratio Test for Global Null Hypothesis: BETA=0
 
     -2 Log Likelihood          Likelihood
  Intercept     Intercept &          Ratio
       Only      Covariates     Chi-Square       DF     Pr > ChiSq

  14025.546       13435.325       590.2205        4         <.0001


                            Analysis of Maximum Likelihood Estimates
 
                                Standard          Wald                  Standardized
Parameter     DF    Estimate       Error    Chi-Square    Pr > ChiSq        Estimate    Exp(Est)

Intercept      1     -2.8250      0.0433       4251.38        <.0001                       0.059
DOLINDET       1    0.000536    0.000052        105.97        <.0001          0.0928       1.001
MONLAST        1    -0.00816    0.000910         80.38        <.0001         -0.1811       0.992
TOTORDQ20      1      0.3867      0.0428         81.68        <.0001          0.0984       1.472
TOTORDQ22      1      0.3923      0.0576         46.32        <.0001          0.0680       1.480


   Odds Ratio Estimates
             
                      Point
Effect             Estimate

DOLINDET              1.001
MONLAST               0.992
TOTORDQ20             1.472
TOTORDQ22             1.480


Step 5: Effect CATALOGCNT entered.
 
                                                                                                                                                                                                                                                                
 
 

The DMREG Procedure

Newton-Raphson Ridge Optimization

Without Parameter Scaling

Parameter Estimates               6

                                             Optimization Start

Active Constraints                                  0  Objective Function                       7012.7727701
Max Abs Gradient Element                 199.06178187                                                       


                                                                                                        Ratio
                                                                                                      Between
                                                                                                       Actual
                                                                 Objective     Max Abs                    and
                     Function         Active        Objective     Function    Gradient              Predicted
Iter     Restarts       Calls    Constraints         Function       Change     Element     Ridge       Change

   1            0           2              0             6876        137.1       418.2         0        0.330
   2            0           3              0             6701        174.4     47.0837         0        0.976
   3            0           4              0             6700       1.5550      1.0841         0        0.997
   4            0           5              0             6700      0.00101    0.000602         0        1.001

                                            Optimization Results

Iterations                                          4  Function Calls                                      7
Hessian Calls                                       5  Active Constraints                                  0
Objective Function                       6699.6754643  Max Abs Gradient Element                 0.0006019688
Ridge                                               0  Actual Over Pred Change                  1.0006406754

Convergence criterion (GCONV=1E-6) satisfied.                                                     


     Likelihood Ratio Test for Global Null Hypothesis: BETA=0
 
     -2 Log Likelihood          Likelihood
  Intercept     Intercept &          Ratio
       Only      Covariates     Chi-Square       DF     Pr > ChiSq

  14025.546       13399.351       626.1946        5         <.0001


                            Analysis of Maximum Likelihood Estimates
 
                                Standard          Wald                  Standardized
Parameter     DF    Estimate       Error    Chi-Square    Pr > ChiSq        Estimate    Exp(Est)

Intercept      1     -3.0355      0.0566       2877.59        <.0001                       0.048
CATALOGCNT     1      0.0597     0.00987         36.56        <.0001          0.1030       1.062
DOLINDET       1    0.000202    0.000077          6.77        0.0093          0.0349       1.000
MONLAST        1    -0.00707    0.000930         57.82        <.0001         -0.1570       0.993
TOTORDQ20      1      0.3832      0.0425         81.18        <.0001          0.0976       1.467
TOTORDQ22      1      0.3810      0.0575         43.91        <.0001          0.0661       1.464


   Odds Ratio Estimates
             
                      Point
Effect             Estimate

CATALOGCNT            1.062
DOLINDET              1.000
MONLAST               0.993
TOTORDQ20             1.467
TOTORDQ22             1.464


Step 6: Effect TOTORDQ18 entered.
 
                                                                                                                                                                                                                                                                
 
 

The DMREG Procedure

Newton-Raphson Ridge Optimization

Without Parameter Scaling

Parameter Estimates               7

                                             Optimization Start

Active Constraints                                  0  Objective Function                       7012.7727701
Max Abs Gradient Element                 199.06178187                                                       


                                                                                                        Ratio
                                                                                                      Between
                                                                                                       Actual
                                                                 Objective     Max Abs                    and
                     Function         Active        Objective     Function    Gradient              Predicted
Iter     Restarts       Calls    Constraints         Function       Change     Element     Ridge       Change

   1            0           2              0             6881        131.3       438.5         0        0.302
   2            0           3              0             6692        189.6     48.7877         0        0.974
   3            0           4              0             6690       1.5424      1.0940         0        1.001
   4            0           5              0             6690     0.000866    0.000581         0        1.001

                                            Optimization Results

Iterations                                          4  Function Calls                                      7
Hessian Calls                                       5  Active Constraints                                  0
Objective Function                       6690.3562803  Max Abs Gradient Element                 0.0005811558
Ridge                                               0  Actual Over Pred Change                  1.0005772626

Convergence criterion (GCONV=1E-6) satisfied.                                                     


     Likelihood Ratio Test for Global Null Hypothesis: BETA=0
 
     -2 Log Likelihood          Likelihood
  Intercept     Intercept &          Ratio
       Only      Covariates     Chi-Square       DF     Pr > ChiSq

  14025.546       13380.713       644.8330        6         <.0001


                            Analysis of Maximum Likelihood Estimates
 
                                Standard          Wald                  Standardized
Parameter     DF    Estimate       Error    Chi-Square    Pr > ChiSq        Estimate    Exp(Est)

Intercept      1     -3.0579      0.0568       2897.87        <.0001                       0.047
CATALOGCNT     1      0.0562     0.00998         31.76        <.0001          0.0970       1.058
DOLINDET       1    0.000173    0.000079          4.79        0.0287          0.0299       1.000
MONLAST        1    -0.00661    0.000928         50.73        <.0001         -0.1468       0.993
TOTORDQ18      1      0.2564      0.0576         19.79        <.0001          0.0463       1.292
TOTORDQ20      1      0.3814      0.0426         80.24        <.0001          0.0971       1.464
TOTORDQ22      1      0.3704      0.0577         41.17        <.0001          0.0642       1.448


   Odds Ratio Estimates
             
                      Point
Effect             Estimate

CATALOGCNT            1.058
DOLINDET              1.000
MONLAST               0.993
TOTORDQ18             1.292
TOTORDQ20             1.464
TOTORDQ22             1.448


Step 7: Effect TOTORDQ21 entered.
 
                                                                                                                                                                                                                                                                
 
 

The DMREG Procedure

Newton-Raphson Ridge Optimization

Without Parameter Scaling

Parameter Estimates               8

                                             Optimization Start

Active Constraints                                  0  Objective Function                       7012.7727701
Max Abs Gradient Element                 199.06178187                                                       


                                                                                                        Ratio
                                                                                                      Between
                                                                                                       Actual
                                                                 Objective     Max Abs                    and
                     Function         Active        Objective     Function    Gradient              Predicted
Iter     Restarts       Calls    Constraints         Function       Change     Element     Ridge       Change

   1            0           2              0             6888        124.6       454.2         0        0.275
   2            0           3              0             6685        203.2     49.1278         0        0.969
   3            0           4              0             6683       1.6337      1.1378         0        1.004
   4            0           5              0             6683     0.000787    0.000571         0        1.000

                                            Optimization Results

Iterations                                          4  Function Calls                                      7
Hessian Calls                                       5  Active Constraints                                  0
Objective Function                       6683.2820497  Max Abs Gradient Element                 0.0005708865
Ridge                                               0  Actual Over Pred Change                  1.0004750339

Convergence criterion (GCONV=1E-6) satisfied.                                                     


     Likelihood Ratio Test for Global Null Hypothesis: BETA=0
 
     -2 Log Likelihood          Likelihood
  Intercept     Intercept &          Ratio
       Only      Covariates     Chi-Square       DF     Pr > ChiSq

  14025.546       13366.564       658.9814        7         <.0001


                            Analysis of Maximum Likelihood Estimates
 
                                Standard          Wald                  Standardized
Parameter     DF    Estimate       Error    Chi-Square    Pr > ChiSq        Estimate    Exp(Est)

Intercept      1     -3.0915      0.0574       2900.03        <.0001                       0.045
CATALOGCNT     1      0.0559      0.0100         31.18        <.0001          0.0965       1.058
DOLINDET       1    0.000139    0.000080          3.01        0.0825          0.0241       1.000
MONLAST        1    -0.00603    0.000929         42.09        <.0001         -0.1338       0.994
TOTORDQ18      1      0.2478      0.0579         18.31        <.0001          0.0448       1.281
TOTORDQ20      1      0.3793      0.0427         79.05        <.0001          0.0966       1.461
TOTORDQ21      1      0.2247      0.0582         14.93        0.0001          0.0409       1.252
TOTORDQ22      1      0.3621      0.0579         39.06        <.0001          0.0628       1.436


   Odds Ratio Estimates
             
                      Point
Effect             Estimate

CATALOGCNT            1.058
DOLINDET              1.000
MONLAST               0.994
TOTORDQ18             1.281
TOTORDQ20             1.461
TOTORDQ21             1.252
TOTORDQ22             1.436


Step 8: Effect TOTORDQ12 entered.
 
                                                                                                                                                                                                                                                                
 
 

The DMREG Procedure

Newton-Raphson Ridge Optimization

Without Parameter Scaling

Parameter Estimates               9

                                             Optimization Start

Active Constraints                                  0  Objective Function                       7012.7727701
Max Abs Gradient Element                 199.06178187                                                       


                                                                                                        Ratio
                                                                                                      Between
                                                                                                       Actual
                                                                 Objective     Max Abs                    and
                     Function         Active        Objective     Function    Gradient              Predicted
Iter     Restarts       Calls    Constraints         Function       Change     Element     Ridge       Change

   1            0           2              0             6890        123.2       462.9         0        0.265
   2            0           3              0             6679        210.4     49.8405         0        0.966
   3            0           4              0             6677       1.8196      1.2291         0        1.007
   4            0           5              0             6677     0.000827    0.000635         0        1.000

                                            Optimization Results

Iterations                                          4  Function Calls                                      7
Hessian Calls                                       5  Active Constraints                                  0
Objective Function                       6677.3916314  Max Abs Gradient Element                 0.0006346059
Ridge                                               0  Actual Over Pred Change                  1.0004294919

Convergence criterion (GCONV=1E-6) satisfied.                                                     


     Likelihood Ratio Test for Global Null Hypothesis: BETA=0
 
     -2 Log Likelihood          Likelihood
  Intercept     Intercept &          Ratio
       Only      Covariates     Chi-Square       DF     Pr > ChiSq

  14025.546       13354.783       670.7623        8         <.0001


                            Analysis of Maximum Likelihood Estimates
 
                                Standard          Wald                  Standardized
Parameter     DF    Estimate       Error    Chi-Square    Pr > ChiSq        Estimate    Exp(Est)

Intercept      1     -3.1029      0.0576       2903.87        <.0001                       0.045
CATALOGCNT     1      0.0529      0.0101         27.45        <.0001          0.0912       1.054
DOLINDET       1    0.000109    0.000081          1.80        0.1800          0.0189       1.000
MONLAST        1    -0.00586    0.000931         39.59        <.0001         -0.1300       0.994
TOTORDQ12      1      0.1614      0.0461         12.28        0.0005          0.0363       1.175
TOTORDQ18      1      0.2438      0.0581         17.62        <.0001          0.0440       1.276
TOTORDQ20      1      0.3782      0.0427         78.56        <.0001          0.0963       1.460
TOTORDQ21      1      0.2291      0.0583         15.43        <.0001          0.0417       1.257
TOTORDQ22      1      0.3705      0.0580         40.79        <.0001          0.0642       1.448


   Odds Ratio Estimates
             
                      Point
Effect             Estimate

CATALOGCNT            1.054
DOLINDET              1.000
MONLAST               0.994
TOTORDQ12             1.175
TOTORDQ18             1.276
TOTORDQ20             1.460
TOTORDQ21             1.257
TOTORDQ22             1.448


Step 9: Effect TOTORDQ19 entered.
 
                                                                                                                                                                                                                                                                
 
 

The DMREG Procedure

Newton-Raphson Ridge Optimization

Without Parameter Scaling

Parameter Estimates              10

                                             Optimization Start

Active Constraints                                  0  Objective Function                       7012.7727701
Max Abs Gradient Element                 199.06178187                                                       


                                                                                                        Ratio
                                                                                                      Between
                                                                                                       Actual
                                                                 Objective     Max Abs                    and
                     Function         Active        Objective     Function    Gradient              Predicted
Iter     Restarts       Calls    Constraints         Function       Change     Element     Ridge       Change

   1            0           2              0             6896        116.8       473.5         0        0.244
   2            0           3              0             6674        222.0     51.0613         0        0.960
   3            0           4              0             6672       2.1933      1.4196         0        1.009
   4            0           5              0             6672     0.000996    0.000791         0        1.000

                                            Optimization Results

Iterations                                          4  Function Calls                                      7
Hessian Calls                                       5  Active Constraints                                  0
Objective Function                       6671.8198031  Max Abs Gradient Element                 0.0007907187
Ridge                                               0  Actual Over Pred Change                  1.0004204131

Convergence criterion (GCONV=1E-6) satisfied.                                                     


     Likelihood Ratio Test for Global Null Hypothesis: BETA=0
 
     -2 Log Likelihood          Likelihood
  Intercept     Intercept &          Ratio
       Only      Covariates     Chi-Square       DF     Pr > ChiSq

  14025.546       13343.640       681.9059        9         <.0001


                            Analysis of Maximum Likelihood Estimates
 
                                Standard          Wald                  Standardized
Parameter     DF    Estimate       Error    Chi-Square    Pr > ChiSq        Estimate    Exp(Est)

Intercept      1     -3.1219      0.0578       2917.57        <.0001                       0.044
CATALOGCNT     1      0.0518      0.0101         26.09        <.0001          0.0894       1.053
DOLINDET       1    0.000087    0.000083          1.10        0.2936          0.0150       1.000
MONLAST        1    -0.00553    0.000929         35.40        <.0001         -0.1228       0.994
TOTORDQ12      1      0.1607      0.0460         12.18        0.0005          0.0361       1.174
TOTORDQ18      1      0.2283      0.0585         15.26        <.0001          0.0412       1.257
TOTORDQ19      1      0.2137      0.0623         11.75        0.0006          0.0361       1.238
TOTORDQ20      1      0.3773      0.0427         78.00        <.0001          0.0960       1.458
TOTORDQ21      1      0.2182      0.0586         13.87        0.0002          0.0397       1.244
TOTORDQ22      1      0.3672      0.0582         39.86        <.0001          0.0637       1.444


   Odds Ratio Estimates
             
                      Point
Effect             Estimate

CATALOGCNT            1.053
DOLINDET              1.000
MONLAST               0.994
TOTORDQ12             1.174
TOTORDQ18             1.257
TOTORDQ19             1.238
TOTORDQ20             1.458
TOTORDQ21             1.244
TOTORDQ22             1.444


Step 10: Effect DEPT03 entered.
 
                                                                                                                                                                                                                                                                
 
 

The DMREG Procedure

Newton-Raphson Ridge Optimization

Without Parameter Scaling

Parameter Estimates              11

                                             Optimization Start

Active Constraints                                  0  Objective Function                       7012.7727701
Max Abs Gradient Element                 199.06178187                                                       


                                                                                                        Ratio
                                                                                                      Between
                                                                                                       Actual
                                                                 Objective     Max Abs                    and
                     Function         Active        Objective     Function    Gradient              Predicted
Iter     Restarts       Calls    Constraints         Function       Change     Element     Ridge       Change

   1            0           2              0             6902        110.4       480.5         0        0.225
   2            0           3              0             6670        232.7     53.9838         0        0.951
   3            0           4              0             6667       2.8874      1.7308         0        1.009
   4            0           5              0             6667      0.00137     0.00112         0        1.000

                                            Optimization Results

Iterations                                          4  Function Calls                                      7
Hessian Calls                                       5  Active Constraints                                  0
Objective Function                       6666.7888054  Max Abs Gradient Element                 0.0011199436
Ridge                                               0  Actual Over Pred Change                  1.0004589804

Convergence criterion (GCONV=1E-6) satisfied.                                                     

NOTE: At least one element of the gradient is greater than 1e-3.



     Likelihood Ratio Test for Global Null Hypothesis: BETA=0
 
     -2 Log Likelihood          Likelihood
  Intercept     Intercept &          Ratio
       Only      Covariates     Chi-Square       DF     Pr > ChiSq

  14025.546       13333.578       691.9679       10         <.0001


                            Analysis of Maximum Likelihood Estimates
 
                                Standard          Wald                  Standardized
Parameter     DF    Estimate       Error    Chi-Square    Pr > ChiSq        Estimate    Exp(Est)

Intercept      1     -3.1151      0.0578       2901.73        <.0001                       0.044
CATALOGCNT     1      0.0474      0.0103         21.31        <.0001          0.0818       1.049
DEPT03         1      0.0228     0.00709         10.38        0.0013          0.0355       1.023
DOLINDET       1    0.000022    0.000086          0.07        0.7969         0.00385       1.000
MONLAST        1    -0.00553    0.000930         35.40        <.0001         -0.1229       0.994
TOTORDQ12      1      0.1596      0.0459         12.07        0.0005          0.0359       1.173
TOTORDQ18      1      0.2190      0.0587         13.91        0.0002          0.0396       1.245
TOTORDQ19      1      0.2036      0.0626         10.59        0.0011          0.0344       1.226
TOTORDQ20      1      0.3784      0.0428         78.32        <.0001          0.0963       1.460
TOTORDQ21      1      0.2149      0.0587         13.42        0.0002          0.0391       1.240
TOTORDQ22      1      0.3572      0.0585         37.34        <.0001          0.0619       1.429


   Odds Ratio Estimates
             
                      Point
Effect             Estimate

CATALOGCNT            1.049
DEPT03                1.023
DOLINDET              1.000
MONLAST               0.994
TOTORDQ12             1.173
TOTORDQ18             1.245
TOTORDQ19             1.226
TOTORDQ20             1.460
TOTORDQ21             1.240
TOTORDQ22             1.429


Step 11: Effect CCPAYM0 entered.
 
                                                                                                                                                                                                                                                                
 
 

The DMREG Procedure

Newton-Raphson Ridge Optimization

Without Parameter Scaling

Parameter Estimates              12

                                             Optimization Start

Active Constraints                                  0  Objective Function                       7012.7727701
Max Abs Gradient Element                 199.06178187                                                       


                                                                                                        Ratio
                                                                                                      Between
                                                                                                       Actual
                                                                 Objective     Max Abs                    and
                     Function         Active        Objective     Function    Gradient              Predicted
Iter     Restarts       Calls    Constraints         Function       Change     Element     Ridge       Change

   1            0           2              0             6898        114.8       485.3         0        0.232
   2            0           3              0             6665        233.0     53.9717         0        0.951
   3            0           4              0             6662       2.9133      1.7422         0        1.009
   4            0           5              0             6662      0.00140     0.00114         0        1.000

                                            Optimization Results

Iterations                                          4  Function Calls                                      7
Hessian Calls                                       5  Active Constraints                                  0
Objective Function                       6662.1083706  Max Abs Gradient Element                 0.0011390909
Ridge                                               0  Actual Over Pred Change                  1.0004689136

Convergence criterion (GCONV=1E-6) satisfied.                                                     

NOTE: At least one element of the gradient is greater than 1e-3.



     Likelihood Ratio Test for Global Null Hypothesis: BETA=0
 
     -2 Log Likelihood          Likelihood
  Intercept     Intercept &          Ratio
       Only      Covariates     Chi-Square       DF     Pr > ChiSq

  14025.546       13324.217       701.3288       11         <.0001


                            Analysis of Maximum Likelihood Estimates
 
                                Standard          Wald                  Standardized
Parameter     DF    Estimate       Error    Chi-Square    Pr > ChiSq        Estimate    Exp(Est)

Intercept      1     -3.1781      0.0618       2644.50        <.0001                       0.042
CATALOGCNT     1      0.0438      0.0104         17.86        <.0001          0.0755       1.045
CCPAYM0        1      0.1564      0.0513          9.29        0.0023          0.0425       1.169
DEPT03         1      0.0217     0.00709          9.36        0.0022          0.0338       1.022
DOLINDET       1    0.000037    0.000086          0.18        0.6675         0.00643       1.000
MONLAST        1    -0.00596    0.000937         40.44        <.0001         -0.1323       0.994
TOTORDQ12      1      0.1567      0.0460         11.61        0.0007          0.0352       1.170
TOTORDQ18      1      0.2143      0.0587         13.30        0.0003          0.0387       1.239
TOTORDQ19      1      0.2004      0.0625         10.27        0.0014          0.0339       1.222
TOTORDQ20      1      0.3773      0.0428         77.65        <.0001          0.0960       1.458
TOTORDQ21      1      0.2084      0.0587         12.60        0.0004          0.0379       1.232
TOTORDQ22      1      0.3529      0.0584         36.47        <.0001          0.0612       1.423


   Odds Ratio Estimates
             
                      Point
Effect             Estimate

CATALOGCNT            1.045
CCPAYM0               1.169
DEPT03                1.022
DOLINDET              1.000
MONLAST               0.994
TOTORDQ12             1.170
TOTORDQ18             1.239
TOTORDQ19             1.222
TOTORDQ20             1.458
TOTORDQ21             1.232
TOTORDQ22             1.423


Step 12: Effect TOTORDQ05 entered.
 
                                                                                                                                                                                                                                                                
 
 

The DMREG Procedure

Newton-Raphson Ridge Optimization

Without Parameter Scaling

Parameter Estimates              13

                                             Optimization Start

Active Constraints                                  0  Objective Function                       7012.7727701
Max Abs Gradient Element                 199.06178187                                                       


                                                                                                        Ratio
                                                                                                      Between
                                                                                                       Actual
                                                                 Objective     Max Abs                    and
                     Function         Active        Objective     Function    Gradient              Predicted
Iter     Restarts       Calls    Constraints         Function       Change     Element     Ridge       Change

   1            0           2              0             6899        113.9       490.0         0        0.227
   2            0           3              0             6662        236.8     54.4559         0        0.950
   3            0           4              0             6659       3.0197      1.7979         0        1.009
   4            0           5              0             6659      0.00146     0.00119         0        1.000

                                            Optimization Results

Iterations                                          4  Function Calls                                      7
Hessian Calls                                       5  Active Constraints                                  0
Objective Function                       6659.0181616  Max Abs Gradient Element                 0.0011946032
Ridge                                               0  Actual Over Pred Change                  1.0004746206

Convergence criterion (GCONV=1E-6) satisfied.                                                     

NOTE: At least one element of the gradient is greater than 1e-3.



     Likelihood Ratio Test for Global Null Hypothesis: BETA=0
 
     -2 Log Likelihood          Likelihood
  Intercept     Intercept &          Ratio
       Only      Covariates     Chi-Square       DF     Pr > ChiSq

  14025.546       13318.036       707.5092       12         <.0001


                            Analysis of Maximum Likelihood Estimates
 
                                Standard          Wald                  Standardized
Parameter     DF    Estimate       Error    Chi-Square    Pr > ChiSq        Estimate    Exp(Est)

Intercept      1     -3.1736      0.0619       2631.06        <.0001                       0.042
CATALOGCNT     1      0.0405      0.0105         14.89        0.0001          0.0698       1.041
CCPAYM0        1      0.1517      0.0514          8.71        0.0032          0.0412       1.164
DEPT03         1      0.0207     0.00710          8.50        0.0036          0.0322       1.021
DOLINDET       1    0.000020    0.000088          0.05        0.8219         0.00342       1.000
MONLAST        1    -0.00595    0.000939         40.17        <.0001         -0.1321       0.994
TOTORDQ05      1      0.1572      0.0619          6.44        0.0112          0.0280       1.170
TOTORDQ12      1      0.1560      0.0459         11.54        0.0007          0.0351       1.169
TOTORDQ18      1      0.2117      0.0588         12.94        0.0003          0.0382       1.236
TOTORDQ19      1      0.2043      0.0625         10.68        0.0011          0.0345       1.227
TOTORDQ20      1      0.3794      0.0428         78.44        <.0001          0.0966       1.461
TOTORDQ21      1      0.2070      0.0588         12.38        0.0004          0.0376       1.230
TOTORDQ22      1      0.3549      0.0585         36.82        <.0001          0.0615       1.426


   Odds Ratio Estimates
             
                      Point
Effect             Estimate

CATALOGCNT            1.041
CCPAYM0               1.164
DEPT03                1.021
DOLINDET              1.000
MONLAST               0.994
TOTORDQ05             1.170
TOTORDQ12             1.169
TOTORDQ18             1.236
TOTORDQ19             1.227
TOTORDQ20             1.461
TOTORDQ21             1.230
TOTORDQ22             1.426


Step 13: Effect DOLLARQ09 entered.
 
                                                                                                                                                                                                                                                                
 
 

The DMREG Procedure

Newton-Raphson Ridge Optimization

Without Parameter Scaling

Parameter Estimates              14

                                             Optimization Start

Active Constraints                                  0  Objective Function                       7012.7727701
Max Abs Gradient Element                 199.06178187                                                       


                                                                                                        Ratio
                                                                                                      Between
                                                                                                       Actual
                                                                 Objective     Max Abs                    and
                     Function         Active        Objective     Function    Gradient              Predicted
Iter     Restarts       Calls    Constraints         Function       Change     Element     Ridge       Change

   1            0           2              0             6896        116.9       493.0         0        0.232
   2            0           3              0             6659        236.7     54.1400         0        0.948
   3            0           4              0             6656       3.0992      1.8534         0        1.007
   4            0           5              0             6656      0.00160     0.00129         0        1.001

                                            Optimization Results

Iterations                                          4  Function Calls                                      7
Hessian Calls                                       5  Active Constraints                                  0
Objective Function                       6656.0582096  Max Abs Gradient Element                 0.0012910713
Ridge                                               0  Actual Over Pred Change                  1.0005503094

Convergence criterion (GCONV=1E-6) satisfied.                                                     

NOTE: At least one element of the gradient is greater than 1e-3.



     Likelihood Ratio Test for Global Null Hypothesis: BETA=0
 
     -2 Log Likelihood          Likelihood
  Intercept     Intercept &          Ratio
       Only      Covariates     Chi-Square       DF     Pr > ChiSq

  14025.546       13312.116       713.4291       13         <.0001


                            Analysis of Maximum Likelihood Estimates
 
                                Standard          Wald                  Standardized
Parameter     DF    Estimate       Error    Chi-Square    Pr > ChiSq        Estimate    Exp(Est)

Intercept      1     -3.1773      0.0619       2634.34        <.0001                       0.042
CATALOGCNT     1      0.0422      0.0105         16.18        <.0001          0.0728       1.043
CCPAYM0        1      0.1530      0.0514          8.87        0.0029          0.0416       1.165
DEPT03         1      0.0220     0.00712          9.55        0.0020          0.0342       1.022
DOLINDET       1    0.000046    0.000087          0.28        0.5970         0.00801       1.000
DOLLARQ09      1    -0.00266     0.00115          5.32        0.0211         -0.0305       0.997
MONLAST        1    -0.00596    0.000938         40.39        <.0001         -0.1324       0.994
TOTORDQ05      1      0.1597      0.0619          6.65        0.0099          0.0285       1.173
TOTORDQ12      1      0.1570      0.0460         11.65        0.0006          0.0353       1.170
TOTORDQ18      1      0.2115      0.0588         12.92        0.0003          0.0382       1.236
TOTORDQ19      1      0.2036      0.0625         10.60        0.0011          0.0344       1.226
TOTORDQ20      1      0.3796      0.0428         78.55        <.0001          0.0966       1.462
TOTORDQ21      1      0.2061      0.0588         12.29        0.0005          0.0375       1.229
TOTORDQ22      1      0.3543      0.0585         36.72        <.0001          0.0614       1.425


   Odds Ratio Estimates
             
                      Point
Effect             Estimate

CATALOGCNT            1.043
CCPAYM0               1.165
DEPT03                1.022
DOLINDET              1.000
DOLLARQ09             0.997
MONLAST               0.994
TOTORDQ05             1.173
TOTORDQ12             1.170
TOTORDQ18             1.236
TOTORDQ19             1.226
TOTORDQ20             1.462
TOTORDQ21             1.229
TOTORDQ22             1.425


NOTE: No (additional) effects met the 0.05 significance level for entry into the model.


                           Summary of Forward Selection
 
            Effect                Number         Score                  Validation
    Step    Entered         DF        In    Chi-Square    Pr > ChiSq    Error Rate

       1    DOLINDET         1         1      418.2287        <.0001        6878.3
       2    TOTORDQ20        1         2      178.2565        <.0001        6847.2
       3    MONLAST          1         3      113.3610        <.0001        6781.4
       4    TOTORDQ22        1         4       47.4870        <.0001        6751.4
       5    CATALOGCNT       1         5       36.9828        <.0001        6727.5
       6    TOTORDQ18        1         6       19.9779        <.0001        6719.0
       7    TOTORDQ21        1         7       14.9769        0.0001        6712.7
       8    TOTORDQ12        1         8       13.5709        0.0002        6701.1
       9    TOTORDQ19        1         9       11.8344        0.0006        6702.1
      10    DEPT03           1        10       10.4403        0.0012        6701.4
      11    CCPAYM0          1        11        9.3003        0.0023        6709.1
      12    TOTORDQ05        1        12        6.4600        0.0110        6716.5
      13    DOLLARQ09        1        13        5.3211        0.0211        6717.9


The selected model, based on the error rate for the validation data, is the model trained in Step 8. It consists of the following effects:

Intercept  CATALOGCNT  DOLINDET  MONLAST  TOTORDQ12  TOTORDQ18  TOTORDQ20  TOTORDQ21  TOTORDQ22  


     Likelihood Ratio Test for Global Null Hypothesis: BETA=0
 
     -2 Log Likelihood          Likelihood
  Intercept     Intercept &          Ratio
       Only      Covariates     Chi-Square       DF     Pr > ChiSq

  14025.546       13354.783       670.7623        8         <.0001


                            Analysis of Maximum Likelihood Estimates
 
                                Standard          Wald                  Standardized
Parameter     DF    Estimate       Error    Chi-Square    Pr > ChiSq        Estimate    Exp(Est)

Intercept      1     -3.1029      0.0576       2903.87        <.0001                       0.045
CATALOGCNT     1      0.0529      0.0101         27.45        <.0001          0.0912       1.054
DOLINDET       1    0.000109    0.000081          1.80        0.1800          0.0189       1.000
MONLAST        1    -0.00586    0.000931         39.59        <.0001         -0.1300       0.994
TOTORDQ12      1      0.1614      0.0461         12.28        0.0005          0.0363       1.175
TOTORDQ18      1      0.2438      0.0581         17.62        <.0001          0.0440       1.276
TOTORDQ20      1      0.3782      0.0427         78.56        <.0001          0.0963       1.460
TOTORDQ21      1      0.2291      0.0583         15.43        <.0001          0.0417       1.257
TOTORDQ22      1      0.3705      0.0580         40.79        <.0001          0.0642       1.448


   Odds Ratio Estimates
             
                      Point
Effect             Estimate

CATALOGCNT            1.054
DOLINDET              1.000
MONLAST               0.994
TOTORDQ12             1.175
TOTORDQ18             1.276
TOTORDQ20             1.460
TOTORDQ21             1.257
TOTORDQ22             1.448
