*------------------------------------------------------------*
* Score Log
Date:                May 07, 2017
Time:                22:16:50
*------------------------------------------------------------*
15217  %let syscc = 0;
15218  *------------------------------------------------------------*;
15219  * EMCODE: Scoring DATA data;
15220  *------------------------------------------------------------*;
15221  data EMWS1.EMCODE_TRAIN
15222  / view=EMWS1.EMCODE_TRAIN
15223  ;
15224  set EMWS1.Ids4_DATA
15225  ;
15226  run;

NOTE: DATA STEP view saved on file EMWS1.EMCODE_TRAIN.
NOTE: A stored DATA STEP view cannot run under a different operating system.
NOTE: View EMWS1.IDS4_DATA.VIEW used (Total process time):
      real time           0.04 seconds
      cpu time            0.03 seconds
      
NOTE: DATA statement used (Total process time):
      real time           0.04 seconds
      cpu time            0.03 seconds
      

15227  quit;

15229  *------------------------------------------------------------*;
15230  * EMCODE: Computing metadata for TRAIN data;
15231  *------------------------------------------------------------*;

NOTE: View EMWS1.EMCODE_TRAIN.VIEW used (Total process time):
      real time           0.06 seconds
      cpu time            0.06 seconds
      
NOTE: View EMWS1.EMCODE_TRAIN.VIEW used (Total process time):
      real time           0.04 seconds
      cpu time            0.04 seconds
      
