*------------------------------------------------------------*
* Training Log
Date:                April 20, 2017
Time:                03:06:06
*------------------------------------------------------------*
10865  data work.MdlComp;
10866  set EMWS2.em_nodeid;
10867  where
10868  (NODEID="Tree2" and LABEL ne 'Tree2')
10869  OR (NODEID="Tree" and LABEL ne 'Tree1')
10870  ;
10871  run;

NOTE: There were 0 observations read from the data set EMWS2.EM_NODEID.
      WHERE ((NODEID='Tree2') and (LABEL not = 'Tree2')) or ((NODEID='Tree') and (LABEL not = 'Tree1'));
NOTE: The data set WORK.MDLCOMP has 0 observations and 8 variables.
NOTE: DATA statement used (Total process time):
      real time           0.01 seconds
      cpu time            0.00 seconds
      

10873  proc freq data=EMWS2.MdlComp_VariableSet noprint;
10874  table ROLE*LEVEL/out=WORK.MdlCompMETA;
10875  run;

NOTE: There were 1 observations read from the data set EMWS2.MDLCOMP_VARIABLESET.
NOTE: The data set WORK.MDLCOMPMETA has 1 observations and 4 variables.
NOTE: PROCEDURE FREQ used (Total process time):
      real time           0.01 seconds
      cpu time            0.01 seconds
      

10876  proc print data=WORK.MdlCompMETA label noobs;
10877  var ROLE LEVEL COUNT;
10878  label ROLE = "%sysfunc(sasmsg(sashelp.dmine, meta_role_vlabel, NOQUOTE))" LEVEL = "%sysfunc(sasmsg(sashelp.dmine, meta_level_vlabel, NOQUOTE))" COUNT = "%sysfunc(sasmsg(sashelp.dmine, rpt_count_vlabel, NOQUOTE))";
10879  title9 ' ';
10880  title10 "%sysfunc(sasmsg(sashelp.dmine, rpt_varSummary_title  , NOQUOTE))";
10881  run;

NOTE: There were 1 observations read from the data set WORK.MDLCOMPMETA.
NOTE: The PROCEDURE PRINT printed page 1.
NOTE: PROCEDURE PRINT used (Total process time):
      real time           0.01 seconds
      cpu time            0.01 seconds
      

10882  title10;

10883  %let _hpflow = 0;
10884  data _null_;
10885  set EMWS2.Tree_EMINFO;
10886  where key="HPDMSAMPLE";
10887  call symput('_hpflow', '1');
10888  run;

NOTE: There were 0 observations read from the data set EMWS2.TREE_EMINFO.
      WHERE key='HPDMSAMPLE';
NOTE: DATA statement used (Total process time):
      real time           0.00 seconds
      cpu time            0.00 seconds
      

10889  %let _hpflow = 0;
10890  data _null_;
10891  set EMWS2.Tree2_EMINFO;
10892  where key="HPDMSAMPLE";
10893  call symput('_hpflow', '1');
10894  run;

NOTE: There were 0 observations read from the data set EMWS2.TREE2_EMINFO.
      WHERE key='HPDMSAMPLE';
NOTE: DATA statement used (Total process time):
      real time           0.00 seconds
      cpu time            0.00 seconds
      

10895  %let _hpflow = 0;
10896  data _null_;
10897  set EMWS2.Reg_EMINFO;
10898  where key="HPDMSAMPLE";
10899  call symput('_hpflow', '1');
10900  run;

NOTE: There were 0 observations read from the data set EMWS2.REG_EMINFO.
      WHERE key='HPDMSAMPLE';
NOTE: DATA statement used (Total process time):
      real time           0.01 seconds
      cpu time            0.01 seconds
      

10901  data _null_;
10902  set EMWS2.em_nodeid;
10903  where upcase(NODEID) = upcase("Tree");
10904  call symput('_MODELDESC', strip(tranwrd(LABEL, '"', '""')));
10905  run;

NOTE: There were 1 observations read from the data set EMWS2.EM_NODEID.
      WHERE UPCASE(NODEID)='TREE';
NOTE: DATA statement used (Total process time):
      real time           0.00 seconds
      cpu time            0.00 seconds
      

10906  data EMWS2.MdlComp_EMRANK;
10907  length PARENT $16 MODEL $16 MODELDESCRIPTION $81 DATAROLE $20 TARGET $32 TARGETLABEL $200;
10908  label PARENT = "%sysfunc(sasmsg(sashelp.dmine, rpt_parent_vlabel  ,  NOQUOTE))" MODEL = "%sysfunc(sasmsg(sashelp.dmine, rpt_modelnode_vlabel, NOQUOTE))" MODELDESCRIPTION = "%sysfunc(sasmsg(sashelp.dmine, rpt_modeldesc_vlabel, NOQUOTE))" TARGETLABEL
10908! =
10909     "%sysfunc(sasmsg(sashelp.dmine, meta_targetlabel_vlabel, NOQUOTE))";
10910  retain parent "Tree" MODEL "Tree" MODELDESCRIPTION "Tree1" TARGETLABEL "response target";
10911  set EMWS2.Tree_EMRANK;
10912  where upcase(TARGET) = upcase("RESPOND");
10913  run;

NOTE: There were 40 observations read from the data set EMWS2.TREE_EMRANK.
      WHERE UPCASE(TARGET)='RESPOND';
NOTE: The data set EMWS2.MDLCOMP_EMRANK has 40 observations and 38 variables.
NOTE: DATA statement used (Total process time):
      real time           0.04 seconds
      cpu time            0.03 seconds
      

10914  data _null_;
10915  set EMWS2.em_nodeid;
10916  where upcase(NODEID) = upcase("Tree");
10917  call symput('_MODELDESC', strip(tranwrd(LABEL, '"', '""')));
10918  run;

NOTE: There were 1 observations read from the data set EMWS2.EM_NODEID.
      WHERE UPCASE(NODEID)='TREE';
NOTE: DATA statement used (Total process time):
      real time           0.00 seconds
      cpu time            0.00 seconds
      

10919  data EMWS2.MdlComp_EMSCOREDIST;
10920  length PARENT $16 MODEL $16 MODELDESCRIPTION $81 DATAROLE $20 TARGET $32 TARGETLABEL $200;
10921  label PARENT = "%sysfunc(sasmsg(sashelp.dmine, rpt_parent_vlabel  ,  NOQUOTE))" MODEL = "%sysfunc(sasmsg(sashelp.dmine, rpt_modelnode_vlabel, NOQUOTE))" MODELDESCRIPTION = "%sysfunc(sasmsg(sashelp.dmine, rpt_modeldesc_vlabel, NOQUOTE))" TARGETLABEL
10921! =
10922     "%sysfunc(sasmsg(sashelp.dmine, meta_targetlabel_vlabel, NOQUOTE))";
10923  retain parent "Tree" MODEL "Tree" MODELDESCRIPTION "Tree1" TARGETLABEL "response target";
10924  set EMWS2.Tree_EMSCOREDIST;
10925  where upcase(TARGET) = upcase("RESPOND");
10926  run;

NOTE: There were 6 observations read from the data set EMWS2.TREE_EMSCOREDIST.
      WHERE UPCASE(TARGET)='RESPOND';
NOTE: The data set EMWS2.MDLCOMP_EMSCOREDIST has 6 observations and 24 variables.
NOTE: DATA statement used (Total process time):
      real time           0.04 seconds
      cpu time            0.03 seconds
      

Executing  SASHELP.EMCORE.EMINFOITERATOR.SCL _INIT >> 
Executing  SASHELP.EMCORE.EMINFOITERATOR.SCL SETMETADATA >> 
NOTE: There were 1 observations read from the data set EMWS2.TREE_EMINFO.
      WHERE (TARGET='RESPOND') and (KEY='DECMETA');
NOTE: The data set WORK.EMINFO42LHHH4J has 1 observations and 3 variables.
Executing  SASHELP.EMCORE.EMINFOITERATOR.SCL next >> 
Executing  SASHELP.EMCORE.EMINFOITERATOR.SCL next >> 
Executing  SASHELP.EMCORE.EMINFOITERATOR.SCL SETMETADATA >> 
NOTE: There were 1 observations read from the data set EMWS2.TREE_EMINFO.
      WHERE (TARGET='RESPOND') and (KEY='DECDATA');
NOTE: The data set WORK.EMINFO42LHHH4J has 1 observations and 3 variables.
Executing  SASHELP.EMCORE.EMINFOITERATOR.SCL next >> 
Executing  SASHELP.EMCORE.EMINFOITERATOR.SCL next >> 
Executing  SASHELP.EMCORE.EMINFOITERATOR.SCL _term >> 
10927  data WORK.Tree_OUTFIT;
10928  set EMWS2.Tree_EMOUTFIT;
10929  run;

NOTE: There were 1 observations read from the data set EMWS2.TREE_EMOUTFIT.
NOTE: The data set WORK.TREE_OUTFIT has 1 observations and 17 variables.
NOTE: DATA statement used (Total process time):
      real time           0.01 seconds
      cpu time            0.01 seconds
      

10930  data _null_;
10931  set EMWS2.em_nodeid;
10932  where upcase(NODEID) = upcase("Tree");
10933  call symput('_MODELDESC', strip(tranwrd(LABEL, '"', '""')));
10934  run;

NOTE: There were 1 observations read from the data set EMWS2.EM_NODEID.
      WHERE UPCASE(NODEID)='TREE';
NOTE: DATA statement used (Total process time):
      real time           0.00 seconds
      cpu time            0.00 seconds
      

10935  data EMWS2.MdlComp_EMOUTFIT;
10936  length PARENT $16 MODEL $16 MODELDESCRIPTION $81 TARGET $32 TARGETLABEL $200;
10937  label PARENT = "%sysfunc(sasmsg(sashelp.dmine, rpt_parent_vlabel  ,  NOQUOTE))" MODEL = "%sysfunc(sasmsg(sashelp.dmine, rpt_modelnode_vlabel, NOQUOTE))" MODELDESCRIPTION = "%sysfunc(sasmsg(sashelp.dmine, rpt_modeldesc_vlabel, NOQUOTE))" TARGETLABEL
10937! =
10938     "%sysfunc(sasmsg(sashelp.dmine, meta_targetlabel_vlabel, NOQUOTE))";
10939  retain parent "Tree" MODEL "Tree" MODELDESCRIPTION "Tree1" TARGETLABEL "response target";
10940  set WORK.Tree_OUTFIT;
10941  where upcase(TARGET) = upcase("RESPOND");
10942  run;

NOTE: There were 1 observations read from the data set WORK.TREE_OUTFIT.
      WHERE UPCASE(TARGET)='RESPOND';
NOTE: The data set EMWS2.MDLCOMP_EMOUTFIT has 1 observations and 20 variables.
NOTE: DATA statement used (Total process time):
      real time           0.03 seconds
      cpu time            0.01 seconds
      

10943  data _null_;
10944  set EMWS2.em_nodeid;
10945  where upcase(NODEID) = upcase("Tree");
10946  call symput('_MODELDESC', strip(tranwrd(LABEL, '"', '""')));
10947  run;

NOTE: There were 1 observations read from the data set EMWS2.EM_NODEID.
      WHERE UPCASE(NODEID)='TREE';
NOTE: DATA statement used (Total process time):
      real time           0.01 seconds
      cpu time            0.01 seconds
      

10948  data EMWS2.MdlComp_EMCLASSIFICATION;
10949  length PARENT $16 MODEL $16 MODELDESCRIPTION $81 DATAROLE $20 TARGET $32 TARGETLABEL $200;
10950  label PARENT = "%sysfunc(sasmsg(sashelp.dmine, rpt_parent_vlabel  ,  NOQUOTE))" MODEL = "%sysfunc(sasmsg(sashelp.dmine, rpt_modelnode_vlabel, NOQUOTE))" MODELDESCRIPTION = "%sysfunc(sasmsg(sashelp.dmine, rpt_modeldesc_vlabel, NOQUOTE))" TARGETLABEL
10950! =
10951     "%sysfunc(sasmsg(sashelp.dmine, meta_targetlabel_vlabel, NOQUOTE))";
10952  retain parent "Tree" MODEL "Tree" MODELDESCRIPTION "Tree1" TARGETLABEL "response target";
10953  set EMWS2.Tree_EMCLASSIFICATION;
10954  where upcase(TARGET) = upcase("RESPOND");
10955  run;

NOTE: There were 7 observations read from the data set EMWS2.TREE_EMCLASSIFICATION.
      WHERE UPCASE(TARGET)='RESPOND';
NOTE: The data set EMWS2.MDLCOMP_EMCLASSIFICATION has 7 observations and 15 variables.
NOTE: DATA statement used (Total process time):
      real time           0.04 seconds
      cpu time            0.01 seconds
      

10956  data _null_;
10957  set EMWS2.em_nodeid;
10958  where upcase(NODEID) = upcase("Tree");
10959  call symput('_MODELDESC', strip(tranwrd(LABEL, '"', '""')));
10960  run;

NOTE: There were 1 observations read from the data set EMWS2.EM_NODEID.
      WHERE UPCASE(NODEID)='TREE';
NOTE: DATA statement used (Total process time):
      real time           0.00 seconds
      cpu time            0.00 seconds
      

10961  data EMWS2.MdlComp_EMEVENTREPORT;
10962  length PARENT $16 MODEL $16 MODELDESCRIPTION $81 DATAROLE $20 TARGET $32 TARGETLABEL $200;
10963  label PARENT = "%sysfunc(sasmsg(sashelp.dmine, rpt_parent_vlabel  ,  NOQUOTE))" MODEL = "%sysfunc(sasmsg(sashelp.dmine, rpt_modelnode_vlabel, NOQUOTE))" MODELDESCRIPTION = "%sysfunc(sasmsg(sashelp.dmine, rpt_modeldesc_vlabel, NOQUOTE))" TARGETLABEL
10963! =
10964     "%sysfunc(sasmsg(sashelp.dmine, meta_targetlabel_vlabel, NOQUOTE))";
10965  retain parent "Tree" MODEL "Tree" MODELDESCRIPTION "Tree1" TARGETLABEL "response target";
10966  set EMWS2.Tree_EMEVENTREPORT;
10967  where upcase(TARGET) = upcase("RESPOND");
10968  run;

NOTE: There were 2 observations read from the data set EMWS2.TREE_EMEVENTREPORT.
      WHERE UPCASE(TARGET)='RESPOND';
NOTE: The data set EMWS2.MDLCOMP_EMEVENTREPORT has 2 observations and 10 variables.
NOTE: DATA statement used (Total process time):
      real time           0.04 seconds
      cpu time            0.00 seconds
      

10969  data _null_;
10970  set EMWS2.em_nodeid;
10971  where upcase(NODEID) = upcase("Tree2");
10972  call symput('_MODELDESC', strip(tranwrd(LABEL, '"', '""')));
10973  run;

NOTE: There were 1 observations read from the data set EMWS2.EM_NODEID.
      WHERE UPCASE(NODEID)='TREE2';
NOTE: DATA statement used (Total process time):
      real time           0.01 seconds
      cpu time            0.01 seconds
      

10974  data work.MdlComp_TEMP;
10975  length PARENT $16 MODEL $16 MODELDESCRIPTION $81 DATAROLE $20 TARGET $32 TARGETLABEL $200;
10976  label PARENT = "%sysfunc(sasmsg(sashelp.dmine, rpt_parent_vlabel  ,  NOQUOTE))" MODEL = "%sysfunc(sasmsg(sashelp.dmine, rpt_modelnode_vlabel, NOQUOTE))" MODELDESCRIPTION = "%sysfunc(sasmsg(sashelp.dmine, rpt_modeldesc_vlabel, NOQUOTE))" TARGET =
10977     "%sysfunc(sasmsg(sashelp.dmine, rpt_targetvar_vlabel, NOQUOTE))" TARGETLABEL = "%sysfunc(sasmsg(sashelp.dmine, meta_targetlabel_vlabel, NOQUOTE))";
10978  retain parent "Tree2" MODEL "Tree2" MODELDESCRIPTION "Tree2" TARGETLABEL "response target";
10979  set EMWS2.Tree2_EMRANK;
10980  where upcase(TARGET) = upcase("RESPOND");
10981  run;

NOTE: There were 40 observations read from the data set EMWS2.TREE2_EMRANK.
      WHERE UPCASE(TARGET)='RESPOND';
NOTE: The data set WORK.MDLCOMP_TEMP has 40 observations and 38 variables.
NOTE: DATA statement used (Total process time):
      real time           0.01 seconds
      cpu time            0.01 seconds
      

10982  data EMWS2.MdlComp_EMRANK;
10983  set EMWS2.MdlComp_EMRANK work.MdlComp_TEMP;
10984  run;

NOTE: There were 40 observations read from the data set EMWS2.MDLCOMP_EMRANK.
NOTE: There were 40 observations read from the data set WORK.MDLCOMP_TEMP.
NOTE: The data set EMWS2.MDLCOMP_EMRANK has 80 observations and 38 variables.
NOTE: DATA statement used (Total process time):
      real time           0.03 seconds
      cpu time            0.00 seconds
      

10985  data _null_;
10986  set EMWS2.em_nodeid;
10987  where upcase(NODEID) = upcase("Tree2");
10988  call symput('_MODELDESC', strip(tranwrd(LABEL, '"', '""')));
10989  run;

NOTE: There were 1 observations read from the data set EMWS2.EM_NODEID.
      WHERE UPCASE(NODEID)='TREE2';
NOTE: DATA statement used (Total process time):
      real time           0.01 seconds
      cpu time            0.01 seconds
      

10990  data work.MdlComp_TEMP;
10991  length PARENT $16 MODEL $16 MODELDESCRIPTION $81 DATAROLE $20 TARGET $32 TARGETLABEL $200;
10992  label PARENT = "%sysfunc(sasmsg(sashelp.dmine, rpt_parent_vlabel  ,  NOQUOTE))" MODEL = "%sysfunc(sasmsg(sashelp.dmine, rpt_modelnode_vlabel, NOQUOTE))" MODELDESCRIPTION = "%sysfunc(sasmsg(sashelp.dmine, rpt_modeldesc_vlabel, NOQUOTE))" TARGET =
10993     "%sysfunc(sasmsg(sashelp.dmine, rpt_targetvar_vlabel, NOQUOTE))" TARGETLABEL = "%sysfunc(sasmsg(sashelp.dmine, meta_targetlabel_vlabel, NOQUOTE))";
10994  retain parent "Tree2" MODEL "Tree2" MODELDESCRIPTION "Tree2" TARGETLABEL "response target";
10995  set EMWS2.Tree2_EMSCOREDIST;
10996  where upcase(TARGET) = upcase("RESPOND");
10997  run;

NOTE: There were 12 observations read from the data set EMWS2.TREE2_EMSCOREDIST.
      WHERE UPCASE(TARGET)='RESPOND';
NOTE: The data set WORK.MDLCOMP_TEMP has 12 observations and 24 variables.
NOTE: DATA statement used (Total process time):
      real time           0.01 seconds
      cpu time            0.00 seconds
      

10998  data EMWS2.MdlComp_EMSCOREDIST;
10999  set EMWS2.MdlComp_EMSCOREDIST work.MdlComp_TEMP;
11000  run;

NOTE: There were 6 observations read from the data set EMWS2.MDLCOMP_EMSCOREDIST.
NOTE: There were 12 observations read from the data set WORK.MDLCOMP_TEMP.
NOTE: The data set EMWS2.MDLCOMP_EMSCOREDIST has 18 observations and 24 variables.
NOTE: DATA statement used (Total process time):
      real time           0.03 seconds
      cpu time            0.00 seconds
      

Executing  SASHELP.EMCORE.EMINFOITERATOR.SCL _INIT >> 
Executing  SASHELP.EMCORE.EMINFOITERATOR.SCL SETMETADATA >> 
NOTE: There were 1 observations read from the data set EMWS2.TREE2_EMINFO.
      WHERE (TARGET='RESPOND') and (KEY='DECMETA');
NOTE: The data set WORK.EMINFO42IEYZ3U has 1 observations and 3 variables.
Executing  SASHELP.EMCORE.EMINFOITERATOR.SCL next >> 
Executing  SASHELP.EMCORE.EMINFOITERATOR.SCL next >> 
Executing  SASHELP.EMCORE.EMINFOITERATOR.SCL SETMETADATA >> 
NOTE: There were 1 observations read from the data set EMWS2.TREE2_EMINFO.
      WHERE (TARGET='RESPOND') and (KEY='DECDATA');
NOTE: The data set WORK.EMINFO42IEYZ3U has 1 observations and 3 variables.
Executing  SASHELP.EMCORE.EMINFOITERATOR.SCL next >> 
Executing  SASHELP.EMCORE.EMINFOITERATOR.SCL next >> 
Executing  SASHELP.EMCORE.EMINFOITERATOR.SCL _term >> 
11001  data WORK.Tree2_OUTFIT;
11002  set EMWS2.Tree2_EMOUTFIT;
11003  run;

NOTE: There were 1 observations read from the data set EMWS2.TREE2_EMOUTFIT.
NOTE: The data set WORK.TREE2_OUTFIT has 1 observations and 17 variables.
NOTE: DATA statement used (Total process time):
      real time           0.00 seconds
      cpu time            0.00 seconds
      

11004  data _null_;
11005  set EMWS2.em_nodeid;
11006  where upcase(NODEID) = upcase("Tree2");
11007  call symput('_MODELDESC', strip(tranwrd(LABEL, '"', '""')));
11008  run;

NOTE: There were 1 observations read from the data set EMWS2.EM_NODEID.
      WHERE UPCASE(NODEID)='TREE2';
NOTE: DATA statement used (Total process time):
      real time           0.00 seconds
      cpu time            0.00 seconds
      

11009  data work.MdlComp_TEMP;
11010  length PARENT $16 MODEL $16 MODELDESCRIPTION $81 TARGET $32 TARGETLABEL $200;
11011  label PARENT = "%sysfunc(sasmsg(sashelp.dmine, rpt_parent_vlabel  ,  NOQUOTE))" MODEL = "%sysfunc(sasmsg(sashelp.dmine, rpt_modelnode_vlabel, NOQUOTE))" MODELDESCRIPTION = "%sysfunc(sasmsg(sashelp.dmine, rpt_modeldesc_vlabel, NOQUOTE))" TARGET =
11012     "%sysfunc(sasmsg(sashelp.dmine, rpt_targetvar_vlabel, NOQUOTE))" TARGETLABEL = "%sysfunc(sasmsg(sashelp.dmine, meta_targetlabel_vlabel, NOQUOTE))";
11013  retain parent "Tree2" MODEL "Tree2" MODELDESCRIPTION "Tree2" TARGETLABEL "response target";
11014  set WORK.Tree2_OUTFIT;
11015  where upcase(TARGET) = upcase("RESPOND");
11016  run;

NOTE: There were 1 observations read from the data set WORK.TREE2_OUTFIT.
      WHERE UPCASE(TARGET)='RESPOND';
NOTE: The data set WORK.MDLCOMP_TEMP has 1 observations and 20 variables.
NOTE: DATA statement used (Total process time):
      real time           0.01 seconds
      cpu time            0.01 seconds
      

11017  data EMWS2.MdlComp_EMOUTFIT;
11018  set EMWS2.MdlComp_EMOUTFIT work.MdlComp_TEMP;
11019  run;

NOTE: There were 1 observations read from the data set EMWS2.MDLCOMP_EMOUTFIT.
NOTE: There were 1 observations read from the data set WORK.MDLCOMP_TEMP.
NOTE: The data set EMWS2.MDLCOMP_EMOUTFIT has 2 observations and 20 variables.
NOTE: DATA statement used (Total process time):
      real time           0.03 seconds
      cpu time            0.00 seconds
      

11020  data _null_;
11021  set EMWS2.em_nodeid;
11022  where upcase(NODEID) = upcase("Tree2");
11023  call symput('_MODELDESC', strip(tranwrd(LABEL, '"', '""')));
11024  run;

NOTE: There were 1 observations read from the data set EMWS2.EM_NODEID.
      WHERE UPCASE(NODEID)='TREE2';
NOTE: DATA statement used (Total process time):
      real time           0.00 seconds
      cpu time            0.00 seconds
      

11025  data work.MdlComp_TEMP;
11026  length PARENT $16 MODEL $16 MODELDESCRIPTION $81 DATAROLE $20 TARGET $32 TARGETLABEL $200;
11027  label PARENT = "%sysfunc(sasmsg(sashelp.dmine, rpt_parent_vlabel  ,  NOQUOTE))" MODEL = "%sysfunc(sasmsg(sashelp.dmine, rpt_modelnode_vlabel, NOQUOTE))" MODELDESCRIPTION = "%sysfunc(sasmsg(sashelp.dmine, rpt_modeldesc_vlabel, NOQUOTE))" TARGET =
11028     "%sysfunc(sasmsg(sashelp.dmine, rpt_targetvar_vlabel, NOQUOTE))" TARGETLABEL = "%sysfunc(sasmsg(sashelp.dmine, meta_targetlabel_vlabel, NOQUOTE))";
11029  retain parent "Tree2" MODEL "Tree2" MODELDESCRIPTION "Tree2" TARGETLABEL "response target";
11030  set EMWS2.Tree2_EMCLASSIFICATION;
11031  where upcase(TARGET) = upcase("RESPOND");
11032  run;

NOTE: There were 7 observations read from the data set EMWS2.TREE2_EMCLASSIFICATION.
      WHERE UPCASE(TARGET)='RESPOND';
NOTE: The data set WORK.MDLCOMP_TEMP has 7 observations and 15 variables.
NOTE: DATA statement used (Total process time):
      real time           0.01 seconds
      cpu time            0.01 seconds
      

11033  data EMWS2.MdlComp_EMCLASSIFICATION;
11034  set EMWS2.MdlComp_EMCLASSIFICATION work.MdlComp_TEMP;
11035  run;

NOTE: There were 7 observations read from the data set EMWS2.MDLCOMP_EMCLASSIFICATION.
NOTE: There were 7 observations read from the data set WORK.MDLCOMP_TEMP.
NOTE: The data set EMWS2.MDLCOMP_EMCLASSIFICATION has 14 observations and 15 variables.
NOTE: DATA statement used (Total process time):
      real time           0.04 seconds
      cpu time            0.03 seconds
      

11036  data _null_;
11037  set EMWS2.em_nodeid;
11038  where upcase(NODEID) = upcase("Tree2");
11039  call symput('_MODELDESC', strip(tranwrd(LABEL, '"', '""')));
11040  run;

NOTE: There were 1 observations read from the data set EMWS2.EM_NODEID.
      WHERE UPCASE(NODEID)='TREE2';
NOTE: DATA statement used (Total process time):
      real time           0.01 seconds
      cpu time            0.01 seconds
      

11041  data work.MdlComp_TEMP;
11042  length PARENT $16 MODEL $16 MODELDESCRIPTION $81 DATAROLE $20 TARGET $32 TARGETLABEL $200;
11043  label PARENT = "%sysfunc(sasmsg(sashelp.dmine, rpt_parent_vlabel  ,  NOQUOTE))" MODEL = "%sysfunc(sasmsg(sashelp.dmine, rpt_modelnode_vlabel, NOQUOTE))" MODELDESCRIPTION = "%sysfunc(sasmsg(sashelp.dmine, rpt_modeldesc_vlabel, NOQUOTE))" TARGET =
11044     "%sysfunc(sasmsg(sashelp.dmine, rpt_targetvar_vlabel, NOQUOTE))" TARGETLABEL = "%sysfunc(sasmsg(sashelp.dmine, meta_targetlabel_vlabel, NOQUOTE))";
11045  retain parent "Tree2" MODEL "Tree2" MODELDESCRIPTION "Tree2" TARGETLABEL "response target";
11046  set EMWS2.Tree2_EMEVENTREPORT;
11047  where upcase(TARGET) = upcase("RESPOND");
11048  run;

NOTE: There were 2 observations read from the data set EMWS2.TREE2_EMEVENTREPORT.
      WHERE UPCASE(TARGET)='RESPOND';
NOTE: The data set WORK.MDLCOMP_TEMP has 2 observations and 10 variables.
NOTE: DATA statement used (Total process time):
      real time           0.01 seconds
      cpu time            0.01 seconds
      

11049  data EMWS2.MdlComp_EMEVENTREPORT;
11050  set EMWS2.MdlComp_EMEVENTREPORT work.MdlComp_TEMP;
11051  run;

NOTE: There were 2 observations read from the data set EMWS2.MDLCOMP_EMEVENTREPORT.
NOTE: There were 2 observations read from the data set WORK.MDLCOMP_TEMP.
NOTE: The data set EMWS2.MDLCOMP_EMEVENTREPORT has 4 observations and 10 variables.
NOTE: DATA statement used (Total process time):
      real time           0.03 seconds
      cpu time            0.00 seconds
      

11052  data _null_;
11053  set EMWS2.em_nodeid;
11054  where upcase(NODEID) = upcase("Reg");
11055  call symput('_MODELDESC', strip(tranwrd(LABEL, '"', '""')));
11056  run;

NOTE: There were 1 observations read from the data set EMWS2.EM_NODEID.
      WHERE UPCASE(NODEID)='REG';
NOTE: DATA statement used (Total process time):
      real time           0.00 seconds
      cpu time            0.00 seconds
      

11057  data work.MdlComp_TEMP;
11058  length PARENT $16 MODEL $16 MODELDESCRIPTION $81 DATAROLE $20 TARGET $32 TARGETLABEL $200;
11059  label PARENT = "%sysfunc(sasmsg(sashelp.dmine, rpt_parent_vlabel  ,  NOQUOTE))" MODEL = "%sysfunc(sasmsg(sashelp.dmine, rpt_modelnode_vlabel, NOQUOTE))" MODELDESCRIPTION = "%sysfunc(sasmsg(sashelp.dmine, rpt_modeldesc_vlabel, NOQUOTE))" TARGET =
11060     "%sysfunc(sasmsg(sashelp.dmine, rpt_targetvar_vlabel, NOQUOTE))" TARGETLABEL = "%sysfunc(sasmsg(sashelp.dmine, meta_targetlabel_vlabel, NOQUOTE))";
11061  retain parent "Reg" MODEL "Reg" MODELDESCRIPTION "Regression" TARGETLABEL "response target";
11062  set EMWS2.Reg_EMRANK;
11063  where upcase(TARGET) = upcase("RESPOND");
11064  run;

NOTE: There were 40 observations read from the data set EMWS2.REG_EMRANK.
      WHERE UPCASE(TARGET)='RESPOND';
NOTE: The data set WORK.MDLCOMP_TEMP has 40 observations and 38 variables.
NOTE: DATA statement used (Total process time):
      real time           0.01 seconds
      cpu time            0.01 seconds
      

11065  data EMWS2.MdlComp_EMRANK;
11066  set EMWS2.MdlComp_EMRANK work.MdlComp_TEMP;
11067  run;

NOTE: There were 80 observations read from the data set EMWS2.MDLCOMP_EMRANK.
NOTE: There were 40 observations read from the data set WORK.MDLCOMP_TEMP.
NOTE: The data set EMWS2.MDLCOMP_EMRANK has 120 observations and 38 variables.
NOTE: DATA statement used (Total process time):
      real time           0.03 seconds
      cpu time            0.00 seconds
      

11068  data _null_;
11069  set EMWS2.em_nodeid;
11070  where upcase(NODEID) = upcase("Reg");
11071  call symput('_MODELDESC', strip(tranwrd(LABEL, '"', '""')));
11072  run;

NOTE: There were 1 observations read from the data set EMWS2.EM_NODEID.
      WHERE UPCASE(NODEID)='REG';
NOTE: DATA statement used (Total process time):
      real time           0.00 seconds
      cpu time            0.00 seconds
      

11073  data work.MdlComp_TEMP;
11074  length PARENT $16 MODEL $16 MODELDESCRIPTION $81 DATAROLE $20 TARGET $32 TARGETLABEL $200;
11075  label PARENT = "%sysfunc(sasmsg(sashelp.dmine, rpt_parent_vlabel  ,  NOQUOTE))" MODEL = "%sysfunc(sasmsg(sashelp.dmine, rpt_modelnode_vlabel, NOQUOTE))" MODELDESCRIPTION = "%sysfunc(sasmsg(sashelp.dmine, rpt_modeldesc_vlabel, NOQUOTE))" TARGET =
11076     "%sysfunc(sasmsg(sashelp.dmine, rpt_targetvar_vlabel, NOQUOTE))" TARGETLABEL = "%sysfunc(sasmsg(sashelp.dmine, meta_targetlabel_vlabel, NOQUOTE))";
11077  retain parent "Reg" MODEL "Reg" MODELDESCRIPTION "Regression" TARGETLABEL "response target";
11078  set EMWS2.Reg_EMSCOREDIST;
11079  where upcase(TARGET) = upcase("RESPOND");
11080  run;

NOTE: There were 37 observations read from the data set EMWS2.REG_EMSCOREDIST.
      WHERE UPCASE(TARGET)='RESPOND';
NOTE: The data set WORK.MDLCOMP_TEMP has 37 observations and 24 variables.
NOTE: DATA statement used (Total process time):
      real time           0.01 seconds
      cpu time            0.01 seconds
      

11081  data EMWS2.MdlComp_EMSCOREDIST;
11082  set EMWS2.MdlComp_EMSCOREDIST work.MdlComp_TEMP;
11083  run;

NOTE: There were 18 observations read from the data set EMWS2.MDLCOMP_EMSCOREDIST.
NOTE: There were 37 observations read from the data set WORK.MDLCOMP_TEMP.
NOTE: The data set EMWS2.MDLCOMP_EMSCOREDIST has 55 observations and 24 variables.
NOTE: DATA statement used (Total process time):
      real time           0.03 seconds
      cpu time            0.00 seconds
      

Executing  SASHELP.EMCORE.EMINFOITERATOR.SCL _INIT >> 
Executing  SASHELP.EMCORE.EMINFOITERATOR.SCL SETMETADATA >> 
NOTE: There were 1 observations read from the data set EMWS2.REG_EMINFO.
      WHERE (TARGET='RESPOND') and (KEY='DECMETA');
NOTE: The data set WORK.EMINFO42C4K2G1 has 1 observations and 3 variables.
Executing  SASHELP.EMCORE.EMINFOITERATOR.SCL next >> 
Executing  SASHELP.EMCORE.EMINFOITERATOR.SCL next >> 
Executing  SASHELP.EMCORE.EMINFOITERATOR.SCL SETMETADATA >> 
NOTE: There were 1 observations read from the data set EMWS2.REG_EMINFO.
      WHERE (TARGET='RESPOND') and (KEY='DECDATA');
NOTE: The data set WORK.EMINFO42C4K2G1 has 1 observations and 3 variables.
Executing  SASHELP.EMCORE.EMINFOITERATOR.SCL next >> 
Executing  SASHELP.EMCORE.EMINFOITERATOR.SCL next >> 
Executing  SASHELP.EMCORE.EMINFOITERATOR.SCL _term >> 
11084  data WORK.Reg_OUTFIT;
11085  set EMWS2.Reg_EMOUTFIT;
11086  run;

NOTE: There were 1 observations read from the data set EMWS2.REG_EMOUTFIT.
NOTE: The data set WORK.REG_OUTFIT has 1 observations and 34 variables.
NOTE: DATA statement used (Total process time):
      real time           0.00 seconds
      cpu time            0.00 seconds
      

11087  data _null_;
11088  set EMWS2.em_nodeid;
11089  where upcase(NODEID) = upcase("Reg");
11090  call symput('_MODELDESC', strip(tranwrd(LABEL, '"', '""')));
11091  run;

NOTE: There were 1 observations read from the data set EMWS2.EM_NODEID.
      WHERE UPCASE(NODEID)='REG';
NOTE: DATA statement used (Total process time):
      real time           0.00 seconds
      cpu time            0.00 seconds
      

11092  data work.MdlComp_TEMP;
11093  length PARENT $16 MODEL $16 MODELDESCRIPTION $81 TARGET $32 TARGETLABEL $200;
11094  label PARENT = "%sysfunc(sasmsg(sashelp.dmine, rpt_parent_vlabel  ,  NOQUOTE))" MODEL = "%sysfunc(sasmsg(sashelp.dmine, rpt_modelnode_vlabel, NOQUOTE))" MODELDESCRIPTION = "%sysfunc(sasmsg(sashelp.dmine, rpt_modeldesc_vlabel, NOQUOTE))" TARGET =
11095     "%sysfunc(sasmsg(sashelp.dmine, rpt_targetvar_vlabel, NOQUOTE))" TARGETLABEL = "%sysfunc(sasmsg(sashelp.dmine, meta_targetlabel_vlabel, NOQUOTE))";
11096  retain parent "Reg" MODEL "Reg" MODELDESCRIPTION "Regression" TARGETLABEL "response target";
11097  set WORK.Reg_OUTFIT;
11098  where upcase(TARGET) = upcase("RESPOND");
11099  run;

NOTE: There were 1 observations read from the data set WORK.REG_OUTFIT.
      WHERE UPCASE(TARGET)='RESPOND';
NOTE: The data set WORK.MDLCOMP_TEMP has 1 observations and 37 variables.
NOTE: DATA statement used (Total process time):
      real time           0.01 seconds
      cpu time            0.01 seconds
      

11100  data EMWS2.MdlComp_EMOUTFIT;
11101  set EMWS2.MdlComp_EMOUTFIT work.MdlComp_TEMP;
11102  run;

NOTE: There were 2 observations read from the data set EMWS2.MDLCOMP_EMOUTFIT.
NOTE: There were 1 observations read from the data set WORK.MDLCOMP_TEMP.
NOTE: The data set EMWS2.MDLCOMP_EMOUTFIT has 3 observations and 37 variables.
NOTE: DATA statement used (Total process time):
      real time           0.03 seconds
      cpu time            0.01 seconds
      

11103  data _null_;
11104  set EMWS2.em_nodeid;
11105  where upcase(NODEID) = upcase("Reg");
11106  call symput('_MODELDESC', strip(tranwrd(LABEL, '"', '""')));
11107  run;

NOTE: There were 1 observations read from the data set EMWS2.EM_NODEID.
      WHERE UPCASE(NODEID)='REG';
NOTE: DATA statement used (Total process time):
      real time           0.00 seconds
      cpu time            0.00 seconds
      

11108  data work.MdlComp_TEMP;
11109  length PARENT $16 MODEL $16 MODELDESCRIPTION $81 DATAROLE $20 TARGET $32 TARGETLABEL $200;
11110  label PARENT = "%sysfunc(sasmsg(sashelp.dmine, rpt_parent_vlabel  ,  NOQUOTE))" MODEL = "%sysfunc(sasmsg(sashelp.dmine, rpt_modelnode_vlabel, NOQUOTE))" MODELDESCRIPTION = "%sysfunc(sasmsg(sashelp.dmine, rpt_modeldesc_vlabel, NOQUOTE))" TARGET =
11111     "%sysfunc(sasmsg(sashelp.dmine, rpt_targetvar_vlabel, NOQUOTE))" TARGETLABEL = "%sysfunc(sasmsg(sashelp.dmine, meta_targetlabel_vlabel, NOQUOTE))";
11112  retain parent "Reg" MODEL "Reg" MODELDESCRIPTION "Regression" TARGETLABEL "response target";
11113  set EMWS2.Reg_EMCLASSIFICATION;
11114  where upcase(TARGET) = upcase("RESPOND");
11115  run;

NOTE: There were 8 observations read from the data set EMWS2.REG_EMCLASSIFICATION.
      WHERE UPCASE(TARGET)='RESPOND';
NOTE: The data set WORK.MDLCOMP_TEMP has 8 observations and 15 variables.
NOTE: DATA statement used (Total process time):
      real time           0.01 seconds
      cpu time            0.01 seconds
      

11116  data EMWS2.MdlComp_EMCLASSIFICATION;
11117  set EMWS2.MdlComp_EMCLASSIFICATION work.MdlComp_TEMP;
11118  run;

NOTE: There were 14 observations read from the data set EMWS2.MDLCOMP_EMCLASSIFICATION.
NOTE: There were 8 observations read from the data set WORK.MDLCOMP_TEMP.
NOTE: The data set EMWS2.MDLCOMP_EMCLASSIFICATION has 22 observations and 15 variables.
NOTE: DATA statement used (Total process time):
      real time           0.03 seconds
      cpu time            0.01 seconds
      

11119  data _null_;
11120  set EMWS2.em_nodeid;
11121  where upcase(NODEID) = upcase("Reg");
11122  call symput('_MODELDESC', strip(tranwrd(LABEL, '"', '""')));
11123  run;

NOTE: There were 1 observations read from the data set EMWS2.EM_NODEID.
      WHERE UPCASE(NODEID)='REG';
NOTE: DATA statement used (Total process time):
      real time           0.00 seconds
      cpu time            0.00 seconds
      

11124  data work.MdlComp_TEMP;
11125  length PARENT $16 MODEL $16 MODELDESCRIPTION $81 DATAROLE $20 TARGET $32 TARGETLABEL $200;
11126  label PARENT = "%sysfunc(sasmsg(sashelp.dmine, rpt_parent_vlabel  ,  NOQUOTE))" MODEL = "%sysfunc(sasmsg(sashelp.dmine, rpt_modelnode_vlabel, NOQUOTE))" MODELDESCRIPTION = "%sysfunc(sasmsg(sashelp.dmine, rpt_modeldesc_vlabel, NOQUOTE))" TARGET =
11127     "%sysfunc(sasmsg(sashelp.dmine, rpt_targetvar_vlabel, NOQUOTE))" TARGETLABEL = "%sysfunc(sasmsg(sashelp.dmine, meta_targetlabel_vlabel, NOQUOTE))";
11128  retain parent "Reg" MODEL "Reg" MODELDESCRIPTION "Regression" TARGETLABEL "response target";
11129  set EMWS2.Reg_EMEVENTREPORT;
11130  where upcase(TARGET) = upcase("RESPOND");
11131  run;

NOTE: There were 2 observations read from the data set EMWS2.REG_EMEVENTREPORT.
      WHERE UPCASE(TARGET)='RESPOND';
NOTE: The data set WORK.MDLCOMP_TEMP has 2 observations and 10 variables.
NOTE: DATA statement used (Total process time):
      real time           0.01 seconds
      cpu time            0.01 seconds
      

11132  data EMWS2.MdlComp_EMEVENTREPORT;
11133  set EMWS2.MdlComp_EMEVENTREPORT work.MdlComp_TEMP;
11134  run;

NOTE: There were 4 observations read from the data set EMWS2.MDLCOMP_EMEVENTREPORT.
NOTE: There were 2 observations read from the data set WORK.MDLCOMP_TEMP.
NOTE: The data set EMWS2.MDLCOMP_EMEVENTREPORT has 6 observations and 10 variables.
NOTE: DATA statement used (Total process time):
      real time           0.03 seconds
      cpu time            0.01 seconds
      

*------------------------------------------------------------* 
* "Compute assessment statistics" 
*------------------------------------------------------------* 
Executing  SASHELP.EMCORE.EMINFOITERATOR.SCL _INIT >> 
Executing  SASHELP.EMCORE.EMINFOITERATOR.SCL SETMETADATA >> 
Executing  SASHELP.EMCORE.EMINFOITERATOR.SCL next >> 
Executing  SASHELP.EMCORE.EMINFOITERATOR.SCL next >> 
Executing  SASHELP.EMCORE.EMINFOITERATOR.SCL SETMETADATA >> 
Executing  SASHELP.EMCORE.EMINFOITERATOR.SCL next >> 
Executing  SASHELP.EMCORE.EMINFOITERATOR.SCL next >> 
Executing  SASHELP.EMCORE.EMINFOITERATOR.SCL _term >> 


























Executing  SASHELP.EMCORE.EMINFOITERATOR.SCL _INIT >> 
Executing  SASHELP.EMCORE.EMINFOITERATOR.SCL SETMETADATA >> 
Executing  SASHELP.EMCORE.EMINFOITERATOR.SCL next >> 
Executing  SASHELP.EMCORE.EMINFOITERATOR.SCL next >> 
Executing  SASHELP.EMCORE.EMINFOITERATOR.SCL SETMETADATA >> 
Executing  SASHELP.EMCORE.EMINFOITERATOR.SCL next >> 
Executing  SASHELP.EMCORE.EMINFOITERATOR.SCL next >> 
Executing  SASHELP.EMCORE.EMINFOITERATOR.SCL _term >> 


























Executing  SASHELP.EMCORE.EMINFOITERATOR.SCL _INIT >> 
Executing  SASHELP.EMCORE.EMINFOITERATOR.SCL SETMETADATA >> 
Executing  SASHELP.EMCORE.EMINFOITERATOR.SCL next >> 
Executing  SASHELP.EMCORE.EMINFOITERATOR.SCL next >> 
Executing  SASHELP.EMCORE.EMINFOITERATOR.SCL SETMETADATA >> 
Executing  SASHELP.EMCORE.EMINFOITERATOR.SCL next >> 
Executing  SASHELP.EMCORE.EMINFOITERATOR.SCL next >> 
Executing  SASHELP.EMCORE.EMINFOITERATOR.SCL _term >> 


























11540  proc sort data=EMWS2.MdlComp_EMOUTFIT NOTHREADS;
11541  by model target;
11542  run;

NOTE: There were 3 observations read from the data set EMWS2.MDLCOMP_EMOUTFIT.
NOTE: The data set EMWS2.MDLCOMP_EMOUTFIT has 3 observations and 37 variables.
NOTE: PROCEDURE SORT used (Total process time):
      real time           0.01 seconds
      cpu time            0.01 seconds
      

11543  proc sort data=EMWS2.MdlComp_EMINDEX NOTHREADS;
11544  by model target;
11545  run;

NOTE: There were 3 observations read from the data set EMWS2.MDLCOMP_EMINDEX.
NOTE: The data set EMWS2.MDLCOMP_EMINDEX has 3 observations and 17 variables.
NOTE: PROCEDURE SORT used (Total process time):
      real time           0.01 seconds
      cpu time            0.00 seconds
      

11546  data EMWS2.MdlComp_EMOUTFIT;
11547  merge EMWS2.MdlComp_EMOUTFIT EMWS2.MdlComp_EMINDEX;
11548  label TARGET = "%sysfunc(sasmsg(sashelp.dmine, rpt_targetvar_vlabel,  NOQUOTE))";
11549  by model target;
11550  run;

NOTE: There were 3 observations read from the data set EMWS2.MDLCOMP_EMOUTFIT.
NOTE: There were 3 observations read from the data set EMWS2.MDLCOMP_EMINDEX.
NOTE: The data set EMWS2.MDLCOMP_EMOUTFIT has 3 observations and 49 variables.
NOTE: DATA statement used (Total process time):
      real time           0.03 seconds
      cpu time            0.00 seconds
      

11551  proc sort data=EMWS2.MdlComp_EMRANK(keep=DATAROLE DECILE MODEL GAIN LIFT LIFTC RESP
11551! RESPC CAP CAPC) out=_temp;
11552  by MODEL;
11553  where DECILE=10;
11554  run;

NOTE: There were 6 observations read from the data set EMWS2.MDLCOMP_EMRANK.
      WHERE DECILE=10;
NOTE: The data set WORK._TEMP has 6 observations and 10 variables.
NOTE: PROCEDURE SORT used (Total process time):
      real time           0.00 seconds
      cpu time            0.00 seconds
      

11555  data _temp;
11556  retain _GAIN_ _VGAIN_ _LIFT_ _LIFTC_ _VLIFT_ _VLIFTC_ _RESP_ _RESPC_ _VRESP_ _VRESPC_
11556! _CAP_ _CAPC_ _VCAP_ _VCAPC_ .;
11557  label _GAIN_ = "%sysfunc(sasmsg(sashelp.dmine, rpt_traingain_vlabel, NOQUOTE))" _VGAIN_
11557! = "%sysfunc(sasmsg(sashelp.dmine, rpt_validgain_vlabel, NOQUOTE))" _LIFT_ =
11557! "%sysfunc(sasmsg(sashelp.dmine, rpt_trainlift_vlabel, NOQUOTE))" _VLIFT_ =
11558     "%sysfunc(sasmsg(sashelp.dmine, rpt_validlift_vlabel, NOQUOTE))" _RESP_ =
11558! "%sysfunc(sasmsg(sashelp.dmine, rpt_trainresp_vlabel, NOQUOTE))" _VRESP_ =
11558! "%sysfunc(sasmsg(sashelp.dmine, rpt_validresp_vlabel, NOQUOTE))" _CAP_ =
11559     "%sysfunc(sasmsg(sashelp.dmine, rpt_traincap_vlabel,  NOQUOTE))" _VCAP_ =
11559! "%sysfunc(sasmsg(sashelp.dmine, rpt_validcap_vlabel,  NOQUOTE))" _LIFTC_ =
11559! "%sysfunc(sasmsg(sashelp.dmine, rpt_trainliftc_vlabel, NOQUOTE))" _VLIFTC_ =
11560     "%sysfunc(sasmsg(sashelp.dmine, rpt_validliftc_vlabel, NOQUOTE))" _RESPC_ =
11560! "%sysfunc(sasmsg(sashelp.dmine, rpt_trainrespc_vlabel, NOQUOTE))" _VRESPC_ =
11560! "%sysfunc(sasmsg(sashelp.dmine, rpt_validrespc_vlabel, NOQUOTE))" _CAPC_ =
11561     "%sysfunc(sasmsg(sashelp.dmine, rpt_traincapc_vlabel,  NOQUOTE))" _VCAPC_ =
11561! "%sysfunc(sasmsg(sashelp.dmine, rpt_validcapc_vlabel,  NOQUOTE))" _TGAIN_ =
11561! "%sysfunc(sasmsg(sashelp.dmine, rpt_testgain_vlabel,  NOQUOTE))" _TLIFT_ =
11562     "%sysfunc(sasmsg(sashelp.dmine, rpt_testlift_vlabel,   NOQUOTE))" _TRESP_ =
11562! "%sysfunc(sasmsg(sashelp.dmine, rpt_testresp_vlabel,  NOQUOTE))" _TCAP_ =
11562! "%sysfunc(sasmsg(sashelp.dmine, rpt_testcap_vlabel,   NOQUOTE))" _TLIFTC_ =
11563     "%sysfunc(sasmsg(sashelp.dmine, rpt_testliftc_vlabel,   NOQUOTE))" _TRESPC_ =
11563! "%sysfunc(sasmsg(sashelp.dmine, rpt_testrespc_vlabel,  NOQUOTE))" _TCAPC_ =
11563! "%sysfunc(sasmsg(sashelp.dmine, rpt_testcapc_vlabel,   NOQUOTE))";
11564  set _temp;
11565  by MODEL;
11566  if first.MODEL then do;
11567  _GAIN_=.;
11568  _VGAIN_=.;
11569  _TGAIN_=.;
11570  _LIFT_=.;
11571  _VLIFT_=.;
11572  _TLIFT_=.;
11573  _LIFTC_=.;
11574  _VLIFTC_=.;
11575  _TLIFTC_=.;
11576  _RESP_=.;
11577  _VRESP_=.;
11578  _TRESP_=.;
11579  _RESPC_=.;
11580  _VRESPC_=.;
11581  _TRESPC_=.;
11582  _CAP_=.;
11583  _VCAP_=.;
11584  _TCAP_=.;
11585  _CAPC_=.;
11586  _VCAPC_=.;
11587  _VCAPC_=.;
11588  end;
11589  select(DATAROLE);
11590  when('TRAIN') do;
11591  _GAIN_=GAIN;
11592  _LIFT_=LIFT;
11593  _LIFTC_=LIFTC;
11594  _RESP_=RESP;
11595  _RESPC_=RESPC;
11596  _CAP_=CAP;
11597  _CAPC_=CAPC;
11598  end;
11599  when('VALIDATE') do;
11600  _VGAIN_=GAIN;
11601  _VLIFT_=LIFT;
11602  _VLIFTC_=LIFTC;
11603  _VRESP_=RESP;
11604  _VRESPC_=RESPC;
11605  _VCAP_=CAP;
11606  _VCAPC_=CAPC;
11607  end;
11608  when('TEST') do;
11609  _TGAIN_=GAIN;
11610  _TLIFT_=LIFT;
11611  _TLIFTC_=LIFTC;
11612  _TRESP_=RESP;
11613  _TRESPC_=RESPC;
11614  _TCAP_=CAP;
11615  _TCAPC_=CAPC;
11616  end;
11617  otherwise;
11618  end;
11619  keep MODEL _GAIN_ _LIFT_ _LIFTC_ _RESP_ _RESPC_ _CAP_ _CAPC_
11620  _VGAIN_ _VLIFT_ _VLIFTC_ _VRESP_ _VRESPC_ _VCAP_ _VCAPC_
11621  ;
11622  if last.model then output;
11623  run;

NOTE: There were 6 observations read from the data set WORK._TEMP.
NOTE: The data set WORK._TEMP has 3 observations and 15 variables.
NOTE: DATA statement used (Total process time):
      real time           0.03 seconds
      cpu time            0.03 seconds
      

11624  proc sort data=EMWS2.MdlComp_EMOUTFIT;
11625  by MODEL;
11626  run;

NOTE: There were 3 observations read from the data set EMWS2.MDLCOMP_EMOUTFIT.
NOTE: The data set EMWS2.MDLCOMP_EMOUTFIT has 3 observations and 49 variables.
NOTE: PROCEDURE SORT used (Total process time):
      real time           0.03 seconds
      cpu time            0.01 seconds
      

11627  data EMWS2.MdlComp_EMOUTFIT;
11628  merge EMWS2.MdlComp_EMOUTFIT _temp;
11629  by MODEL;
11630  run;

NOTE: There were 3 observations read from the data set EMWS2.MDLCOMP_EMOUTFIT.
NOTE: There were 3 observations read from the data set WORK._TEMP.
NOTE: The data set EMWS2.MDLCOMP_EMOUTFIT has 3 observations and 63 variables.
NOTE: DATA statement used (Total process time):
      real time           0.03 seconds
      cpu time            0.00 seconds
      

11631  data EMWS2.MdlComp_EMOUTFIT;
11632  length PARENT $16 MODEL $16 MODELDESCRIPTION $81 TARGET $32 TARGETLABEL $200 _CRITERION_
11632!  8;
11633  set EMWS2.MdlComp_EMOUTFIT;
11634  label _CRITERION_ = "%sysfunc(sasmsg(sashelp.dmine, rpt_selectioncriterion_vlabel ,
11634! NOQUOTE, %nrbquote(Valid: Misclassification Rate)))";
11635  _CRITERION_ = _VMISC_;
11636  run;

NOTE: There were 3 observations read from the data set EMWS2.MDLCOMP_EMOUTFIT.
NOTE: The data set EMWS2.MDLCOMP_EMOUTFIT has 3 observations and 64 variables.
NOTE: DATA statement used (Total process time):
      real time           0.03 seconds
      cpu time            0.00 seconds
      

11637  data EMWS2.MdlComp_EMOUTFIT;
11638  length USE $1;
11639  label USE= "%sysfunc(sasmsg(sashelp.dmine, rpt_selmodel_vlabel,  NOQUOTE))";
11640  set EMWS2.MdlComp_EMOUTFIT;
11641  run;

NOTE: Variable USE is uninitialized.
NOTE: There were 3 observations read from the data set EMWS2.MDLCOMP_EMOUTFIT.
NOTE: The data set EMWS2.MDLCOMP_EMOUTFIT has 3 observations and 65 variables.
NOTE: DATA statement used (Total process time):
      real time           0.03 seconds
      cpu time            0.01 seconds
      

11642  proc sort data = EMWS2.MdlComp_EMOUTFIT NOTHREADS;
11643  by
11644  _VMISC_
11645  _VASE_ _ASE_ _MISC_;
11646  run;

NOTE: There were 3 observations read from the data set EMWS2.MDLCOMP_EMOUTFIT.
NOTE: The data set EMWS2.MDLCOMP_EMOUTFIT has 3 observations and 65 variables.
NOTE: PROCEDURE SORT used (Total process time):
      real time           0.03 seconds
      cpu time            0.01 seconds
      

11647  %let EM_AUTOMODEL = %str();
11648  data EMWS2.MdlComp_EMOUTFIT;
11649  set EMWS2.MdlComp_EMOUTFIT;
11650  drop found;
11651  retain found 0;
11652  if found = 0 and _VMISC_ ne . then do;
11653  use = 'Y';
11654  found = 1;
11655  call symput('EM_AUTOMODEL', model);
11656  end;
11657  run;

NOTE: There were 3 observations read from the data set EMWS2.MDLCOMP_EMOUTFIT.
NOTE: The data set EMWS2.MDLCOMP_EMOUTFIT has 3 observations and 65 variables.
NOTE: DATA statement used (Total process time):
      real time           0.03 seconds
      cpu time            0.01 seconds
      

11658  title ' ';
11659  proc print data=EMWS2.MdlComp_EMOUTFIT noobs label;
11660  var
11661  USE
11662  MODEL
11663  MODELDESCRIPTION
11664  _VMISC_
11665  _ASE_
11666  _MISC_
11667  _VASE_
11668  ;
11669  title9 "%sysfunc(sasmsg(sashelp.dmine, rpt_fitstat_title,        NOQUOTE))";
11670  title10 "Model Selection based on Valid: Misclassification Rate (_VMISC_)";
11671  run;

NOTE: There were 3 observations read from the data set EMWS2.MDLCOMP_EMOUTFIT.
NOTE: The PROCEDURE PRINT printed page 2.
NOTE: PROCEDURE PRINT used (Total process time):
      real time           0.00 seconds
      cpu time            0.00 seconds
      

11672  title9;
11673  title10;
11674  proc transpose data=EMWS2.MdlComp_EMOUTFIT out= work.modelstats(rename=(_LABEL_=Label
11674! _NAME_=STAT));
11675  ID model;
11676  by target targetLabel;
11677  run;

NOTE: There were 3 observations read from the data set EMWS2.MDLCOMP_EMOUTFIT.
NOTE: The data set WORK.MODELSTATS has 59 observations and 7 variables.
NOTE: PROCEDURE TRANSPOSE used (Total process time):
      real time           0.00 seconds
      cpu time            0.00 seconds
      

11678  data work.modelstats;
11679  set work.modelstats;
11680  if substr(STAT, 1, 2) = '_V' or STAT='VKS' then do;
11681  NumRole=2;
11682  end;
11683  else if substr(STAT, 1, 2) = '_T' or STAT='TKS' then do;
11684  NumRole=3;
11685  end;
11686  else if substr(STAT, 1, 1) = '_' or STAT in('KS', 'BINNED_KS_PROB_CUTOFF') then do;
11687  NumRole=1;
11688  end;
11689  run;

NOTE: There were 59 observations read from the data set WORK.MODELSTATS.
NOTE: The data set WORK.MODELSTATS has 59 observations and 8 variables.
NOTE: DATA statement used (Total process time):
      real time           0.01 seconds
      cpu time            0.01 seconds
      

11690  proc sort data=work.modelstats out=work.modelstats;
11691  by NumRole STAT;
11692  run;

NOTE: There were 59 observations read from the data set WORK.MODELSTATS.
NOTE: The data set WORK.MODELSTATS has 59 observations and 8 variables.
NOTE: PROCEDURE SORT used (Total process time):
      real time           0.00 seconds
      cpu time            0.00 seconds
      

11693  proc format;
11694  value RoleFmt 1='Train' 2='Valid' 3='Test';
NOTE: Format ROLEFMT has been output.
11695  run;

NOTE: PROCEDURE FORMAT used (Total process time):
      real time           0.00 seconds
      cpu time            0.00 seconds
      

11696  proc print data= work.modelstats(drop=STAT target targetLabel) noobs label;
11697  label Label = "%sysfunc(sasmsg(sashelp.dmine, rpt_statistics_vlabel, NOQUOTE))" NumRole=
11697!  "%sysfunc(sasmsg(sashelp.dmine, rpt_datarole_vlabel,   NOQUOTE))";
11698  title9 "%sysfunc(sasmsg(sashelp.dmine, rpt_fittable_title, NOQUOTE))";
11699  title10 "%sysfunc(sasmsg(sashelp.dmine, rpt_target_title,   NOQUOTE, RESPOND))";
11700  by NumRole;
11701  format NumRole RoleFmt.;
11702  run;

NOTE: There were 59 observations read from the data set WORK.MODELSTATS.
NOTE: The PROCEDURE PRINT printed page 3.
NOTE: PROCEDURE PRINT used (Total process time):
      real time           0.01 seconds
      cpu time            0.01 seconds
      

11703  title9;
11704  title10;
11705  data EMWS2.MdlComp_COMPAREFIT;
11706  length DataRole Target $32 targetlabel $200;
11707  label DataRole = "%sysfunc(sasmsg(sashelp.dmine, rpt_datarole_vlabel,  NOQUOTE))" STAT =
11707!  "%sysfunc(sasmsg(sashelp.dmine, rpt_fitstat_vlabel,   NOQUOTE))" LABEL =
11707! "%sysfunc(sasmsg(sashelp.dmine, rpt_statlabel_vlabel, NOQUOTE))";
11708  set work.modelstats;
11709  DataRole = strip(put(NumRole, Rolefmt.));
11710  drop NumRole;
11711  run;

NOTE: There were 59 observations read from the data set WORK.MODELSTATS.
NOTE: The data set EMWS2.MDLCOMP_COMPAREFIT has 59 observations and 8 variables.
NOTE: DATA statement used (Total process time):
      real time           0.03 seconds
      cpu time            0.01 seconds
      

11712  %macro ReportFit;
11713  proc transpose data= EMWS2.MdlComp_EMOUTFIT(obs=1) out=tempFit;
11714  run;
11715  data _null_;
11716  set tempfit end=eof;
11717  retain statCount 0;
11718  if substr(_NAME_,1,2) ^in('_V', '_T', 'TK', 'VK') then do;
11719  statCount + 1;
11720  call symput('statName'!!strip(put(statCount,best.)), _NAME_);
11721  call symput('statLabel'!!strip(put(statCount,best.)), scan(_LABEL_,2, ':'));
11722  end;
11723  if eof then do;
11724  call symput('statCount', strip(put(statCount,best.)));
11725  end;
11726  run;
11727  data EMWS2.MdlComp_EMREPORTFIT;
11728  set EMWS2.MdlComp_EMOUTFIT;
11729  length FitStat $41 Label $40;
11730  label FitStat = "%sysfunc(sasmsg(sashelp.dmine, rpt_fitstat_vlabel,   NOQUOTE))" LABEL =
11730!  "%sysfunc(sasmsg(sashelp.dmine, rpt_statlabel_vlabel, NOQUOTE))";
11731  %do i=1 %to &statCount;
11732  FitStat="&&StatName&i";
11733  Label="&&StatLabel&i";
11734  Train =&&StatName&i;
11735  %if &&StatName&i= KS %then %do;
11736  Validate = VKS;
11737  Test = TKS;
11738  %end;
11739  %else %if &&StatName&i= BINNED_KS_PROB_CUTOFF %then %do;
11740  Validate = _VBINNED_KS_PROB_CUTOFF_;
11741  Test = _TBINNED_KS_PROB_CUTOFF_;
11742  %end;
11743  %else %do;
11744  %let VstatName= _V%substr(&&StatName&i,2);
11745  %let TstatName= _T%substr(&&StatName&i,2);
11746  Validate=&VStatName;
11747  Test=&TStatName;
11748  %end;
11749  output;
11750  %end;
11751  keep Parent Model Target TargetLabel FitStat Label Train Validate Test;
11752  run;
11753  %mend;
11754  %reportFit;

NOTE: There were 1 observations read from the data set EMWS2.MDLCOMP_EMOUTFIT.
NOTE: The data set WORK.TEMPFIT has 59 observations and 3 variables.
NOTE: PROCEDURE TRANSPOSE used (Total process time):
      real time           0.01 seconds
      cpu time            0.00 seconds
      


NOTE: There were 59 observations read from the data set WORK.TEMPFIT.
NOTE: DATA statement used (Total process time):
      real time           0.00 seconds
      cpu time            0.00 seconds
      


NOTE: Variable _VCRITERION_ is uninitialized.
NOTE: Variable _TCRITERION_ is uninitialized.
NOTE: Variable _TNOBS_ is uninitialized.
NOTE: Variable _TMISC_ is uninitialized.
NOTE: Variable _TMAX_ is uninitialized.
NOTE: Variable _TSSE_ is uninitialized.
NOTE: Variable _TASE_ is uninitialized.
NOTE: Variable _TRASE_ is uninitialized.
NOTE: Variable _TDIV_ is uninitialized.
NOTE: Variable _VDFT_ is uninitialized.
NOTE: Variable _TDFT_ is uninitialized.
NOTE: Variable _VAIC_ is uninitialized.
NOTE: Variable _TAIC_ is uninitialized.
NOTE: Variable _TAVERR_ is uninitialized.
NOTE: Variable _VDFE_ is uninitialized.
NOTE: Variable _TDFE_ is uninitialized.
NOTE: Variable _VDFM_ is uninitialized.
NOTE: Variable _TDFM_ is uninitialized.
NOTE: Variable _TERR_ is uninitialized.
NOTE: Variable _VFPE_ is uninitialized.
NOTE: Variable _TFPE_ is uninitialized.
NOTE: Variable _TMSE_ is uninitialized.
NOTE: Variable _VNW_ is uninitialized.
NOTE: Variable _TNW_ is uninitialized.
NOTE: Variable _VRFPE_ is uninitialized.
NOTE: Variable _TRFPE_ is uninitialized.
NOTE: Variable _TRMSE_ is uninitialized.
NOTE: Variable _VSBC_ is uninitialized.
NOTE: Variable _TSBC_ is uninitialized.
NOTE: Variable _TSUMW_ is uninitialized.
NOTE: Variable _TAUR_ is uninitialized.
NOTE: Variable _TGINI_ is uninitialized.
NOTE: Variable TKS is uninitialized.
NOTE: Variable _VKS_PROB_CUTOFF is uninitialized.
NOTE: Variable _TKS_PROB_CUTOFF is uninitialized.
NOTE: Variable _TKS_BIN_ is uninitialized.
NOTE: Variable _TBINNED_KS_PROB_CUTOFF_ is uninitialized.
NOTE: Variable _TGAIN_ is uninitialized.
NOTE: Variable _TLIFT_ is uninitialized.
NOTE: Variable _TLIFTC_ is uninitialized.
NOTE: Variable _TRESP_ is uninitialized.
NOTE: Variable _TRESPC_ is uninitialized.
NOTE: Variable _TCAP_ is uninitialized.
NOTE: Variable _TCAPC_ is uninitialized.
NOTE: There were 3 observations read from the data set EMWS2.MDLCOMP_EMOUTFIT.
NOTE: The data set EMWS2.MDLCOMP_EMREPORTFIT has 102 observations and 9 variables.
NOTE: DATA statement used (Total process time):
      real time           0.04 seconds
      cpu time            0.03 seconds
      


11755  proc print data=EMWS2.MdlComp_EMEVENTREPORT(drop=PARENT) noobs label;
11756  title9 "%sysfunc(sasmsg(sashelp.dmine, rpt_eventtable_title ,    NOQUOTE))";
11757  title10 "Model Selection based on Valid: Misclassification Rate (_VMISC_)";
11758  run;

NOTE: There were 6 observations read from the data set EMWS2.MDLCOMP_EMEVENTREPORT.
NOTE: The PROCEDURE PRINT printed page 4.
NOTE: PROCEDURE PRINT used (Total process time):
      real time           0.00 seconds
      cpu time            0.00 seconds
      

11759  title9;
11760  title10;

11761  proc datasets library=EMWS2 nolist;
11762  modify MdlComp_EMRANK;
11763  label PARENT = "%sysfunc(sasmsg(sashelp.dmine, rpt_parent_vlabel  ,  NOQUOTE))" MODEL =
11763! "%sysfunc(sasmsg(sashelp.dmine, rpt_modelnode_vlabel, NOQUOTE))" DATAROLE =
11763! "%sysfunc(sasmsg(sashelp.dmine, rpt_datarole_vlabel,  NOQUOTE))" TARGET =
11764     "%sysfunc(sasmsg(sashelp.dmine, rpt_targetvar_vlabel, NOQUOTE))" TARGETLABEL =
11764! "%sysfunc(sasmsg(sashelp.dmine, meta_targetlabel_vlabel, NOQUOTE))";
11765  run;

NOTE: MODIFY was successful for EMWS2.MDLCOMP_EMRANK.DATA.

NOTE: PROCEDURE DATASETS used (Total process time):
      real time           0.04 seconds
      cpu time            0.01 seconds
      

11766  proc sort data=EMWS2.MdlComp_EMRANK NOTHREADS;
11767  by descending model target;
11768  run;

NOTE: There were 120 observations read from the data set EMWS2.MDLCOMP_EMRANK.
NOTE: The data set EMWS2.MDLCOMP_EMRANK has 120 observations and 38 variables.
NOTE: PROCEDURE SORT used (Total process time):
      real time           0.03 seconds
      cpu time            0.01 seconds
      

11769  proc datasets library=EMWS2 nolist;
11770  modify MdlComp_EMSCOREDIST;
11771  label PARENT = "%sysfunc(sasmsg(sashelp.dmine, rpt_parent_vlabel  ,  NOQUOTE))" MODEL =
11771! "%sysfunc(sasmsg(sashelp.dmine, rpt_modelnode_vlabel, NOQUOTE))" DATAROLE =
11771! "%sysfunc(sasmsg(sashelp.dmine, rpt_datarole_vlabel,  NOQUOTE))" TARGET =
11772     "%sysfunc(sasmsg(sashelp.dmine, rpt_targetvar_vlabel, NOQUOTE))" TARGETLABEL =
11772! "%sysfunc(sasmsg(sashelp.dmine, meta_targetlabel_vlabel, NOQUOTE))";
11773  run;

NOTE: MODIFY was successful for EMWS2.MDLCOMP_EMSCOREDIST.DATA.

NOTE: PROCEDURE DATASETS used (Total process time):
      real time           0.03 seconds
      cpu time            0.03 seconds
      

11774  proc sort data=EMWS2.MdlComp_EMSCOREDIST NOTHREADS;
11775  by descending model target;
11776  run;

NOTE: There were 55 observations read from the data set EMWS2.MDLCOMP_EMSCOREDIST.
NOTE: The data set EMWS2.MDLCOMP_EMSCOREDIST has 55 observations and 24 variables.
NOTE: PROCEDURE SORT used (Total process time):
      real time           0.03 seconds
      cpu time            0.00 seconds
      

11777  proc sort data=EMWS2.MdlComp_EMROC NOTHREADS;
11778  by descending model target;
11779  run;

NOTE: There were 579 observations read from the data set EMWS2.MDLCOMP_EMROC.
NOTE: The data set EMWS2.MDLCOMP_EMROC has 579 observations and 18 variables.
NOTE: PROCEDURE SORT used (Total process time):
      real time           0.03 seconds
      cpu time            0.00 seconds
      

