*------------------------------------------------------------*
* Training Log
Date:                April 17, 2017
Time:                01:32:02
*------------------------------------------------------------*
10867  proc freq data=EMWS1.Trans6_VariableSet noprint;
10868  table ROLE*LEVEL/out=WORK.Trans6META;
10869  run;

NOTE: There were 28 observations read from the data set EMWS1.TRANS6_VARIABLESET.
NOTE: The data set WORK.TRANS6META has 5 observations and 4 variables.
NOTE: PROCEDURE FREQ used (Total process time):
      real time           0.00 seconds
      cpu time            0.00 seconds
      

10870  proc print data=WORK.Trans6META label noobs;
10871  var ROLE LEVEL COUNT;
10872  label ROLE = "%sysfunc(sasmsg(sashelp.dmine, meta_role_vlabel, NOQUOTE))" LEVEL = "%sysfunc(sasmsg(sashelp.dmine, meta_level_vlabel, NOQUOTE))" COUNT = "%sysfunc(sasmsg(sashelp.dmine, rpt_count_vlabel, NOQUOTE))";
10873  title9 ' ';
10874  title10 "%sysfunc(sasmsg(sashelp.dmine, rpt_varSummary_title  , NOQUOTE))";
10875  run;

NOTE: There were 5 observations read from the data set WORK.TRANS6META.
NOTE: The PROCEDURE PRINT printed page 1.
NOTE: PROCEDURE PRINT used (Total process time):
      real time           0.00 seconds
      cpu time            0.00 seconds
      

10876  title10;

10877  data WORK.M0VT52E3;
10878  set WORK.M0VT52E3;
10879  if (METHOD='NONE' and ROLE ne 'FREQ') or (role = 'REJECTED' and METHOD = 'DEFAULT') then delete;
10880  run;

NOTE: There were 28 observations read from the data set WORK.M0VT52E3.
NOTE: The data set WORK.M0VT52E3 has 27 observations and 22 variables.
NOTE: DATA statement used (Total process time):
      real time           0.00 seconds
      cpu time            0.00 seconds
      

NOTE: There were 9686 observations read from the data set BIA.PVA97NK.
NOTE: There were 9686 observations read from the data set EMWS1.IDS2_DATA.
NOTE: View EMWS1.TRANS5_TRAIN.VIEW used (Total process time):
      real time           0.48 seconds
      cpu time            0.07 seconds
      
NOTE: There were 9686 observations read from the data set EMWS1.TRANS4_TRAIN.
10945  *------------------------------------------------------------*;
10946  * Trans: Computing Summary Statistics;
10947  *------------------------------------------------------------*;
10948  data WORK.M0YXQEI6;
10949  set WORK.M0YXQEI6;
10950  if (role = 'REJECTED') then role = 'INPUT';
10951  run;

NOTE: There were 27 observations read from the data set WORK.M0YXQEI6.
NOTE: The data set WORK.M0YXQEI6 has 27 observations and 22 variables.
NOTE: DATA statement used (Total process time):
      real time           0.00 seconds
      cpu time            0.00 seconds
      

10952  *------------------------------------------------------------* ;
10953  * EM: DMDBClass Macro ;
10954  *------------------------------------------------------------* ;
10955  %macro DMDBClass;
10956      DemCluster(ASC) DemGender(ASC) DemHomeOwner(ASC) StatusCat96NK(ASC)
10957     StatusCatStarAll(ASC) TargetB(DESC)
10958  %mend DMDBClass;
10959  *------------------------------------------------------------* ;
10960  * EM: DMDBVar Macro ;
10961  *------------------------------------------------------------* ;
10962  %macro DMDBVar;
10963      DemAge DemMedHomeValue DemMedIncome DemPctVeterans GiftAvg36 GiftAvgAll
10964     GiftAvgCard36 GiftAvgLast GiftCnt36 GiftCntAll GiftCntCard36 GiftCntCardAll
10965     GiftDolAll GiftTimeFirst GiftTimeLast_Rev PromCnt12 PromCnt36 PromCntAll
10966     PromCntCard12 PromCntCard36 PromCntCardAll
10967  %mend DMDBVar;
10968  *------------------------------------------------------------*;
10969  * EM: Create DMDB;
10970  *------------------------------------------------------------*;
10971  proc dmdb batch data=EMWS1.Trans5_TRAIN
10972  dmdbcat=WORK.EM_DMDB
10973  classout=WORK.Transclassout
10974  maxlevel = 513
10975  ;
10976  class %DMDBClass;
10977  var %DMDBVar;
10978  target
10979  TargetB
10980  ;
10981  run;

NOTE: Records processed = 9686   Memory used = 511K.
NOTE: There were 9686 observations read from the data set BIA.PVA97NK.
NOTE: There were 9686 observations read from the data set EMWS1.IDS2_DATA.
NOTE: View EMWS1.TRANS5_TRAIN.VIEW used (Total process time):
      real time           0.12 seconds
      cpu time            0.12 seconds
      
NOTE: There were 9686 observations read from the data set EMWS1.TRANS4_TRAIN.
NOTE: There were 9686 observations read from the data set EMWS1.TRANS5_TRAIN.
NOTE: The data set WORK.TRANSCLASSOUT has 69 observations and 9 variables.
NOTE: PROCEDURE DMDB used (Total process time):
      real time           0.14 seconds
      cpu time            0.14 seconds
      

10982  quit;
10983  *--- end code ---*;

10984  data WORK.TransINTERVALMETA;
10985  set WORK.M0VT52E3;
10986  if LEVEL ne 'INTERVAL' then delete;
10987  run;

NOTE: There were 27 observations read from the data set WORK.M0VT52E3.
NOTE: The data set WORK.TRANSINTERVALMETA has 21 observations and 22 variables.
NOTE: DATA statement used (Total process time):
      real time           0.01 seconds
      cpu time            0.01 seconds
      

10988  *------------------------------------------------------------*;
10989  * Trans: Determining Variables to Scale;
10990  *------------------------------------------------------------*;
10991  data WORK.M1DW6CTJ;
10992  set WORK.M1DW6CTJ;
10993  where (TYPE="N" and (METHOD in("MAX_NORM", "MAX_CORR", "EQUALIZE", "OP_MAX_NORM", "OP_EQUALIZE"))) or (ROLE eq "FREQ");
10994  run;

NOTE: There were 0 observations read from the data set WORK.M1DW6CTJ.
      WHERE ((TYPE='N') and METHOD in ('EQUALIZE', 'MAX_CORR', 'MAX_NORM', 'OP_EQUALIZE', 'OP_MAX_NORM')) or (ROLE='FREQ');
NOTE: The data set WORK.M1DW6CTJ has 0 observations and 22 variables.
NOTE: DATA statement used (Total process time):
      real time           0.00 seconds
      cpu time            0.00 seconds
      

10997  *------------------------------------------------------------*;
10998  * Trans: Computing quantile transformations;
10999  *------------------------------------------------------------*;
11000  %em_varMacro(name=EM_PCTLBINVAR, metadata=WORK.METASET25IEVII, key=NAME);

NOTE: The file MACFILE is:
      Catalog Name=WORK.EMUTIL.MACRO.SOURCE,
      Catalog Page Size=4096,
      Number of Catalog Pages=4,
      Created=Mon, Apr 17, 2017 01:32:03 AM,
      Last Modified=Mon, Apr 17, 2017 01:32:03 AM,
      Filename=C:\Users\pkumari1\AppData\Local\Temp\126\SAS Temporary Files\_TD3780_UPITSCTXSH015_\emutil.sas7bcat,
      Release Created=9.0401M3,
      Host Created=X64_DSRV12

NOTE: 3 records were written to the file MACFILE.
      The minimum record length was 20.
      The maximum record length was 47.
NOTE: There were 3 observations read from the data set WORK.METASET25IEVII.
NOTE: DATA statement used (Total process time):
      real time           0.01 seconds
      cpu time            0.01 seconds
      

NOTE: Fileref MACFILE has been deassigned.
11004  data work.EM_TRANS_STDIZE / view=work.EM_TRANS_STDIZE;
11005  set EMWS1.Trans5_TRAIN(keep=%EM_PCTLBINVAR );
11006  run;

NOTE: DATA STEP view saved on file WORK.EM_TRANS_STDIZE.
NOTE: A stored DATA STEP view cannot run under a different operating system.
NOTE: View EMWS1.TRANS5_TRAIN.VIEW used (Total process time):
      real time           0.10 seconds
      cpu time            0.11 seconds
      
NOTE: DATA statement used (Total process time):
      real time           0.12 seconds
      cpu time            0.12 seconds
      

11007  data work.TRANS_QUANTMETADS;
11008  set WORK.METASET25IEVII;
11009  if NUMBINS eq . then NUMBINS=4;
11010  run;

NOTE: There were 3 observations read from the data set WORK.METASET25IEVII.
NOTE: The data set WORK.TRANS_QUANTMETADS has 3 observations and 22 variables.
NOTE: DATA statement used (Total process time):
      real time           0.00 seconds
      cpu time            0.00 seconds
      

11011  proc sort data=work.TRANS_QUANTMETADS;
11012  by NUMBINS NAME;
11013  run;

NOTE: There were 3 observations read from the data set WORK.TRANS_QUANTMETADS.
NOTE: The data set WORK.TRANS_QUANTMETADS has 3 observations and 22 variables.
NOTE: PROCEDURE SORT used (Total process time):
      real time           0.00 seconds
      cpu time            0.00 seconds
      

11014  data _null_;
11015  set work.TRANS_QUANTMETADS;
11016  length pctlString $200;
11017  length VarString $80;
11018  retain VarString '';
11019  retain Count 0;
11020  by Numbins;
11021  if first.numbins then do;
11022  count + 1;
11023  pctlString = '';
11024  call execute("proc stdize data=work.EM_TRANS_STDIZE outstat=WORK.TransBIN_PCTL out=_null_
11025              pctlpts=");
11026  do i=1 to numbins -1;
11027  pctlString = strip(pctlString)!!' '!!strip(put(i*100/numbins, 5.1));
11028  end;
11029  call execute(strip(pctlString)!!";");
11030  call execute("var ");
11031  VarString = strip(NAME);
11032  end;
11033  else do;
11034  if length(strip(VarString)) + length(strip(NAME)) + 1 < 80 then VarString = strip(VarString)!!' '!!strip(NAME);
11035  else do;
11036  call execute(varString);
11037  VarString = NAME;
11038  end;
11039  end;
11040  if last.numbins then do;
11041  call execute(varString!!';');
11042  call execute("run;");
11043  if count = 1 then call execute("data  WORK.Trans_PCTL;");
11044  else call execute("data  WORK.TransBIN_PCTL;");
11045  call execute("   length _PCTLPTS 8;");
11046  call execute("   set WORK.TransBIN_PCTL(where=(_type_=:'P'));");
11047  call execute("   _PCTLPTS = input(substr(tranwrd(_TYPE_, '_', '.'), 2), best.);");
11048  call execute("run;");
11049  if count ne 1 then do;
11050  call execute("data WORK.Trans_PCTL;");
11051  call execute("   merge WORK.Trans_PCTL WORK.TransBIN_PCTL;");
11052  call execute("   by _PCTLPTS;");
11053  call execute("run;");
11054  end;
11055  end;
11056  run;

NOTE: There were 3 observations read from the data set WORK.TRANS_QUANTMETADS.
NOTE: DATA statement used (Total process time):
      real time           0.01 seconds
      cpu time            0.01 seconds
      

NOTE: CALL EXECUTE generated line.
1     + proc stdize data=work.EM_TRANS_STDIZE outstat=WORK.TransBIN_PCTL out=_null_            pctlpts=
2     + 20.0 40.0 60.0 80.0;
3     + var
4     + GiftCntAll GiftDolAll GiftTimeLast_Rev                                          ;
5     + run;

NOTE: There were 9686 observations read from the data set BIA.PVA97NK.
NOTE: There were 9686 observations read from the data set EMWS1.IDS2_DATA.
NOTE: There were 9686 observations read from the data set EMWS1.TRANS4_TRAIN.
NOTE: View WORK.EM_TRANS_STDIZE.VIEW used (Total process time):
      real time           0.23 seconds
      cpu time            0.21 seconds
      
NOTE: There were 9686 observations read from the data set EMWS1.TRANS5_TRAIN.
NOTE: There were 9686 observations read from the data set WORK.EM_TRANS_STDIZE.
NOTE: The data set WORK.TRANSBIN_PCTL has 12 observations and 4 variables.
NOTE: PROCEDURE STDIZE used (Total process time):
      real time           0.25 seconds
      cpu time            0.23 seconds
      

6     + data  WORK.Trans_PCTL;
7     +    length _PCTLPTS 8;
8     +    set WORK.TransBIN_PCTL(where=(_type_=:'P'));
9     +    _PCTLPTS = input(substr(tranwrd(_TYPE_, '_', '.'), 2), best.);
10    + run;

NOTE: There were 4 observations read from the data set WORK.TRANSBIN_PCTL.
      WHERE _type_=:'P';
NOTE: The data set WORK.TRANS_PCTL has 4 observations and 5 variables.
NOTE: DATA statement used (Total process time):
      real time           0.00 seconds
      cpu time            0.00 seconds
      

NOTE: View EMWS1.TRANS5_TRAIN.VIEW used (Total process time):
      real time           0.68 seconds
      cpu time            0.59 seconds
      
NOTE: This SAS session is using a registry in WORK.  All changes will be lost at the end of this session.
*------------------------------------------------------------* 
*  Trans: Creating EMWS1.Trans6_RESULT 
*------------------------------------------------------------* 
WARNING: Multiple lengths were specified for the BY variable NAME by input data sets. This might cause unexpected results.

NOTE: PROCEDURE DATASETS used (Total process time):
      real time           0.10 seconds
      cpu time            0.03 seconds
      

11101  data EMWS1.Trans6_RESULT;
11102  length NAME $32 FORMULA $70 POWER 8 ROLE $32 LEVEL $10 INPUTNAME $32 INPUTTYPE $1 LABEL $44;
11103  label INPUTNAME ='Input Name' NAME='Name' POWER='Power' FORMULA='Formula' ROLE='Role' INPUTLEVEL='Input Level' LEVEL='Level' INPUTTYPE='Input Type' TYPE='Type';
11104  set EMWS1.Trans6_RESULT;
11105  if INPUTNAME = '' then INPUTNAME = "Mixture of variables";
11106  run;

NOTE: There were 3 observations read from the data set EMWS1.TRANS6_RESULT.
NOTE: The data set EMWS1.TRANS6_RESULT has 3 observations and 11 variables.
NOTE: DATA statement used (Total process time):
      real time           0.10 seconds
      cpu time            0.00 seconds
      

11107  data WORK.M2A7QM7H;
11108  set WORK.M2A7QM7H;
11109  if ROLE='REJECTED' then ROLE='INPUT';
11110  run;

NOTE: There were 3 observations read from the data set WORK.M2A7QM7H.
NOTE: The data set WORK.M2A7QM7H has 3 observations and 11 variables.
NOTE: DATA statement used (Total process time):
      real time           0.01 seconds
      cpu time            0.01 seconds
      

*------------------------------------------------------------* 
*  Trans: Computing summary statistics for transformed variables 
*------------------------------------------------------------* 
11240  data WORK.TRANSFOR_172Y2GG_STATISTIC;
11241  set WORK.Trans_TEMP;
11242  run;

NOTE: There were 3 observations read from the data set WORK.TRANS_TEMP.
NOTE: The data set WORK.TRANSFOR_172Y2GG_STATISTIC has 3 observations and 10 variables.
NOTE: DATA statement used (Total process time):
      real time           0.00 seconds
      cpu time            0.00 seconds
      

11243  %exploreSample(DATA=EMWS1.Trans5_TRAIN, OUTPUT=EMWS1.Trans6_SAMPLE_DATA, METADATA=EMWS1.Trans5_CMeta_TRAIN, VARS=, METHOD=FIRSTN, SIZE=DEFAULT, ALPHA=0.01, PVALUE=0.01, SEED=12345);
NOTE: Fileref X has been deassigned.
NOTE: EXPLOREOBS EMWS1.Trans5_TRAIN : vars= 30 : recl= 221 : max=20000 : def= 2000
PERFORMANCE  DETAILS
*------------------------------------------------------------*
* FirstN/Top sample
*------------------------------------------------------------*

NOTE: There were 9686 observations read from the data set BIA.PVA97NK.
NOTE: There were 9686 observations read from the data set EMWS1.IDS2_DATA.
NOTE: View EMWS1.TRANS5_TRAIN.VIEW used (Total process time):
      real time           0.12 seconds
      cpu time            0.12 seconds
      
NOTE: There were 9686 observations read from the data set EMWS1.TRANS4_TRAIN.
NOTE: There were 2000 observations read from the data set EMWS1.TRANS5_TRAIN.
NOTE: The data set EMWS1.TRANS6_SAMPLE_DATA has 2000 observations and 30 variables.
NOTE: DATA statement used (Total process time):
      real time           0.28 seconds
      cpu time            0.14 seconds
      


11420  proc print data = EMWS1.Trans6_RESULT(obs=500) noobs label;
11421  title9 "%sysfunc(sasmsg(sashelp.dmine, rpt_computedtransformations_title, NOQUOTE))";
11422  title10 "%sysfunc(sasmsg(sashelp.dmine, rpt_maxObsPrinted_title, NOQUOTE))";
11423  var INPUTNAME ROLE INPUTLEVEL NAME LEVEL FORMULA;
11424  run;

NOTE: There were 3 observations read from the data set EMWS1.TRANS6_RESULT.
NOTE: The PROCEDURE PRINT printed page 2.
NOTE: PROCEDURE PRINT used (Total process time):
      real time           0.00 seconds
      cpu time            0.00 seconds
      

11425  title9;
11426  title10;

