*------------------------------------------------------------*
* Score Log
Date:                April 20, 2017
Time:                01:31:29
*------------------------------------------------------------*
16624  %let EMEXCEPTIONSTRING=;
16625  *------------------------------------------------------------*;
16626  * SCORE: Tree2;
16627  *------------------------------------------------------------*;
16628  %let EM_ACTION = SCORE;
16629  %let syscc = 0;
16630  %macro main;
16631  
16632    %if %upcase(&EM_ACTION) = CREATE %then %do;
16633      filename temp catalog 'sashelp.emmodl.tree_create.source';
16634      %include temp;
16635      filename temp;
16636  
16637      %em_tree_create;
16638    %end;
16639  
16640     %else
16641     %if %upcase(&EM_ACTION) = TRAIN %then %do;
16642  
16643         filename temp catalog 'sashelp.emmodl.tree_train.source';
16644         %include temp;
16645         filename temp;
16646         %em_tree_train;
16647     %end;
16648  
16649    %else
16650    %if %upcase(&EM_ACTION) = SCORE %then %do;
16651      filename temp catalog 'sashelp.emmodl.tree_score.source';
16652      %include temp;
16653      filename temp;
16654  
16655      %em_tree_score;
16656  
16657    %end;
16658  
16659    %else
16660    %if %upcase(&EM_ACTION) = REPORT %then %do;
16661  
16662         filename temp catalog 'sashelp.emmodl.tree_report.source';
16663         %include temp;
16664         filename temp;
16665  
16666         %em_tree_report;
16667     %end;
16668  
16669    %else
16670    %if %upcase(&EM_ACTION) = OPENINT %then %do;
16671  
16672         filename temp catalog 'sashelp.emmodl.tree_actions.source';
16673         %include temp;
16674         filename temp;
16675         %EM_TREE_OPENTREEVIEWER;
16676  
16677     %end;
16678  
16679    %else
16680    %if %upcase(&EM_ACTION) = CLOSEINT %then %do;
16681  
16682         filename temp catalog 'sashelp.emmodl.tree_actions.source';
16683         %include temp;
16684         filename temp;
16685         %EM_TREE_CLOSETREEVIEWER;
16686  
16687     %end;
16688  
16689  
16690     %doendm:
16691  %mend main;
16692  
16693  %main;
NOTE: %INCLUDE (level 1) file TEMP is file SASHELP.EMMODL.TREE_SCORE.SOURCE.
16695 +%macro em_tree_score;
16697 +   /* determine if multiple targets will be processed */
16698 +   %let em_tree_multipleTargets=N;
16699 +   %let em_tree_numTarget=1;
16700 +   %if "&EM_PROPERTY_USEMULTIPLETARGET" eq "Y" %then %do;
16701 +      /* determine if there are any ordinal target variables - if so, multiple targets are not supported */
16702 +      %if &EM_NUM_ORDINAL_TARGET gt 0 %then %do;
16703 +         %let em_tree_multipleTargets=N;
16704 +      %end;
16705 +      %else %do;
16706 +         /* create macro array of targets  */
16707 +         data _null_;
16708 +           set &EM_DATA_VARIABLESET(where=(ROLE='TARGET' AND LEVEL^='ORDINAL')) end=eof;
16709 +           call symput('em_tree_targetVars'!!strip(put(_N_, BEST.)), strip(Name));
16710 +           if eof then
16711 +             call symput('em_tree_numTarget', strip(put(_N_, BEST.)));
16712 +        run;
16714 +        %if &em_tree_numTarget gt 1 %then %do;
16715 +           %let em_tree_multipleTargets=Y;
16716 +        %end;
16717 +      %end;
16718 +   %end;
16720 +   /* build flow and publish scoring code */
16721 +   %EM_GETNAME(key=TREEFLOW, type=FILE, extension=sas);
16722 +   %EM_GETNAME(key=TREEPUBLISH, type=FILE, extension=sas);
16724 +   filename treeflow "&EM_USER_TREEFLOW";
16725 +   filename treepub "&EM_USER_TREEPUBLISH";
16727 +   filename flowref  "&EM_FILE_EMFLOWSCORECODE";
16728 +   filename pubref   "&EM_FILE_EMPUBLISHSCORECODE";
16730 +   %em_copyfile(infref=treeflow, outfref=flowref);
16731 +   %em_copyfile(infref=treepub, outfref=pubref);
16733 +   filename treeflow;
16734 +   filename treepub;
16736 +   /* if priors are used, add code to generate unadjusted residuals in export */
16737 +   %let useAdjPriors = N;
16738 +   data _null_;
16739 +     set &EM_DEC_DECMETA(where=(_TYPE_="DECPRIOR"));
16740 +     if USE="Y" then call symput('useAdjPriors', 'Y');
16741 +   run;
16742 +   %if (("&em_tree_multipleTargets" eq "N") AND ("&useAdjPriors" eq "Y")) %then %do;
16743 +      filename temp catalog 'sashelp.emutil.em_makeunadjustedresidualvars.source';
16744 +      %include temp;
16745 +      filename temp;
16747 +      %EM_GETNAME(key=adjResidualCode, type=FILE, extension=sas);
16748 +      filename adjref "&EM_USER_adjResidualCode";
16749 +      %makeUnadjustedResidualVars(target=%EM_TARGET, decmeta=&EM_DEC_DECMETA, fref=adjref);
16751 +      %em_copyfile(infref=adjref, outfref=flowref, append=Y);
16753 +      filename adjref;
16754 +   %end;
16756 +   /* LEAF */
16757 +   %if "&EM_PROPERTY_LEAFID" eq "Y" %then %do;
16758 +      data _null_;
16759 +        file flowref mod;
16760 +        put 'drop _LEAF_;';
16761 +      run;
16763 +      data _null_;
16764 +        file pubref mod;
16765 +        put 'drop _LEAF_;';
16766 +      run;
16768 +   %end;
16770 +   filename flowref;
16771 +   filename pubref;
16773 +   /* em_metachange code */
16774 +   %if "&EM_PROPERTY_LEAFID" eq "Y" %then %do;
16775 +     %EM_METACHANGE(name=_NODE_, role=&EM_PROPERTY_NODEROLE, LEVEL=NOMINAL);
16776 +   %end;
16778 +   /* variable selection based on importance stat    */
16779 +   %if "&EM_PROPERTY_VARSELECTION" eq "Y" %then %do;
16780 +     %EM_GETNAME(key=OUTIMPORT, type=DATA);
16781 +     %let dsid = %sysfunc(open(&EM_USER_OUTIMPORT(where=(IMPORTANCE<0.05))));
16782 +     %let varnum = %sysfunc(varnum(&dsid, NAME));
16783 +     %let obs = %sysfunc(fetch(&dsid));
16784 +     %do %while(&obs=0);
16785 +       %let temp = %nrbquote(%sysfunc(getvarc(&dsid, &varnum)));
16786 +       %let varname = %nrbquote(%sysfunc(tranwrd(&temp,  %str(%"),"")));
16787 +       %EM_METACHANGE(name=&varname, role=REJECTED);
16788 +       %let obs = %sysfunc(fetch(&dsid));
16789 +     %end;
16790 +     %if &dsid %then %let dsid=%sysfunc(close(&dsid));
16791 +   %end;
16793 +   /* set Q_ varaibles to role of ASSESS when in the presense of prior probabilities */
16794 +   %if %sysfunc(exist(&EM_DEC_DECMETA)) %then %do;
16795 +    %let tree_pred_vars = ;
16796 +    %let tree_pred_lvl =;
16797 +    %let numpred= 0;
16799 +    data _null_;
16800 +     set &EM_DEC_DECMETA(where=(_TYPE_="PREDICTED")) end=eof;
16801 +     call symput('tree_pred_vars'!!strip(put(_N_, BEST.)), strip(VARIABLE));
16802 +     call symput('tree_pred_lvl'!!strip(put(_N_, BEST.)), strip(LEVEL));
16803 +     if eof then
16804 +       call symput('numpred', strip(put(_N_, BEST.)));
16805 +    run;
16806 +   %end;
16808 +   %if &numpred ne 0 %then %do;
16809 +    %do i=1 %to &numpred;
16810 +      %let qpred = Q%substr(&&tree_pred_vars&i,2);
16811 +      %EM_METACHANGE(name=&qpred, role=ASSESS);
16812 +    %end;
16813 +   %end;
16815 +   /* determine if multiple targets will be processed */
16816 +   %let em_tree_multipleTargets=N;
16817 +   %let em_tree_numTarget=1;
16818 +   %if "&EM_PROPERTY_USEMULTIPLETARGET" eq "Y" %then %do;
16819 +      /* determine if there are any ordinal target variables - if so, multiple targets are not supported */
16820 +      %if &EM_NUM_ORDINAL_TARGET gt 0 %then %do;
16821 +         %let em_tree_multipleTargets=N;
16822 +      %end;
16823 +      %else %do;
16824 +        data _null_;
16825 +          set &EM_DATA_VARIABLESET(where=(ROLE='TARGET' AND LEVEL^='ORDINAL')) end=eof;
16826 +          if eof then
16827 +            call symput('em_tree_numTarget', strip(put(_N_, BEST.)));
16828 +        run;
16830 +        %if &em_tree_numTarget gt 1 %then %do;
16831 +           %let em_tree_multipleTargets=Y;
16832 +        %end;
16833 +     %end;
16834 +   %end;
16836 +   /* need to include this code to do the %em_report for OUTIMPORT here instead of in Report code so _loop data set is created when group processing */
16837 +   %if "&em_tree_multipleTargets" eq "N" %then %do;
16839 +      /* variable importance */
16840 +      %EM_GETNAME(key=OUTIMPORT, type=DATA);
16841 +      %if %sysfunc(exist(&EM_USER_OUTIMPORT)) eq 1 %then %do;
16843 +         %let validexist=0;
16844 +         %if (("&EM_IMPORT_VALIDATE" ne "") AND (%sysfunc(exist(&EM_IMPORT_VALIDATE)) or %sysfunc(exist(&EM_IMPORT_VALIDATE,VIEW)))) %then %do;
16845 +           %let validexist=1;
16846 +         %end;
16848 +         /* determine if vars exists - properties could indicate they are they but freeze=Y would mean the node wasn't retrained */
16849 +         /* and the columns may not be generated                                                                                 */
16850 +         %let em_tree_cvexists=;
16851 +         %let em_tree_surrexists=.;
16852 +         data _null_;
16853 +            set &EM_USER_OUTIMPORT (obs=2) end=eof;
16854 +            if eof then do ;
16855 +               call symput("em_tree_cvexists" , strip(put(cvimportance,best.))) ;
16856 +               call symput("em_tree_surrexists", strip(put(nsurrogates, best.)));
16857 +            end;
16858 +         run;
16860 +         data &EM_USER_OUTIMPORT;
16861 +            set &EM_USER_OUTIMPORT;
16863 +            /* format columns based on Precison value specified */
16864 +            format importance 15.&EM_PROPERTY_PRECISION
16865 +                 %if &validexist %then %do;
16866 +                   vimportance ratio 15.&EM_PROPERTY_PRECISION
16867 +                 %end;
16868 +                 %if "&EM_TREE_CVEXISTS" ne "." %then %do;
16869 +                   cvimportance vimportance ratio 15.&EM_PROPERTY_PRECISION
16870 +                 %end;
16871 +            ;
16872 +            label  NAME       = "%sysfunc(sasmsg(sashelp.dmine, meta_name_vlabel, noquote))"
16873 +                 LABEL        = "%sysfunc(sasmsg(sashelp.dmine, meta_label_vlabel, noquote))"
16874 +                 NRULES       = "%sysfunc(sasmsg(sashelp.dmine, rpt_nrules_vlabel, noquote))"
16875 +                 IMPORTANCE   = "%sysfunc(sasmsg(sashelp.dmine, rpt_importance_vlabel, noquote))"
16876 +                 %if "&em_tree_surrexists" ne "" %then %do;
16877 +                   NSURROGATES  = "%sysfunc(sasmsg(sashelp.dmine, rpt_nsurrogates_vlabel, noquote))"
16878 +                 %end;
16879 +                 %if &validexist %then %do;
16880 +                   VIMPORTANCE = "%sysfunc(sasmsg(sashelp.dmine, rpt_vimportance_vlabel, noquote))"
16881 +                   RATIO       = "%sysfunc(sasmsg(sashelp.dmine, rpt_ratio_vlabel, noquote))"
16882 +                 %end;
16883 +                 %if "&EM_TREE_CVEXISTS" ne "" %then %do;
16884 +                   VIMPORTANCE = "%sysfunc(sasmsg(sashelp.dmine, rpt_vimportance_vlabel, noquote))"
16885 +                   CVIMPORTANCE =  "%sysfunc(sasmsg(sashelp.dmine, rpt_cvimport_vlabel, noquote))"
16886 +                   CVRULES= "%sysfunc(sasmsg(sashelp.dmine, rpt_cvrules_vlabel, noquote))"
16887 +                   RATIO = "%sysfunc(sasmsg(sashelp.dmine, rpt_ratio_vlabel, noquote))"
16888 +                 %end;
16889 +            ;
16890 +         run;
16892 +         %EM_REPORT(key=OUTIMPORT, viewtype=DATA, block=MODEL, description=IMPORTANCE, autodisplay=N);
16893 +      %end;
16894 +   %end;
16896 +   %doendm:
16897 +%mend em_tree_score;
NOTE: %INCLUDE (level 1) ending.
NOTE: Fileref TEMP has been deassigned.

NOTE: The file FLOWREF is:
      Filename=H:\Bia_Priya\Project_PredictiveAnalysis\Workspaces\EMWS3\Tree2\EMFLOWSCORE.sas,
      RECFM=V,LRECL=20000,File Size (bytes)=0,
      Last Modified=20Apr2017:01:31:28,
      Create Time=20Apr2017:01:31:28

NOTE: 529 records were written to the file FLOWREF.
      The minimum record length was 1.
      The maximum record length was 65.
NOTE: DATA statement used (Total process time):
      real time           0.03 seconds
      cpu time            0.01 seconds
      


NOTE: The file PUBREF is:
      Filename=H:\Bia_Priya\Project_PredictiveAnalysis\Workspaces\EMWS3\Tree2\EMPUBLISHSCORE.sas,
      RECFM=V,LRECL=20000,File Size (bytes)=0,
      Last Modified=20Apr2017:01:31:28,
      Create Time=20Apr2017:01:31:28

NOTE: 507 records were written to the file PUBREF.
      The minimum record length was 1.
      The maximum record length was 65.
NOTE: DATA statement used (Total process time):
      real time           0.03 seconds
      cpu time            0.00 seconds
      

NOTE: Fileref TREEFLOW has been deassigned.
NOTE: Fileref TREEPUB has been deassigned.

NOTE: There were 1 observations read from the data set EMWS3.IDS2_TARGETBUY_DM.
      WHERE _TYPE_='DECPRIOR';
NOTE: DATA statement used (Total process time):
      real time           0.00 seconds
      cpu time            0.00 seconds
      


NOTE: The file FLOWREF is:
      Filename=H:\Bia_Priya\Project_PredictiveAnalysis\Workspaces\EMWS3\Tree2\EMFLOWSCORE.sas,
      RECFM=V,LRECL=32767,File Size (bytes)=20059,
      Last Modified=20Apr2017:01:31:28,
      Create Time=20Apr2017:01:31:28

NOTE: 1 record was written to the file FLOWREF.
      The minimum record length was 12.
      The maximum record length was 12.
NOTE: DATA statement used (Total process time):
      real time           0.01 seconds
      cpu time            0.00 seconds
      


NOTE: The file PUBREF is:
      Filename=H:\Bia_Priya\Project_PredictiveAnalysis\Workspaces\EMWS3\Tree2\EMPUBLISHSCORE.sas,
      RECFM=V,LRECL=32767,File Size (bytes)=19386,
      Last Modified=20Apr2017:01:31:28,
      Create Time=20Apr2017:01:31:28

NOTE: 1 record was written to the file PUBREF.
      The minimum record length was 12.
      The maximum record length was 12.
NOTE: DATA statement used (Total process time):
      real time           0.01 seconds
      cpu time            0.00 seconds
      

NOTE: Fileref FLOWREF has been deassigned.
NOTE: Fileref PUBREF has been deassigned.

NOTE: The data set WORK.EM_METACHANGE has 1 observations and 9 variables.
NOTE: DATA statement used (Total process time):
      real time           0.01 seconds
      cpu time            0.01 seconds
      


NOTE: There were 1 observations read from the data set WORK.EM_METACHANGE.
NOTE: The data set WORK.EM_METACHANGE has 2 observations and 9 variables.
NOTE: DATA statement used (Total process time):
      real time           0.00 seconds
      cpu time            0.00 seconds
      


NOTE: There were 2 observations read from the data set WORK.EM_METACHANGE.
NOTE: The data set WORK.EM_METACHANGE has 3 observations and 9 variables.
NOTE: DATA statement used (Total process time):
      real time           0.01 seconds
      cpu time            0.00 seconds
      


NOTE: There were 3 observations read from the data set WORK.EM_METACHANGE.
NOTE: The data set WORK.EM_METACHANGE has 4 observations and 9 variables.
NOTE: DATA statement used (Total process time):
      real time           0.00 seconds
      cpu time            0.00 seconds
      


NOTE: There were 4 observations read from the data set WORK.EM_METACHANGE.
NOTE: The data set WORK.EM_METACHANGE has 5 observations and 9 variables.
NOTE: DATA statement used (Total process time):
      real time           0.01 seconds
      cpu time            0.01 seconds
      


NOTE: There were 5 observations read from the data set WORK.EM_METACHANGE.
NOTE: The data set WORK.EM_METACHANGE has 6 observations and 9 variables.
NOTE: DATA statement used (Total process time):
      real time           0.00 seconds
      cpu time            0.00 seconds
      


NOTE: There were 6 observations read from the data set WORK.EM_METACHANGE.
NOTE: The data set WORK.EM_METACHANGE has 7 observations and 9 variables.
NOTE: DATA statement used (Total process time):
      real time           0.01 seconds
      cpu time            0.00 seconds
      


NOTE: There were 2 observations read from the data set EMWS3.IDS2_TARGETBUY_DM.
      WHERE _TYPE_='PREDICTED';
NOTE: DATA statement used (Total process time):
      real time           0.01 seconds
      cpu time            0.00 seconds
      


NOTE: There were 7 observations read from the data set WORK.EM_METACHANGE.
NOTE: The data set WORK.EM_METACHANGE has 8 observations and 9 variables.
NOTE: DATA statement used (Total process time):
      real time           0.01 seconds
      cpu time            0.01 seconds
      


NOTE: There were 8 observations read from the data set WORK.EM_METACHANGE.
NOTE: The data set WORK.EM_METACHANGE has 9 observations and 9 variables.
NOTE: DATA statement used (Total process time):
      real time           0.01 seconds
      cpu time            0.01 seconds
      


NOTE: Variable cvimportance is uninitialized.
NOTE: Variable nsurrogates is uninitialized.
NOTE: There were 2 observations read from the data set EMWS3.TREE2_OUTIMPORT.
NOTE: DATA statement used (Total process time):
      real time           0.01 seconds
      cpu time            0.00 seconds
      


NOTE: Variable NSURROGATES is uninitialized.
NOTE: Variable CVIMPORTANCE is uninitialized.
NOTE: Variable CVRULES is uninitialized.
NOTE: There were 9 observations read from the data set EMWS3.TREE2_OUTIMPORT.
NOTE: The data set EMWS3.TREE2_OUTIMPORT has 9 observations and 6 variables.
NOTE: DATA statement used (Total process time):
      real time           0.04 seconds
      cpu time            0.03 seconds
      


NOTE: The data set WORK.EM_USER_REPORT has 132 observations and 4 variables.
NOTE: DATA statement used (Total process time):
      real time           0.03 seconds
      cpu time            0.03 seconds
      

16898  
16899  *------------------------------------------------------------*;
16900  * End SCORE: Tree2;
16901  *------------------------------------------------------------*;

16902  proc sort data=WORK.EM_METACHANGE;
16903  by key uname;
16904  run;

NOTE: There were 9 observations read from the data set WORK.EM_METACHANGE.
NOTE: The data set WORK.EM_METACHANGE has 9 observations and 9 variables.
NOTE: PROCEDURE SORT used (Total process time):
      real time           0.01 seconds
      cpu time            0.00 seconds
      

16905  filename x "H:\Bia_Priya\Project_PredictiveAnalysis\Workspaces\EMWS3\Tree2\CDELTA_TRAIN.sas";
16906  data _null_;
16907  file x;
16908  put 'if upcase(NAME) = "DEMCLUSTERGROUP" then do;';
16909  put 'ROLE = "REJECTED";';
16910  put 'end;';
16911  put 'else ';
16912  put 'if upcase(NAME) = "DEMREG" then do;';
16913  put 'ROLE = "REJECTED";';
16914  put 'end;';
16915  put 'else ';
16916  put 'if upcase(NAME) = "DEMTVREG" then do;';
16917  put 'ROLE = "REJECTED";';
16918  put 'end;';
16919  put 'else ';
16920  put 'if upcase(NAME) = "PROMCLASS" then do;';
16921  put 'ROLE = "REJECTED";';
16922  put 'end;';
16923  put 'else ';
16924  put 'if upcase(NAME) = "PROMSPEND" then do;';
16925  put 'ROLE = "REJECTED";';
16926  put 'end;';
16927  put 'else ';
16928  put 'if upcase(NAME) = "PROMTIME" then do;';
16929  put 'ROLE = "REJECTED";';
16930  put 'end;';
16931  put 'else ';
16932  put 'if upcase(NAME) = "Q_TARGETBUY0" then do;';
16933  put 'ROLE = "ASSESS";';
16934  put 'end;';
16935  put 'else ';
16936  put 'if upcase(NAME) = "Q_TARGETBUY1" then do;';
16937  put 'ROLE = "ASSESS";';
16938  put 'end;';
16939  put 'else ';
16940  put 'if upcase(NAME) = "_NODE_" then do;';
16941  put 'ROLE = "SEGMENT";';
16942  put 'LEVEL = "NOMINAL";';
16943  put 'end;';
16944  run;

NOTE: The file X is:
      Filename=H:\Bia_Priya\Project_PredictiveAnalysis\Workspaces\EMWS3\Tree2\CDELTA_TRAIN.sas,
      RECFM=V,LRECL=32767,File Size (bytes)=0,
      Last Modified=20Apr2017:01:31:28,
      Create Time=20Apr2017:00:43:37

NOTE: 36 records were written to the file X.
      The minimum record length was 4.
      The maximum record length was 44.
NOTE: DATA statement used (Total process time):
      real time           0.03 seconds
      cpu time            0.00 seconds
      

16945  filename x;
NOTE: Fileref X has been deassigned.

16946  filename emflow "H:\Bia_Priya\Project_PredictiveAnalysis\Workspaces\EMWS3\Tree2\EMFLOWSCORE.sas";
16947  *------------------------------------------------------------*;
16948  * Tree2: Scoring DATA data;
16949  *------------------------------------------------------------*;
16950  data EMWS3.Tree2_TRAIN
16951  / view=EMWS3.Tree2_TRAIN
16952  ;
16953  set EMWS3.Part_TRAIN
16954  ;
16955  %inc emflow;
NOTE: %INCLUDE (level 1) file EMFLOW is file H:\Bia_Priya\Project_PredictiveAnalysis\Workspaces\EMWS3\Tree2\EMFLOWSCORE.sas.
16956 +****************************************************************;
16957 +******             DECISION TREE SCORING CODE             ******;
16958 +****************************************************************;
16959 +
16960 +******         LENGTHS OF NEW CHARACTER VARIABLES         ******;
16961 +LENGTH F_TargetBuy  $   12;
16962 +LENGTH I_TargetBuy  $   12;
16963 +LENGTH _WARN_  $    4;
16964 +
16965 +******              LABELS FOR NEW VARIABLES              ******;
16966 +label _NODE_ = 'Node' ;
16967 +label _LEAF_ = 'Leaf' ;
16968 +label P_TargetBuy0 = 'Predicted: TargetBuy=0' ;
16969 +label P_TargetBuy1 = 'Predicted: TargetBuy=1' ;
16970 +label Q_TargetBuy0 = 'Unadjusted P: TargetBuy=0' ;
16971 +label Q_TargetBuy1 = 'Unadjusted P: TargetBuy=1' ;
16972 +label V_TargetBuy0 = 'Validated: TargetBuy=0' ;
16973 +label V_TargetBuy1 = 'Validated: TargetBuy=1' ;
16974 +label R_TargetBuy0 = 'Residual: TargetBuy=0' ;
16975 +label R_TargetBuy1 = 'Residual: TargetBuy=1' ;
16976 +label F_TargetBuy = 'From: TargetBuy' ;
16977 +label I_TargetBuy = 'Into: TargetBuy' ;
16978 +label U_TargetBuy = 'Unnormalized Into: TargetBuy' ;
16979 +label _WARN_ = 'Warnings' ;
16980 +
16981 +
16982 +******      TEMPORARY VARIABLES FOR FORMATTED VALUES      ******;
16983 +LENGTH _ARBFMT_12 $     12; DROP _ARBFMT_12;
16984 +_ARBFMT_12 = ' '; /* Initialize to avoid warning. */
16985 +LENGTH _ARBFMT_1 $      1; DROP _ARBFMT_1;
16986 +_ARBFMT_1 = ' '; /* Initialize to avoid warning. */
16987 +
16988 +
16989 +_ARBFMT_12 = PUT( TargetBuy , BEST12.);
16990 + %DMNORMCP( _ARBFMT_12, F_TargetBuy );
16991 +
16992 +******             ASSIGN OBSERVATION TO NODE             ******;
16993 +IF  NOT MISSING(DemAge ) AND
16994 +  DemAge  <                 39.5 THEN DO;
16995 +  IF  NOT MISSING(DemAffl ) AND
16996 +    DemAffl  <                  9.5 THEN DO;
16997 +    _ARBFMT_1 = PUT( DemGender , $1.);
16998 +     %DMNORMIP( _ARBFMT_1);
16999 +    IF _ARBFMT_1 IN ('M' ) THEN DO;
17000 +      _NODE_  =                   15;
17001 +      _LEAF_  =                    2;
17002 +      P_TargetBuy0  =      0.6255707762557;
17003 +      P_TargetBuy1  =     0.37442922374429;
17004 +      Q_TargetBuy0  =      0.6255707762557;
17005 +      Q_TargetBuy1  =     0.37442922374429;
17006 +      V_TargetBuy0  =     0.65945945945945;
17007 +      V_TargetBuy1  =     0.34054054054054;
17008 +      I_TargetBuy  = '0' ;
17009 +      U_TargetBuy  =                    0;
17010 +      END;
17011 +    ELSE IF _ARBFMT_1 IN ('F' ) THEN DO;
17012 +      IF  NOT MISSING(DemAffl ) AND
17013 +        DemAffl  <                  6.5 THEN DO;
17014 +        _NODE_  =                   38;
17015 +        _LEAF_  =                    3;
17016 +        P_TargetBuy0  =     0.60115606936416;
17017 +        P_TargetBuy1  =     0.39884393063583;
17018 +        Q_TargetBuy0  =     0.60115606936416;
17019 +        Q_TargetBuy1  =     0.39884393063583;
17020 +        V_TargetBuy0  =     0.50273224043715;
17021 +        V_TargetBuy1  =     0.49726775956284;
17022 +        I_TargetBuy  = '0' ;
17023 +        U_TargetBuy  =                    0;
17024 +        END;
17025 +      ELSE DO;
17026 +        _NODE_  =                   39;
17027 +        _LEAF_  =                    4;
17028 +        P_TargetBuy0  =     0.38622754491017;
17029 +        P_TargetBuy1  =     0.61377245508982;
17030 +        Q_TargetBuy0  =     0.38622754491017;
17031 +        Q_TargetBuy1  =     0.61377245508982;
17032 +        V_TargetBuy0  =     0.37978142076502;
17033 +        V_TargetBuy1  =     0.62021857923497;
17034 +        I_TargetBuy  = '1' ;
17035 +        U_TargetBuy  =                    1;
17036 +        END;
17037 +      END;
17038 +    ELSE DO;
17039 +      _NODE_  =                   14;
17040 +      _LEAF_  =                    1;
17041 +      P_TargetBuy0  =     0.84931506849315;
17042 +      P_TargetBuy1  =     0.15068493150684;
17043 +      Q_TargetBuy0  =     0.84931506849315;
17044 +      Q_TargetBuy1  =     0.15068493150684;
17045 +      V_TargetBuy0  =                 0.85;
17046 +      V_TargetBuy1  =                 0.15;
17047 +      I_TargetBuy  = '0' ;
17048 +      U_TargetBuy  =                    0;
17049 +      END;
17050 +    END;
17051 +  ELSE IF  NOT MISSING(DemAffl ) AND
17052 +                    14.5 <= DemAffl  THEN DO;
17053 +    _NODE_  =                    7;
17054 +    _LEAF_  =                    8;
17055 +    P_TargetBuy0  =     0.04712041884816;
17056 +    P_TargetBuy1  =     0.95287958115183;
17057 +    Q_TargetBuy0  =     0.04712041884816;
17058 +    Q_TargetBuy1  =     0.95287958115183;
17059 +    V_TargetBuy0  =     0.06153846153846;
17060 +    V_TargetBuy1  =     0.93846153846153;
17061 +    I_TargetBuy  = '1' ;
17062 +    U_TargetBuy  =                    1;
17063 +    END;
17064 +  ELSE DO;
17065 +    _ARBFMT_1 = PUT( DemGender , $1.);
17066 +     %DMNORMIP( _ARBFMT_1);
17067 +    IF _ARBFMT_1 IN ('F' ) THEN DO;
17068 +      _NODE_  =                   17;
17069 +      _LEAF_  =                    5;
17070 +      P_TargetBuy0  =     0.22271714922049;
17071 +      P_TargetBuy1  =     0.77728285077951;
17072 +      Q_TargetBuy0  =     0.22271714922049;
17073 +      Q_TargetBuy1  =     0.77728285077951;
17074 +      V_TargetBuy0  =      0.2043956043956;
17075 +      V_TargetBuy1  =     0.79560439560439;
17076 +      I_TargetBuy  = '1' ;
17077 +      U_TargetBuy  =                    1;
17078 +      END;
17079 +    ELSE IF _ARBFMT_1 IN ('M' ) THEN DO;
17080 +      _NODE_  =                   18;
17081 +      _LEAF_  =                    6;
17082 +      P_TargetBuy0  =      0.4388489208633;
17083 +      P_TargetBuy1  =     0.56115107913669;
17084 +      Q_TargetBuy0  =      0.4388489208633;
17085 +      Q_TargetBuy1  =     0.56115107913669;
17086 +      V_TargetBuy0  =                  0.5;
17087 +      V_TargetBuy1  =                  0.5;
17088 +      I_TargetBuy  = '1' ;
17089 +      U_TargetBuy  =                    1;
17090 +      END;
17091 +    ELSE DO;
17092 +      _NODE_  =                   19;
17093 +      _LEAF_  =                    7;
17094 +      P_TargetBuy0  =     0.58730158730158;
17095 +      P_TargetBuy1  =     0.41269841269841;
17096 +      Q_TargetBuy0  =     0.58730158730158;
17097 +      Q_TargetBuy1  =     0.41269841269841;
17098 +      V_TargetBuy0  =     0.69354838709677;
17099 +      V_TargetBuy1  =     0.30645161290322;
17100 +      I_TargetBuy  = '0' ;
17101 +      U_TargetBuy  =                    0;
17102 +      END;
17103 +    END;
17104 +  END;
17105 +ELSE IF  NOT MISSING(DemAge ) AND
17106 +                  44.5 <= DemAge  THEN DO;
17107 +  IF  NOT MISSING(DemAffl ) AND
17108 +                    10.5 <= DemAffl  AND
17109 +    DemAffl  <                 15.5 THEN DO;
17110 +    _ARBFMT_1 = PUT( DemGender , $1.);
17111 +     %DMNORMIP( _ARBFMT_1);
17112 +    IF _ARBFMT_1 IN ('F' ) THEN DO;
17113 +      IF  NOT MISSING(DemAffl ) AND
17114 +                        12.5 <= DemAffl  THEN DO;
17115 +        _NODE_  =                   56;
17116 +        _LEAF_  =                   29;
17117 +        P_TargetBuy0  =     0.55389221556886;
17118 +        P_TargetBuy1  =     0.44610778443113;
17119 +        Q_TargetBuy0  =     0.55389221556886;
17120 +        Q_TargetBuy1  =     0.44610778443113;
17121 +        V_TargetBuy0  =     0.48929663608562;
17122 +        V_TargetBuy1  =     0.51070336391437;
17123 +        I_TargetBuy  = '0' ;
17124 +        U_TargetBuy  =                    0;
17125 +        END;
17126 +      ELSE DO;
17127 +        _NODE_  =                   55;
17128 +        _LEAF_  =                   28;
17129 +        P_TargetBuy0  =       0.690036900369;
17130 +        P_TargetBuy1  =     0.30996309963099;
17131 +        Q_TargetBuy0  =       0.690036900369;
17132 +        Q_TargetBuy1  =     0.30996309963099;
17133 +        V_TargetBuy0  =     0.69047619047619;
17134 +        V_TargetBuy1  =      0.3095238095238;
17135 +        I_TargetBuy  = '0' ;
17136 +        U_TargetBuy  =                    0;
17137 +        END;
17138 +      END;
17139 +    ELSE DO;
17140 +      IF  NOT MISSING(DemAffl ) AND
17141 +                        12.5 <= DemAffl  THEN DO;
17142 +        _NODE_  =                   58;
17143 +        _LEAF_  =                   31;
17144 +        P_TargetBuy0  =     0.79638009049773;
17145 +        P_TargetBuy1  =     0.20361990950226;
17146 +        Q_TargetBuy0  =     0.79638009049773;
17147 +        Q_TargetBuy1  =     0.20361990950226;
17148 +        V_TargetBuy0  =     0.80176211453744;
17149 +        V_TargetBuy1  =     0.19823788546255;
17150 +        I_TargetBuy  = '0' ;
17151 +        U_TargetBuy  =                    0;
17152 +        END;
17153 +      ELSE DO;
17154 +        _NODE_  =                   57;
17155 +        _LEAF_  =                   30;
17156 +        P_TargetBuy0  =     0.89213483146067;
17157 +        P_TargetBuy1  =     0.10786516853932;
17158 +        Q_TargetBuy0  =     0.89213483146067;
17159 +        Q_TargetBuy1  =     0.10786516853932;
17160 +        V_TargetBuy0  =     0.88069414316702;
17161 +        V_TargetBuy1  =     0.11930585683297;
17162 +        I_TargetBuy  = '0' ;
17163 +        U_TargetBuy  =                    0;
17164 +        END;
17165 +      END;
17166 +    END;
17167 +  ELSE IF  NOT MISSING(DemAffl ) AND
17168 +                    15.5 <= DemAffl  THEN DO;
17169 +    IF  NOT MISSING(DemAffl ) AND
17170 +                      18.5 <= DemAffl  THEN DO;
17171 +      _NODE_  =                   37;
17172 +      _LEAF_  =                   33;
17173 +      P_TargetBuy0  =     0.05263157894736;
17174 +      P_TargetBuy1  =     0.94736842105263;
17175 +      Q_TargetBuy0  =     0.05263157894736;
17176 +      Q_TargetBuy1  =     0.94736842105263;
17177 +      V_TargetBuy0  =     0.05714285714285;
17178 +      V_TargetBuy1  =     0.94285714285714;
17179 +      I_TargetBuy  = '1' ;
17180 +      U_TargetBuy  =                    1;
17181 +      END;
17182 +    ELSE DO;
17183 +      _NODE_  =                   36;
17184 +      _LEAF_  =                   32;
17185 +      P_TargetBuy0  =             0.421875;
17186 +      P_TargetBuy1  =             0.578125;
17187 +      Q_TargetBuy0  =             0.421875;
17188 +      Q_TargetBuy1  =             0.578125;
17189 +      V_TargetBuy0  =     0.47747747747747;
17190 +      V_TargetBuy1  =     0.52252252252252;
17191 +      I_TargetBuy  = '1' ;
17192 +      U_TargetBuy  =                    1;
17193 +      END;
17194 +    END;
17195 +  ELSE DO;
17196 +    _ARBFMT_1 = PUT( DemGender , $1.);
17197 +     %DMNORMIP( _ARBFMT_1);
17198 +    IF _ARBFMT_1 IN ('F' ) THEN DO;
17199 +      IF  NOT MISSING(DemAffl ) AND
17200 +        DemAffl  <                  5.5 THEN DO;
17201 +        _NODE_  =                   47;
17202 +        _LEAF_  =                   20;
17203 +        P_TargetBuy0  =     0.94025157232704;
17204 +        P_TargetBuy1  =     0.05974842767295;
17205 +        Q_TargetBuy0  =     0.94025157232704;
17206 +        Q_TargetBuy1  =     0.05974842767295;
17207 +        V_TargetBuy0  =     0.91891891891891;
17208 +        V_TargetBuy1  =     0.08108108108108;
17209 +        I_TargetBuy  = '0' ;
17210 +        U_TargetBuy  =                    0;
17211 +        END;
17212 +      ELSE IF  NOT MISSING(DemAffl ) AND
17213 +                         5.5 <= DemAffl  AND
17214 +        DemAffl  <                  7.5 THEN DO;
17215 +        _NODE_  =                   48;
17216 +        _LEAF_  =                   21;
17217 +        P_TargetBuy0  =     0.86117381489842;
17218 +        P_TargetBuy1  =     0.13882618510158;
17219 +        Q_TargetBuy0  =     0.86117381489842;
17220 +        Q_TargetBuy1  =     0.13882618510158;
17221 +        V_TargetBuy0  =     0.89331770222743;
17222 +        V_TargetBuy1  =     0.10668229777256;
17223 +        I_TargetBuy  = '0' ;
17224 +        U_TargetBuy  =                    0;
17225 +        END;
17226 +      ELSE DO;
17227 +        _NODE_  =                   49;
17228 +        _LEAF_  =                   22;
17229 +        P_TargetBuy0  =     0.80448065173116;
17230 +        P_TargetBuy1  =     0.19551934826883;
17231 +        Q_TargetBuy0  =     0.80448065173116;
17232 +        Q_TargetBuy1  =     0.19551934826883;
17233 +        V_TargetBuy0  =     0.79139504563233;
17234 +        V_TargetBuy1  =     0.20860495436766;
17235 +        I_TargetBuy  = '0' ;
17236 +        U_TargetBuy  =                    0;
17237 +        END;
17238 +      END;
17239 +    ELSE IF _ARBFMT_1 IN ('M' ) THEN DO;
17240 +      IF  NOT MISSING(DemAffl ) AND
17241 +        DemAffl  <                  8.5 THEN DO;
17242 +        _NODE_  =                   50;
17243 +        _LEAF_  =                   23;
17244 +        P_TargetBuy0  =     0.95022222222222;
17245 +        P_TargetBuy1  =     0.04977777777777;
17246 +        Q_TargetBuy0  =     0.95022222222222;
17247 +        Q_TargetBuy1  =     0.04977777777777;
17248 +        V_TargetBuy0  =     0.94930875576036;
17249 +        V_TargetBuy1  =     0.05069124423963;
17250 +        I_TargetBuy  = '0' ;
17251 +        U_TargetBuy  =                    0;
17252 +        END;
17253 +      ELSE DO;
17254 +        _NODE_  =                   51;
17255 +        _LEAF_  =                   24;
17256 +        P_TargetBuy0  =     0.88354898336414;
17257 +        P_TargetBuy1  =     0.11645101663585;
17258 +        Q_TargetBuy0  =     0.88354898336414;
17259 +        Q_TargetBuy1  =     0.11645101663585;
17260 +        V_TargetBuy0  =     0.90636042402826;
17261 +        V_TargetBuy1  =     0.09363957597173;
17262 +        I_TargetBuy  = '0' ;
17263 +        U_TargetBuy  =                    0;
17264 +        END;
17265 +      END;
17266 +    ELSE DO;
17267 +      IF  NOT MISSING(DemAffl ) AND
17268 +        DemAffl  <                  5.5 THEN DO;
17269 +        _NODE_  =                   52;
17270 +        _LEAF_  =                   25;
17271 +        P_TargetBuy0  =     0.99689440993788;
17272 +        P_TargetBuy1  =     0.00310559006211;
17273 +        Q_TargetBuy0  =     0.99689440993788;
17274 +        Q_TargetBuy1  =     0.00310559006211;
17275 +        V_TargetBuy0  =     0.99354838709677;
17276 +        V_TargetBuy1  =     0.00645161290322;
17277 +        I_TargetBuy  = '0' ;
17278 +        U_TargetBuy  =                    0;
17279 +        END;
17280 +      ELSE IF  NOT MISSING(DemAffl ) AND
17281 +                         9.5 <= DemAffl  THEN DO;
17282 +        _NODE_  =                   54;
17283 +        _LEAF_  =                   27;
17284 +        P_TargetBuy0  =     0.92028985507246;
17285 +        P_TargetBuy1  =     0.07971014492753;
17286 +        Q_TargetBuy0  =     0.92028985507246;
17287 +        Q_TargetBuy1  =     0.07971014492753;
17288 +        V_TargetBuy0  =     0.94578313253012;
17289 +        V_TargetBuy1  =     0.05421686746987;
17290 +        I_TargetBuy  = '0' ;
17291 +        U_TargetBuy  =                    0;
17292 +        END;
17293 +      ELSE DO;
17294 +        _NODE_  =                   53;
17295 +        _LEAF_  =                   26;
17296 +        P_TargetBuy0  =     0.96786155747836;
17297 +        P_TargetBuy1  =     0.03213844252163;
17298 +        Q_TargetBuy0  =     0.96786155747836;
17299 +        Q_TargetBuy1  =     0.03213844252163;
17300 +        V_TargetBuy0  =     0.97796817625459;
17301 +        V_TargetBuy1  =     0.02203182374541;
17302 +        I_TargetBuy  = '0' ;
17303 +        U_TargetBuy  =                    0;
17304 +        END;
17305 +      END;
17306 +    END;
17307 +  END;
17308 +ELSE DO;
17309 +  IF  NOT MISSING(DemAffl ) AND
17310 +    DemAffl  <                  8.5 THEN DO;
17311 +    _ARBFMT_1 = PUT( DemGender , $1.);
17312 +     %DMNORMIP( _ARBFMT_1);
17313 +    IF _ARBFMT_1 IN ('F' ) THEN DO;
17314 +      _NODE_  =                   23;
17315 +      _LEAF_  =                    9;
17316 +      P_TargetBuy0  =     0.71714922048997;
17317 +      P_TargetBuy1  =     0.28285077951002;
17318 +      Q_TargetBuy0  =     0.71714922048997;
17319 +      Q_TargetBuy1  =     0.28285077951002;
17320 +      V_TargetBuy0  =     0.70319634703196;
17321 +      V_TargetBuy1  =     0.29680365296803;
17322 +      I_TargetBuy  = '0' ;
17323 +      U_TargetBuy  =                    0;
17324 +      END;
17325 +    ELSE IF _ARBFMT_1 IN ('M' ) THEN DO;
17326 +      _NODE_  =                   24;
17327 +      _LEAF_  =                   10;
17328 +      P_TargetBuy0  =     0.84753363228699;
17329 +      P_TargetBuy1  =       0.152466367713;
17330 +      Q_TargetBuy0  =     0.84753363228699;
17331 +      Q_TargetBuy1  =       0.152466367713;
17332 +      V_TargetBuy0  =     0.87203791469194;
17333 +      V_TargetBuy1  =     0.12796208530805;
17334 +      I_TargetBuy  = '0' ;
17335 +      U_TargetBuy  =                    0;
17336 +      END;
17337 +    ELSE DO;
17338 +      _NODE_  =                   25;
17339 +      _LEAF_  =                   11;
17340 +      P_TargetBuy0  =     0.92957746478873;
17341 +      P_TargetBuy1  =     0.07042253521126;
17342 +      Q_TargetBuy0  =     0.92957746478873;
17343 +      Q_TargetBuy1  =     0.07042253521126;
17344 +      V_TargetBuy0  =     0.92682926829268;
17345 +      V_TargetBuy1  =     0.07317073170731;
17346 +      I_TargetBuy  = '0' ;
17347 +      U_TargetBuy  =                    0;
17348 +      END;
17349 +    END;
17350 +  ELSE IF  NOT MISSING(DemAffl ) AND
17351 +                     8.5 <= DemAffl  AND
17352 +    DemAffl  <                 11.5 THEN DO;
17353 +    _ARBFMT_1 = PUT( DemGender , $1.);
17354 +     %DMNORMIP( _ARBFMT_1);
17355 +    IF _ARBFMT_1 IN ('F' ) THEN DO;
17356 +      _NODE_  =                   26;
17357 +      _LEAF_  =                   12;
17358 +      P_TargetBuy0  =     0.53820598006644;
17359 +      P_TargetBuy1  =     0.46179401993355;
17360 +      Q_TargetBuy0  =     0.53820598006644;
17361 +      Q_TargetBuy1  =     0.46179401993355;
17362 +      V_TargetBuy0  =     0.49458483754512;
17363 +      V_TargetBuy1  =     0.50541516245487;
17364 +      I_TargetBuy  = '0' ;
17365 +      U_TargetBuy  =                    0;
17366 +      END;
17367 +    ELSE IF _ARBFMT_1 IN ('M' ) THEN DO;
17368 +      _NODE_  =                   27;
17369 +      _LEAF_  =                   13;
17370 +      P_TargetBuy0  =            0.7421875;
17371 +      P_TargetBuy1  =            0.2578125;
17372 +      Q_TargetBuy0  =            0.7421875;
17373 +      Q_TargetBuy1  =            0.2578125;
17374 +      V_TargetBuy0  =     0.81021897810219;
17375 +      V_TargetBuy1  =     0.18978102189781;
17376 +      I_TargetBuy  = '0' ;
17377 +      U_TargetBuy  =                    0;
17378 +      END;
17379 +    ELSE DO;
17380 +      _NODE_  =                   28;
17381 +      _LEAF_  =                   14;
17382 +      P_TargetBuy0  =     0.88888888888888;
17383 +      P_TargetBuy1  =     0.11111111111111;
17384 +      Q_TargetBuy0  =     0.88888888888888;
17385 +      Q_TargetBuy1  =     0.11111111111111;
17386 +      V_TargetBuy0  =     0.83505154639175;
17387 +      V_TargetBuy1  =     0.16494845360824;
17388 +      I_TargetBuy  = '0' ;
17389 +      U_TargetBuy  =                    0;
17390 +      END;
17391 +    END;
17392 +  ELSE DO;
17393 +    _ARBFMT_1 = PUT( DemGender , $1.);
17394 +     %DMNORMIP( _ARBFMT_1);
17395 +    IF _ARBFMT_1 IN ('F' ) THEN DO;
17396 +      IF  NOT MISSING(DemAge ) AND
17397 +                        40.5 <= DemAge  THEN DO;
17398 +        _NODE_  =                   43;
17399 +        _LEAF_  =                   16;
17400 +        P_TargetBuy0  =      0.2027972027972;
17401 +        P_TargetBuy1  =     0.79720279720279;
17402 +        Q_TargetBuy0  =      0.2027972027972;
17403 +        Q_TargetBuy1  =     0.79720279720279;
17404 +        V_TargetBuy0  =     0.23308270676691;
17405 +        V_TargetBuy1  =     0.76691729323308;
17406 +        I_TargetBuy  = '1' ;
17407 +        U_TargetBuy  =                    1;
17408 +        END;
17409 +      ELSE DO;
17410 +        _NODE_  =                   42;
17411 +        _LEAF_  =                   15;
17412 +        P_TargetBuy0  =     0.38888888888888;
17413 +        P_TargetBuy1  =     0.61111111111111;
17414 +        Q_TargetBuy0  =     0.38888888888888;
17415 +        Q_TargetBuy1  =     0.61111111111111;
17416 +        V_TargetBuy0  =     0.37762237762237;
17417 +        V_TargetBuy1  =     0.62237762237762;
17418 +        I_TargetBuy  = '1' ;
17419 +        U_TargetBuy  =                    1;
17420 +        END;
17421 +      END;
17422 +    ELSE DO;
17423 +      IF  NOT MISSING(DemAffl ) AND
17424 +                        12.5 <= DemAffl  AND
17425 +        DemAffl  <                 16.5 THEN DO;
17426 +        _NODE_  =                   45;
17427 +        _LEAF_  =                   18;
17428 +        P_TargetBuy0  =             0.453125;
17429 +        P_TargetBuy1  =             0.546875;
17430 +        Q_TargetBuy0  =             0.453125;
17431 +        Q_TargetBuy1  =             0.546875;
17432 +        V_TargetBuy0  =     0.53521126760563;
17433 +        V_TargetBuy1  =     0.46478873239436;
17434 +        I_TargetBuy  = '1' ;
17435 +        U_TargetBuy  =                    1;
17436 +        END;
17437 +      ELSE IF  NOT MISSING(DemAffl ) AND
17438 +                        16.5 <= DemAffl  THEN DO;
17439 +        _NODE_  =                   46;
17440 +        _LEAF_  =                   19;
17441 +        P_TargetBuy0  =                    0;
17442 +        P_TargetBuy1  =                    1;
17443 +        Q_TargetBuy0  =                    0;
17444 +        Q_TargetBuy1  =                    1;
17445 +        V_TargetBuy0  =     0.41666666666666;
17446 +        V_TargetBuy1  =     0.58333333333333;
17447 +        I_TargetBuy  = '1' ;
17448 +        U_TargetBuy  =                    1;
17449 +        END;
17450 +      ELSE DO;
17451 +        _NODE_  =                   44;
17452 +        _LEAF_  =                   17;
17453 +        P_TargetBuy0  =     0.76470588235294;
17454 +        P_TargetBuy1  =     0.23529411764705;
17455 +        Q_TargetBuy0  =     0.76470588235294;
17456 +        Q_TargetBuy1  =     0.23529411764705;
17457 +        V_TargetBuy0  =                 0.75;
17458 +        V_TargetBuy1  =                 0.25;
17459 +        I_TargetBuy  = '0' ;
17460 +        U_TargetBuy  =                    0;
17461 +        END;
17462 +      END;
17463 +    END;
17464 +  END;
17465 +
17466 +*****  RESIDUALS R_ *************;
17467 +IF  F_TargetBuy  NE '0'
17468 +AND F_TargetBuy  NE '1'  THEN DO;
17469 +        R_TargetBuy0  = .;
17470 +        R_TargetBuy1  = .;
17471 + END;
17472 + ELSE DO;
17473 +       R_TargetBuy0  =  -P_TargetBuy0 ;
17474 +       R_TargetBuy1  =  -P_TargetBuy1 ;
17475 +       SELECT( F_TargetBuy  );
17476 +          WHEN( '0'  ) R_TargetBuy0  = R_TargetBuy0  +1;
17477 +          WHEN( '1'  ) R_TargetBuy1  = R_TargetBuy1  +1;
17478 +       END;
17479 + END;
17480 +
17481 +****************************************************************;
17482 +******          END OF DECISION TREE SCORING CODE         ******;
17483 +****************************************************************;
17484 +
17485 +drop _LEAF_;
NOTE: %INCLUDE (level 1) ending.
17486  run;

NOTE: DATA STEP view saved on file EMWS3.TREE2_TRAIN.
NOTE: A stored DATA STEP view cannot run under a different operating system.
NOTE: DATA statement used (Total process time):
      real time           0.07 seconds
      cpu time            0.03 seconds
      

17487  quit;
17488  filename emflow;
NOTE: Fileref EMFLOW has been deassigned.

17489  filename emflow "H:\Bia_Priya\Project_PredictiveAnalysis\Workspaces\EMWS3\Tree2\EMFLOWSCORE.sas";
17490  *------------------------------------------------------------*;
17491  * Tree2: Scoring VALIDATE data;
17492  *------------------------------------------------------------*;
17493  data EMWS3.Tree2_VALIDATE
17494  / view=EMWS3.Tree2_VALIDATE
17495  ;
17496  set EMWS3.Part_VALIDATE
17497  ;
17498  %inc emflow;
NOTE: %INCLUDE (level 1) file EMFLOW is file H:\Bia_Priya\Project_PredictiveAnalysis\Workspaces\EMWS3\Tree2\EMFLOWSCORE.sas.
17499 +****************************************************************;
17500 +******             DECISION TREE SCORING CODE             ******;
17501 +****************************************************************;
17502 +
17503 +******         LENGTHS OF NEW CHARACTER VARIABLES         ******;
17504 +LENGTH F_TargetBuy  $   12;
17505 +LENGTH I_TargetBuy  $   12;
17506 +LENGTH _WARN_  $    4;
17507 +
17508 +******              LABELS FOR NEW VARIABLES              ******;
17509 +label _NODE_ = 'Node' ;
17510 +label _LEAF_ = 'Leaf' ;
17511 +label P_TargetBuy0 = 'Predicted: TargetBuy=0' ;
17512 +label P_TargetBuy1 = 'Predicted: TargetBuy=1' ;
17513 +label Q_TargetBuy0 = 'Unadjusted P: TargetBuy=0' ;
17514 +label Q_TargetBuy1 = 'Unadjusted P: TargetBuy=1' ;
17515 +label V_TargetBuy0 = 'Validated: TargetBuy=0' ;
17516 +label V_TargetBuy1 = 'Validated: TargetBuy=1' ;
17517 +label R_TargetBuy0 = 'Residual: TargetBuy=0' ;
17518 +label R_TargetBuy1 = 'Residual: TargetBuy=1' ;
17519 +label F_TargetBuy = 'From: TargetBuy' ;
17520 +label I_TargetBuy = 'Into: TargetBuy' ;
17521 +label U_TargetBuy = 'Unnormalized Into: TargetBuy' ;
17522 +label _WARN_ = 'Warnings' ;
17523 +
17524 +
17525 +******      TEMPORARY VARIABLES FOR FORMATTED VALUES      ******;
17526 +LENGTH _ARBFMT_12 $     12; DROP _ARBFMT_12;
17527 +_ARBFMT_12 = ' '; /* Initialize to avoid warning. */
17528 +LENGTH _ARBFMT_1 $      1; DROP _ARBFMT_1;
17529 +_ARBFMT_1 = ' '; /* Initialize to avoid warning. */
17530 +
17531 +
17532 +_ARBFMT_12 = PUT( TargetBuy , BEST12.);
17533 + %DMNORMCP( _ARBFMT_12, F_TargetBuy );
17534 +
17535 +******             ASSIGN OBSERVATION TO NODE             ******;
17536 +IF  NOT MISSING(DemAge ) AND
17537 +  DemAge  <                 39.5 THEN DO;
17538 +  IF  NOT MISSING(DemAffl ) AND
17539 +    DemAffl  <                  9.5 THEN DO;
17540 +    _ARBFMT_1 = PUT( DemGender , $1.);
17541 +     %DMNORMIP( _ARBFMT_1);
17542 +    IF _ARBFMT_1 IN ('M' ) THEN DO;
17543 +      _NODE_  =                   15;
17544 +      _LEAF_  =                    2;
17545 +      P_TargetBuy0  =      0.6255707762557;
17546 +      P_TargetBuy1  =     0.37442922374429;
17547 +      Q_TargetBuy0  =      0.6255707762557;
17548 +      Q_TargetBuy1  =     0.37442922374429;
17549 +      V_TargetBuy0  =     0.65945945945945;
17550 +      V_TargetBuy1  =     0.34054054054054;
17551 +      I_TargetBuy  = '0' ;
17552 +      U_TargetBuy  =                    0;
17553 +      END;
17554 +    ELSE IF _ARBFMT_1 IN ('F' ) THEN DO;
17555 +      IF  NOT MISSING(DemAffl ) AND
17556 +        DemAffl  <                  6.5 THEN DO;
17557 +        _NODE_  =                   38;
17558 +        _LEAF_  =                    3;
17559 +        P_TargetBuy0  =     0.60115606936416;
17560 +        P_TargetBuy1  =     0.39884393063583;
17561 +        Q_TargetBuy0  =     0.60115606936416;
17562 +        Q_TargetBuy1  =     0.39884393063583;
17563 +        V_TargetBuy0  =     0.50273224043715;
17564 +        V_TargetBuy1  =     0.49726775956284;
17565 +        I_TargetBuy  = '0' ;
17566 +        U_TargetBuy  =                    0;
17567 +        END;
17568 +      ELSE DO;
17569 +        _NODE_  =                   39;
17570 +        _LEAF_  =                    4;
17571 +        P_TargetBuy0  =     0.38622754491017;
17572 +        P_TargetBuy1  =     0.61377245508982;
17573 +        Q_TargetBuy0  =     0.38622754491017;
17574 +        Q_TargetBuy1  =     0.61377245508982;
17575 +        V_TargetBuy0  =     0.37978142076502;
17576 +        V_TargetBuy1  =     0.62021857923497;
17577 +        I_TargetBuy  = '1' ;
17578 +        U_TargetBuy  =                    1;
17579 +        END;
17580 +      END;
17581 +    ELSE DO;
17582 +      _NODE_  =                   14;
17583 +      _LEAF_  =                    1;
17584 +      P_TargetBuy0  =     0.84931506849315;
17585 +      P_TargetBuy1  =     0.15068493150684;
17586 +      Q_TargetBuy0  =     0.84931506849315;
17587 +      Q_TargetBuy1  =     0.15068493150684;
17588 +      V_TargetBuy0  =                 0.85;
17589 +      V_TargetBuy1  =                 0.15;
17590 +      I_TargetBuy  = '0' ;
17591 +      U_TargetBuy  =                    0;
17592 +      END;
17593 +    END;
17594 +  ELSE IF  NOT MISSING(DemAffl ) AND
17595 +                    14.5 <= DemAffl  THEN DO;
17596 +    _NODE_  =                    7;
17597 +    _LEAF_  =                    8;
17598 +    P_TargetBuy0  =     0.04712041884816;
17599 +    P_TargetBuy1  =     0.95287958115183;
17600 +    Q_TargetBuy0  =     0.04712041884816;
17601 +    Q_TargetBuy1  =     0.95287958115183;
17602 +    V_TargetBuy0  =     0.06153846153846;
17603 +    V_TargetBuy1  =     0.93846153846153;
17604 +    I_TargetBuy  = '1' ;
17605 +    U_TargetBuy  =                    1;
17606 +    END;
17607 +  ELSE DO;
17608 +    _ARBFMT_1 = PUT( DemGender , $1.);
17609 +     %DMNORMIP( _ARBFMT_1);
17610 +    IF _ARBFMT_1 IN ('F' ) THEN DO;
17611 +      _NODE_  =                   17;
17612 +      _LEAF_  =                    5;
17613 +      P_TargetBuy0  =     0.22271714922049;
17614 +      P_TargetBuy1  =     0.77728285077951;
17615 +      Q_TargetBuy0  =     0.22271714922049;
17616 +      Q_TargetBuy1  =     0.77728285077951;
17617 +      V_TargetBuy0  =      0.2043956043956;
17618 +      V_TargetBuy1  =     0.79560439560439;
17619 +      I_TargetBuy  = '1' ;
17620 +      U_TargetBuy  =                    1;
17621 +      END;
17622 +    ELSE IF _ARBFMT_1 IN ('M' ) THEN DO;
17623 +      _NODE_  =                   18;
17624 +      _LEAF_  =                    6;
17625 +      P_TargetBuy0  =      0.4388489208633;
17626 +      P_TargetBuy1  =     0.56115107913669;
17627 +      Q_TargetBuy0  =      0.4388489208633;
17628 +      Q_TargetBuy1  =     0.56115107913669;
17629 +      V_TargetBuy0  =                  0.5;
17630 +      V_TargetBuy1  =                  0.5;
17631 +      I_TargetBuy  = '1' ;
17632 +      U_TargetBuy  =                    1;
17633 +      END;
17634 +    ELSE DO;
17635 +      _NODE_  =                   19;
17636 +      _LEAF_  =                    7;
17637 +      P_TargetBuy0  =     0.58730158730158;
17638 +      P_TargetBuy1  =     0.41269841269841;
17639 +      Q_TargetBuy0  =     0.58730158730158;
17640 +      Q_TargetBuy1  =     0.41269841269841;
17641 +      V_TargetBuy0  =     0.69354838709677;
17642 +      V_TargetBuy1  =     0.30645161290322;
17643 +      I_TargetBuy  = '0' ;
17644 +      U_TargetBuy  =                    0;
17645 +      END;
17646 +    END;
17647 +  END;
17648 +ELSE IF  NOT MISSING(DemAge ) AND
17649 +                  44.5 <= DemAge  THEN DO;
17650 +  IF  NOT MISSING(DemAffl ) AND
17651 +                    10.5 <= DemAffl  AND
17652 +    DemAffl  <                 15.5 THEN DO;
17653 +    _ARBFMT_1 = PUT( DemGender , $1.);
17654 +     %DMNORMIP( _ARBFMT_1);
17655 +    IF _ARBFMT_1 IN ('F' ) THEN DO;
17656 +      IF  NOT MISSING(DemAffl ) AND
17657 +                        12.5 <= DemAffl  THEN DO;
17658 +        _NODE_  =                   56;
17659 +        _LEAF_  =                   29;
17660 +        P_TargetBuy0  =     0.55389221556886;
17661 +        P_TargetBuy1  =     0.44610778443113;
17662 +        Q_TargetBuy0  =     0.55389221556886;
17663 +        Q_TargetBuy1  =     0.44610778443113;
17664 +        V_TargetBuy0  =     0.48929663608562;
17665 +        V_TargetBuy1  =     0.51070336391437;
17666 +        I_TargetBuy  = '0' ;
17667 +        U_TargetBuy  =                    0;
17668 +        END;
17669 +      ELSE DO;
17670 +        _NODE_  =                   55;
17671 +        _LEAF_  =                   28;
17672 +        P_TargetBuy0  =       0.690036900369;
17673 +        P_TargetBuy1  =     0.30996309963099;
17674 +        Q_TargetBuy0  =       0.690036900369;
17675 +        Q_TargetBuy1  =     0.30996309963099;
17676 +        V_TargetBuy0  =     0.69047619047619;
17677 +        V_TargetBuy1  =      0.3095238095238;
17678 +        I_TargetBuy  = '0' ;
17679 +        U_TargetBuy  =                    0;
17680 +        END;
17681 +      END;
17682 +    ELSE DO;
17683 +      IF  NOT MISSING(DemAffl ) AND
17684 +                        12.5 <= DemAffl  THEN DO;
17685 +        _NODE_  =                   58;
17686 +        _LEAF_  =                   31;
17687 +        P_TargetBuy0  =     0.79638009049773;
17688 +        P_TargetBuy1  =     0.20361990950226;
17689 +        Q_TargetBuy0  =     0.79638009049773;
17690 +        Q_TargetBuy1  =     0.20361990950226;
17691 +        V_TargetBuy0  =     0.80176211453744;
17692 +        V_TargetBuy1  =     0.19823788546255;
17693 +        I_TargetBuy  = '0' ;
17694 +        U_TargetBuy  =                    0;
17695 +        END;
17696 +      ELSE DO;
17697 +        _NODE_  =                   57;
17698 +        _LEAF_  =                   30;
17699 +        P_TargetBuy0  =     0.89213483146067;
17700 +        P_TargetBuy1  =     0.10786516853932;
17701 +        Q_TargetBuy0  =     0.89213483146067;
17702 +        Q_TargetBuy1  =     0.10786516853932;
17703 +        V_TargetBuy0  =     0.88069414316702;
17704 +        V_TargetBuy1  =     0.11930585683297;
17705 +        I_TargetBuy  = '0' ;
17706 +        U_TargetBuy  =                    0;
17707 +        END;
17708 +      END;
17709 +    END;
17710 +  ELSE IF  NOT MISSING(DemAffl ) AND
17711 +                    15.5 <= DemAffl  THEN DO;
17712 +    IF  NOT MISSING(DemAffl ) AND
17713 +                      18.5 <= DemAffl  THEN DO;
17714 +      _NODE_  =                   37;
17715 +      _LEAF_  =                   33;
17716 +      P_TargetBuy0  =     0.05263157894736;
17717 +      P_TargetBuy1  =     0.94736842105263;
17718 +      Q_TargetBuy0  =     0.05263157894736;
17719 +      Q_TargetBuy1  =     0.94736842105263;
17720 +      V_TargetBuy0  =     0.05714285714285;
17721 +      V_TargetBuy1  =     0.94285714285714;
17722 +      I_TargetBuy  = '1' ;
17723 +      U_TargetBuy  =                    1;
17724 +      END;
17725 +    ELSE DO;
17726 +      _NODE_  =                   36;
17727 +      _LEAF_  =                   32;
17728 +      P_TargetBuy0  =             0.421875;
17729 +      P_TargetBuy1  =             0.578125;
17730 +      Q_TargetBuy0  =             0.421875;
17731 +      Q_TargetBuy1  =             0.578125;
17732 +      V_TargetBuy0  =     0.47747747747747;
17733 +      V_TargetBuy1  =     0.52252252252252;
17734 +      I_TargetBuy  = '1' ;
17735 +      U_TargetBuy  =                    1;
17736 +      END;
17737 +    END;
17738 +  ELSE DO;
17739 +    _ARBFMT_1 = PUT( DemGender , $1.);
17740 +     %DMNORMIP( _ARBFMT_1);
17741 +    IF _ARBFMT_1 IN ('F' ) THEN DO;
17742 +      IF  NOT MISSING(DemAffl ) AND
17743 +        DemAffl  <                  5.5 THEN DO;
17744 +        _NODE_  =                   47;
17745 +        _LEAF_  =                   20;
17746 +        P_TargetBuy0  =     0.94025157232704;
17747 +        P_TargetBuy1  =     0.05974842767295;
17748 +        Q_TargetBuy0  =     0.94025157232704;
17749 +        Q_TargetBuy1  =     0.05974842767295;
17750 +        V_TargetBuy0  =     0.91891891891891;
17751 +        V_TargetBuy1  =     0.08108108108108;
17752 +        I_TargetBuy  = '0' ;
17753 +        U_TargetBuy  =                    0;
17754 +        END;
17755 +      ELSE IF  NOT MISSING(DemAffl ) AND
17756 +                         5.5 <= DemAffl  AND
17757 +        DemAffl  <                  7.5 THEN DO;
17758 +        _NODE_  =                   48;
17759 +        _LEAF_  =                   21;
17760 +        P_TargetBuy0  =     0.86117381489842;
17761 +        P_TargetBuy1  =     0.13882618510158;
17762 +        Q_TargetBuy0  =     0.86117381489842;
17763 +        Q_TargetBuy1  =     0.13882618510158;
17764 +        V_TargetBuy0  =     0.89331770222743;
17765 +        V_TargetBuy1  =     0.10668229777256;
17766 +        I_TargetBuy  = '0' ;
17767 +        U_TargetBuy  =                    0;
17768 +        END;
17769 +      ELSE DO;
17770 +        _NODE_  =                   49;
17771 +        _LEAF_  =                   22;
17772 +        P_TargetBuy0  =     0.80448065173116;
17773 +        P_TargetBuy1  =     0.19551934826883;
17774 +        Q_TargetBuy0  =     0.80448065173116;
17775 +        Q_TargetBuy1  =     0.19551934826883;
17776 +        V_TargetBuy0  =     0.79139504563233;
17777 +        V_TargetBuy1  =     0.20860495436766;
17778 +        I_TargetBuy  = '0' ;
17779 +        U_TargetBuy  =                    0;
17780 +        END;
17781 +      END;
17782 +    ELSE IF _ARBFMT_1 IN ('M' ) THEN DO;
17783 +      IF  NOT MISSING(DemAffl ) AND
17784 +        DemAffl  <                  8.5 THEN DO;
17785 +        _NODE_  =                   50;
17786 +        _LEAF_  =                   23;
17787 +        P_TargetBuy0  =     0.95022222222222;
17788 +        P_TargetBuy1  =     0.04977777777777;
17789 +        Q_TargetBuy0  =     0.95022222222222;
17790 +        Q_TargetBuy1  =     0.04977777777777;
17791 +        V_TargetBuy0  =     0.94930875576036;
17792 +        V_TargetBuy1  =     0.05069124423963;
17793 +        I_TargetBuy  = '0' ;
17794 +        U_TargetBuy  =                    0;
17795 +        END;
17796 +      ELSE DO;
17797 +        _NODE_  =                   51;
17798 +        _LEAF_  =                   24;
17799 +        P_TargetBuy0  =     0.88354898336414;
17800 +        P_TargetBuy1  =     0.11645101663585;
17801 +        Q_TargetBuy0  =     0.88354898336414;
17802 +        Q_TargetBuy1  =     0.11645101663585;
17803 +        V_TargetBuy0  =     0.90636042402826;
17804 +        V_TargetBuy1  =     0.09363957597173;
17805 +        I_TargetBuy  = '0' ;
17806 +        U_TargetBuy  =                    0;
17807 +        END;
17808 +      END;
17809 +    ELSE DO;
17810 +      IF  NOT MISSING(DemAffl ) AND
17811 +        DemAffl  <                  5.5 THEN DO;
17812 +        _NODE_  =                   52;
17813 +        _LEAF_  =                   25;
17814 +        P_TargetBuy0  =     0.99689440993788;
17815 +        P_TargetBuy1  =     0.00310559006211;
17816 +        Q_TargetBuy0  =     0.99689440993788;
17817 +        Q_TargetBuy1  =     0.00310559006211;
17818 +        V_TargetBuy0  =     0.99354838709677;
17819 +        V_TargetBuy1  =     0.00645161290322;
17820 +        I_TargetBuy  = '0' ;
17821 +        U_TargetBuy  =                    0;
17822 +        END;
17823 +      ELSE IF  NOT MISSING(DemAffl ) AND
17824 +                         9.5 <= DemAffl  THEN DO;
17825 +        _NODE_  =                   54;
17826 +        _LEAF_  =                   27;
17827 +        P_TargetBuy0  =     0.92028985507246;
17828 +        P_TargetBuy1  =     0.07971014492753;
17829 +        Q_TargetBuy0  =     0.92028985507246;
17830 +        Q_TargetBuy1  =     0.07971014492753;
17831 +        V_TargetBuy0  =     0.94578313253012;
17832 +        V_TargetBuy1  =     0.05421686746987;
17833 +        I_TargetBuy  = '0' ;
17834 +        U_TargetBuy  =                    0;
17835 +        END;
17836 +      ELSE DO;
17837 +        _NODE_  =                   53;
17838 +        _LEAF_  =                   26;
17839 +        P_TargetBuy0  =     0.96786155747836;
17840 +        P_TargetBuy1  =     0.03213844252163;
17841 +        Q_TargetBuy0  =     0.96786155747836;
17842 +        Q_TargetBuy1  =     0.03213844252163;
17843 +        V_TargetBuy0  =     0.97796817625459;
17844 +        V_TargetBuy1  =     0.02203182374541;
17845 +        I_TargetBuy  = '0' ;
17846 +        U_TargetBuy  =                    0;
17847 +        END;
17848 +      END;
17849 +    END;
17850 +  END;
17851 +ELSE DO;
17852 +  IF  NOT MISSING(DemAffl ) AND
17853 +    DemAffl  <                  8.5 THEN DO;
17854 +    _ARBFMT_1 = PUT( DemGender , $1.);
17855 +     %DMNORMIP( _ARBFMT_1);
17856 +    IF _ARBFMT_1 IN ('F' ) THEN DO;
17857 +      _NODE_  =                   23;
17858 +      _LEAF_  =                    9;
17859 +      P_TargetBuy0  =     0.71714922048997;
17860 +      P_TargetBuy1  =     0.28285077951002;
17861 +      Q_TargetBuy0  =     0.71714922048997;
17862 +      Q_TargetBuy1  =     0.28285077951002;
17863 +      V_TargetBuy0  =     0.70319634703196;
17864 +      V_TargetBuy1  =     0.29680365296803;
17865 +      I_TargetBuy  = '0' ;
17866 +      U_TargetBuy  =                    0;
17867 +      END;
17868 +    ELSE IF _ARBFMT_1 IN ('M' ) THEN DO;
17869 +      _NODE_  =                   24;
17870 +      _LEAF_  =                   10;
17871 +      P_TargetBuy0  =     0.84753363228699;
17872 +      P_TargetBuy1  =       0.152466367713;
17873 +      Q_TargetBuy0  =     0.84753363228699;
17874 +      Q_TargetBuy1  =       0.152466367713;
17875 +      V_TargetBuy0  =     0.87203791469194;
17876 +      V_TargetBuy1  =     0.12796208530805;
17877 +      I_TargetBuy  = '0' ;
17878 +      U_TargetBuy  =                    0;
17879 +      END;
17880 +    ELSE DO;
17881 +      _NODE_  =                   25;
17882 +      _LEAF_  =                   11;
17883 +      P_TargetBuy0  =     0.92957746478873;
17884 +      P_TargetBuy1  =     0.07042253521126;
17885 +      Q_TargetBuy0  =     0.92957746478873;
17886 +      Q_TargetBuy1  =     0.07042253521126;
17887 +      V_TargetBuy0  =     0.92682926829268;
17888 +      V_TargetBuy1  =     0.07317073170731;
17889 +      I_TargetBuy  = '0' ;
17890 +      U_TargetBuy  =                    0;
17891 +      END;
17892 +    END;
17893 +  ELSE IF  NOT MISSING(DemAffl ) AND
17894 +                     8.5 <= DemAffl  AND
17895 +    DemAffl  <                 11.5 THEN DO;
17896 +    _ARBFMT_1 = PUT( DemGender , $1.);
17897 +     %DMNORMIP( _ARBFMT_1);
17898 +    IF _ARBFMT_1 IN ('F' ) THEN DO;
17899 +      _NODE_  =                   26;
17900 +      _LEAF_  =                   12;
17901 +      P_TargetBuy0  =     0.53820598006644;
17902 +      P_TargetBuy1  =     0.46179401993355;
17903 +      Q_TargetBuy0  =     0.53820598006644;
17904 +      Q_TargetBuy1  =     0.46179401993355;
17905 +      V_TargetBuy0  =     0.49458483754512;
17906 +      V_TargetBuy1  =     0.50541516245487;
17907 +      I_TargetBuy  = '0' ;
17908 +      U_TargetBuy  =                    0;
17909 +      END;
17910 +    ELSE IF _ARBFMT_1 IN ('M' ) THEN DO;
17911 +      _NODE_  =                   27;
17912 +      _LEAF_  =                   13;
17913 +      P_TargetBuy0  =            0.7421875;
17914 +      P_TargetBuy1  =            0.2578125;
17915 +      Q_TargetBuy0  =            0.7421875;
17916 +      Q_TargetBuy1  =            0.2578125;
17917 +      V_TargetBuy0  =     0.81021897810219;
17918 +      V_TargetBuy1  =     0.18978102189781;
17919 +      I_TargetBuy  = '0' ;
17920 +      U_TargetBuy  =                    0;
17921 +      END;
17922 +    ELSE DO;
17923 +      _NODE_  =                   28;
17924 +      _LEAF_  =                   14;
17925 +      P_TargetBuy0  =     0.88888888888888;
17926 +      P_TargetBuy1  =     0.11111111111111;
17927 +      Q_TargetBuy0  =     0.88888888888888;
17928 +      Q_TargetBuy1  =     0.11111111111111;
17929 +      V_TargetBuy0  =     0.83505154639175;
17930 +      V_TargetBuy1  =     0.16494845360824;
17931 +      I_TargetBuy  = '0' ;
17932 +      U_TargetBuy  =                    0;
17933 +      END;
17934 +    END;
17935 +  ELSE DO;
17936 +    _ARBFMT_1 = PUT( DemGender , $1.);
17937 +     %DMNORMIP( _ARBFMT_1);
17938 +    IF _ARBFMT_1 IN ('F' ) THEN DO;
17939 +      IF  NOT MISSING(DemAge ) AND
17940 +                        40.5 <= DemAge  THEN DO;
17941 +        _NODE_  =                   43;
17942 +        _LEAF_  =                   16;
17943 +        P_TargetBuy0  =      0.2027972027972;
17944 +        P_TargetBuy1  =     0.79720279720279;
17945 +        Q_TargetBuy0  =      0.2027972027972;
17946 +        Q_TargetBuy1  =     0.79720279720279;
17947 +        V_TargetBuy0  =     0.23308270676691;
17948 +        V_TargetBuy1  =     0.76691729323308;
17949 +        I_TargetBuy  = '1' ;
17950 +        U_TargetBuy  =                    1;
17951 +        END;
17952 +      ELSE DO;
17953 +        _NODE_  =                   42;
17954 +        _LEAF_  =                   15;
17955 +        P_TargetBuy0  =     0.38888888888888;
17956 +        P_TargetBuy1  =     0.61111111111111;
17957 +        Q_TargetBuy0  =     0.38888888888888;
17958 +        Q_TargetBuy1  =     0.61111111111111;
17959 +        V_TargetBuy0  =     0.37762237762237;
17960 +        V_TargetBuy1  =     0.62237762237762;
17961 +        I_TargetBuy  = '1' ;
17962 +        U_TargetBuy  =                    1;
17963 +        END;
17964 +      END;
17965 +    ELSE DO;
17966 +      IF  NOT MISSING(DemAffl ) AND
17967 +                        12.5 <= DemAffl  AND
17968 +        DemAffl  <                 16.5 THEN DO;
17969 +        _NODE_  =                   45;
17970 +        _LEAF_  =                   18;
17971 +        P_TargetBuy0  =             0.453125;
17972 +        P_TargetBuy1  =             0.546875;
17973 +        Q_TargetBuy0  =             0.453125;
17974 +        Q_TargetBuy1  =             0.546875;
17975 +        V_TargetBuy0  =     0.53521126760563;
17976 +        V_TargetBuy1  =     0.46478873239436;
17977 +        I_TargetBuy  = '1' ;
17978 +        U_TargetBuy  =                    1;
17979 +        END;
17980 +      ELSE IF  NOT MISSING(DemAffl ) AND
17981 +                        16.5 <= DemAffl  THEN DO;
17982 +        _NODE_  =                   46;
17983 +        _LEAF_  =                   19;
17984 +        P_TargetBuy0  =                    0;
17985 +        P_TargetBuy1  =                    1;
17986 +        Q_TargetBuy0  =                    0;
17987 +        Q_TargetBuy1  =                    1;
17988 +        V_TargetBuy0  =     0.41666666666666;
17989 +        V_TargetBuy1  =     0.58333333333333;
17990 +        I_TargetBuy  = '1' ;
17991 +        U_TargetBuy  =                    1;
17992 +        END;
17993 +      ELSE DO;
17994 +        _NODE_  =                   44;
17995 +        _LEAF_  =                   17;
17996 +        P_TargetBuy0  =     0.76470588235294;
17997 +        P_TargetBuy1  =     0.23529411764705;
17998 +        Q_TargetBuy0  =     0.76470588235294;
17999 +        Q_TargetBuy1  =     0.23529411764705;
18000 +        V_TargetBuy0  =                 0.75;
18001 +        V_TargetBuy1  =                 0.25;
18002 +        I_TargetBuy  = '0' ;
18003 +        U_TargetBuy  =                    0;
18004 +        END;
18005 +      END;
18006 +    END;
18007 +  END;
18008 +
18009 +*****  RESIDUALS R_ *************;
18010 +IF  F_TargetBuy  NE '0'
18011 +AND F_TargetBuy  NE '1'  THEN DO;
18012 +        R_TargetBuy0  = .;
18013 +        R_TargetBuy1  = .;
18014 + END;
18015 + ELSE DO;
18016 +       R_TargetBuy0  =  -P_TargetBuy0 ;
18017 +       R_TargetBuy1  =  -P_TargetBuy1 ;
18018 +       SELECT( F_TargetBuy  );
18019 +          WHEN( '0'  ) R_TargetBuy0  = R_TargetBuy0  +1;
18020 +          WHEN( '1'  ) R_TargetBuy1  = R_TargetBuy1  +1;
18021 +       END;
18022 + END;
18023 +
18024 +****************************************************************;
18025 +******          END OF DECISION TREE SCORING CODE         ******;
18026 +****************************************************************;
18027 +
18028 +drop _LEAF_;
NOTE: %INCLUDE (level 1) ending.
18029  run;

NOTE: DATA STEP view saved on file EMWS3.TREE2_VALIDATE.
NOTE: A stored DATA STEP view cannot run under a different operating system.
NOTE: DATA statement used (Total process time):
      real time           0.04 seconds
      cpu time            0.00 seconds
      

18030  quit;
18031  filename emflow;
NOTE: Fileref EMFLOW has been deassigned.

NOTE: View EMWS3.TREE2_TRAIN.VIEW used (Total process time):
      real time           0.04 seconds
      cpu time            0.04 seconds
      
18033  proc sort data=WORK.EM_USER_REPORT;
18034  by ID VIEW;
18035  run;

NOTE: There were 132 observations read from the data set WORK.EM_USER_REPORT.
NOTE: The data set WORK.EM_USER_REPORT has 132 observations and 4 variables.
NOTE: PROCEDURE SORT used (Total process time):
      real time           0.01 seconds
      cpu time            0.01 seconds
      

18036  *------------------------------------------------------------*;
18037  * Tree2: Computing metadata for TRAIN data;
18038  *------------------------------------------------------------*;

NOTE: View EMWS3.TREE2_TRAIN.VIEW used (Total process time):
      real time           0.03 seconds
      cpu time            0.03 seconds
      
18422  data WORK.MODELTEMP_INFO;
18423  set EMWS3.Tree2_EMINFO;
18424  where DATA='Tree2' and KEY ^in('DECDATA', 'DECMETA', 'IMPORTANCE', 'MODEL');
18425  run;

NOTE: There were 0 observations read from the data set EMWS3.TREE2_EMINFO.
      WHERE (DATA='Tree2') and KEY not in ('DECDATA', 'DECMETA', 'IMPORTANCE', 'MODEL');
NOTE: The data set WORK.MODELTEMP_INFO has 0 observations and 3 variables.
NOTE: DATA statement used (Total process time):
      real time           0.00 seconds
      cpu time            0.00 seconds
      

18426  data EMWS3.Tree2_EMINFO;
18427  length TARGET KEY $32 DATA $43;
18428  input TARGET KEY DATA $;
18429  cards;

NOTE: The data set EMWS3.TREE2_EMINFO has 3 observations and 3 variables.
NOTE: DATA statement used (Total process time):
      real time           0.03 seconds
      cpu time            0.00 seconds
      

18433  run;
18434  data EMWS3.Tree2_EMINFO;
18435  set EMWS3.Tree2_EMINFO WORK.MODELTEMP_INFO;
18436  run;

NOTE: There were 3 observations read from the data set EMWS3.TREE2_EMINFO.
NOTE: There were 0 observations read from the data set WORK.MODELTEMP_INFO.
NOTE: The data set EMWS3.TREE2_EMINFO has 3 observations and 3 variables.
NOTE: DATA statement used (Total process time):
      real time           0.04 seconds
      cpu time            0.00 seconds
      

18437  proc sort data = EMWS3.Tree2_EMINFO NOTHREADS;
18438  by TARGET KEY;
18439  run;

NOTE: There were 3 observations read from the data set EMWS3.TREE2_EMINFO.
NOTE: The data set EMWS3.TREE2_EMINFO has 3 observations and 3 variables.
NOTE: PROCEDURE SORT used (Total process time):
      real time           0.04 seconds
      cpu time            0.03 seconds
      

18440  proc sort data = EMWS3.Ids2_EMINFO OUT=WORK.SORTEDEMINFO NOTHREADS;
18441  by TARGET KEY;
18442  run;

NOTE: There were 4 observations read from the data set EMWS3.IDS2_EMINFO.
NOTE: The data set WORK.SORTEDEMINFO has 4 observations and 3 variables.
NOTE: PROCEDURE SORT used (Total process time):
      real time           0.00 seconds
      cpu time            0.00 seconds
      

18443  proc sort data = EMWS3.Tree2_EMINFO OUT=WORK.TEMP_INFO NOTHREADS;
18444  by TARGET KEY;
18445  run;

NOTE: Input data set is already sorted; it has been copied to the output data set.
NOTE: There were 3 observations read from the data set EMWS3.TREE2_EMINFO.
NOTE: The data set WORK.TEMP_INFO has 3 observations and 3 variables.
NOTE: PROCEDURE SORT used (Total process time):
      real time           0.01 seconds
      cpu time            0.01 seconds
      

18446  data EMWS3.Tree2_EMINFO;
18447  merge WORK.SORTEDEMINFO WORK.TEMP_INFO;
18448  by TARGET KEY;
18449  run;

NOTE: There were 4 observations read from the data set WORK.SORTEDEMINFO.
NOTE: There were 3 observations read from the data set WORK.TEMP_INFO.
NOTE: The data set EMWS3.TREE2_EMINFO has 5 observations and 3 variables.
NOTE: DATA statement used (Total process time):
      real time           0.03 seconds
      cpu time            0.01 seconds
      

18450  proc datasets lib=work nolist;
18451  delete TEMP_INFO SORTEDEMINFO;
18452  run;

NOTE: Deleting WORK.TEMP_INFO (memtype=DATA).
NOTE: Deleting WORK.SORTEDEMINFO (memtype=DATA).
18453  quit;

NOTE: PROCEDURE DATASETS used (Total process time):
      real time           0.00 seconds
      cpu time            0.00 seconds
      

NOTE: View EMWS3.TREE2_TRAIN.VIEW used (Total process time):
      real time           0.03 seconds
      cpu time            0.03 seconds
      
NOTE: View EMWS3.TREE2_VALIDATE.VIEW used (Total process time):
      real time           0.03 seconds
      cpu time            0.03 seconds
      
