*------------------------------------------------------------*
* Score Log
Date:                April 23, 2017
Time:                01:53:39
*------------------------------------------------------------*
11175  *------------------------------------------------------------*;
11176  * Assoc: Scoring DATA data;
11177  *------------------------------------------------------------*;
11178  data EMWS4.Assoc_TRANSACTION
11179  / view=EMWS4.Assoc_TRANSACTION
11180  ;
11181  set EMWS4.Ids_DATA
11182  ;
11183  run;

NOTE: DATA STEP view saved on file EMWS4.ASSOC_TRANSACTION.
NOTE: A stored DATA STEP view cannot run under a different operating system.
NOTE: View EMWS4.IDS_DATA.VIEW used (Total process time):
      real time           0.04 seconds
      cpu time            0.03 seconds
      
NOTE: DATA statement used (Total process time):
      real time           0.04 seconds
      cpu time            0.03 seconds
      

11184  quit;

11185  *------------------------------------------------------------*;
11186  * Assoc: Computing metadata for TRAIN data;
11187  *------------------------------------------------------------*;

11527  data EMWS4.Assoc_EMINFO;
11528  length TARGET KEY $32 DATA $43;
11529  TARGET='';
11530  KEY='ASSOCIATION';
11531  DATA="Assoc";
11532  output;
11533  run;

NOTE: The data set EMWS4.ASSOC_EMINFO has 1 observations and 3 variables.
NOTE: DATA statement used (Total process time):
      real time           0.01 seconds
      cpu time            0.01 seconds
      

11534  *------------------------------------------------------------*;
11535  * Assoc: Computing metadata for TRANSACTION data;
11536  *------------------------------------------------------------*;

NOTE: View EMWS4.ASSOC_TRANSACTION.VIEW used (Total process time):
      real time           0.06 seconds
      cpu time            0.06 seconds
      
11868  data EMWS4.Assoc_EMINFO;
11869  length TARGET KEY $32 DATA $43;
11870  TARGET='';
11871  KEY='ASSOCIATION';
11872  DATA="Assoc";
11873  output;
11874  run;

NOTE: The data set EMWS4.ASSOC_EMINFO has 1 observations and 3 variables.
NOTE: DATA statement used (Total process time):
      real time           0.03 seconds
      cpu time            0.01 seconds
      

11875  proc sort data = EMWS4.Ids_EMINFO OUT=WORK.SORTEDEMINFO NOTHREADS;
11876  by TARGET KEY;
11877  run;

NOTE: There were 1 observations read from the data set EMWS4.IDS_EMINFO.
NOTE: The data set WORK.SORTEDEMINFO has 1 observations and 3 variables.
NOTE: PROCEDURE SORT used (Total process time):
      real time           0.00 seconds
      cpu time            0.00 seconds
      

11878  proc sort data = EMWS4.Assoc_EMINFO OUT=WORK.TEMP_INFO NOTHREADS;
11879  by TARGET KEY;
11880  run;

NOTE: There were 1 observations read from the data set EMWS4.ASSOC_EMINFO.
NOTE: The data set WORK.TEMP_INFO has 1 observations and 3 variables.
NOTE: PROCEDURE SORT used (Total process time):
      real time           0.01 seconds
      cpu time            0.01 seconds
      

11881  data EMWS4.Assoc_EMINFO;
11882  merge WORK.SORTEDEMINFO WORK.TEMP_INFO;
11883  by TARGET KEY;
11884  run;

NOTE: There were 1 observations read from the data set WORK.SORTEDEMINFO.
NOTE: There were 1 observations read from the data set WORK.TEMP_INFO.
NOTE: The data set EMWS4.ASSOC_EMINFO has 2 observations and 3 variables.
NOTE: DATA statement used (Total process time):
      real time           0.01 seconds
      cpu time            0.00 seconds
      

11885  proc datasets lib=work nolist;
11886  delete TEMP_INFO SORTEDEMINFO;
11887  run;

NOTE: Deleting WORK.TEMP_INFO (memtype=DATA).
NOTE: Deleting WORK.SORTEDEMINFO (memtype=DATA).
11888  quit;

NOTE: PROCEDURE DATASETS used (Total process time):
      real time           0.00 seconds
      cpu time            0.00 seconds
      

NOTE: View EMWS4.ASSOC_TRANSACTION.VIEW used (Total process time):
      real time           0.06 seconds
      cpu time            0.06 seconds
      
