*------------------------------------------------------------*
* Training Log
Date:                April 19, 2017
Time:                01:35:51
*------------------------------------------------------------*
14716  proc freq data=EMWS2.Tree_VariableSet noprint;
14717  table ROLE*LEVEL/out=WORK.TreeMETA;
14718  run;

NOTE: There were 99 observations read from the data set EMWS2.TREE_VARIABLESET.
NOTE: The data set WORK.TREEMETA has 7 observations and 4 variables.
NOTE: PROCEDURE FREQ used (Total process time):
      real time           0.00 seconds
      cpu time            0.00 seconds
      

14719  proc print data=WORK.TreeMETA label noobs;
14720  var ROLE LEVEL COUNT;
14721  label ROLE = "%sysfunc(sasmsg(sashelp.dmine, meta_role_vlabel, NOQUOTE))" LEVEL = "%sysfunc(sasmsg(sashelp.dmine, meta_level_vlabel, NOQUOTE))" COUNT = "%sysfunc(sasmsg(sashelp.dmine, rpt_count_vlabel, NOQUOTE))";
14722  title9 ' ';
14723  title10 "%sysfunc(sasmsg(sashelp.dmine, rpt_varSummary_title  , NOQUOTE))";
14724  run;

NOTE: There were 7 observations read from the data set WORK.TREEMETA.
NOTE: The PROCEDURE PRINT printed page 1.
NOTE: PROCEDURE PRINT used (Total process time):
      real time           0.01 seconds
      cpu time            0.01 seconds
      

14725  title10;

14726  %let EMNORLEN = %DMNORLEN;
EMWS2.Part_TRAIN EMWS2.Part_TRAIN 
EMWS2.Part_TRAIN EMWS2.Part_TRAIN EMWS2 Part_TRAIN 
EMWS2.Part_TRAIN EMWS2.Part_TRAIN 
EMWS2.Part_TRAIN EMWS2.Part_TRAIN EMWS2 Part_TRAIN 
Executing  SASHELP.EMCORE.EMINFOITERATOR.SCL _INIT >> 
Executing  SASHELP.EMCORE.EMINFOITERATOR.SCL setMetaData >> 
Executing  SASHELP.EMCORE.EMINFOITERATOR.SCL next >> 
Executing  SASHELP.EMCORE.EMINFOITERATOR.SCL next >> 
Executing  SASHELP.EMCORE.EMINFOITERATOR.SCL setMetaData >> 
Executing  SASHELP.EMCORE.EMINFOITERATOR.SCL next >> 
Executing  SASHELP.EMCORE.EMINFOITERATOR.SCL next >> 
Executing  SASHELP.EMCORE.EMINFOITERATOR.SCL _term >> 
14755  data WORK.Tree_EVENT(KEEP=VARIABLE LABEL LEVEL EVENT NUMLEVELS ORDER);
14756  length ORDER $20;
14757  label VARIABLE = "%sysfunc(sasmsg(sashelp.dmine, rpt_target_vlabel,  NOQUOTE))" EVENT = "%sysfunc(sasmsg(sashelp.dmine, assmt_event_vlabel, NOQUOTE))" NUMLEVELS = "%sysfunc(sasmsg(sashelp.dmine, rpt_numcat_vlabel, NOQUOTE))" LEVEL =
14758     "%sysfunc(sasmsg(sashelp.dmine, meta_level_vlabel, NOQUOTE))" ORDER = "%sysfunc(sasmsg(sashelp.dmine, meta_order_vlabel, NOQUOTE))" LABEL = "%sysfunc(sasmsg(sashelp.dmine, meta_label_vlabel, NOQUOTE))";
14759  set EMWS2.IDS_RESPOND_DM( where=(_TYPE_="TARGET"));
14760  NumLevels=2;
14761  select(upcase(ORDER));
14762  when('DESC') ORDER = 'Descending';
14763  when('ASC') ORDER = 'Ascending';
14764  when('FMTDESC') ORDER = 'Formatted Descending';
14765  when('FMTASC') ORDER = 'Formatted Ascending';
14766  otherwise ORDER = 'Descending';
14767  end;
14768  output;
14769  run;

NOTE: There were 1 observations read from the data set EMWS2.IDS_RESPOND_DM.
      WHERE _TYPE_='TARGET';
NOTE: The data set WORK.TREE_EVENT has 1 observations and 6 variables.
NOTE: DATA statement used (Total process time):
      real time           0.01 seconds
      cpu time            0.01 seconds
      

14770  title9 ' ';
14771  proc print data=WORK.Tree_EVENT noobs label;
14772  var VARIABLE EVENT LEVEL NUMLEVELS ORDER LABEL;
14773  title9 ' ';
14774  title10 "%sysfunc(sasmsg(sashelp.dmine, rpt_modelEvent_title  , NOQUOTE))";
14775  run;

NOTE: There were 1 observations read from the data set WORK.TREE_EVENT.
NOTE: The PROCEDURE PRINT printed page 2.
NOTE: PROCEDURE PRINT used (Total process time):
      real time           0.00 seconds
      cpu time            0.00 seconds
      

14776  title10;

"No decisions defined for target "RESPOND"." 
14777  proc print data = EMWS2.Ids_RESPOND_DM noobs label;
14778  var _type_ variable label;
14779  where _type_ ^in('MATRIX', 'DECISION', 'TRAINPRIOR', 'DATAPRIOR', 'DECPRIOR');
14780  label _TYPE_ = "%sysfunc(sasmsg(sashelp.dmine, rpt_type_vlabel,     NOQUOTE))" VARIABLE = "%sysfunc(sasmsg(sashelp.dmine, rpt_variable_vlabel, NOQUOTE))" LABEL = "%sysfunc(sasmsg(sashelp.dmine, meta_label_vlabel, NOQUOTE))";
14781  title9 ' ';
14782  title10 "%sysfunc(sasmsg(sashelp.dmine, rpt_predDecVars_title  , NOQUOTE))";
14783  run;

NOTE: There were 7 observations read from the data set EMWS2.IDS_RESPOND_DM.
      WHERE _type_ not in ('DATAPRIOR', 'DECISION', 'DECPRIOR', 'MATRIX', 'TRAINPRIOR');
NOTE: The PROCEDURE PRINT printed page 3.
NOTE: PROCEDURE PRINT used (Total process time):
      real time           0.00 seconds
      cpu time            0.00 seconds
      

14784  title10;

14785  %let EMEXCEPTIONSTRING=;
PERFORMANCE  DETAILS
15330  *------------------------------------------------------------*;
15331  * Tree: Generation of macros and macro variables;
15332  * To see the code generated, set the EM_DEBUG macro variable to SOURCE or _ALL_;
15333  *------------------------------------------------------------*;

15334  %let EMEXCEPTIONSTRING=;
15335  *------------------------------------------------------------*;
15336  * TRAIN: Tree;
15337  *------------------------------------------------------------*;
15338  %let EM_ACTION = TRAIN;
15339  %let syscc = 0;
15340  %macro main;
15341  
15342    %if %upcase(&EM_ACTION) = CREATE %then %do;
15343      filename temp catalog 'sashelp.emmodl.tree_create.source';
15344      %include temp;
15345      filename temp;
15346  
15347      %em_tree_create;
15348    %end;
15349  
15350     %else
15351     %if %upcase(&EM_ACTION) = TRAIN %then %do;
15352  
15353         filename temp catalog 'sashelp.emmodl.tree_train.source';
15354         %include temp;
15355         filename temp;
15356         %em_tree_train;
15357     %end;
15358  
15359    %else
15360    %if %upcase(&EM_ACTION) = SCORE %then %do;
15361      filename temp catalog 'sashelp.emmodl.tree_score.source';
15362      %include temp;
15363      filename temp;
15364  
15365      %em_tree_score;
15366  
15367    %end;
15368  
15369    %else
15370    %if %upcase(&EM_ACTION) = REPORT %then %do;
15371  
15372         filename temp catalog 'sashelp.emmodl.tree_report.source';
15373         %include temp;
15374         filename temp;
15375  
15376         %em_tree_report;
15377     %end;
15378  
15379    %else
15380    %if %upcase(&EM_ACTION) = OPENINT %then %do;
15381  
15382         filename temp catalog 'sashelp.emmodl.tree_actions.source';
15383         %include temp;
15384         filename temp;
15385         %EM_TREE_OPENTREEVIEWER;
15386  
15387     %end;
15388  
15389    %else
15390    %if %upcase(&EM_ACTION) = CLOSEINT %then %do;
15391  
15392         filename temp catalog 'sashelp.emmodl.tree_actions.source';
15393         %include temp;
15394         filename temp;
15395         %EM_TREE_CLOSETREEVIEWER;
15396  
15397     %end;
15398  
15399  
15400     %doendm:
15401  %mend main;
15402  
15403  %main;
NOTE: %INCLUDE (level 1) file TEMP is file SASHELP.EMMODL.TREE_TRAIN.SOURCE.
15405 +%macro em_tree_train;
15407 +   %if &EM_IMPORT_DATA eq %then %do;
15408 +       %let EMEXCEPTIONSTRING = exception.server.IMPORT.NOTRAIN,1;
15409 +       %put &em_codebar;
15410 +       %let errormsg = %sysfunc(sasmsg(sashelp.dmine, error_nodeTrainRawData_note, NOQUOTE));
15411 +       %put &errormsg;
15412 +       %put &em_codebar;
15413 +       %goto doendm;
15414 +   %end;
15415 +   %else
15416 +       %let EMEXCEPTIONSTRING =;
15418 +   %if  &EM_NUM_TARGET lt 1 %then %do;
15419 +        %let EMEXCEPTIONSTRING = exception.server.USE1TARGET;
15420 +        %put &em_codebar;
15421 +        %let errormsg = %sysfunc(sasmsg(sashelp.dmine, metadata.use01target_err, NOQUOTE));
15422 +        %put &errormsg;
15423 +        %put &em_codebar;
15424 +        %goto doendm;
15425 +   %end;
15427 +   %if  (&EM_NUM_INTERVAL_INPUT < 1) and (&EM_NUM_BINARY_INPUT < 1) and (&EM_NUM_ORDINAL_INPUT < 1)
15428 +        and (&EM_NUM_NOMINAL_INPUT < 1) and (&EM_NUM_INTERVAL_REJECTED < 1) and (&EM_NUM_BINARY_REJECTED <1)
15429 +        and (&EM_NUM_ORDINAL_REJECTED < 1) and (&EM_NUM_NOMINAL_REJECTED < 1) %then %do;
15430 +        %let EMEXCEPTIONSTRING = exception.server.USEATLEAST1INPUTREJECT;
15431 +        %put &em_codebar;
15432 +        %let errormsg = %sysfunc(sasmsg(sashelp.dmine, error_noInput_note, NOQUOTE));
15433 +        %put &errormsg;
15434 +        %put &em_codebar;
15435 +        %goto doendm;
15436 +   %end;
15438 +   /* Initialize property macro variables */
15439 +   filename temp catalog 'sashelp.emmodl.tree_macros.source';
15440 +   %include temp;
15441 +   filename temp;
15443 +   %EM_SetProperties;
15445 +   /* need to delete EMTREE if not used as import tree data since AUTODELETE=N */
15446 +   %EM_GETNAME(key=EMTREE, type=DATA);
15447 +   %if "&EM_PROPERTY_IMPORTMODEL" eq "Y" %then %do;
15448 +     /* if import eq Y and no importtable defined, throw an exception */
15449 +      %if %length(&EM_PROPERTY_ImportedTreeData)=0 %then %do;
15450 +         %let EMEXCEPTIONSTRING = exception.server.EMTOOL.NOTREEMODELDATASET;
15451 +         %let  errmsg = %sysfunc(sasmsg(sashelp.dmine, NOTREEMODELDATASET_ERR , NOQUOTE));
15452 +         %put &em_codebar;
15453 +         %put &errmsg;
15454 +         %put &em_codebar;
15455 +         %goto doendm;
15456 +      %end;
15457 +      %else %if %sysfunc(exist(&EM_PROPERTY_ImportedTreeData))=0 %then %do;
15458 +         %let EMEXCEPTIONSTRING = exception.server.EMTOOL.INVALIDTREEMODELDATASET;
15459 +         %put &em_codebar;
15460 +         %let errormsg = %sysfunc(sasmsg(sashelp.dmine, emtool.INVALIDTREEMODELDATASET_ERR, NOQUOTE));
15461 +         %put &errormsg;
15462 +         %put &em_codebar;
15463 +         %goto doendm;
15464 +      %end;
15465 +      %else %do;
15466 +         %let dsid=%sysfunc(open(&EM_PROPERTY_ImportedTreeData));
15467 +         %let varnumID = %sysfunc(varnum(&dsid,ID));
15468 +         %let varnumLabel = %sysfunc(varnum(&dsid,LABEL));
15469 +         %let varnumX = %sysfunc(varnum(&dsid,X));
15470 +         %let varnumY = %sysfunc(varnum(&dsid,Y));
15471 +         %let dsid = %sysfunc(close(&dsid));
15472 +         %if &varnumID=0 or &varnumLabel=0 or &varnumX=0 or &varnumY=0 %then %do;
15473 +            %let EMEXCEPTIONSTRING = exception.server.EMTOOL.INVALIDTREEMODELDATASET;
15474 +            %put &em_codebar;
15475 +            %let errormsg = %sysfunc(sasmsg(sashelp.dmine, emtool.INVALIDTREEMODELDATASET_ERR, NOQUOTE));
15476 +            %put &errormsg;
15477 +            %put &em_codebar;
15478 +            %goto doendm;
15479 +         %end;
15480 +      %end;
15481 +      %if %qupcase(&EM_USER_EMTREE) ne %qupcase(&EM_PROPERTY_ImportedTreeData) and (%sysfunc(exist(&EM_USER_EMTREE)) or %sysfunc(exist(&EM_USER_EMTREE, VIEW))) %then %do;
15482 +         proc delete data=&EM_USER_EMTREE;
15483 +         run;
15484 +      %end;
15485 +   %end;
15486 +   %else %if "&EM_PROPERTY_FREEZE" ne "Y" and (%sysfunc(exist(&EM_USER_EMTREE)) or %sysfunc(exist(&EM_USER_EMTREE, VIEW))) %then %do;
15487 +      proc delete data=&EM_USER_EMTREE;
15488 +      run;
15489 +   %end;
15491 +   /* load tree macros */
15492 +   filename temp catalog 'sashelp.emmodl.tree_trainmacros.source';
15493 +   %include temp;
15494 +   filename temp;
15496 +   /* data sets */
15497 +   %EM_GETNAME(key=OUTSTATS,   type=DATA);
15498 +   %EM_GETNAME(key=EXPORTTREE, type=DATA);
15499 +   %EM_GETNAME(key=TREE_PLOT,     type=DATA);
15501 +   /* files */
15502 +   %EM_REGISTER(key=ENGLISHRULES, type=FILE, extension=txt);
15504 +   /* check actual num of target levels */
15505 +   %if ("%EM_TARGET_LEVEL" eq "BINARY") %then %do;
15506 +      %EM_CheckBinaryTargetLevel(indata=&EM_IMPORT_DATA, target=%EM_TARGET,
15507 +                              nLevel=_nTargetLevel );
15508 +      %if &_nTargetLevel  > 2 %then %do;
15509 +        %let EMEXCEPTIONSTRING = exception.server.METADATA.WRONGTARGETLEVEL,&target_Var;
15510 +        %put &em_codebar;
15511 +        %let errormsg = %sysfunc(sasmsg(sashelp.dmine, metadata.wrongtargetlevel, NOQUOTE));
15512 +        %put &errormsg;
15513 +        %put &em_codebar;
15514 +        %goto doendm;
15515 +      %end;
15516 +   %end;
15518 +   /* neither cost variables nor constant cost are valid with USEDECISIONS */
15519 +   %if "&EM_PROPERTY_USEDECISION" eq "Y" %then %do;
15520 +     %if %sysfunc(exist(&EM_DEC_DECMETA)) %then %do;
15521 +        %let costflag=0;
15522 +        data _null_;
15523 +          set &EM_DEC_DECMETA(where=(_TYPE_="DECISION" AND USE="Y" AND ^missing(COST) )) end=eof;
15524 +          if eof then call symput("costflag", _N_);
15525 +        run;
15526 +        %if &costflag gt 0 %then %do;
15527 +          %let EMEXCEPTIONSTRING = exception.server.TREE.INVALIDDECISION;
15528 +          %put &em_codebar;
15529 +          %let errormsg = %sysfunc(sasmsg(sashelp.dmine, costnotvalidwithusedecisions_note_err, NOQUOTE));
15530 +          %put &errormsg;
15531 +          %put &em_codebar;
15532 +          %goto doendm;
15533 +       %end;
15534 +     %end;
15535 +   %end;
15537 +   /* determine if multiple targets will be processed */
15538 +   %let em_tree_multipleTargets=N;
15539 +   %let em_tree_numTarget = 1;
15540 +   %let em_tree_targetVars=;
15542 +   %if "&EM_PROPERTY_USEMULTIPLETARGET" eq "Y" %then %do;
15543 +      /* determine if there are any ordinal target variables - if so, multiple targets are not supported */
15544 +      %if &EM_NUM_ORDINAL_TARGET gt 0 %then %do;
15545 +         %let em_tree_multipleTargets=N;
15546 +      %end;
15547 +      %else %do;
15548 +         /* create macro array of targets  */
15549 +         data _null_;
15550 +           set &EM_DATA_VARIABLESET(where=(ROLE='TARGET' AND LEVEL^='ORDINAL')) end=eof;
15551 +           call symput('em_tree_targetVars'!!strip(put(_N_, BEST.)), strip(Name));
15552 +           if eof then
15553 +             call symput('em_tree_numTarget', strip(put(_N_, BEST.)));
15554 +        run;
15556 +        %if &em_tree_numTarget gt 1 %then %do;
15557 +           %let em_tree_multipleTargets=Y;
15558 +        %end;
15559 +      %end;
15560 +   %end;
15562 +   /* create view of only necessary variable for performance reasons */
15563 +   %let tempData = &EM_LIB..em_&EM_NODEID;
15564 +   data &tempData / view=&tempData;
15565 +     set &EM_IMPORT_DATA (keep=%EM_INPUT %EM_REJECTED %EM_TARGET %EM_FREQ %EM_COST
15566 +     %if "&em_tree_multipleTargets" eq "N" %then %do;
15567 +       %EM_TARGET
15568 +     %end;
15569 +     %else %do;
15570 +       %if &em_tree_numTarget ne 0 %then %do;
15571 +         %do i=1 %to &em_tree_numTarget;
15572 +            &&em_tree_targetVars&i
15573 +         %end;
15574 +       %end;
15575 +     %end;
15576 +     );
15577 +   run;
15579 +   /* run Tree procedure */
15580 +   %em_tree_runTreeProcedure(indata=&tempData, multipleTar=&em_tree_multipleTargets);
15582 +   /* Check return code and throw exception if error is detected */
15583 +   %if %length(&EMEXCEPTIONSTRING) %then %goto doendm;
15584 +   %if &syserr %then %do;
15585 +     %let EMEXCEPTIONSTRING = exception.server.EMTOOL.GENERICRUNTIMEEXCEPTION;
15586 +     %goto doendm;
15587 +   %end;
15589 +   /* add decision score code if multiple targets are processed */
15590 +   %if "&em_tree_multipleTargets" eq "Y" %then %do;
15591 +     %EM_MODEL(TARGET=%EM_TARGET, DECSCORECODE=Y, CLASSIFICATION=Y, FITSTATISTICS=N);
15592 +   %end;
15594 +   /* create outfit dataset if multiple score statements have been executed */
15595 +   %em_tree_createFitStats(multipleTar=&em_tree_multipleTargets);
15597 +   /* create English Rules */
15598 +   filename X "&EM_USER_ENGLISHRULES" encoding='utf-8' NOBOM;
15599 +     %if "&em_Tree_multipleTargets" eq "N" %then %do;
15600 +       %em_tree_makeEnglishRules;
15602 +       /* English Rules */
15603 +       %EM_REPORT(key=ENGLISHRULES, viewtype=SOURCE, block=MODEL, description=ENGLISHRULES, autodisplay=N);
15605 +     %end;
15606 +   filename x;
15608 +   %doendm:
15609 +%mend em_tree_train;
NOTE: %INCLUDE (level 1) ending.
NOTE: Fileref TEMP has been deassigned.
NOTE: %INCLUDE (level 1) file TEMP is file SASHELP.EMMODL.TREE_MACROS.SOURCE.
15610 +%macro EM_SetProperties;
15612 +   /* train properties */
15613 +   %em_checkmacro(name=EM_PROPERTY_ImportModel,            value=N, global=Y);
15614 +   %em_checkmacro(name=EM_PROPERTY_ImportedTreeData,       value=, global=Y);
15615 +   %em_checkmacro(name=EM_PROPERTY_FREEZE,                 value=N, global=Y);
15616 +   %em_checkmacro(name=EM_PROPERTY_USEMULTIPLETARGET,      value=N, global=Y);
15617 +   %em_checkmacro(name=EM_PROPERTY_NOMINALCRITERION,       value=PROBCHISQ, global=Y);
15618 +   %em_checkmacro(name=EM_PROPERTY_ORDINALCRITERION,       value=ENTROPY, global=Y);
15619 +   %em_checkmacro(name=EM_PROPERTY_INTERVALCRITERION,      value=PROBF, global=Y);
15620 +   %em_checkmacro(name=EM_PROPERTY_CRITERION,              value=DEFAULT, global=Y);
15621 +   %em_checkmacro(name=EM_PROPERTY_SIGLEVEL,               value=0.2, global=Y);
15622 +   %em_checkmacro(name=EM_PROPERTY_SPLITSIZE,              value=., global=Y);
15623 +   %em_checkmacro(name=EM_PROPERTY_LEAFSIZE,               value=5, global=Y);
15624 +   %em_checkmacro(name=EM_PROPERTY_MINCATSIZE,             value=5, global=Y);
15625 +   %em_checkmacro(name=EM_PROPERTY_MAXBRANCH,              value=2, global=Y);
15626 +   %em_checkmacro(name=EM_PROPERTY_MAXDEPTH,               value=6, global=Y);
15627 +   %em_checkmacro(name=EM_PROPERTY_NRULES,                 value=5, global=Y);
15628 +   %em_checkmacro(name=EM_PROPERTY_NSURRS,                 value=0, global=Y);
15629 +   %em_checkmacro(name=EM_PROPERTY_MISSINGVALUE,           value=USEINSEARCH, global=Y);
15630 +   %em_checkmacro(name=EM_PROPERTY_USEVARONCE,             value=N, global=Y);
15631 +   %em_checkmacro(name=EM_PROPERTY_SUBTREE,                value=ASSESSMENT, global=Y);
15632 +   %em_checkmacro(name=EM_PROPERTY_NSUBTREE,               value=1, global=Y);
15633 +   %em_checkmacro(name=EM_PROPERTY_ASSESSMEASURE,          value=PROFIT/LOSS, global=Y);
15634 +   %em_checkmacro(name=EM_PROPERTY_ASSESSPERCENTAGE,       value=0.25, global=Y);
15635 +   %em_checkmacro(name=EM_PROPERTY_NODESAMPLE,             value=20000, global=Y);
15636 +   %em_checkmacro(name=EM_PROPERTY_EXHAUSTIVE,             value=5000, global=Y);
15637 +   %em_checkmacro(name=EM_PROPERTY_USEDECISION,            value=N, global=Y);
15638 +   %em_checkmacro(name=EM_PROPERTY_USEPRIORS,              value=N, global=Y);
15639 +   %em_checkmacro(name=EM_PROPERTY_KASS,                   value=Y, global=Y);
15640 +   %em_checkmacro(name=EM_PROPERTY_KASSAPPLY,              value=BEFORE, global=Y);
15641 +   %em_checkmacro(name=EM_PROPERTY_DEPTH,                  value=Y, global=Y);
15642 +   %em_checkmacro(name=EM_PROPERTY_INPUTS,                 value=N, global=Y);
15643 +   %em_checkmacro(name=EM_PROPERTY_NUMINPUTS,              value=1, global=Y);
15644 +   %em_checkmacro(name=EM_PROPERTY_DUMMY,                  value=N, global=Y);
15645 +   %em_checkmacro(name=EM_PROPERTY_LEAFID,                 value=Y, global=Y);
15646 +   %em_checkmacro(name=EM_PROPERTY_PREDICT,                value=Y, global=Y);
15647 +   %em_checkmacro(name=EM_PROPERTY_PERFORMANCE,            value=DISK, global=Y);
15648 +   %em_checkmacro(name=EM_PROPERTY_CV,                     value=N, global=Y);
15649 +   %em_checkmacro(name=EM_PROPERTY_CVNITER,                value=10, global=Y);
15650 +   %em_checkmacro(name=EM_PROPERTY_CVREPEAT,               value=1, global=Y);
15651 +   %em_checkmacro(name=EM_PROPERTY_CVSEED,                 value=12345, global=Y);
15652 +   %em_checkmacro(name=EM_PROPERTY_OBSIMPORTANCE,          value=N, global=Y);
15653 +   %em_checkmacro(name=EM_PROPERTY_NUMSINGLEIMP,           value=5, global=Y);
15655 +   /* properties for interactive sample */
15656 +   %em_checkmacro(name=EM_PROPERTY_CREATESAMPLE,           value=DEFAULT, global=Y);
15657 +   %em_checkmacro(name=EM_PROPERTY_SAMPLEMETHOD,           value=RANDOM, global=Y);
15658 +   %em_checkmacro(name=EM_PROPERTY_SAMPLESIZE,             value=10000, global=Y);
15659 +   %em_checkmacro(name=EM_PROPERTY_SAMPLESEED,             value=12345, global=Y);
15661 +   /* report properties */
15662 +   %em_checkmacro(name=EM_PROPERTY_PRECISION,              value=4, global=Y);
15663 +   %em_checkmacro(name=EM_PROPERTY_SPLITPRECISION,         value=4, global=Y);
15664 +   %em_checkmacro(name=EM_PROPERTY_CLASSCOLORBY,           value=PERCENTEVEN, global=Y);
15665 +   %em_checkmacro(name=EM_PROPERTY_INTCOLORBY,             value=AVG, global=Y);
15666 +   %em_checkmacro(name=EM_PROPERTY_SHOWNODEID,             value=Y, global=Y);
15667 +   %em_checkmacro(name=EM_PROPERTY_SHOWVALID,              value=Y, global=Y);
15668 +   %em_checkmacro(name=EM_PROPERTY_PRED,                   value=N, global=Y);
15669 +   %em_checkmacro(name=EM_PROPERTY_TARGET,                 value=ALL, global=Y);
15670 +   %em_checkmacro(name=EM_PROPERTY_COUNT,                  value=Y, global=Y);
15671 +   %em_checkmacro(name=EM_PROPERTY_PERCENTCORRECT,         value=N, global=Y);
15672 +   %em_checkmacro(name=EM_PROPERTY_PROFITLOSS,             value=NONE, global=Y);
15673 +   %em_checkmacro(name=EM_PROPERTY_AVG,                    value=Y, global=Y);
15674 +   %em_checkmacro(name=EM_PROPERTY_RASE,                   value=N, global=Y);
15676 +   /* score properties */
15677 +   %em_checkmacro(name=EM_PROPERTY_VARSELECTION,           value=Y, global=Y);
15678 +   %em_checkmacro(name=EM_PROPERTY_NODEROLE,               value=SEGMENT, global=Y);
15680 +%mend EM_SetProperties;
NOTE: %INCLUDE (level 1) ending.
NOTE: Fileref TEMP has been deassigned.
NOTE: %INCLUDE (level 1) file TEMP is file SASHELP.EMMODL.TREE_TRAINMACROS.SOURCE.
15682 +%Macro EM_CheckBinaryTargetLevel(indata=, target=,  nLevel= );
15683 +  %global &nLevel;
15684 +  proc dmdb batch data=&indata
15685 +    classout=_tmp_dmdbout;
15686 +    class &target;
15687 +  run;
15688 +  data _tmp_dmdbout;
15689 +    set _tmp_dmdbout;
15690 +    if strip(TYPE) = 'N' and  strip(LEVEL) = '.' then delete;
15691 +    if strip(TYPE) = 'C' and  strip(LEVEL) = '' then delete;
15692 +  run;
15693 +  data _null_;
15694 +    %let dsid = %sysfunc(open(work._tmp_dmdbout));
15695 +    %let _obs = %sysfunc(attrn(&dsid, NOBS));
15696 +    %let dsid = %sysfunc(close(&dsid));
15697 +     call symput("&nLevel", put(&_obs, Best12.));
15698 +  run;
15700 +  proc datasets lib=work nolist;
15701 +     delete _tmp_dmdbout;
15702 +  run;
15703 +  quit;
15704 +%Mend EM_CheckBinaryTargetLevel;
15707 +%macro em_tree_runTreeProcedure(indata= , multipleTar= , intFlag= );
15709 +  /* determine the number of obs in training data */
15710 +  proc sql;
15711 +    reset noprint;
15712 +    select count(*) into :em_nobs from &indata;
15713 +  quit;
15715 +  /* determine the number of input variables */
15716 +  %let numinputs = %eval(&EM_NUM_BINARY_INPUT + &EM_NUM_NOMINAL_INPUT + &EM_NUM_ORDINAL_INPUT + &EM_NUM_INTERVAL_INPUT+
15717 +                         &EM_NUM_BINARY_REJECTED + &EM_NUM_NOMINAL_REJECTED + &EM_NUM_ORDINAL_REJECTED + &EM_NUM_INTERVAL_REJECTED);
15719 +  /* retrieve targetEvent from decmeta */
15720 +  %let targetEvent=;
15721 +  %if "%EM_TARGET_LEVEL" ne "INTERVAL" %then %do;
15722 +    %if %sysfunc(exist(&EM_DEC_DECMETA)) %then %do;
15723 +      data _null_;
15724 +       set &EM_DEC_DECMETA(where=(_TYPE_="TARGET"));
15725 +       call symput('targetEvent', strip(tranwrd(EVENT,'"','""')));
15726 +      run;
15727 +    %end;
15728 +  %end;
15730 +  /* create targetTable if multipleTar eq Y */
15731 +  data temptarget;
15732 +    set &EM_DATA_VARIABLESET;
15733 +    where ROLE="TARGET" AND LEVEL^="ORDINAL";
15734 +  run;
15736 + /* data sets */
15737 + %EM_GETNAME(key=OUTSTATS,      type=DATA);
15738 + %EM_GETNAME(key=EMTREE,        type=DATA);
15739 + %EM_GETNAME(key=OUTOBSIMP,     type=DATA);
15740 + %EM_GETNAME(key=OUTSEQ,        type=DATA);
15741 + %EM_GETNAME(key=OUTIMPORT,     type=DATA);
15742 + %EM_GETNAME(key=OUTNODES,      type=DATA);
15743 + %EM_GETNAME(key=OUTSUMMARY,    type=DATA);
15744 + %EM_GETNAME(key=OUTTOPOLOGY,   type=DATA);
15745 + %EM_GETNAME(key=OUTPATH,       type=DATA);
15746 + %EM_GETNAME(key=OUTRULES,      type=DATA);
15748 + /* files */
15749 + %EM_GETNAME(key=TREEFLOW, type=FILE, extension=sas);
15750 + %EM_GETNAME(key=TREEPUBLISH, type=FILE, extension=sas);
15752 + /* turn on pmml if requested */
15753 + %let nnpmml=0;
15754 + %if %symexist(EM_PMML) %then %do;
15755 +    %if %upcase(&EM_PMML)=Y or %upcase(&EM_PMML)=YES %then %do;
15756 +       %let nnpmml=1;
15758 +       ods pmml file="&EM_FILE_EMPMML" encoding="UTF-8";
15759 +%end;
15761 + %let numClassTarget = %sysevalf(&EM_NUM_BINARY_TARGET + &EM_NUM_NOMINAL_TARGET + &EM_NUM_ORDINAL_TARGET);
15763 + %if &nnpmml or &numClassTarget %then %do;
15765 +       /* create dmdb needed for pmml generation */
15766 +       %let tree_maxlevel = 512;
15767 +       %if %symexist(EM_TRAIN_MAXLEVELS) %then %do;
15768 +         %if &EM_TRAIN_MAXLEVELS ne %then %do;
15769 +           %let tree_maxlevel = &EM_TRAIN_MAXLEVELS;
15770 +         %end;
15771 +       %end;
15772 +       %if &tree_maxlevel gt 0 %then %do;
15773 +           %let tree_maxlevel=%sysevalf(&tree_maxlevel+1);
15774 +          %let tree_maxlevel=%sysfunc(max(3, &tree_maxlevel ));
15775 +       %end;
15777 +       %let targetOrderString =;
15778 +       %let targetString = ;
15779 +       data _null_;
15780 +          length orderString nameString $10000;
15781 +          retain orderString nameString;
15782 +          set &em_data_variableset end=eof;
15783 +          %if "&EM_PROPERTY_USEMULTIPLETARGET" eq "Y" and ^&em_num_ordinal_target %then %do;
15784 +              where ROLE="TARGET" and LEVEL in("BINARY", "NOMINAL");
15785 +          %end;
15786 +          %else %do;
15787 +              where ROLE="TARGET" and LEVEL in("BINARY", "NOMINAL", "ORDINAL") and USE ='Y';
15788 +          %end;          select(order);
15789 +            when('')        order ='DESC';
15790 +            when('FMTASC')  order='ASCFMT';
15791 +            when('FMTDESC') order='DESFMT';
15792 +            otherwise;
15793 +          end;
15794 +          orderString = trim(orderString)!!' '!!trim(NAME)!!'('!!trim(order)!!')';
15795 +          nameString = trim(nameString)!!' '!!trim(NAME);
15797 +          if eof then do;
15798 +             call symput('targetOrderString', trim(orderString));
15799 +             call symput('targetString', trim(nameString));
15800 +          end;
15801 +       run;
15803 +       %let arborkluge= "work._treeDMDB";
15805 +       proc dmdb batch data=&indata
15806 +       %if &nnpmml %then %do;
15807 +           PMML
15808 +       %end;
15809 +        dmdbcat=_treeDMDB classout=classout varout=varout maxlevel=&tree_maxlevel;
15812 +   %if &nnpmml %then %do;
15813 +        %if "%EM_ID" ne "" %then %do;
15814 +          id %EM_ID;
15815 +        %end;
15816 +        %if &EM_NUM_CLASS gt 0 %then %do;
15817 +          class %EM_BINARY_INPUT %EM_NOMINAL_INPUT %EM_ORDINAL_INPUT
15818 +               %EM_BINARY_REJECTED %EM_NOMINAL_REJECTED %EM_ORDINAL_REJECTED
15819 +               &targetOrderString;
15820 +        %end;
15821 +        %if &EM_NUM_INTERVAL gt 0 %then %do;
15822 +          var %EM_INTERVAL;
15823 +        %end;
15824 +        target &targetString %EM_INTERVAL_TARGET;
15825 +        %if "%EM_FREQ" ne "" %then %do;
15826 +          freq %EM_FREQ;
15827 +        %end;
15828 +  %end;
15829 +  %else %do;
15830 +      class  &targetOrderString;
15831 +      target &targetString %EM_INTERVAL_TARGET;
15832 +  %end;
15833 +       run;
15834 +       quit;
15836 +       proc datasets lib=work nolist;
15837 +          delete classout varout;
15838 +       run;
15839 +       quit;
15841 +    %end;
15842 + %end;
15844 + /* run Arbor procedure */
15845 + %if "&EM_PROPERTY_FREEZE" eq "N" and "&EM_PROPERTY_IMPORTMODEL" eq "N" %then %do;
15846 +  proc arbor data=&INDATA
15848 +  %if "&EM_PROPERTY_LEAFSIZE" ne "" %then %do;
15849 +    Leafsize = &EM_PROPERTY_LEAFSIZE
15850 +  %end;
15852 +  %if (("&EM_PROPERTY_SPLITSIZE" ne ".") AND (&EM_PROPERTY_SPLITSIZE lt &em_nobs)) %then %do;
15853 +    Splitsize = &EM_PROPERTY_SPLITSIZE
15854 +  %end;
15856 +  %if "&EM_PROPERTY_MINCATSIZE" ne "" %then %do;
15857 +    MinCatSize = &EM_PROPERTY_MINCATSIZE
15858 +  %end;
15860 +  %if "&EM_PROPERTY_MAXBRANCH" ne "" %then %do;
15861 +    MaxBranch = &EM_PROPERTY_MAXBRANCH
15862 +  %end;
15864 +  %if "&EM_PROPERTY_MAXDEPTH" ne "" %then %do;
15865 +    MaxDepth = &EM_PROPERTY_MAXDEPTH
15866 +  %end;
15868 +  %if (("%EM_TARGET_LEVEL" eq "NOMINAL") OR ("%EM_TARGET_LEVEL" eq "BINARY")) %then %do;
15869 +    %let Criterion = &EM_PROPERTY_NOMINALCRITERION;
15870 +  %end;
15871 +  %else %if "%EM_TARGET_LEVEL" eq "ORDINAL" %then %do;
15872 +    %let Criterion = &EM_PROPERTY_ORDINALCRITERION;
15873 +  %end;
15874 +  %else %if "%EM_TARGET_LEVEL" eq "INTERVAL" %then %do;
15875 +    %let Criterion = &EM_PROPERTY_INTERVALCRITERION;
15876 +  %end;
15878 +  %if (("&criterion" eq "PROBCHISQ") or ("&criterion" eq "PROBF")) %then %do;
15879 +    %if "&EM_PROPERTY_SIGLEVEL" ne "" %then %do;
15880 +      alpha = &EM_PROPERTY_SIGLEVEL
15881 +    %end;
15882 +  %end;
15884 +  %if (("&EM_PROPERTY_KASS" eq "Y") OR ("&EM_PROPERTY_DEPTH" eq "Y") or ("&EM_PROPERTY_INPUTS" eq "Y")) %then %do;
15885 +    %if (("&Criterion" eq "PROBCHISQ") OR ("&Criterion" eq "PROBF") OR ("&Criterion" eq "DEFAULT")) %then %do;
15886 +      %if (("&EM_PROPERTY_KASS" eq "Y") or ("&EM_PROPERTY_DEPTH" eq "Y")) %then %do;
15887 +        %if "&EM_PROPERTY_KASSAPPLY" eq "BEFORE" %then %let chaid = CHAIDBEFORE;
15888 +        %else %if "&EM_PROPERTY_KASSAPPLY" eq "AFTER" %then %let chaid = CHAIDAFTER;
15890 +        padjust =
15891 +        %if "&EM_PROPERTY_KASS" eq "Y" %then %do;
15892 +          &chaid
15893 +        %end;
15894 +        %if "&EM_PROPERTY_DEPTH" eq "Y" %then %do;
15895 +          DEPTH
15896 +        %end;
15897 +      %end;
15898 +      %if "&EM_PROPERTY_INPUTS" eq "Y" %then %do;
15899 +         %let num_inputs = %sysfunc(min(&numinputs, &EM_PROPERTY_NUMINPUTS));
15900 +         pvars = &num_inputs
15901 +      %end;
15902 +    %end;
15903 +  %end;
15904 +  %else %do;
15905 +      %if (("&Criterion" eq "PROBCHISQ") OR ("&Criterion" eq "PROBF") OR ("&Criterion" eq "DEFAULT")) %then %do;
15906 +         padjust = NONE
15907 +      %end;
15908 +  %end;
15910 +  %if "&EM_PROPERTY_NRULES" ne "" %then %do;
15911 +    %let num_nrules = %sysfunc(min(&numinputs, &EM_PROPERTY_NRULES));
15912 +    Maxrules = &num_nrules
15913 +  %end;
15915 +  %if "&EM_PROPERTY_NSURRS" ne "" %then %do;
15916 +    %let num_nsurrs = %sysfunc(min((&numinputs-1), &EM_PROPERTY_NSURRS));
15917 +    Maxsurrs = &num_nsurrs
15918 +  %end;
15920 +  %if "&EM_PROPERTY_MISSINGVALUE" ne "" %then %do;
15921 +     Missing=&EM_PROPERTY_MISSINGVALUE
15922 +  %end;
15924 +  %if "&EM_PROPERTY_USEVARONCE" eq "Y" %then %do;
15925 +     USEVARONCE
15926 +  %end;
15928 +  %if "&EM_PROPERTY_EXHAUSTIVE" ne "" %then %do;
15929 +    Exhaustive=&EM_PROPERTY_EXHAUSTIVE
15930 +  %end;
15933 +  %if (("&multipleTar" eq "N") AND ("%EM_TARGET_LEVEL" ne "INTERVAL")) %then %do;
15934 +    event = "&targetEvent"
15935 +  %end;
15937 +  %if "&EM_PROPERTY_USEDECISION" eq "Y" %then %do;
15938 +     DECSEARCH
15939 +  %end;
15941 +  %if "&EM_PROPERTY_USEPRIORS" eq "Y" %then %do;
15942 +     PRIORSSEARCH
15943 +  %end;
15945 +  %if &arbor_1 ne %then %do;
15946 +    &arbor_1
15947 +  %end;
15949 +  %if &em_arbor ne %then %do;
15950 +     &em_arbor
15951 +  %end;
15952 +  ;
15953 + %end;
15954 + %else %if "&EM_PROPERTY_IMPORTMODEL" eq "Y"  %then %do;
15955 +     proc arbor data=&INDATA inmodel=&EM_PROPERTY_ImportedTreeData refreshtrain;
15956 +       interact;
15957 + %end;
15958 + %else %if "&EM_PROPERTY_FREEZE" eq "Y" %then %do;
15959 +   %if %sysfunc(exist(&EM_USER_EMTREE)) ne 1 %then %do;
15960 +    %let EMEXCEPTIONSTRING = exception.server.EMTOOL.NOTREEDATASET;
15961 +    %put &em_codebar;
15962 +    %let errormsg = %sysfunc(sasmsg(sashelp.dmine, emtool.notreedataset_err, NOQUOTE));
15963 +    %put &errormsg;
15964 +    %put &em_codebar;
15965 +    %goto doendm;
15966 +   %end;
15967 +   %else %do;
15968 +     proc arbor data=&INDATA inmodel=&EM_USER_EMTREE refreshtrain;
15969 +       interact;
15970 +   %end;
15971 + %end;
15973 + %else %do;
15974 +   %if %sysfunc(exist(&EM_USER_BROWSETREE)) ne 1 %then %do;
15975 +    %let EMEXCEPTIONSTRING = exception.server.EMTOOL.NOTREEDATASET;
15976 +    %put &em_codebar;
15977 +    %let errormsg = %sysfunc(sasmsg(sashelp.dmine, emtool.notreedataset_err, NOQUOTE));
15978 +    %put &errormsg;
15979 +    %put &em_codebar;
15980 +    %goto doendm;
15981 +   %end;
15982 +   %else %do;
15983 +      proc arbor data=&INDATA inmodel=&EM_USER_BROWSETREE refrestrain;
15984 +        interact;
15985 +   %end;
15986 + %end;
15988 + %if "&EM_PROPERTY_FREEZE" eq "N" and "&EM_PROPERTY_IMPORTMODEL" eq "N" %then %do;
15989 +    %if %eval(&EM_NUM_INTERVAL_INPUT + &EM_NUM_INTERVAL_REJECTED) gt 0 %then %do;
15990 +      input %EM_INTERVAL_INPUT %EM_INTERVAL_REJECTED/ level = interval;
15991 +    %end;
15993 +    %if  %eval(&EM_NUM_NOMINAL_INPUT + &EM_NUM_NOMINAL_REJECTED) gt 0 %then %do;
15994 +      input %EM_NOMINAL_INPUT %EM_NOMINAL_REJECTED / level = nominal;
15995 +    %end;
15997 +    %if %eval(&EM_NUM_BINARY_INPUT + &EM_NUM_BINARY_REJECTED) gt 0 %then %do;
15998 +      input %EM_BINARY_INPUT %EM_BINARY_REJECTED / level = nominal;
15999 +    %end;
16001 +    %if %eval(&EM_NUM_ORDINAL_INPUT + &EM_NUM_ORDINAL_REJECTED) gt 0 %then %do;
16002 +      input %EM_ORDINAL_INPUT %EM_ORDINAL_REJECTED/ level = ordinal;
16003 +    %end;
16005 +    %if "%EM_FREQ" ne "" %then %do;
16006 +       freq %EM_FREQ;
16007 +    %end;
16009 +    %if "&multipleTar" eq "Y" %then %do;
16010 +       /* cycle through all target vars in variableset */
16011 +       %let tdsid = %sysfunc(open(temptarget));
16012 +       %if &tdsid %then %do;
16013 +          %let n_var = %sysfunc(varnum(&tdsid, NAME));
16014 +          %let n_lvl = %sysfunc(varnum(&tdsid, LEVEL));
16015 +          %do %while(^ %sysfunc(fetch(&tdsid)));
16016 +             %let var = %sysfunc(getvarc(&tdsid, &n_var));
16017 +             %let lvl = %sysfunc(getvarc(&tdsid, &n_lvl));
16018 +             target &var / level = &lvl
16019 +             %if (("&lvl" eq "BINARY") or ("&lvl" eq "NOMINAL")) %then %do;
16020 +               Criterion=&EM_PROPERTY_NOMINALCRITERION;
16021 +             %end;
16022 +             %else %if "&lvl" eq "INTERVAL" %then %do;
16023 +               Criterion=&EM_PROPERTY_INTERVALCRITERION;
16024 +             %end;
16025 +             %else %if "&lvl" eq "ORDINAL" %then %do;
16026 +               Criterion=&EM_PROPERTY_ORDINALCRITERION;
16027 +             %end;
16028 +          %end;
16029 +          %if &tdsid %then %let tdsid=%sysfunc(close(&tdsid));
16030 +       %end;
16031 +       useTarget variable = %EM_TARGET;
16032 +    %end;
16033 +    %else %do;
16034 +      target %EM_TARGET / level = %EM_TARGET_LEVEL
16035 +      %if (("%EM_TARGET_LEVEL" eq "BINARY") or ("%EM_TARGET_LEVEL" eq "NOMINAL")) %then %do;
16036 +        Criterion=&EM_PROPERTY_NOMINALCRITERION;
16037 +      %end;
16038 +      %else %if "%EM_TARGET_LEVEL" eq "INTERVAL" %then %do;
16039 +        Criterion=&EM_PROPERTY_INTERVALCRITERION;
16040 +      %end;
16041 +      %else %if "%EM_TARGET_LEVEL" eq "ORDINAL" %then %do;
16042 +        Criterion=&EM_PROPERTY_ORDINALCRITERION;
16043 +      %end;
16044 +    %end;
16046 +    %if "&multipleTar" eq "N" %then %do;
16047 +      &EM_DEC_STATEMENT;
16048 +    %end;
16050 +    Performance &EM_PROPERTY_PERFORMANCE
16051 +    %if "&EM_PROPERTY_NODESAMPLE" ne "" %then %do;
16052 +      nodesize=&EM_PROPERTY_NODESAMPLE
16053 +    %end;
16054 +    ;
16056 +    %if "&intFlag" eq "Y" %then %do;
16057 +       INTERACT Largest;
16058 +       Train maxnewdepth=0;
16059 +    %end;
16061 +       %if "&EM_PROPERTY_ASSESSMEASURE" ne "" %then %do;
16062 +         Assess
16063 +         %if (("&EM_IMPORT_VALIDATE" ne "") AND (%sysfunc(exist(&EM_IMPORT_VALIDATE)) or %sysfunc(exist(&EM_IMPORT_VALIDATE,VIEW)) )) %then %do;
16064 +            %if "&EM_PROPERTY_CV" eq "Y" %then %do;
16065 +              %put &em_codebar;
16066 +              %let errormsg = %sysfunc(sasmsg(sashelp.dmine, novalidationwithcv_note, NOQUOTE));
16067 +              %put &errormsg;
16068 +              %put &em_codebar;
16069 +            %end;
16070 +            %else %do;
16071 +               Validata=&EM_IMPORT_VALIDATE
16072 +            %end;
16073 +         %end;
16074 +         %else %do;
16075 +           NoValidata
16076 +         %end;
16077 +         %if "&EM_PROPERTY_TRAINMODE" ne "INTERACTIVE" %then %do;
16078 +            %if "&EM_PROPERTY_ASSESSMEASURE" eq "PROFIT/LOSS" %then %do;
16079 +               %let dsid=%sysfunc(open(&EM_DEC_DECMETA(where=(_TYPE_='MATRIX'))));
16080 +               %if &dsid %then %do;
16081 +                 %let usenum = %sysfunc(varnum(&dsid, USE));
16082 +                 %do %while(^ %sysfunc(fetch(&dsid)));
16083 +                   %let use = %sysfunc(getvarc(&dsid, &usenum));
16084 +                   %if "&use" eq "Y" %then %let measure=PROFIT;
16085 +                   %else %do;
16086 +                      %if "%EM_TARGET_LEVEL" eq "INTERVAL" %then %let measure = ASE;
16087 +                      %else %let measure= MISC;
16088 +                   %end;
16089 +                 %end;
16090 +               %end;
16091 +               %if &dsid %then %let dsid = %sysfunc(close(&dsid));
16092 +            %end;
16093 +            %else %if "&EM_PROPERTY_ASSESSMEASURE" eq "MISC" %then %do;
16094 +              %if "%EM_TARGET_LEVEL" eq "INTERVAL" %then  %do;
16095 +                 %let measure=ASE;
16096 +              %end;
16097 +              %else %do;
16098 +                 %let measure=MISC;
16099 +              %end;
16100 +            %end;
16101 +            %else %if "&EM_PROPERTY_ASSESSMEASURE" eq "ASE" %then %do;
16102 +              %let measure=ASE;
16103 +            %end;
16104 +            %else %if "&EM_PROPERTY_ASSESSMEASURE" eq "LIFT" %then %do;
16105 +               %let measure = LIFT;
16106 +               %let dsid=%sysfunc(open(&EM_DEC_DECMETA(where=(_TYPE_='MATRIX'))));
16107 +               %if &dsid %then %do;
16108 +                 %let usenum = %sysfunc(varnum(&dsid, USE));
16109 +                 %do %while(^ %sysfunc(fetch(&dsid)));
16110 +                   %let use = %sysfunc(getvarc(&dsid, &usenum));
16111 +                   %if "&use" eq "Y" %then %let measure=LIFTPROFIT;
16112 +                 %end;
16113 +               %end;
16114 +               %if &dsid %then %let dsid = %sysfunc(close(&dsid));
16115 +            %end;
16116 +            measure=&measure
16117 +            %if (("&measure" eq "LIFT") AND ("%EM_TARGET_LEVEL" ne "INTERVAL")) %then %do;
16118 +               event = "&targetEvent"
16119 +            %end;
16120 +            %if (("&measure" eq "LIFT") OR ("&measure" eq "LIFTPROFIT")) %then %do;
16121 +              proportion=&EM_PROPERTY_ASSESSPERCENTAGE
16122 +            %end;
16123 +         %end;
16124 +         %if "&multipleTar" eq "N" %then %do;
16125 +            %if "&EM_PROPERTY_CV" eq "Y" %then %do;
16126 +               CV
16127 +               %if "&EM_PROPERTY_CVNIter" ne "" %then %do;
16128 +                 CVNITer = &EM_PROPERTY_CVNITER
16129 +               %end;
16130 +               %if "&EM_PROPERTY_CVREPEAT" ne "" %then %do;
16131 +                 CVRepeat = &EM_PROPERTY_CVREPEAT
16132 +               %end;
16133 +               %if "&EM_PROPERTY_CVSEED" ne "" %then %do;
16134 +                 CVSeed = &EM_PROPERTY_CVSEED
16135 +               %end;
16136 +            %end;
16137 +         %end;
16138 +       %end;
16139 +      ;
16141 +      %if "&intFlag" ne "Y" %then %do;
16142 +        %if "&EM_PROPERTY_SUBTREE" ne "" %then %do;
16143 +          %if "&EM_PROPERTY_SUBTREE" eq "ASSESSMENT" %then %let subtree=BEST;
16144 +          %else %if "&EM_PROPERTY_SUBTREE" eq "N" %then %let subtree=NLEAVES;
16145 +          %else %if "&EM_PROPERTY_SUBTREE" eq "LARGEST" %then %let subtree=LARGEST;
16147 +          SUBTREE &subtree
16148 +          %if "&subtree" eq "NLEAVES" %then %do;
16149 +            =&EM_PROPERTY_NSUBTREE
16150 +          %end;
16151 +          ;
16152 +        %end;
16154 +       %if (("&EM_PROPERTY_OBSIMPORTANCE" eq "Y") AND ("&multipleTar" eq "N")) %then %do;
16155 +          %if "&EM_USER_OUTOBSIMP" ne "" %then %do;
16156 +            importance data=&INDATA outfit=&EM_USER_OUTOBSIMP nvars=&EM_PROPERTY_NUMSINGLEIMP;
16157 +          %end;
16158 +       %end;
16159 +      %end;
16160 + %end;
16163 + MakeMacro nleaves = nleaves;
16164 + save
16165 + %if "&EM_USER_EMTREE" ne "" %then %do;
16166 +   MODEL=&EM_USER_EMTREE
16167 + %end;
16168 + %if "&EM_USER_OUTSEQ" ne "" %then %do;
16169 +   SEQUENCE=&EM_USER_OUTSEQ
16170 + %end;
16171 + %if "&EM_USER_OUTIMPORT" ne "" %then %do;
16172 +   IMPORTANCE=&EM_USER_OUTIMPORT
16173 + %end;
16174 + %if "&EM_USER_OUTNODES" ne "" %then %do;
16175 +   NODESTAT=&EM_USER_OUTNODES
16176 + %end;
16177 + %if "&EM_USER_OUTSUMMARY" ne "" %then %do;
16178 +   SUMMARY=&EM_USER_OUTSUMMARY
16179 + %end;
16180 + %if "&EM_USER_OUTSTATS" ne "" %then %do;
16181 +   STATSBYNODE=&EM_USER_OUTSTATS
16182 + %end;
16183 + %if "&EM_USER_OUTTOPOLOGY" ne "" %then %do;
16184 +   TOPOLOGY=&EM_USER_OUTTOPOLOGY
16185 + %end;
16186 + %if "&EM_USER_OUTPATH" ne "" %then %do;
16187 +   Pathlistnonmissing=&EM_USER_OUTPATH
16188 + %end;
16189 + %if "&EM_USER_OUTRULES" ne "" %then %do;
16190 +   RULES = &EM_USER_OUTRULES
16191 + %end;
16192 + ;
16194 + %if "&intFlag" ne "Y" %then %do;
16196 +   %let lookupString = ;
16197 +   %if ^%symexist(EM_OPTION) %then
16198 +      %let EM_OPTION=;
16200 +   %if %sysfunc(index(%upcase(&EM_DEBUG), I18N)) or %sysfunc(index(%upcase(&EM_OPTION), I18N)) %then %do;
16201 +      %let lookupString = LOOKUP=SELECT;
16202 +   %end;
16204 +   %let codetext=;
16205 +   %let norescodetxt=;
16207 +   %if "&EM_PROPERTY_DUMMY" eq "Y" %then %do;
16208 +     %let codetext=&codetext DUMMY;
16209 +     %let norescodetxt=&norescodetxt DUMMY;
16210 +   %end;
16211 +   %if "&EM_PROPERTY_LEAFID" ne "Y" %then %do;
16212 +     %let codetext=&codetext NOLEAFID;
16213 +     %let norescodetxt=&norescodetxt NOLEAFID;
16214 +   %end;
16215 +   %if "&EM_PROPERTY_PREDICT" ne "Y" %then %do;
16216 +     %let norescodetxt=&norescodetxt NOPRED;
16217 +   %end;
16219 +   code file="&EM_USER_TREEFLOW" res &codetext group=&emloopid &lookupString;
16220 +   code file="&EM_USER_TREEPUBLISH" nores &norescodetxt group=&emloopid &lookupString;
16222 +   %if &nnpmml %then %do;
16223 +     code pmml;
16224 +   %end;
16226 +   score data=&INDATA out=_NULL_ outfit=work.fit_train role=TRAIN;
16227 +   %if "&EM_IMPORT_VALIDATE" ne "" %then %do;
16228 +     score data=&EM_IMPORT_VALIDATE out=_NULL_ outfit=work.fit_valid role=VALID;
16229 +   %end;
16230 +   %if "&EM_IMPORT_TEST" ne "" %then %do;
16231 +     score data=&EM_IMPORT_TEST out=_NULL_ outfit=work.fit_test role=TEST;
16232 +   %end;
16233 + %end;
16235 + run;
16236 + quit;
16238 + /*%em_checkerror(); */
16239 +  %if %sysfunc(cexist(work._treeDMDB)) %then %do;
16240 +   /* Delete DMDB catalog */
16241 +   proc datasets lib=work nolist;
16242 +       delete _treeDMDB / mt=cat;
16243 +  run;
16244 +  %end;
16246 + %if &nnpmml %then %do;
16247 +    ods pmml close;
16248 + %end;
16250 +  %doendm:
16252 +%mend em_tree_runTreeProcedure;
16254 +%macro em_tree_createFitStats( multipleTar= );
16257 +  /* create targetTable is multipleTar eq Y */
16258 +  data temptarget;
16259 +    set &EM_DATA_VARIABLESET;
16260 +    where ROLE="TARGET";
16261 +  run;
16263 +  %EM_GETNAME(key=EMOUTFIT, type=DATA);
16264 +   data &EM_USER_EMOUTFIT;
16265 +     length target $32;
16266 +     merge work.fit_train
16267 +     %if "&EM_IMPORT_VALIDATE" ne "" %then %do;
16268 +       work.fit_valid
16269 +     %end;
16270 +     %if "&EM_IMPORT_TEST" ne "" %then %do;
16271 +       work.fit_test
16272 +     %end;
16273 +     ;
16274 +     %if "&multipleTar" eq "N" %then %do;
16275 +       target="%EM_TARGET";
16276 +     %end;
16277 +     %else %do;
16278 +       target = _TARGET_;
16279 +     %end;
16280 +     drop _NW_ _SUMW_
16281 +     %if "&EM_IMPORT_VALIDATE" ne "" %then %do;
16282 +        _VSUMW_
16283 +     %end;
16284 +     ;
16285 +   run;
16287 +   %if "&EM_IMPORT_VALIDATE" ne "" %then %do;
16288 +     proc datasets library=work nolist;
16289 +       delete fit_valid;
16290 +     run;
16291 +   %end;
16292 +   %if "&EM_IMPORT_TEST" ne "" %then %do;
16293 +     proc datasets library=work nolist;
16294 +       delete fit_test;
16295 +     run;
16296 +   %end;
16298 +%mend em_tree_createFitStats;
16301 +%macro em_tree_makeEnglishRules;
16303 +  %EM_GETNAME(key=OUTNODES, type=DATA);
16304 +  %EM_GETNAME(key=OUTPATH, type=DATA);
16306 +  /* verify that necessary tables exist and if not, skip processing */
16307 +  %if %sysfunc(exist(&EM_USER_OUTNODES)) ne 1 %then %do;
16308 +    %let EMEXCEPTIONSTRING = exception.server.EMTOOL.GENERICRUNTIMEEXCEPTION;
16309 +    %goto doendm;
16310 +  %end;
16311 +  %if %sysfunc(exist(&EM_USER_OUTPATH)) ne 1 %then %do;
16312 +    %let EMEXCEPTIONSTRING = exception.server.EMTOOL.GENERICRUNTIMEEXCEPTION;
16313 +    %goto doendm;
16314 +  %end;
16316 +  /* determine length of variable in outpath dataset */
16317 +  %let vlength= ;
16318 +  %let dsid = %sysfunc(open(&EM_USER_OUTPATH));
16319 +  %if &dsid ne %then %do;
16320 +    %let varnum = %sysfunc(varnum(&dsid, VARIABLE));
16321 +    %let vlength = %sysfunc(VARLEN(&dsid, &varnum));
16322 +  %end;
16323 +  %if &dsid ne %then %let dsid = %sysfunc(close(&dsid));
16325 +  data tempoutpath;
16326 +    length varname $&vlength;
16327 +    retain varname;
16328 +    set &EM_USER_OUTPATH;
16330 +    if ^missing(variable) then varname=variable;
16331 +    else if ^missing(var_name) then varname=var_name;
16332 +    output;
16333 +  run;
16335 +  /* create an array of generated predicted variable names */
16336 +  %let tree_pred_vars = ;
16337 +  %let tree_pred_label = ;
16338 +  %let numpred= 0;
16339 +  %if %sysfunc(exist(&EM_DEC_DECMETA)) %then %do;
16341 +    data _null_;
16342 +     set &EM_DEC_DECMETA(where=(_TYPE_="PREDICTED")) end=eof;
16343 +     call symput('tree_pred_vars'!!strip(put(_N_, BEST.)), strip(VARIABLE));
16344 +     call symput('tree_pred_label'!!strip(put(_N_, BEST.)), strip(tranwrd(LABEL,'"','""')));
16345 +     if eof then
16346 +       call symput('numpred', strip(put(_N_, BEST.)));
16347 +    run;
16348 +  %end;
16350 +  /* determine if NPRIORS exists in outnodes  */
16351 +  %local nprior_flag;
16352 +  data _null_;
16353 +    set &EM_USER_OUTNODES(obs=2) end=eof;
16354 +    if eof then do;
16355 +      call symput('nprior_flag', strip(put(npriors, best.)));
16356 +    end;
16357 +  run;
16359 +  proc sort data=tempoutpath; by node; run;
16360 +  proc sort data=&EM_USER_OUTNODES out=outnodes; by node; run;
16362 +  data tempoutpath;
16363 +    merge tempoutpath(in=_a) outnodes(keep= node
16364 +    %if "&nprior_flag" ne "." %then %do;
16365 +      NPRIORS
16366 +    %end;
16367 +    %else %do;
16368 +      N
16369 +    %end;
16370 +    %if &numpred gt 0 %then %do;
16371 +      %do i=1 %to &numpred;
16372 +        &&tree_pred_vars&i
16373 +      %end;
16374 +    %end;
16375 +    );
16376 +    by node;
16377 +    if _a;
16378 +  run;
16380 +  proc sort data=tempoutpath; by node descending varname descending numeric_value; run;
16382 +  data _null_;
16383 +    file x;
16384 +    set tempoutpath;
16385 +    by node descending varname;
16386 +    retain origvar oldnode string;
16387 +    length origvar $32 oldnode 8 string $200;
16389 +    if _N_ = 1 then do;
16390 +      origvar = varname;
16391 +      oldnode = node;
16392 +    end;
16394 +    if first.node then do;
16395 +       put "&EM_CODEBAR";
16396 +       put " Node = " node;
16397 +       put "&EM_CODEBAR";
16398 +    end;
16400 +      if first.varname then do;
16401 +         if RELATION ^in ("=", "ISMISSING", "ISNOTMISSING") then do;
16402 +            if MISSING(CHARACTER_VALUE) then do;
16403 +             if NUMERIC_VALUE ne .  then do;
16404 +              if ^first.node then do;
16405 +                string= "AND "|| strip(varname)||" "||strip(relation)||" "||strip(numeric_value);
16406 +              end;
16407 +              else do;
16408 +                string= "if "|| strip(varname)||" "||strip(relation)||" "||strip(numeric_value);
16409 +              end;
16410 +             end;
16411 +            end;
16412 +            else do;
16413 +              if ^first.node then do;
16414 +                string= "AND "|| strip(varname)||" "||strip(relation)||" "||strip(character_value);
16415 +              end;
16416 +              else do;
16417 +                string= "if "|| strip(varname)||" "||strip(relation)||" "||strip(character_value);
16418 +              end;
16419 +             end;
16420 +         end;
16421 +         else if RELATION in ("=") then do;
16422 +            if ^first.node then do;
16423 +              string = "AND "||strip(varname) ||" IS ONE OF: "||character_value;
16424 +            end;
16425 +            else do;
16426 +              string = "if "|| strip(varname) ||" IS ONE OF: "||character_value;
16427 +            end;
16428 +         end;
16429 +         else if RELATION in ("ISMISSING") then do;
16430 +            if ^first.node then do;
16431 +              string = " AND "|| strip(varname) || " equals Missing";
16432 +            end;
16433 +            else do;
16434 +              string = "if "|| strip(varname) ||" equals Missing";
16435 +            end;
16436 +         end;
16437 +         else if RELATION in ("ISNOTMISSING") then do;
16438 +            if ^first.node then do;
16439 +              string = " AND "|| strip(varname) || " equals All Values";
16440 +            end;
16441 +            else do;
16442 +              string = "if "|| strip(varname) ||" equals All Values";
16443 +            end;
16444 +         end;
16445 +         if ^missing(varname) then origvar = varname;
16446 +         oldnode=node;
16448 +      end;
16449 +      else do;
16450 +         if RELATION ^in ("=", "ISMISSING", "ISNOTMISSING") then do;
16451 +          if MISSING(CHARACTER_VALUE) then do;
16452 +           if  NUMERIC_VALUE ne .  then do;
16453 +            if ^MISSING(string) then
16454 +              string= strip(string)||" AND "|| strip(varname)||" "||strip(relation)||" "||strip(numeric_value);
16455 +            else
16456 +              string= " if "|| strip(varname)||" "||strip(relation)||" "||strip(numeric_value);
16457 +           end;
16458 +          end;
16459 +          else do;
16460 +            if ^MISSING(string) then
16461 +              string= strip(string)||" AND "|| strip(varname)||" "||strip(relation)||" "||strip(character_value);
16462 +            else
16463 +              string= " if "|| strip(varname)||" "||strip(relation)||" "||strip(character_value);
16464 +          end;
16466 +         end;
16467 +         else if RELATION in ("=") then do;
16468 +           string = strip(string)||", "||strip(character_value);
16469 +         end;
16470 +         else if RELATION in ("ISMISSING") then do;
16472 +         end;
16473 +         if ^missing(varname) then origvar = varname;
16474 +         oldnode=node;
16475 +      end;
16476 +      if last.varname then do;
16477 +         if RELATION in ("ISMISSING") then do;
16478 +           if ^first.varname then do;
16479 +             string = strip(string) || " or MISSING";
16480 +           end;
16481 +         end;
16482 +         put string;
16483 +         if ^missing(varname) then origvar = varname;
16484 +         oldnode=node;
16485 +      end;
16487 +      if last.node then do;
16488 +         put "then ";
16489 +         put " Tree Node Identifier   = " node;
16491 +         %if "&nprior_flag" ne "." %then %do;
16492 +           put " Number of Observations = " NPRIORS;
16493 +         %end;
16494 +         %else %do;
16495 +           put " Number of Observations = " N;
16496 +         %end;
16498 +         %if &numpred gt 0 %then %do;
16499 +           %do i=1 %to &numpred;
16500 +             put " &&tree_pred_label&i = " &&tree_pred_vars&i;
16501 +           %end;
16502 +         %end;
16504 +         put " ";
16505 +         if ^missing(varname) then origvar = varname;
16506 +         oldnode=node;
16507 +      end;
16509 +  run;
16511 +  proc datasets lib=work nolist;
16512 +    delete tempoutpath outnodes;
16513 +  run;
16515 +  %doendm:
16516 +%mend em_tree_makeEnglishRules;
NOTE: %INCLUDE (level 1) ending.
NOTE: Fileref TEMP has been deassigned.

NOTE: The data set WORK.EM_USER_KEY has 1 observations and 8 variables.
NOTE: DATA statement used (Total process time):
      real time           0.00 seconds
      cpu time            0.00 seconds
      


NOTE: Records processed = 32235   Memory used = 511K.
NOTE: There were 32235 observations read from the data set EMWS2.PART_TRAIN.
NOTE: The data set WORK._TMP_DMDBOUT has 2 observations and 9 variables.
NOTE: PROCEDURE DMDB used (Total process time):
      real time           0.01 seconds
      cpu time            0.01 seconds
      


NOTE: There were 2 observations read from the data set WORK._TMP_DMDBOUT.
NOTE: The data set WORK._TMP_DMDBOUT has 2 observations and 9 variables.
NOTE: DATA statement used (Total process time):
      real time           0.01 seconds
      cpu time            0.01 seconds
      


NOTE: DATA statement used (Total process time):
      real time           0.00 seconds
      cpu time            0.00 seconds
      


NOTE: Deleting WORK._TMP_DMDBOUT (memtype=DATA).

NOTE: PROCEDURE DATASETS used (Total process time):
      real time           0.00 seconds
      cpu time            0.00 seconds
      


NOTE: DATA STEP view saved on file EMWS2.EM_TREE.
NOTE: A stored DATA STEP view cannot run under a different operating system.
NOTE: DATA statement used (Total process time):
      real time           0.03 seconds
      cpu time            0.01 seconds
      

NOTE: View EMWS2.EM_TREE.VIEW used (Total process time):
      real time           0.04 seconds
      cpu time            0.04 seconds
      
NOTE: There were 32235 observations read from the data set EMWS2.PART_TRAIN.
NOTE: PROCEDURE SQL used (Total process time):
      real time           0.07 seconds
      cpu time            0.07 seconds
      


NOTE: There were 1 observations read from the data set EMWS2.IDS_RESPOND_DM.
      WHERE _TYPE_='TARGET';
NOTE: DATA statement used (Total process time):
      real time           0.00 seconds
      cpu time            0.00 seconds
      


NOTE: There were 1 observations read from the data set EMWS2.TREE_VARIABLESET.
      WHERE (ROLE='TARGET') and (LEVEL not = 'ORDINAL');
NOTE: The data set WORK.TEMPTARGET has 1 observations and 21 variables.
NOTE: DATA statement used (Total process time):
      real time           0.01 seconds
      cpu time            0.01 seconds
      


NOTE: There were 1 observations read from the data set EMWS2.TREE_VARIABLESET.
      WHERE (ROLE='TARGET') and LEVEL in ('BINARY', 'NOMINAL', 'ORDINAL') and (USE='Y');
NOTE: DATA statement used (Total process time):
      real time           0.00 seconds
      cpu time            0.00 seconds
      


NOTE: Records processed = 32235   Memory used = 511K.
NOTE: View EMWS2.EM_TREE.VIEW used (Total process time):
      real time           0.04 seconds
      cpu time            0.04 seconds
      
NOTE: There were 32235 observations read from the data set EMWS2.PART_TRAIN.
NOTE: There were 32235 observations read from the data set EMWS2.EM_TREE.
NOTE: The data set WORK.CLASSOUT has 2 observations and 9 variables.
NOTE: PROCEDURE DMDB used (Total process time):
      real time           0.06 seconds
      cpu time            0.06 seconds
      


NOTE: Deleting WORK.CLASSOUT (memtype=DATA).
NOTE: Deleting WORK.VAROUT (memtype=DATA).

NOTE: PROCEDURE DATASETS used (Total process time):
      real time           0.00 seconds
      cpu time            0.00 seconds
      

NOTE: 1596687 kilobytes of physical memory.
NOTE: Will use 32235 out of 32235 training cases.
NOTE: Using memory pool with 1633958912 bytes.
NOTE: Passed training data 12 times.
NOTE: Training used 70699408 bytes of work memory.
NOTE: The subtree sequence contains 26 subtrees. The largest has 51 nodes and 26 leaves.
NOTE: Using subtree with 7 nodes and 4 leaves.
NOTE: Using subtree with 7 nodes and 4 leaves.
NOTE: Created macro variable NLEAVES equal to 4.
NOTE: The data set EMWS2.TREE_OUTIMPORT has 90 observations and 6 variables.
NOTE: The data set EMWS2.TREE_EMTREE has 2269 observations and 4 variables.
NOTE: The data set EMWS2.TREE_OUTNODES has 7 observations and 24 variables.
NOTE: The data set EMWS2.TREE_OUTPATH has 23 observations and 7 variables.
NOTE: The data set EMWS2.TREE_OUTRULES has 141 observations and 6 variables.
NOTE: The data set EMWS2.TREE_OUTSEQ has 26 observations and 20 variables.
NOTE: The data set EMWS2.TREE_OUTSTATS has 49 observations and 5 variables.
NOTE: The data set EMWS2.TREE_OUTSUMMARY has 24 observations and 6 variables.
NOTE: The data set EMWS2.TREE_OUTTOPOLOGY has 7 observations and 5 variables.
NOTE: External file H:\Bia_Priya\Project_PredictiveAnalysis\Workspaces\EMWS2\Tree\TREEFLOW.sas opened.
NOTE: External file H:\Bia_Priya\Project_PredictiveAnalysis\Workspaces\EMWS2\Tree\TREEPUBLISH.sas opened.
NOTE: The data set WORK.FIT_TRAIN has 1 observations and 10 variables.
NOTE: View EMWS2.EM_TREE.VIEW used (Total process time):
      real time           0.14 seconds
      cpu time            0.14 seconds
      
NOTE: There were 32235 observations read from the data set EMWS2.PART_TRAIN.
NOTE: The data set WORK.FIT_VALID has 1 observations and 8 variables.


NOTE: View EMWS2.EM_TREE.VIEW used (Total process time):
      real time           3.60 seconds
      cpu time            3.42 seconds
      
NOTE: There were 32235 observations read from the data set EMWS2.PART_TRAIN.
NOTE: There were 32235 observations read from the data set EMWS2.EM_TREE.
NOTE: The data set WORK._NAMEDAT has 2 observations and 5 variables.
NOTE: PROCEDURE ARBOR used (Total process time):
      real time           3.62 seconds
      cpu time            3.43 seconds
      


NOTE: Deleting WORK._TREEDMDB (memtype=CATALOG).

NOTE: PROCEDURE DATASETS used (Total process time):
      real time           0.00 seconds
      cpu time            0.00 seconds
      


NOTE: There were 1 observations read from the data set EMWS2.TREE_VARIABLESET.
      WHERE ROLE='TARGET';
NOTE: The data set WORK.TEMPTARGET has 1 observations and 21 variables.
NOTE: DATA statement used (Total process time):
      real time           0.00 seconds
      cpu time            0.00 seconds
      


NOTE: There were 1 observations read from the data set WORK.FIT_TRAIN.
NOTE: There were 1 observations read from the data set WORK.FIT_VALID.
NOTE: The data set EMWS2.TREE_EMOUTFIT has 1 observations and 16 variables.
NOTE: DATA statement used (Total process time):
      real time           0.03 seconds
      cpu time            0.01 seconds
      


NOTE: Deleting WORK.FIT_VALID (memtype=DATA).

NOTE: PROCEDURE DATASETS used (Total process time):
      real time           0.01 seconds
      cpu time            0.01 seconds
      


NOTE: There were 23 observations read from the data set EMWS2.TREE_OUTPATH.
NOTE: The data set WORK.TEMPOUTPATH has 23 observations and 8 variables.
NOTE: DATA statement used (Total process time):
      real time           0.00 seconds
      cpu time            0.00 seconds
      


NOTE: There were 2 observations read from the data set EMWS2.IDS_RESPOND_DM.
      WHERE _TYPE_='PREDICTED';
NOTE: DATA statement used (Total process time):
      real time           0.01 seconds
      cpu time            0.01 seconds
      


NOTE: There were 2 observations read from the data set EMWS2.TREE_OUTNODES.
NOTE: DATA statement used (Total process time):
      real time           0.00 seconds
      cpu time            0.00 seconds
      


NOTE: There were 23 observations read from the data set WORK.TEMPOUTPATH.
NOTE: The data set WORK.TEMPOUTPATH has 23 observations and 8 variables.
NOTE: PROCEDURE SORT used (Total process time):
      real time           0.00 seconds
      cpu time            0.00 seconds
      


NOTE: There were 7 observations read from the data set EMWS2.TREE_OUTNODES.
NOTE: The data set WORK.OUTNODES has 7 observations and 24 variables.
NOTE: PROCEDURE SORT used (Total process time):
      real time           0.01 seconds
      cpu time            0.01 seconds
      


NOTE: There were 23 observations read from the data set WORK.TEMPOUTPATH.
NOTE: There were 7 observations read from the data set WORK.OUTNODES.
NOTE: The data set WORK.TEMPOUTPATH has 23 observations and 11 variables.
NOTE: DATA statement used (Total process time):
      real time           0.00 seconds
      cpu time            0.00 seconds
      


NOTE: There were 23 observations read from the data set WORK.TEMPOUTPATH.
NOTE: The data set WORK.TEMPOUTPATH has 23 observations and 11 variables.
NOTE: PROCEDURE SORT used (Total process time):
      real time           0.00 seconds
      cpu time            0.00 seconds
      


NOTE: Numeric values have been converted to character values at the places given by: (Line):(Column).
      218:176   228:190   374:191   381:195   
NOTE: The file X is:
      Filename=H:\Bia_Priya\Project_PredictiveAnalysis\Workspaces\EMWS2\Tree\ENGLISHRULES.txt,
      RECFM=V,LRECL=131068,File Size (bytes)=0,
      Last Modified=19Apr2017:01:35:56,
      Create Time=19Apr2017:01:35:56

NOTE: 45 records were written to the file X.
      The minimum record length was 1.
      The maximum record length was 62.
NOTE: There were 23 observations read from the data set WORK.TEMPOUTPATH.
NOTE: DATA statement used (Total process time):
      real time           0.03 seconds
      cpu time            0.01 seconds
      


NOTE: Deleting WORK.TEMPOUTPATH (memtype=DATA).
NOTE: Deleting WORK.OUTNODES (memtype=DATA).

NOTE: PROCEDURE DATASETS used (Total process time):
      real time           0.01 seconds
      cpu time            0.01 seconds
      


NOTE: The data set WORK.EM_USER_REPORT has 132 observations and 4 variables.
NOTE: DATA statement used (Total process time):
      real time           0.01 seconds
      cpu time            0.01 seconds
      

NOTE: Fileref X has been deassigned.
16518  
16519  *------------------------------------------------------------*;
16520  * End TRAIN: Tree;
16521  *------------------------------------------------------------*;

16522  *------------------------------------------------------------*;
16523  * Close any missing semi colons;
16524  *------------------------------------------------------------*;
16525  ;
16526  ;
16527  ;
16528  ;
16529  quit;
16530  *------------------------------------------------------------*;
16531  * Close any unbalanced quotes;
16532  *------------------------------------------------------------*;
16533  /*; *"; *'; */
16534  ;
16535  run;
16536  quit;
16537  /* Reset EM Options */
16538  options formchar="|----|+|---+=|-/\<>*";
16539  options nocenter ls=256 ps=10000;
16540  goptions reset=all device=GIF NODISPLAY;

16541  proc sort data=WORK.EM_USER_REPORT;
16542  by ID VIEW;
16543  run;

NOTE: There were 132 observations read from the data set WORK.EM_USER_REPORT.
NOTE: The data set WORK.EM_USER_REPORT has 132 observations and 4 variables.
NOTE: PROCEDURE SORT used (Total process time):
      real time           0.00 seconds
      cpu time            0.00 seconds
      

