 
                                                                                                                                                                                                                                                                
 
Variable Importance

                                                                                          Ratio of
                                Number of                                               Validation
Variable                        Splitting                            Validation        to Training
  Name      Label                 Rules           Importance         Importance         Importance

DOLL24      $ last 24 months        2                 1.0000             1.0000             1.0000
TENURE      months since 1st        1                 0.6764             0.4189             0.6193
DEPT25      food                    1                 0.5132             0.2430             0.4735
ACTBUY      num qrtrs w/buy         1                 0.4001             0.2980             0.7449
DAYLAST     days since last         1                 0.3906             0.5608             1.4357
FREQPRCH    lifetime orders         1                 0.3888             0.4968             1.2779
 
                                                                                                                                                                                                                                                                
 
Tree Leaf Report

                                 Training
Node               Training       Percent     Validation     Validation
 Id     Depth    Observations        1       Observations     Percent 1

 10       3          19308         0.04          9606           0.04   
 18       4           6643         0.05          3377           0.06   
 19       4           2707         0.10          1292           0.10   
 12       3           2277         0.10          1172           0.09   
 13       3           1187         0.18           621           0.18   
  7       2             82         0.44            39           0.31   
  8       3             22         0.95             7           1.00   
  9       3              9         0.11             7           0.00   
 
                                                                                               
 
 
Fit Statistics

Target=RESPOND Target Label=response target

   Fit
Statistics    Statistics Label                 Train    Validation

  _NOBS_      Sum of Frequencies            32235.00     16121.00 
  _MISC_      Misclassification Rate            0.06         0.06 
  _MAX_       Maximum Absolute Error            0.96         0.96 
  _SSE_       Sum of Squared Errors          3313.26      1676.25 
  _ASE_       Average Squared Error             0.05         0.05 
  _RASE_      Root Average Squared Error        0.23         0.23 
  _DIV_       Divisor for ASE               64470.00     32242.00 
  _DFT_       Total Degrees of Freedom      32235.00          .   
 
                                                                                               
 
 
Classification Table

Data Role=TRAIN Target Variable=RESPOND Target Label=response target

                       Target        Outcome     Frequency       Total
Target    Outcome    Percentage    Percentage      Count      Percentage

  0          0         94.3998       99.9967       30409        94.3353 
  1          0          5.6002       98.8493        1804         5.5964 
  0          1          4.5455        0.0033           1         0.0031 
  1          1         95.4545        1.1507          21         0.0651 


Data Role=VALIDATE Target Variable=RESPOND Target Label=response target

                       Target        Outcome     Frequency       Total
Target    Outcome    Percentage    Percentage      Count      Percentage

  0          0          94.371       100.000       15207        94.3304 
  1          0           5.629        99.234         907         5.6262 
  1          1         100.000         0.766           7         0.0434 
 
                                                                                               
 
 
Event Classification Table

Data Role=TRAIN Target=RESPOND Target Label=response target

  False       True        False       True
Negative    Negative    Positive    Positive

  1804        30409         1          21   


Data Role=VALIDATE Target=RESPOND Target Label=response target

  False       True        False       True
Negative    Negative    Positive    Positive

   907        15207         .           7   
 
                                                                                               
 
 
Assessment Score Rankings

Data Role=TRAIN Target Variable=RESPOND Target Label=response target

                                                                                    Mean
                            Cumulative       %      Cumulative     Number of     Posterior
Depth      Gain     Lift       Lift      Response   % Response   Observations   Probability

   5    227.792   3.27792     3.27792     18.5581     18.5581        1612         0.18558  
  10    154.919   1.82046     2.54919     10.3066     14.4324        1612         0.10307  
  15    129.739   1.79380     2.29739     10.1557     13.0068        1612         0.10156  
  20    114.435   1.68491     2.14435      9.5392     12.1403        1611         0.09539  
  25     90.370   0.94125     1.90370      5.3289     10.7779        1612         0.05329  
  30     74.327   0.94125     1.74327      5.3289      9.8696        1612         0.05329  
  35     62.869   0.94125     1.62869      5.3289      9.2209        1612         0.05329  
  40     54.280   0.94125     1.54280      5.3289      8.7346        1611         0.05329  
  45     44.290   0.64383     1.44290      3.6451      8.1690        1612         0.03645  
  50     36.236   0.63762     1.36236      3.6099      7.7131        1612         0.03610  
  55     29.647   0.63762     1.29647      3.6099      7.3400        1612         0.03610  
  60     24.159   0.63762     1.24159      3.6099      7.0293        1611         0.03610  
  65     19.512   0.63762     1.19512      3.6099      6.7662        1612         0.03610  
  70     15.530   0.63762     1.15530      3.6099      6.5408        1612         0.03610  
  75     12.078   0.63762     1.12078      3.6099      6.3453        1612         0.03610  
  80      9.060   0.63762     1.09060      3.6099      6.1745        1611         0.03610  
  85      6.395   0.63762     1.06395      3.6099      6.0236        1612         0.03610  
  90      4.026   0.63762     1.04026      3.6099      5.8895        1612         0.03610  
  95      1.906   0.63762     1.01906      3.6099      5.7695        1612         0.03610  
 100      0.000   0.63762     1.00000      3.6099      5.6615        1611         0.03610  


Data Role=VALIDATE Target Variable=RESPOND Target Label=response target

                                                                                    Mean
                            Cumulative       %      Cumulative     Number of     Posterior
Depth      Gain     Lift       Lift      Response   % Response   Observations   Probability

   5    212.253   3.12253     3.12253     17.7035     17.7035         807         0.18294  
  10    141.493   1.70645     2.41493      9.6749     13.6917         806         0.10307  
  15    115.522   1.63548     2.15522      9.2726     12.2193         806         0.10142  
  20     99.720   1.52293     1.99720      8.6345     11.3234         806         0.09508  
  25     80.777   1.04981     1.80777      5.9520     10.2494         806         0.05329  
  30     68.147   1.04981     1.68147      5.9520      9.5333         806         0.05329  
  35     59.125   1.04981     1.59125      5.9520      9.0218         806         0.05329  
  40     52.358   1.04981     1.52358      5.9520      8.6381         806         0.05329  
  45     42.998   0.68104     1.42998      3.8613      8.1074         806         0.03751  
  50     35.180   0.64815     1.35180      3.6748      7.6642         806         0.03610  
  55     28.784   0.64815     1.28784      3.6748      7.3016         806         0.03610  
  60     23.454   0.64815     1.23454      3.6748      6.9994         806         0.03610  
  65     18.944   0.64815     1.18944      3.6748      6.7437         806         0.03610  
  70     15.078   0.64815     1.15078      3.6748      6.5245         806         0.03610  
  75     11.727   0.64815     1.11727      3.6748      6.3345         806         0.03610  
  80      8.795   0.64815     1.08795      3.6748      6.1683         806         0.03610  
  85      6.209   0.64815     1.06209      3.6748      6.0216         806         0.03610  
  90      3.909   0.64815     1.03909      3.6748      5.8913         806         0.03610  
  95      1.852   0.64815     1.01852      3.6748      5.7746         806         0.03610  
 100      0.000   0.64815     1.00000      3.6748      5.6696         806         0.03610  
 
                                                                                               
 
 
Assessment Score Distribution

Data Role=TRAIN Target Variable=RESPOND Target Label=response target

 Posterior     Number                     Mean
Probability      of      Number of     Posterior
   Range       Events    Nonevents    Probability    Percentage

 0.95-1.00        21           1        0.95455         0.0682 
 0.40-0.45        36          46        0.43902         0.2544 
 0.15-0.20       209         978        0.17607         3.6823 
 0.10-0.15       508        4485        0.10174        15.4894 
 0.05-0.10       354        6289        0.05329        20.6080 
 0.00-0.05       697       18611        0.03610        59.8976 


Data Role=VALIDATE Target Variable=RESPOND Target Label=response target

 Posterior     Number                     Mean
Probability      of      Number of     Posterior
   Range       Events    Nonevents    Probability    Percentage

 0.95-1.00         7           0        0.95455         0.0434 
 0.40-0.45        12          27        0.43902         0.2419 
 0.15-0.20       111         510        0.17607         3.8521 
 0.10-0.15       230        2241        0.10170        15.3278 
 0.05-0.10       201        3176        0.05329        20.9478 
 0.00-0.05       353        9253        0.03610        59.5869 
