*------------------------------------------------------------*
* Score Log
Date:                April 23, 2017
Time:                01:53:35
*------------------------------------------------------------*
11481  *------------------------------------------------------------*;
11482  * Ids: Computing metadata for DATA data;
11483  *------------------------------------------------------------*;

NOTE: View EMWS4.IDS_DATA.VIEW used (Total process time):
      real time           0.03 seconds
      cpu time            0.03 seconds
      
11484  data EMWS4.Ids_EMINFO;
11485  length TARGET KEY $32 DATA $43;
11486  TARGET="";
11487  KEY="IDSTABLE";
11488  DATA="BIA.BANK";
11489  output;
11490  run;

NOTE: The data set EMWS4.IDS_EMINFO has 1 observations and 3 variables.
NOTE: DATA statement used (Total process time):
      real time           0.03 seconds
      cpu time            0.01 seconds
      

NOTE: View EMWS4.IDS_DATA.VIEW used (Total process time):
      real time           0.03 seconds
      cpu time            0.03 seconds
      
11491  data EMWS4.Ids_CMeta_DATA;
11492  set EMWS4.Ids_VariableSet;
11493  drop DROP;
11494  where DROP='N';
11495  run;

NOTE: There were 3 observations read from the data set EMWS4.IDS_VARIABLESET.
      WHERE DROP='N';
NOTE: The data set EMWS4.IDS_CMETA_DATA has 3 observations and 20 variables.
NOTE: DATA statement used (Total process time):
      real time           0.01 seconds
      cpu time            0.00 seconds
      

