*------------------------------------------------------------*
* Training Log
Date:                April 10, 2017
Time:                14:40:35
*------------------------------------------------------------*
10867  proc freq data=EMWS1.Trans3_VariableSet noprint;
10868  table ROLE*LEVEL/out=WORK.Trans3META;
10869  run;

NOTE: There were 97 observations read from the data set EMWS1.TRANS3_VARIABLESET.
NOTE: The data set WORK.TRANS3META has 7 observations and 4 variables.
NOTE: PROCEDURE FREQ used (Total process time):
      real time           0.15 seconds
      cpu time            0.01 seconds
      

10870  proc print data=WORK.Trans3META label noobs;
10871  var ROLE LEVEL COUNT;
10872  label ROLE = "%sysfunc(sasmsg(sashelp.dmine, meta_role_vlabel, NOQUOTE))" LEVEL = "%sysfunc(sasmsg(sashelp.dmine, meta_level_vlabel, NOQUOTE))" COUNT = "%sysfunc(sasmsg(sashelp.dmine, rpt_count_vlabel, NOQUOTE))";
10873  title9 ' ';
10874  title10 "%sysfunc(sasmsg(sashelp.dmine, rpt_varSummary_title  , NOQUOTE))";
10875  run;

NOTE: There were 7 observations read from the data set WORK.TRANS3META.
NOTE: The PROCEDURE PRINT printed page 1.
NOTE: PROCEDURE PRINT used (Total process time):
      real time           0.00 seconds
      cpu time            0.01 seconds
      

10876  title10;

10877  data WORK.M25G3Q3A;
10878  set WORK.M25G3Q3A;
10879  if (METHOD='NONE' and ROLE ne 'FREQ') or (role = 'REJECTED' and METHOD = 'DEFAULT') then delete;
10880  run;

NOTE: There were 97 observations read from the data set WORK.M25G3Q3A.
NOTE: The data set WORK.M25G3Q3A has 92 observations and 22 variables.
NOTE: DATA statement used (Total process time):
      real time           0.00 seconds
      cpu time            0.00 seconds
      

NOTE: There were 48356 observations read from the data set BIA.CATALOG2010.
NOTE: There were 48356 observations read from the data set EMWS1.IDS_DATA.
NOTE: View EMWS1.TRANS2_TRAIN.VIEW used (Total process time):
      real time           0.10 seconds
      cpu time            0.09 seconds
      
NOTE: There were 48356 observations read from the data set EMWS1.TRANS_TRAIN.
10945  *------------------------------------------------------------*;
10946  * Trans: Computing Summary Statistics;
10947  *------------------------------------------------------------*;
10948  data WORK.M0881UP4;
10949  set WORK.M0881UP4;
10950  if (role = 'REJECTED') then role = 'INPUT';
10951  run;

NOTE: There were 92 observations read from the data set WORK.M0881UP4.
NOTE: The data set WORK.M0881UP4 has 92 observations and 22 variables.
NOTE: DATA statement used (Total process time):
      real time           0.00 seconds
      cpu time            0.00 seconds
      

10952  *------------------------------------------------------------* ;
10953  * EM: DMDBClass Macro ;
10954  *------------------------------------------------------------* ;
10955  %macro DMDBClass;
10956      BOTHPAYM(ASC) CCPAYM(ASC) METHPAYM(ASC) PCPAYM(ASC) PCTL_DAYLAST_REV(ASC)
10957     PCTL_DOLL24(ASC) PCTL_FREQPRCH(ASC) RESPOND(DESC)
10958  %mend DMDBClass;
10959  *------------------------------------------------------------* ;
10960  * EM: DMDBVar Macro ;
10961  *------------------------------------------------------------* ;
10962  %macro DMDBVar;
10963      ACTBUY BUYPROP CATALOGCNT DEPT01 DEPT02 DEPT03 DEPT04 DEPT05 DEPT06 DEPT07
10964     DEPT08 DEPT09 DEPT10 DEPT11 DEPT12 DEPT13 DEPT14 DEPT15 DEPT16 DEPT17 DEPT18
10965     DEPT19 DEPT20 DEPT21 DEPT22 DEPT23 DEPT24 DEPT25 DEPT26 DEPT27 DOLINDEA
10966     DOLINDET DOLLARQ01 DOLLARQ02 DOLLARQ03 DOLLARQ04 DOLLARQ05 DOLLARQ06 DOLLARQ07
10967     DOLLARQ08 DOLLARQ09 DOLLARQ10 DOLLARQ11 DOLLARQ12 DOLLARQ13 DOLLARQ14 DOLLARQ15
10968     DOLLARQ16 DOLLARQ17 DOLLARQ18 DOLLARQ19 DOLLARQ20 DOLLARQ21 DOLLARQ22 DOLNETDA
10969     DOLNETDT MONLAST ORDERSIZE TENURE TOTORDQ01 TOTORDQ02 TOTORDQ03 TOTORDQ04
10970     TOTORDQ05 TOTORDQ06 TOTORDQ07 TOTORDQ08 TOTORDQ09 TOTORDQ10 TOTORDQ11 TOTORDQ12
10971     TOTORDQ13 TOTORDQ14 TOTORDQ15 TOTORDQ16 TOTORDQ17 TOTORDQ18 TOTORDQ19 TOTORDQ20
10972     TOTORDQ21 TOTORDQ22 UNITSIDD UNITSLAP UNTLANPO
10973  %mend DMDBVar;
10974  *------------------------------------------------------------*;
10975  * EM: Create DMDB;
10976  *------------------------------------------------------------*;
10977  proc dmdb batch data=EMWS1.Trans2_TRAIN
10978  dmdbcat=WORK.EM_DMDB
10979  classout=WORK.Transclassout
10980  maxlevel = 513
10981  ;
10982  class %DMDBClass;
10983  var %DMDBVar;
10984  target
10985  ORDERSIZE
10986  RESPOND
10987  ;
10988  run;

NOTE: Records processed = 48356   Memory used = 511K.
NOTE: There were 48356 observations read from the data set BIA.CATALOG2010.
NOTE: There were 48356 observations read from the data set EMWS1.IDS_DATA.
NOTE: View EMWS1.TRANS2_TRAIN.VIEW used (Total process time):
      real time           0.18 seconds
      cpu time            0.15 seconds
      
NOTE: There were 48356 observations read from the data set EMWS1.TRANS_TRAIN.
NOTE: There were 48356 observations read from the data set EMWS1.TRANS2_TRAIN.
NOTE: The data set WORK.TRANSCLASSOUT has 24 observations and 9 variables.
NOTE: PROCEDURE DMDB used (Total process time):
      real time           0.19 seconds
      cpu time            0.17 seconds
      

10989  quit;
10990  *--- end code ---*;

10991  data WORK.TransINTERVALMETA;
10992  set WORK.M25G3Q3A;
10993  if LEVEL ne 'INTERVAL' then delete;
10994  run;

NOTE: There were 92 observations read from the data set WORK.M25G3Q3A.
NOTE: The data set WORK.TRANSINTERVALMETA has 84 observations and 22 variables.
NOTE: DATA statement used (Total process time):
      real time           0.00 seconds
      cpu time            0.01 seconds
      

10995  *------------------------------------------------------------*;
10996  * Trans: Determining Variables to Scale;
10997  *------------------------------------------------------------*;
10998  data WORK.M2_VF4TS;
10999  set WORK.M2_VF4TS;
11000  where (TYPE="N" and (METHOD in("MAX_NORM", "MAX_CORR", "EQUALIZE", "OP_MAX_NORM", "OP_EQUALIZE"))) or (ROLE eq "FREQ");
11001  run;

NOTE: There were 0 observations read from the data set WORK.M2_VF4TS.
      WHERE ((TYPE='N') and METHOD in ('EQUALIZE', 'MAX_CORR', 'MAX_NORM', 'OP_EQUALIZE', 'OP_MAX_NORM')) or (ROLE='FREQ');
NOTE: The data set WORK.M2_VF4TS has 0 observations and 22 variables.
NOTE: DATA statement used (Total process time):
      real time           0.00 seconds
      cpu time            0.01 seconds
      

NOTE: View EMWS1.TRANS2_TRAIN.VIEW used (Total process time):
      real time           0.27 seconds
      cpu time            0.15 seconds
      
